<?xml version="1.0" encoding="UTF-8"?>
<coverage generated="1780695297878" clover="3.2.0">
  <project timestamp="1780695297878" name="All files">
    <metrics statements="60" coveredstatements="57" conditionals="36" coveredconditionals="34" methods="8" coveredmethods="8" elements="104" coveredelements="99" complexity="0" loc="60" ncloc="60" packages="2" files="5" classes="5"/>
    <package name="routes">
      <metrics statements="33" coveredstatements="30" conditionals="16" coveredconditionals="14" methods="2" coveredmethods="2"/>
      <file name="jobDiscovery.js" path="H:\JobTube Eco System\backend\src\routes\jobDiscovery.js">
        <metrics statements="33" coveredstatements="30" conditionals="16" coveredconditionals="14" methods="2" coveredmethods="2"/>
        <line num="1" count="1" type="stmt"/>
        <line num="2" count="1" type="stmt"/>
        <line num="3" count="1" type="stmt"/>
        <line num="4" count="1" type="stmt"/>
        <line num="5" count="1" type="stmt"/>
        <line num="6" count="1" type="stmt"/>
        <line num="7" count="1" type="stmt"/>
        <line num="18" count="13" type="stmt"/>
        <line num="19" count="63" type="stmt"/>
        <line num="20" count="63" type="stmt"/>
        <line num="50" count="1" type="stmt"/>
        <line num="51" count="14" type="stmt"/>
        <line num="52" count="14" type="cond" truecount="2" falsecount="0"/>
        <line num="53" count="14" type="cond" truecount="2" falsecount="0"/>
        <line num="54" count="14" type="cond" truecount="2" falsecount="0"/>
        <line num="56" count="14" type="cond" truecount="2" falsecount="0"/>
        <line num="57" count="1" type="stmt"/>
        <line num="60" count="13" type="stmt"/>
        <line num="61" count="13" type="stmt"/>
        <line num="62" count="13" type="stmt"/>
        <line num="64" count="13" type="stmt"/>
        <line num="65" count="13" type="stmt"/>
        <line num="68" count="13" type="cond" truecount="4" falsecount="0"/>
        <line num="69" count="3" type="cond" truecount="1" falsecount="1"/>
        <line num="70" count="3" type="stmt"/>
        <line num="71" count="3" type="stmt"/>
        <line num="72" count="3" type="stmt"/>
        <line num="77" count="0" type="stmt"/>
        <line num="78" count="0" type="stmt"/>
        <line num="79" count="0" type="stmt"/>
        <line num="83" count="13" type="stmt"/>
        <line num="85" count="13" type="stmt"/>
        <line num="93" count="1" type="stmt"/>
      </file>
    </package>
    <package name="services.discovery">
      <metrics statements="27" coveredstatements="27" conditionals="20" coveredconditionals="20" methods="6" coveredmethods="6"/>
      <file name="JobSource.js" path="H:\JobTube Eco System\backend\src\services\discovery\JobSource.js">
        <metrics statements="2" coveredstatements="2" conditionals="0" coveredconditionals="0" methods="1" coveredmethods="1"/>
        <line num="17" count="1" type="stmt"/>
        <line num="21" count="2" type="stmt"/>
      </file>
      <file name="MockJobSource.js" path="H:\JobTube Eco System\backend\src\services\discovery\MockJobSource.js">
        <metrics statements="4" coveredstatements="4" conditionals="0" coveredconditionals="0" methods="2" coveredmethods="2"/>
        <line num="1" count="2" type="stmt"/>
        <line num="3" count="2" type="stmt"/>
        <line num="63" count="90" type="stmt"/>
        <line num="76" count="2" type="stmt"/>
      </file>
      <file name="RemotiveSource.js" path="H:\JobTube Eco System\backend\src\services\discovery\RemotiveSource.js">
        <metrics statements="14" coveredstatements="14" conditionals="18" coveredconditionals="18" methods="2" coveredmethods="2"/>
        <line num="1" count="2" type="stmt"/>
        <line num="3" count="2" type="stmt"/>
        <line num="4" count="2" type="stmt"/>
        <line num="8" count="13" type="stmt"/>
        <line num="10" count="13" type="stmt"/>
        <line num="11" count="13" type="cond" truecount="2" falsecount="0"/>
        <line num="12" count="13" type="stmt"/>
        <line num="14" count="11" type="cond" truecount="2" falsecount="0"/>
        <line num="15" count="1" type="stmt"/>
        <line num="18" count="9" type="stmt"/>
        <line num="19" count="9" type="cond" truecount="2" falsecount="0"/>
        <line num="21" count="29" type="stmt"/>
        <line num="33" count="3" type="stmt"/>
        <line num="38" count="2" type="stmt"/>
      </file>
      <file name="index.js" path="H:\JobTube Eco System\backend\src\services\discovery\index.js">
        <metrics statements="7" coveredstatements="7" conditionals="2" coveredconditionals="2" methods="1" coveredmethods="1"/>
        <line num="1" count="2" type="stmt"/>
        <line num="2" count="2" type="stmt"/>
        <line num="4" count="2" type="stmt"/>
        <line num="17" count="16" type="stmt"/>
        <line num="18" count="16" type="cond" truecount="2" falsecount="0"/>
        <line num="19" count="15" type="stmt"/>
        <line num="22" count="2" type="stmt"/>
      </file>
    </package>
  </project>
</coverage>
