{"H:\\JobTube Eco System\\backend\\src\\config\\database.js": {"path":"H:\\JobTube Eco System\\backend\\src\\config\\database.js","statementMap":{"0":{"start":{"line":1,"column":17},"end":{"line":1,"column":30}},"1":{"start":{"line":2,"column":0},"end":{"line":2,"column":27}},"2":{"start":{"line":7,"column":0},"end":{"line":38,"column":1}},"3":{"start":{"line":9,"column":2},"end":{"line":12,"column":4}},"4":{"start":{"line":13,"column":2},"end":{"line":13,"column":53}},"5":{"start":{"line":16,"column":26},"end":{"line":16,"column":85}},"6":{"start":{"line":17,"column":25},"end":{"line":17,"column":69}},"7":{"start":{"line":17,"column":53},"end":{"line":17,"column":68}},"8":{"start":{"line":18,"column":2},"end":{"line":20,"column":3}},"9":{"start":{"line":19,"column":4},"end":{"line":19,"column":92}},"10":{"start":{"line":22,"column":2},"end":{"line":29,"column":4}},"11":{"start":{"line":31,"column":2},"end":{"line":37,"column":5}},"12":{"start":{"line":40,"column":13},"end":{"line":45,"column":2}},"13":{"start":{"line":47,"column":0},"end":{"line":49,"column":3}},"14":{"start":{"line":48,"column":2},"end":{"line":48,"column":56}},"15":{"start":{"line":51,"column":0},"end":{"line":51,"column":26}}},"fnMap":{"0":{"name":"(anonymous_0)","decl":{"start":{"line":17,"column":48},"end":{"line":17,"column":49}},"loc":{"start":{"line":17,"column":53},"end":{"line":17,"column":68}},"line":17},"1":{"name":"(anonymous_1)","decl":{"start":{"line":47,"column":17},"end":{"line":47,"column":18}},"loc":{"start":{"line":47,"column":26},"end":{"line":49,"column":1}},"line":47}},"branchMap":{"0":{"loc":{"start":{"line":7,"column":0},"end":{"line":38,"column":1}},"type":"if","locations":[{"start":{"line":7,"column":0},"end":{"line":38,"column":1}},{"start":{"line":14,"column":7},"end":{"line":38,"column":1}}],"line":7},"1":{"loc":{"start":{"line":18,"column":2},"end":{"line":20,"column":3}},"type":"if","locations":[{"start":{"line":18,"column":2},"end":{"line":20,"column":3}},{"start":{},"end":{}}],"line":18},"2":{"loc":{"start":{"line":28,"column":9},"end":{"line":28,"column":78}},"type":"cond-expr","locations":[{"start":{"line":28,"column":41},"end":{"line":28,"column":70}},{"start":{"line":28,"column":73},"end":{"line":28,"column":78}}],"line":28},"3":{"loc":{"start":{"line":34,"column":14},"end":{"line":34,"column":57}},"type":"cond-expr","locations":[{"start":{"line":34,"column":40},"end":{"line":34,"column":45}},{"start":{"line":34,"column":48},"end":{"line":34,"column":57}}],"line":34}},"s":{"0":0,"1":0,"2":0,"3":0,"4":0,"5":0,"6":0,"7":0,"8":0,"9":0,"10":0,"11":0,"12":0,"13":0,"14":0,"15":0},"f":{"0":0,"1":0},"b":{"0":[0,0],"1":[0,0],"2":[0,0],"3":[0,0]}}
,"H:\\JobTube Eco System\\backend\\src\\middleware\\auditLogger.js": {"path":"H:\\JobTube Eco System\\backend\\src\\middleware\\auditLogger.js","statementMap":{"0":{"start":{"line":1,"column":17},"end":{"line":1,"column":46}},"1":{"start":{"line":3,"column":20},"end":{"line":32,"column":1}},"2":{"start":{"line":4,"column":2},"end":{"line":31,"column":4}},"3":{"start":{"line":7,"column":4},"end":{"line":28,"column":7}},"4":{"start":{"line":10,"column":21},"end":{"line":10,"column":50}},"5":{"start":{"line":12,"column":22},"end":{"line":18,"column":7}},"6":{"start":{"line":20,"column":6},"end":{"line":27,"column":7}},"7":{"start":{"line":21,"column":8},"end":{"line":24,"column":10}},"8":{"start":{"line":26,"column":8},"end":{"line":26,"column":55}},"9":{"start":{"line":30,"column":4},"end":{"line":30,"column":11}},"10":{"start":{"line":34,"column":0},"end":{"line":34,"column":33}}},"fnMap":{"0":{"name":"(anonymous_0)","decl":{"start":{"line":3,"column":20},"end":{"line":3,"column":21}},"loc":{"start":{"line":3,"column":42},"end":{"line":32,"column":1}},"line":3},"1":{"name":"(anonymous_1)","decl":{"start":{"line":4,"column":9},"end":{"line":4,"column":10}},"loc":{"start":{"line":4,"column":35},"end":{"line":31,"column":3}},"line":4},"2":{"name":"(anonymous_2)","decl":{"start":{"line":7,"column":21},"end":{"line":7,"column":22}},"loc":{"start":{"line":7,"column":33},"end":{"line":28,"column":5}},"line":7}},"branchMap":{"0":{"loc":{"start":{"line":10,"column":21},"end":{"line":10,"column":50}},"type":"cond-expr","locations":[{"start":{"line":10,"column":32},"end":{"line":10,"column":43}},{"start":{"line":10,"column":46},"end":{"line":10,"column":50}}],"line":10},"1":{"loc":{"start":{"line":16,"column":15},"end":{"line":16,"column":30}},"type":"binary-expr","locations":[{"start":{"line":16,"column":15},"end":{"line":16,"column":24}},{"start":{"line":16,"column":28},"end":{"line":16,"column":30}}],"line":16},"2":{"loc":{"start":{"line":17,"column":14},"end":{"line":17,"column":112}},"type":"cond-expr","locations":[{"start":{"line":17,"column":95},"end":{"line":17,"column":107}},{"start":{"line":17,"column":110},"end":{"line":17,"column":112}}],"line":17},"3":{"loc":{"start":{"line":17,"column":15},"end":{"line":17,"column":91}},"type":"binary-expr","locations":[{"start":{"line":17,"column":15},"end":{"line":17,"column":23}},{"start":{"line":17,"column":27},"end":{"line":17,"column":55}},{"start":{"line":17,"column":59},"end":{"line":17,"column":91}}],"line":17},"4":{"loc":{"start":{"line":23,"column":62},"end":{"line":23,"column":100}},"type":"binary-expr","locations":[{"start":{"line":23,"column":62},"end":{"line":23,"column":68}},{"start":{"line":23,"column":72},"end":{"line":23,"column":100}}],"line":23}},"s":{"0":7,"1":7,"2":7,"3":83,"4":83,"5":83,"6":83,"7":83,"8":1,"9":83,"10":7},"f":{"0":7,"1":83,"2":83},"b":{"0":[83,0],"1":[83,0],"2":[35,48],"3":[83,38,38],"4":[83,0]},"_coverageSchema":"1a1c01bbd47fc00a2c39e90264f33305004495a9","hash":"3e1de6ef0d20b44608bc6abe62d0d811da5a426e"}
,"H:\\JobTube Eco System\\backend\\src\\middleware\\auth.js": {"path":"H:\\JobTube Eco System\\backend\\src\\middleware\\auth.js","statementMap":{"0":{"start":{"line":1,"column":12},"end":{"line":1,"column":35}},"1":{"start":{"line":3,"column":26},"end":{"line":17,"column":1}},"2":{"start":{"line":4,"column":21},"end":{"line":4,"column":49}},"3":{"start":{"line":5,"column":16},"end":{"line":5,"column":54}},"4":{"start":{"line":7,"column":2},"end":{"line":7,"column":76}},"5":{"start":{"line":7,"column":21},"end":{"line":7,"column":76}},"6":{"start":{"line":9,"column":2},"end":{"line":16,"column":5}},"7":{"start":{"line":10,"column":4},"end":{"line":13,"column":5}},"8":{"start":{"line":11,"column":6},"end":{"line":11,"column":54}},"9":{"start":{"line":12,"column":6},"end":{"line":12,"column":61}},"10":{"start":{"line":14,"column":4},"end":{"line":14,"column":20}},"11":{"start":{"line":15,"column":4},"end":{"line":15,"column":11}},"12":{"start":{"line":19,"column":0},"end":{"line":19,"column":39}}},"fnMap":{"0":{"name":"(anonymous_0)","decl":{"start":{"line":3,"column":26},"end":{"line":3,"column":27}},"loc":{"start":{"line":3,"column":46},"end":{"line":17,"column":1}},"line":3},"1":{"name":"(anonymous_1)","decl":{"start":{"line":9,"column":44},"end":{"line":9,"column":45}},"loc":{"start":{"line":9,"column":59},"end":{"line":16,"column":3}},"line":9}},"branchMap":{"0":{"loc":{"start":{"line":5,"column":16},"end":{"line":5,"column":54}},"type":"binary-expr","locations":[{"start":{"line":5,"column":16},"end":{"line":5,"column":26}},{"start":{"line":5,"column":30},"end":{"line":5,"column":54}}],"line":5},"1":{"loc":{"start":{"line":7,"column":2},"end":{"line":7,"column":76}},"type":"if","locations":[{"start":{"line":7,"column":2},"end":{"line":7,"column":76}},{"start":{},"end":{}}],"line":7},"2":{"loc":{"start":{"line":10,"column":4},"end":{"line":13,"column":5}},"type":"if","locations":[{"start":{"line":10,"column":4},"end":{"line":13,"column":5}},{"start":{},"end":{}}],"line":10}},"s":{"0":0,"1":0,"2":0,"3":0,"4":0,"5":0,"6":0,"7":0,"8":0,"9":0,"10":0,"11":0,"12":0},"f":{"0":0,"1":0},"b":{"0":[0,0],"1":[0,0],"2":[0,0]}}
,"H:\\JobTube Eco System\\backend\\src\\middleware\\errorHandler.js": {"path":"H:\\JobTube Eco System\\backend\\src\\middleware\\errorHandler.js","statementMap":{"0":{"start":{"line":1,"column":21},"end":{"line":7,"column":1}},"1":{"start":{"line":2,"column":2},"end":{"line":2,"column":27}},"2":{"start":{"line":3,"column":2},"end":{"line":6,"column":5}},"3":{"start":{"line":9,"column":0},"end":{"line":9,"column":34}}},"fnMap":{"0":{"name":"(anonymous_0)","decl":{"start":{"line":1,"column":21},"end":{"line":1,"column":22}},"loc":{"start":{"line":1,"column":46},"end":{"line":7,"column":1}},"line":1}},"branchMap":{"0":{"loc":{"start":{"line":5,"column":13},"end":{"line":5,"column":90}},"type":"cond-expr","locations":[{"start":{"line":5,"column":54},"end":{"line":5,"column":65}},{"start":{"line":5,"column":68},"end":{"line":5,"column":90}}],"line":5}},"s":{"0":7,"1":0,"2":0,"3":7},"f":{"0":0},"b":{"0":[0,0]},"_coverageSchema":"1a1c01bbd47fc00a2c39e90264f33305004495a9","hash":"9bdac61f5e2ccd4e628e73250e1e9af6877a131c"}
,"H:\\JobTube Eco System\\backend\\src\\routes\\admin.js": {"path":"H:\\JobTube Eco System\\backend\\src\\routes\\admin.js","statementMap":{"0":{"start":{"line":1,"column":16},"end":{"line":1,"column":34}},"1":{"start":{"line":2,"column":17},"end":{"line":2,"column":46}},"2":{"start":{"line":3,"column":30},"end":{"line":3,"column":59}},"3":{"start":{"line":4,"column":15},"end":{"line":4,"column":31}},"4":{"start":{"line":7,"column":21},"end":{"line":17,"column":1}},"5":{"start":{"line":8,"column":2},"end":{"line":16,"column":3}},"6":{"start":{"line":9,"column":18},"end":{"line":9,"column":89}},"7":{"start":{"line":10,"column":4},"end":{"line":12,"column":5}},"8":{"start":{"line":11,"column":6},"end":{"line":11,"column":76}},"9":{"start":{"line":13,"column":4},"end":{"line":13,"column":11}},"10":{"start":{"line":15,"column":4},"end":{"line":15,"column":54}},"11":{"start":{"line":20,"column":0},"end":{"line":20,"column":44}},"12":{"start":{"line":23,"column":0},"end":{"line":42,"column":3}},"13":{"start":{"line":24,"column":2},"end":{"line":41,"column":3}},"14":{"start":{"line":25,"column":23},"end":{"line":25,"column":84}},"15":{"start":{"line":26,"column":25},"end":{"line":26,"column":115}},"16":{"start":{"line":27,"column":22},"end":{"line":27,"column":87}},"17":{"start":{"line":30,"column":23},"end":{"line":30,"column":136}},"18":{"start":{"line":32,"column":4},"end":{"line":37,"column":7}},"19":{"start":{"line":39,"column":4},"end":{"line":39,"column":23}},"20":{"start":{"line":40,"column":4},"end":{"line":40,"column":60}},"21":{"start":{"line":45,"column":0},"end":{"line":53,"column":3}},"22":{"start":{"line":46,"column":2},"end":{"line":52,"column":3}},"23":{"start":{"line":47,"column":18},"end":{"line":47,"column":114}},"24":{"start":{"line":48,"column":4},"end":{"line":48,"column":25}},"25":{"start":{"line":50,"column":4},"end":{"line":50,"column":23}},"26":{"start":{"line":51,"column":4},"end":{"line":51,"column":60}},"27":{"start":{"line":56,"column":0},"end":{"line":94,"column":3}},"28":{"start":{"line":57,"column":22},"end":{"line":57,"column":31}},"29":{"start":{"line":58,"column":2},"end":{"line":93,"column":3}},"30":{"start":{"line":59,"column":16},"end":{"line":63,"column":5}},"31":{"start":{"line":64,"column":19},"end":{"line":64,"column":21}},"32":{"start":{"line":66,"column":4},"end":{"line":69,"column":5}},"33":{"start":{"line":67,"column":6},"end":{"line":67,"column":40}},"34":{"start":{"line":68,"column":6},"end":{"line":68,"column":27}},"35":{"start":{"line":71,"column":4},"end":{"line":71,"column":53}},"36":{"start":{"line":73,"column":17},"end":{"line":73,"column":48}},"37":{"start":{"line":76,"column":23},"end":{"line":87,"column":6}},"38":{"start":{"line":77,"column":20},"end":{"line":77,"column":31}},"39":{"start":{"line":78,"column":6},"end":{"line":85,"column":7}},"40":{"start":{"line":79,"column":8},"end":{"line":84,"column":9}},"41":{"start":{"line":80,"column":10},"end":{"line":80,"column":40}},"42":{"start":{"line":82,"column":10},"end":{"line":82,"column":72}},"43":{"start":{"line":83,"column":10},"end":{"line":83,"column":37}},"44":{"start":{"line":86,"column":6},"end":{"line":86,"column":33}},"45":{"start":{"line":89,"column":4},"end":{"line":89,"column":25}},"46":{"start":{"line":91,"column":4},"end":{"line":91,"column":23}},"47":{"start":{"line":92,"column":4},"end":{"line":92,"column":65}},"48":{"start":{"line":97,"column":0},"end":{"line":110,"column":3}},"49":{"start":{"line":98,"column":19},"end":{"line":98,"column":27}},"50":{"start":{"line":99,"column":2},"end":{"line":101,"column":3}},"51":{"start":{"line":100,"column":4},"end":{"line":100,"column":59}},"52":{"start":{"line":103,"column":2},"end":{"line":109,"column":3}},"53":{"start":{"line":104,"column":4},"end":{"line":104,"column":88}},"54":{"start":{"line":105,"column":4},"end":{"line":105,"column":60}},"55":{"start":{"line":107,"column":4},"end":{"line":107,"column":23}},"56":{"start":{"line":108,"column":4},"end":{"line":108,"column":64}},"57":{"start":{"line":112,"column":0},"end":{"line":112,"column":24}}},"fnMap":{"0":{"name":"(anonymous_0)","decl":{"start":{"line":7,"column":21},"end":{"line":7,"column":22}},"loc":{"start":{"line":7,"column":47},"end":{"line":17,"column":1}},"line":7},"1":{"name":"(anonymous_1)","decl":{"start":{"line":23,"column":21},"end":{"line":23,"column":22}},"loc":{"start":{"line":23,"column":41},"end":{"line":42,"column":1}},"line":23},"2":{"name":"(anonymous_2)","decl":{"start":{"line":45,"column":21},"end":{"line":45,"column":22}},"loc":{"start":{"line":45,"column":41},"end":{"line":53,"column":1}},"line":45},"3":{"name":"(anonymous_3)","decl":{"start":{"line":56,"column":26},"end":{"line":56,"column":27}},"loc":{"start":{"line":56,"column":46},"end":{"line":94,"column":1}},"line":56},"4":{"name":"(anonymous_4)","decl":{"start":{"line":76,"column":37},"end":{"line":76,"column":38}},"loc":{"start":{"line":76,"column":44},"end":{"line":87,"column":5}},"line":76},"5":{"name":"(anonymous_5)","decl":{"start":{"line":97,"column":30},"end":{"line":97,"column":31}},"loc":{"start":{"line":97,"column":50},"end":{"line":110,"column":1}},"line":97}},"branchMap":{"0":{"loc":{"start":{"line":10,"column":4},"end":{"line":12,"column":5}},"type":"if","locations":[{"start":{"line":10,"column":4},"end":{"line":12,"column":5}},{"start":{},"end":{}}],"line":10},"1":{"loc":{"start":{"line":10,"column":8},"end":{"line":10,"column":65}},"type":"binary-expr","locations":[{"start":{"line":10,"column":8},"end":{"line":10,"column":31}},{"start":{"line":10,"column":35},"end":{"line":10,"column":65}}],"line":10},"2":{"loc":{"start":{"line":66,"column":4},"end":{"line":69,"column":5}},"type":"if","locations":[{"start":{"line":66,"column":4},"end":{"line":69,"column":5}},{"start":{},"end":{}}],"line":66},"3":{"loc":{"start":{"line":78,"column":6},"end":{"line":85,"column":7}},"type":"if","locations":[{"start":{"line":78,"column":6},"end":{"line":85,"column":7}},{"start":{},"end":{}}],"line":78},"4":{"loc":{"start":{"line":99,"column":2},"end":{"line":101,"column":3}},"type":"if","locations":[{"start":{"line":99,"column":2},"end":{"line":101,"column":3}},{"start":{},"end":{}}],"line":99}},"s":{"0":7,"1":7,"2":7,"3":7,"4":7,"5":0,"6":0,"7":0,"8":0,"9":0,"10":0,"11":7,"12":7,"13":0,"14":0,"15":0,"16":0,"17":0,"18":0,"19":0,"20":0,"21":7,"22":0,"23":0,"24":0,"25":0,"26":0,"27":7,"28":0,"29":0,"30":0,"31":0,"32":0,"33":0,"34":0,"35":0,"36":0,"37":0,"38":0,"39":0,"40":0,"41":0,"42":0,"43":0,"44":0,"45":0,"46":0,"47":0,"48":7,"49":0,"50":0,"51":0,"52":0,"53":0,"54":0,"55":0,"56":0,"57":7},"f":{"0":0,"1":0,"2":0,"3":0,"4":0,"5":0},"b":{"0":[0,0],"1":[0,0],"2":[0,0],"3":[0,0],"4":[0,0]},"_coverageSchema":"1a1c01bbd47fc00a2c39e90264f33305004495a9","hash":"f82828304955e042cb5c70dc7f27067a162f213f"}
,"H:\\JobTube Eco System\\backend\\src\\routes\\atsChecker.js": {"path":"H:\\JobTube Eco System\\backend\\src\\routes\\atsChecker.js","statementMap":{"0":{"start":{"line":1,"column":16},"end":{"line":1,"column":34}},"1":{"start":{"line":2,"column":15},"end":{"line":2,"column":31}},"2":{"start":{"line":3,"column":30},"end":{"line":3,"column":59}},"3":{"start":{"line":4,"column":15},"end":{"line":4,"column":32}},"4":{"start":{"line":5,"column":17},"end":{"line":5,"column":37}},"5":{"start":{"line":6,"column":19},"end":{"line":6,"column":47}},"6":{"start":{"line":8,"column":15},"end":{"line":8,"column":97}},"7":{"start":{"line":11,"column":2},"end":{"line":11,"column":49}},"8":{"start":{"line":11,"column":13},"end":{"line":11,"column":49}},"9":{"start":{"line":13,"column":2},"end":{"line":31,"column":3}},"10":{"start":{"line":14,"column":4},"end":{"line":27,"column":5}},"11":{"start":{"line":15,"column":22},"end":{"line":15,"column":49}},"12":{"start":{"line":16,"column":6},"end":{"line":16,"column":26}},"13":{"start":{"line":17,"column":11},"end":{"line":27,"column":5}},"14":{"start":{"line":18,"column":20},"end":{"line":18,"column":36}},"15":{"start":{"line":19,"column":18},"end":{"line":19,"column":29}},"16":{"start":{"line":20,"column":6},"end":{"line":20,"column":39}},"17":{"start":{"line":21,"column":22},"end":{"line":21,"column":51}},"18":{"start":{"line":22,"column":6},"end":{"line":22,"column":57}},"19":{"start":{"line":22,"column":20},"end":{"line":22,"column":57}},"20":{"start":{"line":23,"column":25},"end":{"line":23,"column":52}},"21":{"start":{"line":24,"column":6},"end":{"line":24,"column":77}},"22":{"start":{"line":26,"column":6},"end":{"line":26,"column":47}},"23":{"start":{"line":29,"column":4},"end":{"line":29,"column":49}},"24":{"start":{"line":30,"column":4},"end":{"line":30,"column":72}},"25":{"start":{"line":35,"column":23},"end":{"line":51,"column":2}},"26":{"start":{"line":53,"column":21},"end":{"line":58,"column":127}},"27":{"start":{"line":60,"column":19},"end":{"line":66,"column":4}},"28":{"start":{"line":68,"column":2},"end":{"line":70,"column":3}},"29":{"start":{"line":69,"column":4},"end":{"line":69,"column":42}},"30":{"start":{"line":72,"column":2},"end":{"line":77,"column":3}},"31":{"start":{"line":73,"column":4},"end":{"line":73,"column":37}},"32":{"start":{"line":75,"column":4},"end":{"line":75,"column":48}},"33":{"start":{"line":76,"column":4},"end":{"line":76,"column":12}},"34":{"start":{"line":81,"column":20},"end":{"line":81,"column":50}},"35":{"start":{"line":82,"column":29},"end":{"line":82,"column":54}},"36":{"start":{"line":83,"column":20},"end":{"line":83,"column":46}},"37":{"start":{"line":84,"column":20},"end":{"line":84,"column":71}},"38":{"start":{"line":85,"column":21},"end":{"line":85,"column":81}},"39":{"start":{"line":86,"column":24},"end":{"line":86,"column":84}},"40":{"start":{"line":87,"column":23},"end":{"line":87,"column":97}},"41":{"start":{"line":89,"column":24},"end":{"line":89,"column":27}},"42":{"start":{"line":90,"column":2},"end":{"line":90,"column":48}},"43":{"start":{"line":90,"column":26},"end":{"line":90,"column":48}},"44":{"start":{"line":91,"column":2},"end":{"line":91,"column":39}},"45":{"start":{"line":91,"column":17},"end":{"line":91,"column":39}},"46":{"start":{"line":92,"column":2},"end":{"line":92,"column":39}},"47":{"start":{"line":92,"column":17},"end":{"line":92,"column":39}},"48":{"start":{"line":94,"column":23},"end":{"line":94,"column":26}},"49":{"start":{"line":95,"column":2},"end":{"line":95,"column":40}},"50":{"start":{"line":95,"column":19},"end":{"line":95,"column":40}},"51":{"start":{"line":96,"column":2},"end":{"line":96,"column":43}},"52":{"start":{"line":96,"column":22},"end":{"line":96,"column":43}},"53":{"start":{"line":97,"column":2},"end":{"line":97,"column":42}},"54":{"start":{"line":97,"column":21},"end":{"line":97,"column":42}},"55":{"start":{"line":99,"column":24},"end":{"line":99,"column":62}},"56":{"start":{"line":100,"column":22},"end":{"line":100,"column":92}},"57":{"start":{"line":101,"column":23},"end":{"line":101,"column":56}},"58":{"start":{"line":103,"column":19},"end":{"line":109,"column":3}},"59":{"start":{"line":111,"column":21},"end":{"line":111,"column":110}},"60":{"start":{"line":113,"column":2},"end":{"line":127,"column":4}},"61":{"start":{"line":130,"column":0},"end":{"line":172,"column":3}},"62":{"start":{"line":131,"column":2},"end":{"line":171,"column":3}},"63":{"start":{"line":132,"column":4},"end":{"line":136,"column":5}},"64":{"start":{"line":133,"column":6},"end":{"line":135,"column":9}},"65":{"start":{"line":139,"column":4},"end":{"line":145,"column":5}},"66":{"start":{"line":140,"column":6},"end":{"line":140,"column":55}},"67":{"start":{"line":142,"column":6},"end":{"line":144,"column":9}},"68":{"start":{"line":147,"column":4},"end":{"line":151,"column":5}},"69":{"start":{"line":148,"column":6},"end":{"line":150,"column":9}},"70":{"start":{"line":154,"column":4},"end":{"line":160,"column":5}},"71":{"start":{"line":155,"column":25},"end":{"line":155,"column":85}},"72":{"start":{"line":156,"column":6},"end":{"line":156,"column":50}},"73":{"start":{"line":158,"column":6},"end":{"line":158,"column":71}},"74":{"start":{"line":159,"column":6},"end":{"line":159,"column":50}},"75":{"start":{"line":162,"column":4},"end":{"line":165,"column":7}},"76":{"start":{"line":167,"column":4},"end":{"line":167,"column":43}},"77":{"start":{"line":168,"column":4},"end":{"line":170,"column":7}},"78":{"start":{"line":174,"column":0},"end":{"line":174,"column":24}}},"fnMap":{"0":{"name":"extractTextFromFile","decl":{"start":{"line":10,"column":15},"end":{"line":10,"column":34}},"loc":{"start":{"line":10,"column":41},"end":{"line":32,"column":1}},"line":10},"1":{"name":"analyzeResumeWithAI","decl":{"start":{"line":34,"column":15},"end":{"line":34,"column":34}},"loc":{"start":{"line":34,"column":57},"end":{"line":78,"column":1}},"line":34},"2":{"name":"calculateFallbackScore","decl":{"start":{"line":80,"column":9},"end":{"line":80,"column":31}},"loc":{"start":{"line":80,"column":44},"end":{"line":128,"column":1}},"line":80},"3":{"name":"(anonymous_3)","decl":{"start":{"line":130,"column":76},"end":{"line":130,"column":77}},"loc":{"start":{"line":130,"column":96},"end":{"line":172,"column":1}},"line":130}},"branchMap":{"0":{"loc":{"start":{"line":11,"column":2},"end":{"line":11,"column":49}},"type":"if","locations":[{"start":{"line":11,"column":2},"end":{"line":11,"column":49}},{"start":{},"end":{}}],"line":11},"1":{"loc":{"start":{"line":14,"column":4},"end":{"line":27,"column":5}},"type":"if","locations":[{"start":{"line":14,"column":4},"end":{"line":27,"column":5}},{"start":{"line":17,"column":11},"end":{"line":27,"column":5}}],"line":14},"2":{"loc":{"start":{"line":17,"column":11},"end":{"line":27,"column":5}},"type":"if","locations":[{"start":{"line":17,"column":11},"end":{"line":27,"column":5}},{"start":{"line":25,"column":11},"end":{"line":27,"column":5}}],"line":17},"3":{"loc":{"start":{"line":22,"column":6},"end":{"line":22,"column":57}},"type":"if","locations":[{"start":{"line":22,"column":6},"end":{"line":22,"column":57}},{"start":{},"end":{}}],"line":22},"4":{"loc":{"start":{"line":68,"column":2},"end":{"line":70,"column":3}},"type":"if","locations":[{"start":{"line":68,"column":2},"end":{"line":70,"column":3}},{"start":{},"end":{}}],"line":68},"5":{"loc":{"start":{"line":68,"column":6},"end":{"line":68,"column":36}},"type":"binary-expr","locations":[{"start":{"line":68,"column":6},"end":{"line":68,"column":18}},{"start":{"line":68,"column":22},"end":{"line":68,"column":36}}],"line":68},"6":{"loc":{"start":{"line":90,"column":2},"end":{"line":90,"column":48}},"type":"if","locations":[{"start":{"line":90,"column":2},"end":{"line":90,"column":48}},{"start":{},"end":{}}],"line":90},"7":{"loc":{"start":{"line":91,"column":2},"end":{"line":91,"column":39}},"type":"if","locations":[{"start":{"line":91,"column":2},"end":{"line":91,"column":39}},{"start":{},"end":{}}],"line":91},"8":{"loc":{"start":{"line":92,"column":2},"end":{"line":92,"column":39}},"type":"if","locations":[{"start":{"line":92,"column":2},"end":{"line":92,"column":39}},{"start":{},"end":{}}],"line":92},"9":{"loc":{"start":{"line":95,"column":2},"end":{"line":95,"column":40}},"type":"if","locations":[{"start":{"line":95,"column":2},"end":{"line":95,"column":40}},{"start":{},"end":{}}],"line":95},"10":{"loc":{"start":{"line":96,"column":2},"end":{"line":96,"column":43}},"type":"if","locations":[{"start":{"line":96,"column":2},"end":{"line":96,"column":43}},{"start":{},"end":{}}],"line":96},"11":{"loc":{"start":{"line":97,"column":2},"end":{"line":97,"column":42}},"type":"if","locations":[{"start":{"line":97,"column":2},"end":{"line":97,"column":42}},{"start":{},"end":{}}],"line":97},"12":{"loc":{"start":{"line":100,"column":22},"end":{"line":100,"column":92}},"type":"cond-expr","locations":[{"start":{"line":100,"column":60},"end":{"line":100,"column":63}},{"start":{"line":100,"column":66},"end":{"line":100,"column":92}}],"line":100},"13":{"loc":{"start":{"line":100,"column":22},"end":{"line":100,"column":57}},"type":"binary-expr","locations":[{"start":{"line":100,"column":22},"end":{"line":100,"column":37}},{"start":{"line":100,"column":41},"end":{"line":100,"column":57}}],"line":100},"14":{"loc":{"start":{"line":100,"column":66},"end":{"line":100,"column":92}},"type":"cond-expr","locations":[{"start":{"line":100,"column":85},"end":{"line":100,"column":87}},{"start":{"line":100,"column":90},"end":{"line":100,"column":92}}],"line":100},"15":{"loc":{"start":{"line":101,"column":23},"end":{"line":101,"column":56}},"type":"cond-expr","locations":[{"start":{"line":101,"column":49},"end":{"line":101,"column":51}},{"start":{"line":101,"column":54},"end":{"line":101,"column":56}}],"line":101},"16":{"loc":{"start":{"line":111,"column":21},"end":{"line":111,"column":110}},"type":"cond-expr","locations":[{"start":{"line":111,"column":38},"end":{"line":111,"column":49}},{"start":{"line":111,"column":52},"end":{"line":111,"column":110}}],"line":111},"17":{"loc":{"start":{"line":111,"column":52},"end":{"line":111,"column":110}},"type":"cond-expr","locations":[{"start":{"line":111,"column":69},"end":{"line":111,"column":75}},{"start":{"line":111,"column":78},"end":{"line":111,"column":110}}],"line":111},"18":{"loc":{"start":{"line":111,"column":78},"end":{"line":111,"column":110}},"type":"cond-expr","locations":[{"start":{"line":111,"column":95},"end":{"line":111,"column":101}},{"start":{"line":111,"column":104},"end":{"line":111,"column":110}}],"line":111},"19":{"loc":{"start":{"line":132,"column":4},"end":{"line":136,"column":5}},"type":"if","locations":[{"start":{"line":132,"column":4},"end":{"line":136,"column":5}},{"start":{},"end":{}}],"line":132},"20":{"loc":{"start":{"line":147,"column":4},"end":{"line":151,"column":5}},"type":"if","locations":[{"start":{"line":147,"column":4},"end":{"line":151,"column":5}},{"start":{},"end":{}}],"line":147},"21":{"loc":{"start":{"line":147,"column":8},"end":{"line":147,"column":45}},"type":"binary-expr","locations":[{"start":{"line":147,"column":8},"end":{"line":147,"column":19}},{"start":{"line":147,"column":23},"end":{"line":147,"column":45}}],"line":147}},"s":{"0":7,"1":7,"2":7,"3":7,"4":7,"5":7,"6":7,"7":0,"8":0,"9":0,"10":0,"11":0,"12":0,"13":0,"14":0,"15":0,"16":0,"17":0,"18":0,"19":0,"20":0,"21":0,"22":0,"23":0,"24":0,"25":0,"26":0,"27":0,"28":0,"29":0,"30":0,"31":0,"32":0,"33":0,"34":0,"35":0,"36":0,"37":0,"38":0,"39":0,"40":0,"41":0,"42":0,"43":0,"44":0,"45":0,"46":0,"47":0,"48":0,"49":0,"50":0,"51":0,"52":0,"53":0,"54":0,"55":0,"56":0,"57":0,"58":0,"59":0,"60":0,"61":7,"62":0,"63":0,"64":0,"65":0,"66":0,"67":0,"68":0,"69":0,"70":0,"71":0,"72":0,"73":0,"74":0,"75":0,"76":0,"77":0,"78":7},"f":{"0":0,"1":0,"2":0,"3":0},"b":{"0":[0,0],"1":[0,0],"2":[0,0],"3":[0,0],"4":[0,0],"5":[0,0],"6":[0,0],"7":[0,0],"8":[0,0],"9":[0,0],"10":[0,0],"11":[0,0],"12":[0,0],"13":[0,0],"14":[0,0],"15":[0,0],"16":[0,0],"17":[0,0],"18":[0,0],"19":[0,0],"20":[0,0],"21":[0,0]},"_coverageSchema":"1a1c01bbd47fc00a2c39e90264f33305004495a9","hash":"b3788b29e860081bcbf1e3508c69163c240a23df"}
,"H:\\JobTube Eco System\\backend\\src\\routes\\auth.js": {"path":"H:\\JobTube Eco System\\backend\\src\\routes\\auth.js","statementMap":{"0":{"start":{"line":1,"column":16},"end":{"line":1,"column":34}},"1":{"start":{"line":2,"column":15},"end":{"line":2,"column":31}},"2":{"start":{"line":3,"column":15},"end":{"line":3,"column":32}},"3":{"start":{"line":4,"column":12},"end":{"line":4,"column":35}},"4":{"start":{"line":5,"column":17},"end":{"line":5,"column":46}},"5":{"start":{"line":6,"column":30},"end":{"line":6,"column":59}},"6":{"start":{"line":9,"column":0},"end":{"line":40,"column":3}},"7":{"start":{"line":10,"column":2},"end":{"line":39,"column":3}},"8":{"start":{"line":11,"column":63},"end":{"line":11,"column":71}},"9":{"start":{"line":13,"column":4},"end":{"line":15,"column":5}},"10":{"start":{"line":14,"column":6},"end":{"line":14,"column":80}},"11":{"start":{"line":17,"column":27},"end":{"line":17,"column":93}},"12":{"start":{"line":18,"column":4},"end":{"line":20,"column":5}},"13":{"start":{"line":19,"column":6},"end":{"line":19,"column":68}},"14":{"start":{"line":22,"column":17},"end":{"line":22,"column":41}},"15":{"start":{"line":23,"column":26},"end":{"line":23,"column":59}},"16":{"start":{"line":25,"column":19},"end":{"line":28,"column":5}},"17":{"start":{"line":30,"column":19},"end":{"line":30,"column":36}},"18":{"start":{"line":31,"column":26},"end":{"line":31,"column":128}},"19":{"start":{"line":32,"column":17},"end":{"line":32,"column":38}},"20":{"start":{"line":34,"column":18},"end":{"line":34,"column":107}},"21":{"start":{"line":36,"column":4},"end":{"line":36,"column":42}},"22":{"start":{"line":38,"column":4},"end":{"line":38,"column":14}},"23":{"start":{"line":43,"column":0},"end":{"line":65,"column":3}},"24":{"start":{"line":44,"column":2},"end":{"line":64,"column":3}},"25":{"start":{"line":45,"column":32},"end":{"line":45,"column":40}},"26":{"start":{"line":47,"column":19},"end":{"line":47,"column":84}},"27":{"start":{"line":48,"column":4},"end":{"line":50,"column":5}},"28":{"start":{"line":49,"column":6},"end":{"line":49,"column":68}},"29":{"start":{"line":52,"column":17},"end":{"line":52,"column":31}},"30":{"start":{"line":53,"column":26},"end":{"line":53,"column":76}},"31":{"start":{"line":54,"column":4},"end":{"line":56,"column":5}},"32":{"start":{"line":55,"column":6},"end":{"line":55,"column":68}},"33":{"start":{"line":58,"column":18},"end":{"line":58,"column":107}},"34":{"start":{"line":60,"column":4},"end":{"line":60,"column":30}},"35":{"start":{"line":61,"column":4},"end":{"line":61,"column":30}},"36":{"start":{"line":63,"column":4},"end":{"line":63,"column":14}},"37":{"start":{"line":68,"column":0},"end":{"line":78,"column":3}},"38":{"start":{"line":69,"column":2},"end":{"line":77,"column":3}},"39":{"start":{"line":70,"column":19},"end":{"line":70,"column":138}},"40":{"start":{"line":71,"column":4},"end":{"line":73,"column":5}},"41":{"start":{"line":72,"column":6},"end":{"line":72,"column":63}},"42":{"start":{"line":74,"column":4},"end":{"line":74,"column":39}},"43":{"start":{"line":76,"column":4},"end":{"line":76,"column":14}},"44":{"start":{"line":80,"column":0},"end":{"line":80,"column":24}}},"fnMap":{"0":{"name":"(anonymous_0)","decl":{"start":{"line":9,"column":23},"end":{"line":9,"column":24}},"loc":{"start":{"line":9,"column":49},"end":{"line":40,"column":1}},"line":9},"1":{"name":"(anonymous_1)","decl":{"start":{"line":43,"column":22},"end":{"line":43,"column":23}},"loc":{"start":{"line":43,"column":48},"end":{"line":65,"column":1}},"line":43},"2":{"name":"(anonymous_2)","decl":{"start":{"line":68,"column":37},"end":{"line":68,"column":38}},"loc":{"start":{"line":68,"column":63},"end":{"line":78,"column":1}},"line":68}},"branchMap":{"0":{"loc":{"start":{"line":13,"column":4},"end":{"line":15,"column":5}},"type":"if","locations":[{"start":{"line":13,"column":4},"end":{"line":15,"column":5}},{"start":{},"end":{}}],"line":13},"1":{"loc":{"start":{"line":13,"column":8},"end":{"line":13,"column":27}},"type":"binary-expr","locations":[{"start":{"line":13,"column":8},"end":{"line":13,"column":14}},{"start":{"line":13,"column":18},"end":{"line":13,"column":27}}],"line":13},"2":{"loc":{"start":{"line":18,"column":4},"end":{"line":20,"column":5}},"type":"if","locations":[{"start":{"line":18,"column":4},"end":{"line":20,"column":5}},{"start":{},"end":{}}],"line":18},"3":{"loc":{"start":{"line":48,"column":4},"end":{"line":50,"column":5}},"type":"if","locations":[{"start":{"line":48,"column":4},"end":{"line":50,"column":5}},{"start":{},"end":{}}],"line":48},"4":{"loc":{"start":{"line":54,"column":4},"end":{"line":56,"column":5}},"type":"if","locations":[{"start":{"line":54,"column":4},"end":{"line":56,"column":5}},{"start":{},"end":{}}],"line":54},"5":{"loc":{"start":{"line":71,"column":4},"end":{"line":73,"column":5}},"type":"if","locations":[{"start":{"line":71,"column":4},"end":{"line":73,"column":5}},{"start":{},"end":{}}],"line":71}},"s":{"0":7,"1":7,"2":7,"3":7,"4":7,"5":7,"6":7,"7":0,"8":0,"9":0,"10":0,"11":0,"12":0,"13":0,"14":0,"15":0,"16":0,"17":0,"18":0,"19":0,"20":0,"21":0,"22":0,"23":7,"24":0,"25":0,"26":0,"27":0,"28":0,"29":0,"30":0,"31":0,"32":0,"33":0,"34":0,"35":0,"36":0,"37":7,"38":0,"39":0,"40":0,"41":0,"42":0,"43":0,"44":7},"f":{"0":0,"1":0,"2":0},"b":{"0":[0,0],"1":[0,0],"2":[0,0],"3":[0,0],"4":[0,0],"5":[0,0]},"_coverageSchema":"1a1c01bbd47fc00a2c39e90264f33305004495a9","hash":"0adadf6ac07494d81166dd66af7933371c0a32a9"}
,"H:\\JobTube Eco System\\backend\\src\\routes\\benchmarks.js": {"path":"H:\\JobTube Eco System\\backend\\src\\routes\\benchmarks.js","statementMap":{"0":{"start":{"line":1,"column":16},"end":{"line":1,"column":34}},"1":{"start":{"line":2,"column":17},"end":{"line":2,"column":46}},"2":{"start":{"line":3,"column":30},"end":{"line":3,"column":59}},"3":{"start":{"line":4,"column":25},"end":{"line":4,"column":74}},"4":{"start":{"line":6,"column":15},"end":{"line":6,"column":31}},"5":{"start":{"line":9,"column":21},"end":{"line":19,"column":1}},"6":{"start":{"line":10,"column":2},"end":{"line":18,"column":3}},"7":{"start":{"line":11,"column":19},"end":{"line":11,"column":90}},"8":{"start":{"line":12,"column":4},"end":{"line":14,"column":5}},"9":{"start":{"line":13,"column":6},"end":{"line":13,"column":76}},"10":{"start":{"line":15,"column":4},"end":{"line":15,"column":11}},"11":{"start":{"line":17,"column":4},"end":{"line":17,"column":61}},"12":{"start":{"line":22,"column":0},"end":{"line":38,"column":3}},"13":{"start":{"line":23,"column":38},"end":{"line":23,"column":47}},"14":{"start":{"line":25,"column":2},"end":{"line":27,"column":3}},"15":{"start":{"line":26,"column":4},"end":{"line":26,"column":85}},"16":{"start":{"line":28,"column":2},"end":{"line":30,"column":3}},"17":{"start":{"line":29,"column":4},"end":{"line":29,"column":86}},"18":{"start":{"line":32,"column":2},"end":{"line":37,"column":3}},"19":{"start":{"line":33,"column":20},"end":{"line":33,"column":67}},"20":{"start":{"line":34,"column":4},"end":{"line":34,"column":41}},"21":{"start":{"line":36,"column":4},"end":{"line":36,"column":84}},"22":{"start":{"line":40,"column":0},"end":{"line":40,"column":24}}},"fnMap":{"0":{"name":"(anonymous_0)","decl":{"start":{"line":9,"column":21},"end":{"line":9,"column":22}},"loc":{"start":{"line":9,"column":47},"end":{"line":19,"column":1}},"line":9},"1":{"name":"(anonymous_1)","decl":{"start":{"line":22,"column":52},"end":{"line":22,"column":53}},"loc":{"start":{"line":22,"column":72},"end":{"line":38,"column":1}},"line":22}},"branchMap":{"0":{"loc":{"start":{"line":12,"column":4},"end":{"line":14,"column":5}},"type":"if","locations":[{"start":{"line":12,"column":4},"end":{"line":14,"column":5}},{"start":{},"end":{}}],"line":12},"1":{"loc":{"start":{"line":12,"column":8},"end":{"line":12,"column":67}},"type":"binary-expr","locations":[{"start":{"line":12,"column":8},"end":{"line":12,"column":32}},{"start":{"line":12,"column":36},"end":{"line":12,"column":67}}],"line":12},"2":{"loc":{"start":{"line":25,"column":2},"end":{"line":27,"column":3}},"type":"if","locations":[{"start":{"line":25,"column":2},"end":{"line":27,"column":3}},{"start":{},"end":{}}],"line":25},"3":{"loc":{"start":{"line":28,"column":2},"end":{"line":30,"column":3}},"type":"if","locations":[{"start":{"line":28,"column":2},"end":{"line":30,"column":3}},{"start":{},"end":{}}],"line":28}},"s":{"0":7,"1":7,"2":7,"3":7,"4":7,"5":7,"6":5,"7":5,"8":4,"9":1,"10":3,"11":1,"12":7,"13":3,"14":3,"15":1,"16":2,"17":1,"18":1,"19":1,"20":1,"21":0,"22":7},"f":{"0":5,"1":3},"b":{"0":[1,3],"1":[4,4],"2":[1,2],"3":[1,1]},"_coverageSchema":"1a1c01bbd47fc00a2c39e90264f33305004495a9","hash":"5800d77f7db2c8e6cedc9063abde2e381e3597a2"}
,"H:\\JobTube Eco System\\backend\\src\\routes\\careerRoadmap.js": {"path":"H:\\JobTube Eco System\\backend\\src\\routes\\careerRoadmap.js","statementMap":{"0":{"start":{"line":1,"column":16},"end":{"line":1,"column":34}},"1":{"start":{"line":2,"column":15},"end":{"line":2,"column":31}},"2":{"start":{"line":3,"column":30},"end":{"line":3,"column":59}},"3":{"start":{"line":4,"column":17},"end":{"line":4,"column":46}},"4":{"start":{"line":5,"column":32},"end":{"line":5,"column":60}},"5":{"start":{"line":8,"column":0},"end":{"line":111,"column":3}},"6":{"start":{"line":9,"column":2},"end":{"line":110,"column":3}},"7":{"start":{"line":10,"column":66},"end":{"line":10,"column":74}},"8":{"start":{"line":11,"column":19},"end":{"line":11,"column":30}},"9":{"start":{"line":13,"column":4},"end":{"line":15,"column":5}},"10":{"start":{"line":14,"column":6},"end":{"line":14,"column":72}},"11":{"start":{"line":18,"column":28},"end":{"line":18,"column":59}},"12":{"start":{"line":19,"column":30},"end":{"line":19,"column":89}},"13":{"start":{"line":22,"column":29},"end":{"line":26,"column":24}},"14":{"start":{"line":29,"column":23},"end":{"line":31,"column":46}},"15":{"start":{"line":34,"column":25},"end":{"line":35,"column":117}},"16":{"start":{"line":37,"column":23},"end":{"line":73,"column":2}},"17":{"start":{"line":75,"column":21},"end":{"line":81,"column":6}},"18":{"start":{"line":83,"column":4},"end":{"line":85,"column":5}},"19":{"start":{"line":84,"column":6},"end":{"line":84,"column":89}},"20":{"start":{"line":88,"column":18},"end":{"line":88,"column":44}},"21":{"start":{"line":89,"column":4},"end":{"line":92,"column":5}},"22":{"start":{"line":90,"column":6},"end":{"line":90,"column":67}},"23":{"start":{"line":91,"column":6},"end":{"line":91,"column":83}},"24":{"start":{"line":95,"column":4},"end":{"line":104,"column":5}},"25":{"start":{"line":96,"column":21},"end":{"line":99,"column":7}},"26":{"start":{"line":100,"column":6},"end":{"line":100,"column":37}},"27":{"start":{"line":102,"column":6},"end":{"line":102,"column":73}},"28":{"start":{"line":106,"column":4},"end":{"line":106,"column":22}},"29":{"start":{"line":108,"column":4},"end":{"line":108,"column":67}},"30":{"start":{"line":109,"column":4},"end":{"line":109,"column":73}},"31":{"start":{"line":114,"column":0},"end":{"line":138,"column":3}},"32":{"start":{"line":115,"column":2},"end":{"line":137,"column":3}},"33":{"start":{"line":116,"column":19},"end":{"line":116,"column":29}},"34":{"start":{"line":117,"column":19},"end":{"line":117,"column":30}},"35":{"start":{"line":119,"column":17},"end":{"line":122,"column":5}},"36":{"start":{"line":124,"column":4},"end":{"line":126,"column":5}},"37":{"start":{"line":125,"column":6},"end":{"line":125,"column":66}},"38":{"start":{"line":128,"column":20},"end":{"line":128,"column":32}},"39":{"start":{"line":129,"column":4},"end":{"line":131,"column":24}},"40":{"start":{"line":133,"column":4},"end":{"line":133,"column":22}},"41":{"start":{"line":135,"column":4},"end":{"line":135,"column":55}},"42":{"start":{"line":136,"column":4},"end":{"line":136,"column":63}},"43":{"start":{"line":141,"column":0},"end":{"line":164,"column":3}},"44":{"start":{"line":142,"column":2},"end":{"line":163,"column":3}},"45":{"start":{"line":143,"column":19},"end":{"line":143,"column":30}},"46":{"start":{"line":145,"column":17},"end":{"line":148,"column":5}},"47":{"start":{"line":150,"column":4},"end":{"line":152,"column":5}},"48":{"start":{"line":151,"column":6},"end":{"line":151,"column":86}},"49":{"start":{"line":154,"column":20},"end":{"line":154,"column":32}},"50":{"start":{"line":155,"column":4},"end":{"line":157,"column":24}},"51":{"start":{"line":159,"column":4},"end":{"line":159,"column":22}},"52":{"start":{"line":161,"column":4},"end":{"line":161,"column":62}},"53":{"start":{"line":162,"column":4},"end":{"line":162,"column":63}},"54":{"start":{"line":168,"column":24},"end":{"line":168,"column":84}},"55":{"start":{"line":169,"column":24},"end":{"line":169,"column":43}},"56":{"start":{"line":171,"column":2},"end":{"line":238,"column":4}},"57":{"start":{"line":241,"column":0},"end":{"line":241,"column":24}}},"fnMap":{"0":{"name":"(anonymous_0)","decl":{"start":{"line":8,"column":43},"end":{"line":8,"column":44}},"loc":{"start":{"line":8,"column":63},"end":{"line":111,"column":1}},"line":8},"1":{"name":"(anonymous_1)","decl":{"start":{"line":114,"column":46},"end":{"line":114,"column":47}},"loc":{"start":{"line":114,"column":66},"end":{"line":138,"column":1}},"line":114},"2":{"name":"(anonymous_2)","decl":{"start":{"line":141,"column":42},"end":{"line":141,"column":43}},"loc":{"start":{"line":141,"column":62},"end":{"line":164,"column":1}},"line":141},"3":{"name":"generateFallbackRoadmap","decl":{"start":{"line":167,"column":9},"end":{"line":167,"column":32}},"loc":{"start":{"line":167,"column":68},"end":{"line":239,"column":1}},"line":167}},"branchMap":{"0":{"loc":{"start":{"line":13,"column":4},"end":{"line":15,"column":5}},"type":"if","locations":[{"start":{"line":13,"column":4},"end":{"line":15,"column":5}},{"start":{},"end":{}}],"line":13},"1":{"loc":{"start":{"line":19,"column":30},"end":{"line":19,"column":89}},"type":"cond-expr","locations":[{"start":{"line":19,"column":68},"end":{"line":19,"column":77}},{"start":{"line":19,"column":80},"end":{"line":19,"column":89}}],"line":19},"2":{"loc":{"start":{"line":29,"column":23},"end":{"line":31,"column":46}},"type":"cond-expr","locations":[{"start":{"line":30,"column":8},"end":{"line":30,"column":32}},{"start":{"line":31,"column":8},"end":{"line":31,"column":46}}],"line":29},"3":{"loc":{"start":{"line":31,"column":8},"end":{"line":31,"column":46}},"type":"binary-expr","locations":[{"start":{"line":31,"column":8},"end":{"line":31,"column":21}},{"start":{"line":31,"column":25},"end":{"line":31,"column":46}}],"line":31},"4":{"loc":{"start":{"line":40,"column":18},"end":{"line":40,"column":56}},"type":"binary-expr","locations":[{"start":{"line":40,"column":18},"end":{"line":40,"column":29}},{"start":{"line":40,"column":33},"end":{"line":40,"column":56}}],"line":40},"5":{"loc":{"start":{"line":83,"column":4},"end":{"line":85,"column":5}},"type":"if","locations":[{"start":{"line":83,"column":4},"end":{"line":85,"column":5}},{"start":{},"end":{}}],"line":83},"6":{"loc":{"start":{"line":84,"column":43},"end":{"line":84,"column":85}},"type":"binary-expr","locations":[{"start":{"line":84,"column":43},"end":{"line":84,"column":57}},{"start":{"line":84,"column":61},"end":{"line":84,"column":85}}],"line":84},"7":{"loc":{"start":{"line":89,"column":4},"end":{"line":92,"column":5}},"type":"if","locations":[{"start":{"line":89,"column":4},"end":{"line":92,"column":5}},{"start":{},"end":{}}],"line":89},"8":{"loc":{"start":{"line":98,"column":17},"end":{"line":98,"column":41}},"type":"binary-expr","locations":[{"start":{"line":98,"column":17},"end":{"line":98,"column":28}},{"start":{"line":98,"column":32},"end":{"line":98,"column":41}}],"line":98},"9":{"loc":{"start":{"line":124,"column":4},"end":{"line":126,"column":5}},"type":"if","locations":[{"start":{"line":124,"column":4},"end":{"line":126,"column":5}},{"start":{},"end":{}}],"line":124},"10":{"loc":{"start":{"line":129,"column":22},"end":{"line":131,"column":23}},"type":"cond-expr","locations":[{"start":{"line":130,"column":8},"end":{"line":130,"column":35}},{"start":{"line":131,"column":8},"end":{"line":131,"column":23}}],"line":129},"11":{"loc":{"start":{"line":150,"column":4},"end":{"line":152,"column":5}},"type":"if","locations":[{"start":{"line":150,"column":4},"end":{"line":152,"column":5}},{"start":{},"end":{}}],"line":150},"12":{"loc":{"start":{"line":155,"column":22},"end":{"line":157,"column":23}},"type":"cond-expr","locations":[{"start":{"line":156,"column":8},"end":{"line":156,"column":35}},{"start":{"line":157,"column":8},"end":{"line":157,"column":23}}],"line":155},"13":{"loc":{"start":{"line":168,"column":24},"end":{"line":168,"column":84}},"type":"cond-expr","locations":[{"start":{"line":168,"column":50},"end":{"line":168,"column":51}},{"start":{"line":168,"column":54},"end":{"line":168,"column":84}}],"line":168},"14":{"loc":{"start":{"line":168,"column":54},"end":{"line":168,"column":84}},"type":"cond-expr","locations":[{"start":{"line":168,"column":78},"end":{"line":168,"column":80}},{"start":{"line":168,"column":83},"end":{"line":168,"column":84}}],"line":168},"15":{"loc":{"start":{"line":182,"column":16},"end":{"line":186,"column":55}},"type":"cond-expr","locations":[{"start":{"line":183,"column":12},"end":{"line":183,"column":50}},{"start":{"line":184,"column":12},"end":{"line":186,"column":55}}],"line":182},"16":{"loc":{"start":{"line":184,"column":12},"end":{"line":186,"column":55}},"type":"cond-expr","locations":[{"start":{"line":185,"column":14},"end":{"line":185,"column":57}},{"start":{"line":186,"column":14},"end":{"line":186,"column":55}}],"line":184}},"s":{"0":7,"1":7,"2":7,"3":7,"4":7,"5":7,"6":0,"7":0,"8":0,"9":0,"10":0,"11":0,"12":0,"13":0,"14":0,"15":0,"16":0,"17":0,"18":0,"19":0,"20":0,"21":0,"22":0,"23":0,"24":0,"25":0,"26":0,"27":0,"28":0,"29":0,"30":0,"31":7,"32":0,"33":0,"34":0,"35":0,"36":0,"37":0,"38":0,"39":0,"40":0,"41":0,"42":0,"43":7,"44":0,"45":0,"46":0,"47":0,"48":0,"49":0,"50":0,"51":0,"52":0,"53":0,"54":0,"55":0,"56":0,"57":7},"f":{"0":0,"1":0,"2":0,"3":0},"b":{"0":[0,0],"1":[0,0],"2":[0,0],"3":[0,0],"4":[0,0],"5":[0,0],"6":[0,0],"7":[0,0],"8":[0,0],"9":[0,0],"10":[0,0],"11":[0,0],"12":[0,0],"13":[0,0],"14":[0,0],"15":[0,0],"16":[0,0]},"_coverageSchema":"1a1c01bbd47fc00a2c39e90264f33305004495a9","hash":"6ccf003e4e6ddfd98b9e478070efa2153b88dfd6"}
,"H:\\JobTube Eco System\\backend\\src\\routes\\coverLetter.js": {"path":"H:\\JobTube Eco System\\backend\\src\\routes\\coverLetter.js","statementMap":{"0":{"start":{"line":1,"column":16},"end":{"line":1,"column":34}},"1":{"start":{"line":2,"column":15},"end":{"line":2,"column":31}},"2":{"start":{"line":3,"column":30},"end":{"line":3,"column":59}},"3":{"start":{"line":4,"column":19},"end":{"line":4,"column":47}},"4":{"start":{"line":7,"column":18},"end":{"line":11,"column":3}},"5":{"start":{"line":13,"column":19},"end":{"line":13,"column":52}},"6":{"start":{"line":15,"column":2},"end":{"line":24,"column":13}},"7":{"start":{"line":27,"column":0},"end":{"line":86,"column":3}},"8":{"start":{"line":28,"column":2},"end":{"line":85,"column":3}},"9":{"start":{"line":36,"column":8},"end":{"line":36,"column":16}},"10":{"start":{"line":38,"column":4},"end":{"line":42,"column":5}},"11":{"start":{"line":39,"column":6},"end":{"line":41,"column":9}},"12":{"start":{"line":44,"column":25},"end":{"line":46,"column":79}},"13":{"start":{"line":48,"column":23},"end":{"line":56,"column":54}},"14":{"start":{"line":58,"column":21},"end":{"line":64,"column":6}},"15":{"start":{"line":67,"column":4},"end":{"line":71,"column":5}},"16":{"start":{"line":68,"column":6},"end":{"line":68,"column":40}},"17":{"start":{"line":70,"column":6},"end":{"line":70,"column":83}},"18":{"start":{"line":73,"column":4},"end":{"line":79,"column":7}},"19":{"start":{"line":81,"column":4},"end":{"line":81,"column":57}},"20":{"start":{"line":82,"column":4},"end":{"line":84,"column":7}},"21":{"start":{"line":88,"column":0},"end":{"line":88,"column":24}}},"fnMap":{"0":{"name":"generateFallbackLetter","decl":{"start":{"line":6,"column":9},"end":{"line":6,"column":31}},"loc":{"start":{"line":6,"column":73},"end":{"line":25,"column":1}},"line":6},"1":{"name":"(anonymous_1)","decl":{"start":{"line":27,"column":57},"end":{"line":27,"column":58}},"loc":{"start":{"line":27,"column":77},"end":{"line":86,"column":1}},"line":27}},"branchMap":{"0":{"loc":{"start":{"line":13,"column":19},"end":{"line":13,"column":52}},"type":"binary-expr","locations":[{"start":{"line":13,"column":19},"end":{"line":13,"column":32}},{"start":{"line":13,"column":36},"end":{"line":13,"column":52}}],"line":13},"1":{"loc":{"start":{"line":35,"column":6},"end":{"line":35,"column":27}},"type":"default-arg","locations":[{"start":{"line":35,"column":13},"end":{"line":35,"column":27}}],"line":35},"2":{"loc":{"start":{"line":38,"column":4},"end":{"line":42,"column":5}},"type":"if","locations":[{"start":{"line":38,"column":4},"end":{"line":42,"column":5}},{"start":{},"end":{}}],"line":38},"3":{"loc":{"start":{"line":38,"column":8},"end":{"line":38,"column":65}},"type":"binary-expr","locations":[{"start":{"line":38,"column":8},"end":{"line":38,"column":23}},{"start":{"line":38,"column":27},"end":{"line":38,"column":39}},{"start":{"line":38,"column":43},"end":{"line":38,"column":52}},{"start":{"line":38,"column":56},"end":{"line":38,"column":65}}],"line":38},"4":{"loc":{"start":{"line":63,"column":13},"end":{"line":63,"column":82}},"type":"binary-expr","locations":[{"start":{"line":63,"column":13},"end":{"line":63,"column":44}},{"start":{"line":63,"column":48},"end":{"line":63,"column":82}}],"line":63},"5":{"loc":{"start":{"line":67,"column":4},"end":{"line":71,"column":5}},"type":"if","locations":[{"start":{"line":67,"column":4},"end":{"line":71,"column":5}},{"start":{"line":69,"column":11},"end":{"line":71,"column":5}}],"line":67},"6":{"loc":{"start":{"line":67,"column":8},"end":{"line":67,"column":36}},"type":"binary-expr","locations":[{"start":{"line":67,"column":8},"end":{"line":67,"column":19}},{"start":{"line":67,"column":23},"end":{"line":67,"column":36}}],"line":67}},"s":{"0":7,"1":7,"2":7,"3":7,"4":0,"5":0,"6":0,"7":7,"8":0,"9":0,"10":0,"11":0,"12":0,"13":0,"14":0,"15":0,"16":0,"17":0,"18":0,"19":0,"20":0,"21":7},"f":{"0":0,"1":0},"b":{"0":[0,0],"1":[0],"2":[0,0],"3":[0,0,0,0],"4":[0,0],"5":[0,0],"6":[0,0]},"_coverageSchema":"1a1c01bbd47fc00a2c39e90264f33305004495a9","hash":"1503b086d2213a9dc490d5d13d72e2eca568518e"}
,"H:\\JobTube Eco System\\backend\\src\\routes\\dashboard.js": {"path":"H:\\JobTube Eco System\\backend\\src\\routes\\dashboard.js","statementMap":{"0":{"start":{"line":1,"column":16},"end":{"line":1,"column":34}},"1":{"start":{"line":2,"column":15},"end":{"line":2,"column":31}},"2":{"start":{"line":3,"column":30},"end":{"line":3,"column":59}},"3":{"start":{"line":4,"column":17},"end":{"line":4,"column":46}},"4":{"start":{"line":7,"column":0},"end":{"line":119,"column":3}},"5":{"start":{"line":8,"column":2},"end":{"line":118,"column":3}},"6":{"start":{"line":9,"column":19},"end":{"line":9,"column":30}},"7":{"start":{"line":12,"column":20},"end":{"line":15,"column":5}},"8":{"start":{"line":16,"column":25},"end":{"line":16,"column":63}},"9":{"start":{"line":16,"column":47},"end":{"line":16,"column":62}},"10":{"start":{"line":17,"column":30},"end":{"line":17,"column":50}},"11":{"start":{"line":20,"column":23},"end":{"line":23,"column":5}},"12":{"start":{"line":24,"column":30},"end":{"line":26,"column":9}},"13":{"start":{"line":25,"column":54},"end":{"line":25,"column":74}},"14":{"start":{"line":29,"column":19},"end":{"line":29,"column":84}},"15":{"start":{"line":30,"column":4},"end":{"line":44,"column":5}},"16":{"start":{"line":31,"column":19},"end":{"line":34,"column":7}},"17":{"start":{"line":35,"column":6},"end":{"line":35,"column":40}},"18":{"start":{"line":36,"column":6},"end":{"line":36,"column":114}},"19":{"start":{"line":36,"column":50},"end":{"line":36,"column":105}},"20":{"start":{"line":37,"column":6},"end":{"line":37,"column":75}},"21":{"start":{"line":37,"column":46},"end":{"line":37,"column":66}},"22":{"start":{"line":38,"column":6},"end":{"line":38,"column":80}},"23":{"start":{"line":38,"column":48},"end":{"line":38,"column":71}},"24":{"start":{"line":39,"column":6},"end":{"line":41,"column":12}},"25":{"start":{"line":43,"column":6},"end":{"line":43,"column":78}},"26":{"start":{"line":47,"column":21},"end":{"line":47,"column":22}},"27":{"start":{"line":48,"column":4},"end":{"line":70,"column":5}},"28":{"start":{"line":49,"column":21},"end":{"line":52,"column":7}},"29":{"start":{"line":53,"column":6},"end":{"line":66,"column":7}},"30":{"start":{"line":55,"column":8},"end":{"line":65,"column":9}},"31":{"start":{"line":56,"column":10},"end":{"line":56,"column":44}},"32":{"start":{"line":57,"column":15},"end":{"line":65,"column":9}},"33":{"start":{"line":58,"column":29},"end":{"line":60,"column":35}},"34":{"start":{"line":61,"column":10},"end":{"line":61,"column":121}},"35":{"start":{"line":61,"column":77},"end":{"line":61,"column":82}},"36":{"start":{"line":64,"column":10},"end":{"line":64,"column":26}},"37":{"start":{"line":68,"column":6},"end":{"line":68,"column":74}},"38":{"start":{"line":69,"column":6},"end":{"line":69,"column":21}},"39":{"start":{"line":73,"column":27},"end":{"line":73,"column":29}},"40":{"start":{"line":74,"column":4},"end":{"line":80,"column":5}},"41":{"start":{"line":75,"column":6},"end":{"line":79,"column":9}},"42":{"start":{"line":81,"column":4},"end":{"line":87,"column":5}},"43":{"start":{"line":82,"column":6},"end":{"line":86,"column":9}},"44":{"start":{"line":90,"column":27},"end":{"line":90,"column":95}},"45":{"start":{"line":91,"column":24},"end":{"line":96,"column":6}},"46":{"start":{"line":99,"column":4},"end":{"line":114,"column":7}},"47":{"start":{"line":116,"column":4},"end":{"line":116,"column":60}},"48":{"start":{"line":117,"column":4},"end":{"line":117,"column":70}},"49":{"start":{"line":123,"column":12},"end":{"line":123,"column":26}},"50":{"start":{"line":124,"column":14},"end":{"line":124,"column":24}},"51":{"start":{"line":125,"column":17},"end":{"line":125,"column":24}},"52":{"start":{"line":126,"column":19},"end":{"line":126,"column":61}},"53":{"start":{"line":128,"column":2},"end":{"line":128,"column":37}},"54":{"start":{"line":128,"column":22},"end":{"line":128,"column":37}},"55":{"start":{"line":129,"column":2},"end":{"line":129,"column":41}},"56":{"start":{"line":129,"column":22},"end":{"line":129,"column":41}},"57":{"start":{"line":130,"column":2},"end":{"line":130,"column":50}},"58":{"start":{"line":130,"column":20},"end":{"line":130,"column":50}},"59":{"start":{"line":131,"column":2},"end":{"line":131,"column":68}},"60":{"start":{"line":131,"column":21},"end":{"line":131,"column":68}},"61":{"start":{"line":132,"column":2},"end":{"line":132,"column":71}},"62":{"start":{"line":132,"column":22},"end":{"line":132,"column":71}},"63":{"start":{"line":133,"column":2},"end":{"line":133,"column":51}},"64":{"start":{"line":138,"column":16},"end":{"line":138,"column":18}},"65":{"start":{"line":140,"column":2},"end":{"line":147,"column":3}},"66":{"start":{"line":141,"column":4},"end":{"line":146,"column":7}},"67":{"start":{"line":149,"column":2},"end":{"line":156,"column":3}},"68":{"start":{"line":150,"column":4},"end":{"line":155,"column":7}},"69":{"start":{"line":158,"column":2},"end":{"line":165,"column":3}},"70":{"start":{"line":159,"column":4},"end":{"line":164,"column":7}},"71":{"start":{"line":167,"column":2},"end":{"line":174,"column":3}},"72":{"start":{"line":168,"column":4},"end":{"line":173,"column":7}},"73":{"start":{"line":177,"column":2},"end":{"line":182,"column":5}},"74":{"start":{"line":185,"column":2},"end":{"line":190,"column":5}},"75":{"start":{"line":193,"column":2},"end":{"line":198,"column":17}},"76":{"start":{"line":195,"column":28},"end":{"line":195,"column":58}},"77":{"start":{"line":196,"column":6},"end":{"line":196,"column":67}},"78":{"start":{"line":201,"column":0},"end":{"line":201,"column":24}}},"fnMap":{"0":{"name":"(anonymous_0)","decl":{"start":{"line":7,"column":43},"end":{"line":7,"column":44}},"loc":{"start":{"line":7,"column":63},"end":{"line":119,"column":1}},"line":7},"1":{"name":"(anonymous_1)","decl":{"start":{"line":16,"column":42},"end":{"line":16,"column":43}},"loc":{"start":{"line":16,"column":47},"end":{"line":16,"column":62}},"line":16},"2":{"name":"(anonymous_2)","decl":{"start":{"line":25,"column":42},"end":{"line":25,"column":43}},"loc":{"start":{"line":25,"column":54},"end":{"line":25,"column":74}},"line":25},"3":{"name":"(anonymous_3)","decl":{"start":{"line":36,"column":45},"end":{"line":36,"column":46}},"loc":{"start":{"line":36,"column":50},"end":{"line":36,"column":105}},"line":36},"4":{"name":"(anonymous_4)","decl":{"start":{"line":37,"column":41},"end":{"line":37,"column":42}},"loc":{"start":{"line":37,"column":46},"end":{"line":37,"column":66}},"line":37},"5":{"name":"(anonymous_5)","decl":{"start":{"line":38,"column":43},"end":{"line":38,"column":44}},"loc":{"start":{"line":38,"column":48},"end":{"line":38,"column":71}},"line":38},"6":{"name":"(anonymous_6)","decl":{"start":{"line":61,"column":67},"end":{"line":61,"column":68}},"loc":{"start":{"line":61,"column":77},"end":{"line":61,"column":82}},"line":61},"7":{"name":"formatDate","decl":{"start":{"line":122,"column":9},"end":{"line":122,"column":19}},"loc":{"start":{"line":122,"column":26},"end":{"line":134,"column":1}},"line":122},"8":{"name":"generateActionItems","decl":{"start":{"line":137,"column":9},"end":{"line":137,"column":28}},"loc":{"start":{"line":137,"column":54},"end":{"line":199,"column":1}},"line":137},"9":{"name":"(anonymous_9)","decl":{"start":{"line":194,"column":10},"end":{"line":194,"column":11}},"loc":{"start":{"line":194,"column":20},"end":{"line":197,"column":5}},"line":194}},"branchMap":{"0":{"loc":{"start":{"line":17,"column":30},"end":{"line":17,"column":50}},"type":"binary-expr","locations":[{"start":{"line":17,"column":30},"end":{"line":17,"column":45}},{"start":{"line":17,"column":49},"end":{"line":17,"column":50}}],"line":17},"1":{"loc":{"start":{"line":24,"column":30},"end":{"line":26,"column":9}},"type":"cond-expr","locations":[{"start":{"line":25,"column":8},"end":{"line":25,"column":104}},{"start":{"line":26,"column":8},"end":{"line":26,"column":9}}],"line":24},"2":{"loc":{"start":{"line":25,"column":61},"end":{"line":25,"column":73}},"type":"binary-expr","locations":[{"start":{"line":25,"column":61},"end":{"line":25,"column":68}},{"start":{"line":25,"column":72},"end":{"line":25,"column":73}}],"line":25},"3":{"loc":{"start":{"line":36,"column":50},"end":{"line":36,"column":105}},"type":"binary-expr","locations":[{"start":{"line":36,"column":50},"end":{"line":36,"column":74}},{"start":{"line":36,"column":78},"end":{"line":36,"column":105}}],"line":36},"4":{"loc":{"start":{"line":39,"column":27},"end":{"line":41,"column":11}},"type":"cond-expr","locations":[{"start":{"line":40,"column":10},"end":{"line":40,"column":86}},{"start":{"line":41,"column":10},"end":{"line":41,"column":11}}],"line":39},"5":{"loc":{"start":{"line":53,"column":6},"end":{"line":66,"column":7}},"type":"if","locations":[{"start":{"line":53,"column":6},"end":{"line":66,"column":7}},{"start":{},"end":{}}],"line":53},"6":{"loc":{"start":{"line":55,"column":8},"end":{"line":65,"column":9}},"type":"if","locations":[{"start":{"line":55,"column":8},"end":{"line":65,"column":9}},{"start":{"line":57,"column":15},"end":{"line":65,"column":9}}],"line":55},"7":{"loc":{"start":{"line":57,"column":15},"end":{"line":65,"column":9}},"type":"if","locations":[{"start":{"line":57,"column":15},"end":{"line":65,"column":9}},{"start":{"line":62,"column":15},"end":{"line":65,"column":9}}],"line":57},"8":{"loc":{"start":{"line":58,"column":29},"end":{"line":60,"column":35}},"type":"cond-expr","locations":[{"start":{"line":59,"column":14},"end":{"line":59,"column":47}},{"start":{"line":60,"column":14},"end":{"line":60,"column":35}}],"line":58},"9":{"loc":{"start":{"line":74,"column":4},"end":{"line":80,"column":5}},"type":"if","locations":[{"start":{"line":74,"column":4},"end":{"line":80,"column":5}},{"start":{},"end":{}}],"line":74},"10":{"loc":{"start":{"line":81,"column":4},"end":{"line":87,"column":5}},"type":"if","locations":[{"start":{"line":81,"column":4},"end":{"line":87,"column":5}},{"start":{},"end":{}}],"line":81},"11":{"loc":{"start":{"line":84,"column":52},"end":{"line":84,"column":81}},"type":"binary-expr","locations":[{"start":{"line":84,"column":52},"end":{"line":84,"column":76}},{"start":{"line":84,"column":80},"end":{"line":84,"column":81}}],"line":84},"12":{"loc":{"start":{"line":128,"column":2},"end":{"line":128,"column":37}},"type":"if","locations":[{"start":{"line":128,"column":2},"end":{"line":128,"column":37}},{"start":{},"end":{}}],"line":128},"13":{"loc":{"start":{"line":129,"column":2},"end":{"line":129,"column":41}},"type":"if","locations":[{"start":{"line":129,"column":2},"end":{"line":129,"column":41}},{"start":{},"end":{}}],"line":129},"14":{"loc":{"start":{"line":130,"column":2},"end":{"line":130,"column":50}},"type":"if","locations":[{"start":{"line":130,"column":2},"end":{"line":130,"column":50}},{"start":{},"end":{}}],"line":130},"15":{"loc":{"start":{"line":131,"column":2},"end":{"line":131,"column":68}},"type":"if","locations":[{"start":{"line":131,"column":2},"end":{"line":131,"column":68}},{"start":{},"end":{}}],"line":131},"16":{"loc":{"start":{"line":132,"column":2},"end":{"line":132,"column":71}},"type":"if","locations":[{"start":{"line":132,"column":2},"end":{"line":132,"column":71}},{"start":{},"end":{}}],"line":132},"17":{"loc":{"start":{"line":140,"column":2},"end":{"line":147,"column":3}},"type":"if","locations":[{"start":{"line":140,"column":2},"end":{"line":147,"column":3}},{"start":{},"end":{}}],"line":140},"18":{"loc":{"start":{"line":140,"column":6},"end":{"line":140,"column":52}},"type":"binary-expr","locations":[{"start":{"line":140,"column":6},"end":{"line":140,"column":24}},{"start":{"line":140,"column":28},"end":{"line":140,"column":52}}],"line":140},"19":{"loc":{"start":{"line":149,"column":2},"end":{"line":156,"column":3}},"type":"if","locations":[{"start":{"line":149,"column":2},"end":{"line":156,"column":3}},{"start":{},"end":{}}],"line":149},"20":{"loc":{"start":{"line":158,"column":2},"end":{"line":165,"column":3}},"type":"if","locations":[{"start":{"line":158,"column":2},"end":{"line":165,"column":3}},{"start":{},"end":{}}],"line":158},"21":{"loc":{"start":{"line":167,"column":2},"end":{"line":174,"column":3}},"type":"if","locations":[{"start":{"line":167,"column":2},"end":{"line":174,"column":3}},{"start":{},"end":{}}],"line":167},"22":{"loc":{"start":{"line":167,"column":6},"end":{"line":167,"column":53}},"type":"binary-expr","locations":[{"start":{"line":167,"column":6},"end":{"line":167,"column":26}},{"start":{"line":167,"column":30},"end":{"line":167,"column":53}}],"line":167}},"s":{"0":7,"1":7,"2":7,"3":7,"4":7,"5":0,"6":0,"7":0,"8":0,"9":0,"10":0,"11":0,"12":0,"13":0,"14":0,"15":0,"16":0,"17":0,"18":0,"19":0,"20":0,"21":0,"22":0,"23":0,"24":0,"25":0,"26":0,"27":0,"28":0,"29":0,"30":0,"31":0,"32":0,"33":0,"34":0,"35":0,"36":0,"37":0,"38":0,"39":0,"40":0,"41":0,"42":0,"43":0,"44":0,"45":0,"46":0,"47":0,"48":0,"49":0,"50":0,"51":0,"52":0,"53":0,"54":0,"55":0,"56":0,"57":0,"58":0,"59":0,"60":0,"61":0,"62":0,"63":0,"64":0,"65":0,"66":0,"67":0,"68":0,"69":0,"70":0,"71":0,"72":0,"73":0,"74":0,"75":0,"76":0,"77":0,"78":7},"f":{"0":0,"1":0,"2":0,"3":0,"4":0,"5":0,"6":0,"7":0,"8":0,"9":0},"b":{"0":[0,0],"1":[0,0],"2":[0,0],"3":[0,0],"4":[0,0],"5":[0,0],"6":[0,0],"7":[0,0],"8":[0,0],"9":[0,0],"10":[0,0],"11":[0,0],"12":[0,0],"13":[0,0],"14":[0,0],"15":[0,0],"16":[0,0],"17":[0,0],"18":[0,0],"19":[0,0],"20":[0,0],"21":[0,0],"22":[0,0]},"_coverageSchema":"1a1c01bbd47fc00a2c39e90264f33305004495a9","hash":"c9e17e41ff45d7875afa4be302a6e9ea5606fe8a"}
,"H:\\JobTube Eco System\\backend\\src\\routes\\evidence.js": {"path":"H:\\JobTube Eco System\\backend\\src\\routes\\evidence.js","statementMap":{"0":{"start":{"line":7,"column":16},"end":{"line":7,"column":34}},"1":{"start":{"line":8,"column":15},"end":{"line":8,"column":31}},"2":{"start":{"line":9,"column":30},"end":{"line":9,"column":59}},"3":{"start":{"line":10,"column":27},"end":{"line":10,"column":74}},"4":{"start":{"line":11,"column":17},"end":{"line":11,"column":46}},"5":{"start":{"line":17,"column":0},"end":{"line":25,"column":3}},"6":{"start":{"line":18,"column":2},"end":{"line":24,"column":3}},"7":{"start":{"line":19,"column":19},"end":{"line":19,"column":30}},"8":{"start":{"line":20,"column":19},"end":{"line":20,"column":47}},"9":{"start":{"line":21,"column":4},"end":{"line":21,"column":21}},"10":{"start":{"line":23,"column":4},"end":{"line":23,"column":96}},"11":{"start":{"line":32,"column":0},"end":{"line":62,"column":3}},"12":{"start":{"line":33,"column":2},"end":{"line":61,"column":3}},"13":{"start":{"line":34,"column":19},"end":{"line":34,"column":30}},"14":{"start":{"line":35,"column":26},"end":{"line":35,"column":96}},"15":{"start":{"line":40,"column":4},"end":{"line":55,"column":5}},"16":{"start":{"line":41,"column":6},"end":{"line":47,"column":42}},"17":{"start":{"line":48,"column":6},"end":{"line":48,"column":39}},"18":{"start":{"line":50,"column":6},"end":{"line":53,"column":39}},"19":{"start":{"line":54,"column":6},"end":{"line":54,"column":24}},"20":{"start":{"line":57,"column":19},"end":{"line":57,"column":48}},"21":{"start":{"line":58,"column":4},"end":{"line":58,"column":39}},"22":{"start":{"line":60,"column":4},"end":{"line":60,"column":88}},"23":{"start":{"line":64,"column":0},"end":{"line":64,"column":24}}},"fnMap":{"0":{"name":"(anonymous_0)","decl":{"start":{"line":17,"column":41},"end":{"line":17,"column":42}},"loc":{"start":{"line":17,"column":61},"end":{"line":25,"column":1}},"line":17},"1":{"name":"(anonymous_1)","decl":{"start":{"line":32,"column":42},"end":{"line":32,"column":43}},"loc":{"start":{"line":32,"column":62},"end":{"line":62,"column":1}},"line":32}},"branchMap":{"0":{"loc":{"start":{"line":35,"column":26},"end":{"line":35,"column":96}},"type":"cond-expr","locations":[{"start":{"line":35,"column":52},"end":{"line":35,"column":89}},{"start":{"line":35,"column":92},"end":{"line":35,"column":96}}],"line":35},"1":{"loc":{"start":{"line":40,"column":4},"end":{"line":55,"column":5}},"type":"if","locations":[{"start":{"line":40,"column":4},"end":{"line":55,"column":5}},{"start":{"line":49,"column":11},"end":{"line":55,"column":5}}],"line":40}},"s":{"0":7,"1":7,"2":7,"3":7,"4":7,"5":7,"6":7,"7":7,"8":7,"9":6,"10":1,"11":7,"12":8,"13":8,"14":8,"15":8,"16":2,"17":2,"18":6,"19":6,"20":8,"21":7,"22":1,"23":7},"f":{"0":7,"1":8},"b":{"0":[2,6],"1":[2,6]},"_coverageSchema":"1a1c01bbd47fc00a2c39e90264f33305004495a9","hash":"4cfff16e2c9070a242a1d98f884403c79457372d"}
,"H:\\JobTube Eco System\\backend\\src\\routes\\guides.js": {"path":"H:\\JobTube Eco System\\backend\\src\\routes\\guides.js","statementMap":{"0":{"start":{"line":1,"column":16},"end":{"line":1,"column":34}},"1":{"start":{"line":2,"column":30},"end":{"line":2,"column":59}},"2":{"start":{"line":3,"column":42},"end":{"line":3,"column":89}},"3":{"start":{"line":5,"column":15},"end":{"line":5,"column":31}},"4":{"start":{"line":8,"column":0},"end":{"line":30,"column":3}},"5":{"start":{"line":9,"column":50},"end":{"line":9,"column":58}},"6":{"start":{"line":11,"column":2},"end":{"line":13,"column":3}},"7":{"start":{"line":12,"column":4},"end":{"line":12,"column":90}},"8":{"start":{"line":15,"column":2},"end":{"line":29,"column":3}},"9":{"start":{"line":16,"column":18},"end":{"line":21,"column":6}},"10":{"start":{"line":23,"column":4},"end":{"line":23,"column":39}},"11":{"start":{"line":25,"column":4},"end":{"line":27,"column":5}},"12":{"start":{"line":26,"column":6},"end":{"line":26,"column":58}},"13":{"start":{"line":28,"column":4},"end":{"line":28,"column":92}},"14":{"start":{"line":33,"column":0},"end":{"line":49,"column":3}},"15":{"start":{"line":34,"column":13},"end":{"line":34,"column":34}},"16":{"start":{"line":36,"column":2},"end":{"line":38,"column":3}},"17":{"start":{"line":37,"column":4},"end":{"line":37,"column":76}},"18":{"start":{"line":40,"column":2},"end":{"line":48,"column":3}},"19":{"start":{"line":41,"column":18},"end":{"line":41,"column":64}},"20":{"start":{"line":42,"column":4},"end":{"line":42,"column":39}},"21":{"start":{"line":44,"column":4},"end":{"line":46,"column":5}},"22":{"start":{"line":45,"column":6},"end":{"line":45,"column":58}},"23":{"start":{"line":47,"column":4},"end":{"line":47,"column":89}},"24":{"start":{"line":51,"column":0},"end":{"line":51,"column":24}}},"fnMap":{"0":{"name":"(anonymous_0)","decl":{"start":{"line":8,"column":44},"end":{"line":8,"column":45}},"loc":{"start":{"line":8,"column":64},"end":{"line":30,"column":1}},"line":8},"1":{"name":"(anonymous_1)","decl":{"start":{"line":33,"column":38},"end":{"line":33,"column":39}},"loc":{"start":{"line":33,"column":58},"end":{"line":49,"column":1}},"line":33}},"branchMap":{"0":{"loc":{"start":{"line":11,"column":2},"end":{"line":13,"column":3}},"type":"if","locations":[{"start":{"line":11,"column":2},"end":{"line":13,"column":3}},{"start":{},"end":{}}],"line":11},"1":{"loc":{"start":{"line":11,"column":6},"end":{"line":11,"column":39}},"type":"binary-expr","locations":[{"start":{"line":11,"column":6},"end":{"line":11,"column":20}},{"start":{"line":11,"column":24},"end":{"line":11,"column":39}}],"line":11},"2":{"loc":{"start":{"line":17,"column":21},"end":{"line":17,"column":70}},"type":"cond-expr","locations":[{"start":{"line":17,"column":37},"end":{"line":17,"column":58}},{"start":{"line":17,"column":61},"end":{"line":17,"column":70}}],"line":17},"3":{"loc":{"start":{"line":25,"column":4},"end":{"line":27,"column":5}},"type":"if","locations":[{"start":{"line":25,"column":4},"end":{"line":27,"column":5}},{"start":{},"end":{}}],"line":25},"4":{"loc":{"start":{"line":25,"column":8},"end":{"line":25,"column":70}},"type":"binary-expr","locations":[{"start":{"line":25,"column":8},"end":{"line":25,"column":19}},{"start":{"line":25,"column":23},"end":{"line":25,"column":70}}],"line":25},"5":{"loc":{"start":{"line":36,"column":2},"end":{"line":38,"column":3}},"type":"if","locations":[{"start":{"line":36,"column":2},"end":{"line":38,"column":3}},{"start":{},"end":{}}],"line":36},"6":{"loc":{"start":{"line":36,"column":6},"end":{"line":36,"column":38}},"type":"binary-expr","locations":[{"start":{"line":36,"column":6},"end":{"line":36,"column":27}},{"start":{"line":36,"column":31},"end":{"line":36,"column":38}}],"line":36},"7":{"loc":{"start":{"line":44,"column":4},"end":{"line":46,"column":5}},"type":"if","locations":[{"start":{"line":44,"column":4},"end":{"line":46,"column":5}},{"start":{},"end":{}}],"line":44},"8":{"loc":{"start":{"line":44,"column":8},"end":{"line":44,"column":70}},"type":"binary-expr","locations":[{"start":{"line":44,"column":8},"end":{"line":44,"column":19}},{"start":{"line":44,"column":23},"end":{"line":44,"column":70}}],"line":44}},"s":{"0":7,"1":7,"2":7,"3":7,"4":7,"5":5,"6":5,"7":1,"8":4,"9":4,"10":3,"11":1,"12":1,"13":0,"14":7,"15":3,"16":3,"17":1,"18":2,"19":2,"20":1,"21":1,"22":1,"23":0,"24":7},"f":{"0":5,"1":3},"b":{"0":[1,4],"1":[5,2],"2":[3,1],"3":[1,0],"4":[1,1],"5":[1,2],"6":[3,2],"7":[1,0],"8":[1,1]},"_coverageSchema":"1a1c01bbd47fc00a2c39e90264f33305004495a9","hash":"7b3e1622f34f67f58679dbc62df1248391027909"}
,"H:\\JobTube Eco System\\backend\\src\\routes\\interview.js": {"path":"H:\\JobTube Eco System\\backend\\src\\routes\\interview.js","statementMap":{"0":{"start":{"line":1,"column":16},"end":{"line":1,"column":34}},"1":{"start":{"line":2,"column":15},"end":{"line":2,"column":31}},"2":{"start":{"line":3,"column":30},"end":{"line":3,"column":59}},"3":{"start":{"line":4,"column":17},"end":{"line":4,"column":46}},"4":{"start":{"line":5,"column":32},"end":{"line":5,"column":60}},"5":{"start":{"line":8,"column":0},"end":{"line":24,"column":5}},"6":{"start":{"line":9,"column":2},"end":{"line":23,"column":3}},"7":{"start":{"line":10,"column":4},"end":{"line":20,"column":7}},"8":{"start":{"line":22,"column":4},"end":{"line":22,"column":73}},"9":{"start":{"line":27,"column":27},"end":{"line":52,"column":2}},"10":{"start":{"line":54,"column":22},"end":{"line":83,"column":1}},"11":{"start":{"line":86,"column":15},"end":{"line":86,"column":62}},"12":{"start":{"line":87,"column":24},"end":{"line":87,"column":52}},"13":{"start":{"line":89,"column":2},"end":{"line":101,"column":3}},"14":{"start":{"line":90,"column":4},"end":{"line":100,"column":6}},"15":{"start":{"line":103,"column":19},"end":{"line":103,"column":38}},"16":{"start":{"line":104,"column":2},"end":{"line":110,"column":4}},"17":{"start":{"line":114,"column":0},"end":{"line":167,"column":3}},"18":{"start":{"line":115,"column":2},"end":{"line":166,"column":3}},"19":{"start":{"line":116,"column":21},"end":{"line":116,"column":29}},"20":{"start":{"line":117,"column":23},"end":{"line":117,"column":53}},"21":{"start":{"line":119,"column":23},"end":{"line":119,"column":182}},"22":{"start":{"line":121,"column":21},"end":{"line":126,"column":6}},"23":{"start":{"line":129,"column":20},"end":{"line":129,"column":25}},"24":{"start":{"line":131,"column":4},"end":{"line":141,"column":5}},"25":{"start":{"line":132,"column":21},"end":{"line":132,"column":47}},"26":{"start":{"line":133,"column":6},"end":{"line":138,"column":7}},"27":{"start":{"line":134,"column":8},"end":{"line":134,"column":26}},"28":{"start":{"line":135,"column":8},"end":{"line":135,"column":25}},"29":{"start":{"line":137,"column":8},"end":{"line":137,"column":60}},"30":{"start":{"line":140,"column":6},"end":{"line":140,"column":58}},"31":{"start":{"line":144,"column":21},"end":{"line":146,"column":5}},"32":{"start":{"line":148,"column":19},"end":{"line":151,"column":5}},"33":{"start":{"line":153,"column":4},"end":{"line":163,"column":7}},"34":{"start":{"line":165,"column":4},"end":{"line":165,"column":14}},"35":{"start":{"line":170,"column":0},"end":{"line":260,"column":3}},"36":{"start":{"line":171,"column":2},"end":{"line":259,"column":3}},"37":{"start":{"line":172,"column":23},"end":{"line":172,"column":31}},"38":{"start":{"line":173,"column":24},"end":{"line":173,"column":37}},"39":{"start":{"line":175,"column":4},"end":{"line":177,"column":5}},"40":{"start":{"line":176,"column":6},"end":{"line":176,"column":67}},"41":{"start":{"line":180,"column":17},"end":{"line":183,"column":5}},"42":{"start":{"line":185,"column":4},"end":{"line":187,"column":5}},"43":{"start":{"line":186,"column":6},"end":{"line":186,"column":68}},"44":{"start":{"line":189,"column":22},"end":{"line":189,"column":34}},"45":{"start":{"line":190,"column":21},"end":{"line":191,"column":59}},"46":{"start":{"line":194,"column":4},"end":{"line":194,"column":58}},"47":{"start":{"line":197,"column":32},"end":{"line":199,"column":16}},"48":{"start":{"line":198,"column":6},"end":{"line":198,"column":79}},"49":{"start":{"line":201,"column":23},"end":{"line":201,"column":304}},"50":{"start":{"line":203,"column":21},"end":{"line":203,"column":99}},"51":{"start":{"line":206,"column":20},"end":{"line":206,"column":25}},"52":{"start":{"line":208,"column":4},"end":{"line":218,"column":5}},"53":{"start":{"line":209,"column":21},"end":{"line":209,"column":47}},"54":{"start":{"line":210,"column":6},"end":{"line":215,"column":7}},"55":{"start":{"line":211,"column":8},"end":{"line":211,"column":26}},"56":{"start":{"line":212,"column":8},"end":{"line":212,"column":25}},"57":{"start":{"line":214,"column":8},"end":{"line":214,"column":80}},"58":{"start":{"line":217,"column":6},"end":{"line":217,"column":78}},"59":{"start":{"line":221,"column":4},"end":{"line":223,"column":5}},"60":{"start":{"line":222,"column":6},"end":{"line":222,"column":91}},"61":{"start":{"line":224,"column":4},"end":{"line":226,"column":5}},"62":{"start":{"line":225,"column":6},"end":{"line":225,"column":108}},"63":{"start":{"line":229,"column":18},"end":{"line":229,"column":73}},"64":{"start":{"line":230,"column":21},"end":{"line":235,"column":13}},"65":{"start":{"line":237,"column":4},"end":{"line":240,"column":6}},"66":{"start":{"line":242,"column":4},"end":{"line":256,"column":7}},"67":{"start":{"line":258,"column":4},"end":{"line":258,"column":14}},"68":{"start":{"line":263,"column":0},"end":{"line":273,"column":3}},"69":{"start":{"line":264,"column":2},"end":{"line":272,"column":3}},"70":{"start":{"line":265,"column":17},"end":{"line":268,"column":5}},"71":{"start":{"line":269,"column":4},"end":{"line":269,"column":49}},"72":{"start":{"line":271,"column":4},"end":{"line":271,"column":14}},"73":{"start":{"line":275,"column":0},"end":{"line":275,"column":24}}},"fnMap":{"0":{"name":"(anonymous_0)","decl":{"start":{"line":8,"column":1},"end":{"line":8,"column":2}},"loc":{"start":{"line":8,"column":13},"end":{"line":24,"column":1}},"line":8},"1":{"name":"getFallbackResponse","decl":{"start":{"line":85,"column":9},"end":{"line":85,"column":28}},"loc":{"start":{"line":85,"column":61},"end":{"line":111,"column":1}},"line":85},"2":{"name":"(anonymous_2)","decl":{"start":{"line":114,"column":41},"end":{"line":114,"column":42}},"loc":{"start":{"line":114,"column":67},"end":{"line":167,"column":1}},"line":114},"3":{"name":"(anonymous_3)","decl":{"start":{"line":170,"column":47},"end":{"line":170,"column":48}},"loc":{"start":{"line":170,"column":73},"end":{"line":260,"column":1}},"line":170},"4":{"name":"(anonymous_4)","decl":{"start":{"line":197,"column":45},"end":{"line":197,"column":46}},"loc":{"start":{"line":198,"column":6},"end":{"line":198,"column":79}},"line":198},"5":{"name":"(anonymous_5)","decl":{"start":{"line":263,"column":42},"end":{"line":263,"column":43}},"loc":{"start":{"line":263,"column":68},"end":{"line":273,"column":1}},"line":263}},"branchMap":{"0":{"loc":{"start":{"line":86,"column":15},"end":{"line":86,"column":62}},"type":"binary-expr","locations":[{"start":{"line":86,"column":15},"end":{"line":86,"column":34}},{"start":{"line":86,"column":38},"end":{"line":86,"column":62}}],"line":86},"1":{"loc":{"start":{"line":89,"column":2},"end":{"line":101,"column":3}},"type":"if","locations":[{"start":{"line":89,"column":2},"end":{"line":101,"column":3}},{"start":{},"end":{}}],"line":89},"2":{"loc":{"start":{"line":91,"column":16},"end":{"line":91,"column":100}},"type":"cond-expr","locations":[{"start":{"line":91,"column":29},"end":{"line":91,"column":95}},{"start":{"line":91,"column":98},"end":{"line":91,"column":100}}],"line":91},"3":{"loc":{"start":{"line":105,"column":14},"end":{"line":105,"column":96}},"type":"cond-expr","locations":[{"start":{"line":105,"column":27},"end":{"line":105,"column":91}},{"start":{"line":105,"column":94},"end":{"line":105,"column":96}}],"line":105},"4":{"loc":{"start":{"line":109,"column":10},"end":{"line":109,"column":98}},"type":"cond-expr","locations":[{"start":{"line":109,"column":32},"end":{"line":109,"column":93}},{"start":{"line":109,"column":96},"end":{"line":109,"column":98}}],"line":109},"5":{"loc":{"start":{"line":117,"column":23},"end":{"line":117,"column":53}},"type":"binary-expr","locations":[{"start":{"line":117,"column":23},"end":{"line":117,"column":27}},{"start":{"line":117,"column":31},"end":{"line":117,"column":53}}],"line":117},"6":{"loc":{"start":{"line":131,"column":4},"end":{"line":141,"column":5}},"type":"if","locations":[{"start":{"line":131,"column":4},"end":{"line":141,"column":5}},{"start":{"line":139,"column":11},"end":{"line":141,"column":5}}],"line":131},"7":{"loc":{"start":{"line":133,"column":6},"end":{"line":138,"column":7}},"type":"if","locations":[{"start":{"line":133,"column":6},"end":{"line":138,"column":7}},{"start":{"line":136,"column":13},"end":{"line":138,"column":7}}],"line":133},"8":{"loc":{"start":{"line":133,"column":10},"end":{"line":133,"column":40}},"type":"binary-expr","locations":[{"start":{"line":133,"column":10},"end":{"line":133,"column":16}},{"start":{"line":133,"column":20},"end":{"lin
[...]
},{"start":{"line":22,"column":11},"end":{"line":24,"column":5}}],"line":20},"6":{"loc":{"start":{"line":22,"column":11},"end":{"line":24,"column":5}},"type":"if","locations":[{"start":{"line":22,"column":11},"end":{"line":24,"column":5}},{"start":{},"end":{}}],"line":22},"7":{"loc":{"start":{"line":22,"column":15},"end":{"line":22,"column":80}},"type":"binary-expr","locations":[{"start":{"line":22,"column":15},"end":{"line":22,"column":47}},{"start":{"line":22,"column":51},"end":{"line":22,"column":80}}],"line":22},"8":{"loc":{"start":{"line":50,"column":4},"end":{"line":58,"column":5}},"type":"if","locations":[{"start":{"line":50,"column":4},"end":{"line":58,"column":5}},{"start":{},"end":{}}],"line":50},"9":{"loc":{"start":{"line":63,"column":4},"end":{"line":65,"column":5}},"type":"if","locations":[{"start":{"line":63,"column":4},"end":{"line":65,"column":5}},{"start":{},"end":{}}],"line":63},"10":{"loc":{"start":{"line":84,"column":18},"end":{"line":84,"column":65}},"type":"cond-expr","locations":[{"start":{"line":84,"column":31},"end":{"line":84,"column":51}},{"start":{"line":84,"column":54},"end":{"line":84,"column":65}}],"line":84},"11":{"loc":{"start":{"line":90,"column":4},"end":{"line":90,"column":34}},"type":"if","locations":[{"start":{"line":90,"column":4},"end":{"line":90,"column":34}},{"start":{},"end":{}}],"line":90},"12":{"loc":{"start":{"line":91,"column":36},"end":{"line":91,"column":70}},"type":"cond-expr","locations":[{"start":{"line":91,"column":61},"end":{"line":91,"column":64}},{"start":{"line":91,"column":67},"end":{"line":91,"column":70}}],"line":91},"13":{"loc":{"start":{"line":92,"column":4},"end":{"line":92,"column":32}},"type":"if","locations":[{"start":{"line":92,"column":4},"end":{"line":92,"column":32}},{"start":{},"end":{}}],"line":92}},"s":{"0":0,"1":0,"2":0,"3":0,"4":0,"5":0,"6":0,"7":0,"8":0,"9":0,"10":0,"11":0,"12":0,"13":0,"14":0,"15":0,"16":0,"17":0,"18":0,"19":0,"20":0,"21":0,"22":0,"23":0,"24":0,"25":0,"26":0,"27":0,"28":0,"29":3,"30":3,"31":3,"32":3,"33":1,"34":1,"35":1,"36":0,"37":0,"38":0,"39":0,"40":0,"41":0,"42":5},"f":{"0":0,"1":0,"2":3},"b":{"0":[0],"1":[0],"2":[0,0],"3":[0,0,0],"4":[0,0],"5":[0,0],"6":[0,0],"7":[0,0],"8":[0,0],"9":[0,0],"10":[1,2],"11":[1,0],"12":[0,0],"13":[0,0]},"_coverageSchema":"1a1c01bbd47fc00a2c39e90264f33305004495a9","hash":"11ab575761dd2ac27fc17312eb08b42f0308f288"}
,"H:\\JobTube Eco System\\backend\\src\\utils\\apiResponse.js": {"path":"H:\\JobTube Eco System\\backend\\src\\utils\\apiResponse.js","statementMap":{"0":{"start":{"line":4,"column":19},"end":{"line":7,"column":3}},"1":{"start":{"line":9,"column":2},"end":{"line":11,"column":3}},"2":{"start":{"line":10,"column":4},"end":{"line":10,"column":25}},"3":{"start":{"line":13,"column":2},"end":{"line":13,"column":28}},"4":{"start":{"line":17,"column":2},"end":{"line":20,"column":5}},"5":{"start":{"line":24,"column":2},"end":{"line":24,"column":31}},"6":{"start":{"line":28,"column":2},"end":{"line":28,"column":31}},"7":{"start":{"line":32,"column":2},"end":{"line":32,"column":31}},"8":{"start":{"line":36,"column":2},"end":{"line":36,"column":31}},"9":{"start":{"line":40,"column":2},"end":{"line":40,"column":40}},"10":{"start":{"line":41,"column":2},"end":{"line":41,"column":31}},"11":{"start":{"line":44,"column":0},"end":{"line":52,"column":2}}},"fnMap":{"0":{"name":"ok","decl":{"start":{"line":3,"column":9},"end":{"line":3,"column":11}},"loc":{"start":{"line":3,"column":36},"end":{"line":14,"column":1}},"line":3},"1":{"name":"fail","decl":{"start":{"line":16,"column":9},"end":{"line":16,"column":13}},"loc":{"start":{"line":16,"column":38},"end":{"line":21,"column":1}},"line":16},"2":{"name":"badRequest","decl":{"start":{"line":23,"column":9},"end":{"line":23,"column":19}},"loc":{"start":{"line":23,"column":32},"end":{"line":25,"column":1}},"line":23},"3":{"name":"unauthorized","decl":{"start":{"line":27,"column":9},"end":{"line":27,"column":21}},"loc":{"start":{"line":27,"column":51},"end":{"line":29,"column":1}},"line":27},"4":{"name":"forbidden","decl":{"start":{"line":31,"column":9},"end":{"line":31,"column":18}},"loc":{"start":{"line":31,"column":45},"end":{"line":33,"column":1}},"line":31},"5":{"name":"notFound","decl":{"start":{"line":35,"column":9},"end":{"line":35,"column":17}},"loc":{"start":{"line":35,"column":44},"end":{"line":37,"column":1}},"line":35},"6":{"name":"serverError","decl":{"start":{"line":39,"column":9},"end":{"line":39,"column":20}},"loc":{"start":{"line":39,"column":59},"end":{"line":42,"column":1}},"line":39}},"branchMap":{"0":{"loc":{"start":{"line":3,"column":23},"end":{"line":3,"column":34}},"type":"default-arg","locations":[{"start":{"line":3,"column":30},"end":{"line":3,"column":34}}],"line":3},"1":{"loc":{"start":{"line":9,"column":2},"end":{"line":11,"column":3}},"type":"if","locations":[{"start":{"line":9,"column":2},"end":{"line":11,"column":3}},{"start":{},"end":{}}],"line":9},"2":{"loc":{"start":{"line":19,"column":11},"end":{"line":19,"column":60}},"type":"cond-expr","locations":[{"start":{"line":19,"column":39},"end":{"line":19,"column":44}},{"start":{"line":19,"column":47},"end":{"line":19,"column":60}}],"line":19},"3":{"loc":{"start":{"line":27,"column":27},"end":{"line":27,"column":49}},"type":"default-arg","locations":[{"start":{"line":27,"column":35},"end":{"line":27,"column":49}}],"line":27},"4":{"loc":{"start":{"line":31,"column":24},"end":{"line":31,"column":43}},"type":"default-arg","locations":[{"start":{"line":31,"column":32},"end":{"line":31,"column":43}}],"line":31},"5":{"loc":{"start":{"line":35,"column":23},"end":{"line":35,"column":42}},"type":"default-arg","locations":[{"start":{"line":35,"column":31},"end":{"line":35,"column":42}}],"line":35},"6":{"loc":{"start":{"line":39,"column":26},"end":{"line":39,"column":57}},"type":"default-arg","locations":[{"start":{"line":39,"column":34},"end":{"line":39,"column":57}}],"line":39}},"s":{"0":20,"1":20,"2":1,"3":20,"4":17,"5":5,"6":1,"7":1,"8":3,"9":5,"10":5,"11":8},"f":{"0":20,"1":17,"2":5,"3":1,"4":1,"5":3,"6":5},"b":{"0":[19],"1":[1,19],"2":[12,5],"3":[1],"4":[1],"5":[1],"6":[1]},"_coverageSchema":"1a1c01bbd47fc00a2c39e90264f33305004495a9","hash":"aab59d6db60052570bf5ef300d288d0c392806de"}
,"H:\\JobTube Eco System\\backend\\src\\utils\\embeddings.js": {"path":"H:\\JobTube Eco System\\backend\\src\\utils\\embeddings.js","statementMap":{"0":{"start":{"line":7,"column":16},"end":{"line":7,"column":73}},"1":{"start":{"line":8,"column":20},"end":{"line":8,"column":80}},"2":{"start":{"line":16,"column":2},"end":{"line":18,"column":3}},"3":{"start":{"line":17,"column":4},"end":{"line":17,"column":16}},"4":{"start":{"line":20,"column":2},"end":{"line":48,"column":3}},"5":{"start":{"line":21,"column":21},"end":{"line":29,"column":6}},"6":{"start":{"line":31,"column":4},"end":{"line":34,"column":5}},"7":{"start":{"line":32,"column":6},"end":{"line":32,"column":63}},"8":{"start":{"line":33,"column":6},"end":{"line":33,"column":18}},"9":{"start":{"line":36,"column":17},"end":{"line":36,"column":38}},"10":{"start":{"line":37,"column":22},"end":{"line":37,"column":47}},"11":{"start":{"line":39,"column":4},"end":{"line":42,"column":5}},"12":{"start":{"line":40,"column":6},"end":{"line":40,"column":47}},"13":{"start":{"line":41,"column":6},"end":{"line":41,"column":18}},"14":{"start":{"line":44,"column":4},"end":{"line":44,"column":21}},"15":{"start":{"line":46,"column":4},"end":{"line":46,"column":51}},"16":{"start":{"line":47,"column":4},"end":{"line":47,"column":16}},"17":{"start":{"line":58,"column":2},"end":{"line":60,"column":3}},"18":{"start":{"line":59,"column":4},"end":{"line":59,"column":13}},"19":{"start":{"line":62,"column":19},"end":{"line":62,"column":20}},"20":{"start":{"line":63,"column":19},"end":{"line":63,"column":20}},"21":{"start":{"line":64,"column":19},"end":{"line":64,"column":20}},"22":{"start":{"line":66,"column":2},"end":{"line":70,"column":3}},"23":{"start":{"line":66,"column":15},"end":{"line":66,"column":16}},"24":{"start":{"line":67,"column":4},"end":{"line":67,"column":30}},"25":{"start":{"line":68,"column":4},"end":{"line":68,"column":30}},"26":{"start":{"line":69,"column":4},"end":{"line":69,"column":30}},"27":{"start":{"line":72,"column":2},"end":{"line":72,"column":37}},"28":{"start":{"line":73,"column":2},"end":{"line":73,"column":37}},"29":{"start":{"line":75,"column":2},"end":{"line":77,"column":3}},"30":{"start":{"line":76,"column":4},"end":{"line":76,"column":13}},"31":{"start":{"line":79,"column":2},"end":{"line":79,"column":48}},"32":{"start":{"line":90,"column":2},"end":{"line":92,"column":3}},"33":{"start":{"line":91,"column":4},"end":{"line":91,"column":14}},"34":{"start":{"line":95,"column":25},"end":{"line":95,"column":47}},"35":{"start":{"line":96,"column":2},"end":{"line":99,"column":3}},"36":{"start":{"line":97,"column":4},"end":{"line":97,"column":42}},"37":{"start":{"line":98,"column":4},"end":{"line":98,"column":14}},"38":{"start":{"line":102,"column":17},"end":{"line":115,"column":4}},"39":{"start":{"line":103,"column":22},"end":{"line":107,"column":13}},"40":{"start":{"line":109,"column":23},"end":{"line":109,"column":66}},"41":{"start":{"line":110,"column":4},"end":{"line":114,"column":6}},"42":{"start":{"line":118,"column":2},"end":{"line":120,"column":17}},"43":{"start":{"line":119,"column":20},"end":{"line":119,"column":47}},"44":{"start":{"line":131,"column":2},"end":{"line":133,"column":3}},"45":{"start":{"line":132,"column":4},"end":{"line":132,"column":14}},"46":{"start":{"line":135,"column":19},"end":{"line":135,"column":32}},"47":{"start":{"line":136,"column":17},"end":{"line":136,"column":19}},"48":{"start":{"line":137,"column":21},"end":{"line":137,"column":23}},"49":{"start":{"line":140,"column":21},"end":{"line":140,"column":40}},"50":{"start":{"line":142,"column":2},"end":{"line":158,"column":3}},"51":{"start":{"line":143,"column":22},"end":{"line":143,"column":49}},"52":{"start":{"line":145,"column":4},"end":{"line":152,"column":5}},"53":{"start":{"line":146,"column":6},"end":{"line":151,"column":7}},"54":{"start":{"line":147,"column":8},"end":{"line":147,"column":41}},"55":{"start":{"line":148,"column":8},"end":{"line":148,"column":32}},"56":{"start":{"line":150,"column":8},"end":{"line":150,"column":61}},"57":{"start":{"line":155,"column":4},"end":{"line":157,"column":5}},"58":{"start":{"line":156,"column":6},"end":{"line":156,"column":29}},"59":{"start":{"line":160,"column":2},"end":{"line":162,"column":3}},"60":{"start":{"line":161,"column":4},"end":{"line":161,"column":37}},"61":{"start":{"line":164,"column":2},"end":{"line":164,"column":43}},"62":{"start":{"line":164,"column":28},"end":{"line":164,"column":41}},"63":{"start":{"line":167,"column":0},"end":{"line":172,"column":2}}},"fnMap":{"0":{"name":"embedText","decl":{"start":{"line":15,"column":15},"end":{"line":15,"column":24}},"loc":{"start":{"line":15,"column":31},"end":{"line":49,"column":1}},"line":15},"1":{"name":"cosineSimilarity","decl":{"start":{"line":57,"column":9},"end":{"line":57,"column":25}},"loc":{"start":{"line":57,"column":32},"end":{"line":80,"column":1}},"line":57},"2":{"name":"findTopSimilarChunks","decl":{"start":{"line":89,"column":15},"end":{"line":89,"column":35}},"loc":{"start":{"line":89,"column":58},"end":{"line":121,"column":1}},"line":89},"3":{"name":"(anonymous_3)","decl":{"start":{"line":102,"column":28},"end":{"line":102,"column":29}},"loc":{"start":{"line":102,"column":37},"end":{"line":115,"column":3}},"line":102},"4":{"name":"(anonymous_4)","decl":{"start":{"line":119,"column":10},"end":{"line":119,"column":11}},"loc":{"start":{"line":119,"column":20},"end":{"line":119,"column":47}},"line":119},"5":{"name":"chunkText","decl":{"start":{"line":130,"column":9},"end":{"line":130,"column":18}},"loc":{"start":{"line":130,"column":42},"end":{"line":165,"column":1}},"line":130},"6":{"name":"(anonymous_6)","decl":{"start":{"line":164,"column":23},"end":{"line":164,"column":24}},"loc":{"start":{"line":164,"column":28},"end":{"line":164,"column":41}},"line":164}},"branchMap":{"0":{"loc":{"start":{"line":7,"column":16},"end":{"line":7,"column":73}},"type":"binary-expr","locations":[{"start":{"line":7,"column":16},"end":{"line":7,"column":41}},{"start":{"line":7,"column":45},"end":{"line":7,"column":73}}],"line":7},"1":{"loc":{"start":{"line":8,"column":20},"end":{"line":8,"column":80}},"type":"binary-expr","locations":[{"start":{"line":8,"column":20},"end":{"line":8,"column":53}},{"start":{"line":8,"column":57},"end":{"line":8,"column":80}}],"line":8},"2":{"loc":{"start":{"line":16,"column":2},"end":{"line":18,"column":3}},"type":"if","locations":[{"start":{"line":16,"column":2},"end":{"line":18,"column":3}},{"start":{},"end":{}}],"line":16},"3":{"loc":{"start":{"line":16,"column":6},"end":{"line":16,"column":39}},"type":"binary-expr","locations":[{"start":{"line":16,"column":6},"end":{"line":16,"column":11}},{"start":{"line":16,"column":15},"end":{"line":16,"column":39}}],"line":16},"4":{"loc":{"start":{"line":31,"column":4},"end":{"line":34,"column":5}},"type":"if","locations":[{"start":{"line":31,"column":4},"end":{"line":34,"column":5}},{"start":{},"end":{}}],"line":31},"5":{"loc":{"start":{"line":39,"column":4},"end":{"line":42,"column":5}},"type":"if","locations":[{"start":{"line":39,"column":4},"end":{"line":42,"column":5}},{"start":{},"end":{}}],"line":39},"6":{"loc":{"start":{"line":39,"column":8},"end":{"line":39,"column":47}},"type":"binary-expr","locations":[{"start":{"line":39,"column":8},"end":{"line":39,"column":18}},{"start":{"line":39,"column":22},"end":{"line":39,"column":47}}],"line":39},"7":{"loc":{"start":{"line":58,"column":2},"end":{"line":60,"column":3}},"type":"if","locations":[{"start":{"line":58,"column":2},"end":{"line":60,"column":3}},{"start":{},"end":{}}],"line":58},"8":{"loc":{"start":{"line":58,"column":6},"end":{"line":58,"column":39}},"type":"binary-expr","locations":[{"start":{"line":58,"column":6},"end":{"line":58,"column":8}},{"start":{"line":58,"column":12},"end":{"line":58,"column":14}},{"start":{"line":58,"column":18},"end":{"line":58,"column":39}}],"line":58},"9":{"loc":{"start":{"line":75,"column":2},"end":{"line":77,"column":3}},"type":"if","locations":[{"start":{"line":75,"column":2},"end":{"line":77,"column":3}},{"start":{},"end":{}}],"line":75},"10":{"loc":{"start":{"line":75,"column":6},"end":{"line":75,"column":42}},"type":"binary-expr","locations":[{"start":{"line":75,"column":6},"end":{"line":75,"column":22}},{"start":{"line":75,"column":26},"end":{"line":75,"column":42}}],"line":75},"11":{"loc":{"start":{"line":89,"column":51},"end":{"line":89,"column":56}},"type":"default-arg","locations":[{"start":{"line":89,"column":55},"end":{"line":89,"column":56}}],"line":89},"12":{"loc":{"start":{"line":90,"column":2},"end":{"line":92,"column":3}},"type":"if","locations":[{"start":{"line":90,"column":2},"end":{"line":92,"column":3}},{"start":{},"end":{}}],"line":90},"13":{"loc":{"start":{"line":90,"column":6},"end":{"line":90,"column":36}},"type":"binary-expr","locations":[{"start":{"line":90,"column":6},"end":{"line":90,"column":13}},{"start":{"line":90,"column":17},"end":{"line":90,"column":36}}],"line":90},"14":{"loc":{"start":{"line":96,"column":2},"end":{"line":99,"column":3}},"type":"if","locations":[{"start":{"line":96,"column":2},"end":{"line":99,"column":3}},{"start":{},"end":{}}],"line":96},"15":{"loc":{"start":{"line":103,"column":22},"end":{"line":107,"column":13}},"type":"cond-expr","locations":[{"start":{"line":104,"column":8},"end":{"line":104,"column":23}},{"start":{"line":105,"column":9},"end":{"line":107,"column":12}}],"line":103},"16":{"loc":{"start":{"line":105,"column":9},"end":{"line":107,"column":12}},"type":"cond-expr","locations":[{"start":{"line":106,"column":10},"end":{"line":106,"column":37}},{"start":{"line":107,"column":10},"end":{"line":107,"column":12}}],"line":105},"17":{"loc":{"start":{"line":113,"column":18},"end":{"line":113,"column":39}},"type":"binary-expr","locations":[{"start":{"line":113,"column":18},"end":{"line":113,"column":34}},{"start":{"line":113,"column":38},"end":{"line":113,"column":39}}],"line":113},"18":{"loc":{"start":{"line":130,"column":25},"end":{"line":130,"column":40}},"type":"default-arg","locations":[{"start":{"line":130,"column":37},"end":{"line":130,"column":40}}],"line":130},"19":{"loc":{"start":{"line":131,"column":2},"end":{"line":133,"column":3}},"type":"if","locations":[{"start":{"line":131,"column":2},"end":{"line":133,"column":3}},{"start":{},"end":{}}],"line":131},"20":{"loc":{"start":{"line":131,"column":6},"end":{"line":131,"column":32}},"type":"binary-expr","locations":[{"start":{"line":131,"column":6},"end":{"line":131,"column":11}},{"start":{"line":131,"column":15},"end":{"line":131,"column":32}}],"line":131},"21":{"loc":{"start":{"line":146,"column":6},"end":{"line":151,"column":7}},"type":"if","locations":[{"start":{"line":146,"column":6},"end":{"line":151,"column":7}},{"start":{"line":149,"column":13},"end":{"line":151,"column":7}}],"line":146},"22":{"loc":{"start":{"line":146,"column":10},"end":{"line":146,"column":80}},"type":"binary-expr","locations":[{"start":{"line":146,"column":10},"end":{"line":146,"column":53}},{"start":{"line":146,"column":57},"end":{"line":146,"column":80}}],"line":146},"23":{"loc":{"start":{"line":150,"column":25},"end":{"line":150,"column":48}},"type":"cond-expr","locations":[{"start":{"line":150,"column":40},"end":{"line":150,"column":43}},{"start":{"line":150,"column":46},"end":{"line":150,"column":48}}],"line":150},"24":{"loc":{"start":{"line":155,"column":4},"end":{"line":157,"column":5}},"type":"if","locations":[{"start":{"line":155,"column":4},"end":{"line":157,"column":5}},{"start":{},"end":{}}],"line":155},"25":{"loc":{"start":{"line":160,"column":2},"end":{"line":162,"column":3}},"type":"if","locations":[{"start":{"line":160,"column":2},"end":{"line":162,"column":3}},{"start":{},"end":{}}],"line":160}},"s":{"0":6,"1":6,"2":0,"3":0,"4":0,"5":0,"6":0,"7":0,"8":0,"9":0,"10":0,"11":0,"12":0,"13":0,"14":0,"15":0,"16":0,"17":0,"18":0,"19":0,"20":0,"21":0,"22":0,"23":0,"24":0,"25":0,"26":0,"27":0,"28":0,"29":0,"30":0,"31":0,"32":0,"33":0,"34":0,"35":0,"36":0,"37":0,"38":0,"39":0,"40":0,"41":0,"42":0,"43":0,"44":0,"45":0,"46":0,"47":0,"48":0,"49":0,"50":0,"51":0,"52":0,"53":0,"54":0,"55":0,"56":0,"57":0,"58":0,"59":0,"60":0,"61":0,"62":0,"63":6},"f":{"0":0,"1":0,"2":0,"3":0,"4":0,"5":0,"6":0},"b":{"0":[6,6],"1":[6,6],"2":[0,0],"3":[0,0],"4":[0,0],"5":[0,0],"6":[0,0],"7":[0,0],"8":[0,0,0],"9":[0,0],"10":[0,0],"11":[0],"12":[0,0],"13":[0,0],"14":[0,0],"15":[0,0],"16":[0,0],"17":[0,0],"18":[0],"19":[0,0],"20":[0,0],"21":[0,0],"22":[0,0],"23":[0,0],"24":[0,0],"25":[0,0]},"_coverageSchema":"1a1c01bbd47fc00a2c39e90264f33305004495a9","hash":"bbf03ff6c6a2c356de2a23079cbe45f4ceb52c2f"}
,"H:\\JobTube Eco System\\backend\\src\\utils\\initializeTables.js": {"path":"H:\\JobTube Eco System\\backend\\src\\utils\\initializeTables.js","statementMap":{"0":{"start":{"line":1,"column":17},"end":{"line":1,"column":46}},"1":{"start":{"line":3,"column":15},"end":{"line":250,"column":1}},"2":{"start":{"line":253,"column":2},"end":{"line":253,"column":52}},"3":{"start":{"line":255,"column":2},"end":{"line":262,"column":3}},"4":{"start":{"line":256,"column":4},"end":{"line":261,"column":5}},"5":{"start":{"line":257,"column":6},"end":{"line":257,"column":36}},"6":{"start":{"line":258,"column":6},"end":{"line":258,"column":49}},"7":{"start":{"line":260,"column":6},"end":{"line":260,"column":65}},"8":{"start":{"line":264,"column":2},"end":{"line":264,"column":42}},"9":{"start":{"line":267,"column":0},"end":{"line":267,"column":38}}},"fnMap":{"0":{"name":"initializeTables","decl":{"start":{"line":252,"column":15},"end":{"line":252,"column":31}},"loc":{"start":{"line":252,"column":34},"end":{"line":265,"column":1}},"line":252}},"branchMap":{},"s":{"0":0,"1":0,"2":0,"3":0,"4":0,"5":0,"6":0,"7":0,"8":0,"9":0},"f":{"0":0},"b":{}}
}
