{"H:\\JobTube Eco System\\backend\\src\\routes\\jobDiscovery.js": {"path":"H:\\JobTube Eco System\\backend\\src\\routes\\jobDiscovery.js","statementMap":{"0":{"start":{"line":1,"column":16},"end":{"line":1,"column":34}},"1":{"start":{"line":2,"column":15},"end":{"line":2,"column":31}},"2":{"start":{"line":3,"column":17},"end":{"line":3,"column":46}},"3":{"start":{"line":4,"column":30},"end":{"line":4,"column":59}},"4":{"start":{"line":5,"column":20},"end":{"line":5,"column":51}},"5":{"start":{"line":6,"column":37},"end":{"line":6,"column":75}},"6":{"start":{"line":7,"column":22},"end":{"line":7,"column":68}},"7":{"start":{"line":18,"column":2},"end":{"line":40,"column":3}},"8":{"start":{"line":19,"column":4},"end":{"line":39,"column":5}},"9":{"start":{"line":20,"column":6},"end":{"line":36,"column":8}},"10":{"start":{"line":50,"column":0},"end":{"line":91,"column":3}},"11":{"start":{"line":51,"column":17},"end":{"line":51,"column":28}},"12":{"start":{"line":52,"column":16},"end":{"line":52,"column":46}},"13":{"start":{"line":53,"column":19},"end":{"line":53,"column":52}},"14":{"start":{"line":54,"column":21},"end":{"line":54,"column":63}},"15":{"start":{"line":56,"column":2},"end":{"line":58,"column":3}},"16":{"start":{"line":57,"column":4},"end":{"line":57,"column":101}},"17":{"start":{"line":60,"column":15},"end":{"line":60,"column":36}},"18":{"start":{"line":61,"column":19},"end":{"line":61,"column":29}},"19":{"start":{"line":62,"column":13},"end":{"line":62,"column":15}},"20":{"start":{"line":64,"column":2},"end":{"line":80,"column":3}},"21":{"start":{"line":65,"column":4},"end":{"line":65,"column":48}},"22":{"start":{"line":68,"column":4},"end":{"line":74,"column":5}},"23":{"start":{"line":69,"column":6},"end":{"line":73,"column":7}},"24":{"start":{"line":70,"column":8},"end":{"line":70,"column":37}},"25":{"start":{"line":71,"column":8},"end":{"line":71,"column":52}},"26":{"start":{"line":72,"column":8},"end":{"line":72,"column":28}},"27":{"start":{"line":77,"column":4},"end":{"line":77,"column":33}},"28":{"start":{"line":78,"column":4},"end":{"line":78,"column":48}},"29":{"start":{"line":79,"column":4},"end":{"line":79,"column":24}},"30":{"start":{"line":83,"column":2},"end":{"line":83,"column":32}},"31":{"start":{"line":85,"column":2},"end":{"line":90,"column":5}},"32":{"start":{"line":93,"column":0},"end":{"line":93,"column":24}}},"fnMap":{"0":{"name":"cacheJobs","decl":{"start":{"line":17,"column":15},"end":{"line":17,"column":24}},"loc":{"start":{"line":17,"column":39},"end":{"line":41,"column":1}},"line":17},"1":{"name":"(anonymous_1)","decl":{"start":{"line":50,"column":43},"end":{"line":50,"column":44}},"loc":{"start":{"line":50,"column":63},"end":{"line":91,"column":1}},"line":50}},"branchMap":{"0":{"loc":{"start":{"line":34,"column":25},"end":{"line":34,"column":39}},"type":"binary-expr","locations":[{"start":{"line":34,"column":25},"end":{"line":34,"column":33}},{"start":{"line":34,"column":37},"end":{"line":34,"column":39}}],"line":34},"1":{"loc":{"start":{"line":52,"column":17},"end":{"line":52,"column":38}},"type":"binary-expr","locations":[{"start":{"line":52,"column":17},"end":{"line":52,"column":32}},{"start":{"line":52,"column":36},"end":{"line":52,"column":38}}],"line":52},"2":{"loc":{"start":{"line":53,"column":20},"end":{"line":53,"column":44}},"type":"binary-expr","locations":[{"start":{"line":53,"column":20},"end":{"line":53,"column":38}},{"start":{"line":53,"column":42},"end":{"line":53,"column":44}}],"line":53},"3":{"loc":{"start":{"line":54,"column":22},"end":{"line":54,"column":48}},"type":"binary-expr","locations":[{"start":{"line":54,"column":22},"end":{"line":54,"column":38}},{"start":{"line":54,"column":42},"end":{"line":54,"column":48}}],"line":54},"4":{"loc":{"start":{"line":56,"column":2},"end":{"line":58,"column":3}},"type":"if","locations":[{"start":{"line":56,"column":2},"end":{"line":58,"column":3}},{"start":{},"end":{}}],"line":56},"5":{"loc":{"start":{"line":68,"column":4},"end":{"line":74,"column":5}},"type":"if","locations":[{"start":{"line":68,"column":4},"end":{"line":74,"column":5}},{"start":{},"end":{}}],"line":68},"6":{"loc":{"start":{"line":68,"column":8},"end":{"line":68,"column":49}},"type":"binary-expr","locations":[{"start":{"line":68,"column":8},"end":{"line":68,"column":28}},{"start":{"line":68,"column":32},"end":{"line":68,"column":49}}],"line":68},"7":{"loc":{"start":{"line":69,"column":6},"end":{"line":73,"column":7}},"type":"if","locations":[{"start":{"line":69,"column":6},"end":{"line":73,"column":7}},{"start":{},"end":{}}],"line":69}},"s":{"0":1,"1":1,"2":1,"3":1,"4":1,"5":1,"6":1,"7":13,"8":63,"9":63,"10":1,"11":14,"12":14,"13":14,"14":14,"15":14,"16":1,"17":13,"18":13,"19":13,"20":13,"21":13,"22":13,"23":3,"24":3,"25":3,"26":3,"27":0,"28":0,"29":0,"30":13,"31":13,"32":1},"f":{"0":13,"1":14},"b":{"0":[63,0],"1":[14,8],"2":[14,14],"3":[14,2],"4":[1,13],"5":[3,10],"6":[13,13],"7":[3,0]},"_coverageSchema":"1a1c01bbd47fc00a2c39e90264f33305004495a9","hash":"e18cd20cc0c068c4103e0e4a76d560011b09090a"}
,"H:\\JobTube Eco System\\backend\\src\\services\\discovery\\JobSource.js": {"path":"H:\\JobTube Eco System\\backend\\src\\services\\discovery\\JobSource.js","statementMap":{"0":{"start":{"line":17,"column":4},"end":{"line":17,"column":39}},"1":{"start":{"line":21,"column":0},"end":{"line":21,"column":27}}},"fnMap":{"0":{"name":"(anonymous_0)","decl":{"start":{"line":16,"column":2},"end":{"line":16,"column":3}},"loc":{"start":{"line":16,"column":32},"end":{"line":18,"column":3}},"line":16}},"branchMap":{},"s":{"0":1,"1":2},"f":{"0":1},"b":{},"_coverageSchema":"1a1c01bbd47fc00a2c39e90264f33305004495a9","hash":"6dd26168f08fb666b8e718b7d97ba4127e60e009"}
,"H:\\JobTube Eco System\\backend\\src\\services\\discovery\\MockJobSource.js": {"path":"H:\\JobTube Eco System\\backend\\src\\services\\discovery\\MockJobSource.js","statementMap":{"0":{"start":{"line":1,"column":18},"end":{"line":1,"column":40}},"1":{"start":{"line":3,"column":18},"end":{"line":59,"column":1}},"2":{"start":{"line":63,"column":4},"end":{"line":72,"column":8}},"3":{"start":{"line":63,"column":40},"end":{"line":72,"column":5}},"4":{"start":{"line":76,"column":0},"end":{"line":76,"column":31}}},"fnMap":{"0":{"name":"(anonymous_0)","decl":{"start":{"line":62,"column":2},"end":{"line":62,"column":3}},"loc":{"start":{"line":62,"column":34},"end":{"line":73,"column":3}},"line":62},"1":{"name":"(anonymous_1)","decl":{"start":{"line":63,"column":25},"end":{"line":63,"column":26}},"loc":{"start":{"line":63,"column":40},"end":{"line":72,"column":5}},"line":63}},"branchMap":{},"s":{"0":2,"1":2,"2":18,"3":90,"4":2},"f":{"0":18,"1":90},"b":{},"_coverageSchema":"1a1c01bbd47fc00a2c39e90264f33305004495a9","hash":"e2a7c4aa234faa021ca6960f74c85474a31de3f1"}
,"H:\\JobTube Eco System\\backend\\src\\services\\discovery\\RemotiveSource.js": {"path":"H:\\JobTube Eco System\\backend\\src\\services\\discovery\\RemotiveSource.js","statementMap":{"0":{"start":{"line":1,"column":18},"end":{"line":1,"column":40}},"1":{"start":{"line":3,"column":26},"end":{"line":3,"column":64}},"2":{"start":{"line":4,"column":20},"end":{"line":4,"column":22}},"3":{"start":{"line":8,"column":4},"end":{"line":34,"column":5}},"4":{"start":{"line":10,"column":20},"end":{"line":10,"column":41}},"5":{"start":{"line":11,"column":18},"end":{"line":11,"column":82}},"6":{"start":{"line":12,"column":23},"end":{"line":12,"column":39}},"7":{"start":{"line":14,"column":6},"end":{"line":16,"column":7}},"8":{"start":{"line":15,"column":8},"end":{"line":15,"column":18}},"9":{"start":{"line":18,"column":19},"end":{"line":18,"column":40}},"10":{"start":{"line":19,"column":22},"end":{"line":19,"column":63}},"11":{"start":{"line":21,"column":6},"end":{"line":30,"column":10}},"12":{"start":{"line":21,"column":55},"end":{"line":30,"column":7}},"13":{"start":{"line":33,"column":6},"end":{"line":33,"column":16}},"14":{"start":{"line":38,"column":0},"end":{"line":38,"column":32}}},"fnMap":{"0":{"name":"(anonymous_0)","decl":{"start":{"line":7,"column":2},"end":{"line":7,"column":3}},"loc":{"start":{"line":7,"column":33},"end":{"line":35,"column":3}},"line":7},"1":{"name":"(anonymous_1)","decl":{"start":{"line":21,"column":47},"end":{"line":21,"column":48}},"loc":{"start":{"line":21,"column":55},"end":{"line":30,"column":7}},"line":21}},"branchMap":{"0":{"loc":{"start":{"line":11,"column":68},"end":{"line":11,"column":79}},"type":"binary-expr","locations":[{"start":{"line":11,"column":68},"end":{"line":11,"column":73}},{"start":{"line":11,"column":77},"end":{"line":11,"column":79}}],"line":11},"1":{"loc":{"start":{"line":14,"column":6},"end":{"line":16,"column":7}},"type":"if","locations":[{"start":{"line":14,"column":6},"end":{"line":16,"column":7}},{"start":{},"end":{}}],"line":14},"2":{"loc":{"start":{"line":19,"column":22},"end":{"line":19,"column":63}},"type":"cond-expr","locations":[{"start":{"line":19,"column":49},"end":{"line":19,"column":58}},{"start":{"line":19,"column":61},"end":{"line":19,"column":63}}],"line":19},"3":{"loc":{"start":{"line":24,"column":15},"end":{"line":24,"column":30}},"type":"binary-expr","locations":[{"start":{"line":24,"column":15},"end":{"line":24,"column":24}},{"start":{"line":24,"column":28},"end":{"line":24,"column":30}}],"line":24},"4":{"loc":{"start":{"line":25,"column":17},"end":{"line":25,"column":39}},"type":"binary-expr","locations":[{"start":{"line":25,"column":17},"end":{"line":25,"column":33}},{"start":{"line":25,"column":37},"end":{"line":25,"column":39}}],"line":25},"5":{"loc":{"start":{"line":26,"column":18},"end":{"line":26,"column":61}},"type":"binary-expr","locations":[{"start":{"line":26,"column":18},"end":{"line":26,"column":49}},{"start":{"line":26,"column":53},"end":{"line":26,"column":61}}],"line":26},"6":{"loc":{"start":{"line":27,"column":21},"end":{"line":27,"column":42}},"type":"binary-expr","locations":[{"start":{"line":27,"column":21},"end":{"line":27,"column":36}},{"start":{"line":27,"column":40},"end":{"line":27,"column":42}}],"line":27},"7":{"loc":{"start":{"line":28,"column":13},"end":{"line":28,"column":26}},"type":"binary-expr","locations":[{"start":{"line":28,"column":13},"end":{"line":28,"column":20}},{"start":{"line":28,"column":24},"end":{"line":28,"column":26}}],"line":28},"8":{"loc":{"start":{"line":29,"column":14},"end":{"line":29,"column":53}},"type":"cond-expr","locations":[{"start":{"line":29,"column":40},"end":{"line":29,"column":48}},{"start":{"line":29,"column":51},"end":{"line":29,"column":53}}],"line":29}},"s":{"0":2,"1":2,"2":2,"3":13,"4":13,"5":13,"6":13,"7":11,"8":1,"9":9,"10":9,"11":9,"12":29,"13":3,"14":2},"f":{"0":13,"1":29},"b":{"0":[13,3],"1":[1,9],"2":[8,1],"3":[29,1],"4":[29,1],"5":[29,2],"6":[29,2],"7":[29,2],"8":[28,1]},"_coverageSchema":"1a1c01bbd47fc00a2c39e90264f33305004495a9","hash":"a11df19698e823b3023c951fce881d58f2e669bb"}
,"H:\\JobTube Eco System\\backend\\src\\services\\discovery\\index.js": {"path":"H:\\JobTube Eco System\\backend\\src\\services\\discovery\\index.js","statementMap":{"0":{"start":{"line":1,"column":22},"end":{"line":1,"column":48}},"1":{"start":{"line":2,"column":23},"end":{"line":2,"column":50}},"2":{"start":{"line":4,"column":16},"end":{"line":7,"column":1}},"3":{"start":{"line":17,"column":22},"end":{"line":17,"column":41}},"4":{"start":{"line":18,"column":2},"end":{"line":18,"column":32}},"5":{"start":{"line":18,"column":20},"end":{"line":18,"column":32}},"6":{"start":{"line":19,"column":2},"end":{"line":19,"column":27}},"7":{"start":{"line":22,"column":0},"end":{"line":22,"column":68}}},"fnMap":{"0":{"name":"getSource","decl":{"start":{"line":16,"column":9},"end":{"line":16,"column":18}},"loc":{"start":{"line":16,"column":31},"end":{"line":20,"column":1}},"line":16}},"branchMap":{"0":{"loc":{"start":{"line":18,"column":2},"end":{"line":18,"column":32}},"type":"if","locations":[{"start":{"line":18,"column":2},"end":{"line":18,"column":32}},{"start":{},"end":{}}],"line":18}},"s":{"0":2,"1":2,"2":2,"3":16,"4":16,"5":1,"6":15,"7":2},"f":{"0":16},"b":{"0":[1,15]},"_coverageSchema":"1a1c01bbd47fc00a2c39e90264f33305004495a9","hash":"7c6de1b0dd47118024cab47369236be2a9950563"}
}
