TN:
SF:src\config\database.js
FN:17,(anonymous_0)
FN:47,(anonymous_1)
FNF:2
FNH:0
FNDA:0,(anonymous_0)
FNDA:0,(anonymous_1)
DA:1,0
DA:2,0
DA:7,0
DA:9,0
DA:13,0
DA:16,0
DA:17,0
DA:18,0
DA:19,0
DA:22,0
DA:31,0
DA:40,0
DA:47,0
DA:48,0
DA:51,0
LF:15
LH:0
BRDA:7,0,0,0
BRDA:7,0,1,0
BRDA:18,1,0,0
BRDA:18,1,1,0
BRDA:28,2,0,0
BRDA:28,2,1,0
BRDA:34,3,0,0
BRDA:34,3,1,0
BRF:8
BRH:0
end_of_record
TN:
SF:src\middleware\auditLogger.js
FN:3,(anonymous_0)
FN:4,(anonymous_1)
FN:7,(anonymous_2)
FNF:3
FNH:3
FNDA:7,(anonymous_0)
FNDA:83,(anonymous_1)
FNDA:83,(anonymous_2)
DA:1,7
DA:3,7
DA:4,7
DA:7,83
DA:10,83
DA:12,83
DA:20,83
DA:21,83
DA:26,1
DA:30,83
DA:34,7
LF:11
LH:11
BRDA:10,0,0,83
BRDA:10,0,1,0
BRDA:16,1,0,83
BRDA:16,1,1,0
BRDA:17,2,0,35
BRDA:17,2,1,48
BRDA:17,3,0,83
BRDA:17,3,1,38
BRDA:17,3,2,38
BRDA:23,4,0,83
BRDA:23,4,1,0
BRF:11
BRH:8
end_of_record
TN:
SF:src\middleware\auth.js
FN:3,(anonymous_0)
FN:9,(anonymous_1)
FNF:2
FNH:0
FNDA:0,(anonymous_0)
FNDA:0,(anonymous_1)
DA:1,0
DA:3,0
DA:4,0
DA:5,0
DA:7,0
DA:9,0
DA:10,0
DA:11,0
DA:12,0
DA:14,0
DA:15,0
DA:19,0
LF:12
LH:0
BRDA:5,0,0,0
BRDA:5,0,1,0
BRDA:7,1,0,0
BRDA:7,1,1,0
BRDA:10,2,0,0
BRDA:10,2,1,0
BRF:6
BRH:0
end_of_record
TN:
SF:src\middleware\errorHandler.js
FN:1,(anonymous_0)
FNF:1
FNH:0
FNDA:0,(anonymous_0)
DA:1,7
DA:2,0
DA:3,0
DA:9,7
LF:4
LH:2
BRDA:5,0,0,0
BRDA:5,0,1,0
BRF:2
BRH:0
end_of_record
TN:
SF:src\routes\admin.js
FN:7,(anonymous_0)
FN:23,(anonymous_1)
FN:45,(anonymous_2)
FN:56,(anonymous_3)
FN:76,(anonymous_4)
FN:97,(anonymous_5)
FNF:6
FNH:0
FNDA:0,(anonymous_0)
FNDA:0,(anonymous_1)
FNDA:0,(anonymous_2)
FNDA:0,(anonymous_3)
FNDA:0,(anonymous_4)
FNDA:0,(anonymous_5)
DA:1,7
DA:2,7
DA:3,7
DA:4,7
DA:7,7
DA:8,0
DA:9,0
DA:10,0
DA:11,0
DA:13,0
DA:15,0
DA:20,7
DA:23,7
DA:24,0
DA:25,0
DA:26,0
DA:27,0
DA:30,0
DA:32,0
DA:39,0
DA:40,0
DA:45,7
DA:46,0
DA:47,0
DA:48,0
DA:50,0
DA:51,0
DA:56,7
DA:57,0
DA:58,0
DA:59,0
DA:64,0
DA:66,0
DA:67,0
DA:68,0
DA:71,0
DA:73,0
DA:76,0
DA:77,0
DA:78,0
DA:79,0
DA:80,0
DA:82,0
DA:83,0
DA:86,0
DA:89,0
DA:91,0
DA:92,0
DA:97,7
DA:98,0
DA:99,0
DA:100,0
DA:103,0
DA:104,0
DA:105,0
DA:107,0
DA:108,0
DA:112,7
LF:58
LH:11
BRDA:10,0,0,0
BRDA:10,0,1,0
BRDA:10,1,0,0
BRDA:10,1,1,0
BRDA:66,2,0,0
BRDA:66,2,1,0
BRDA:78,3,0,0
BRDA:78,3,1,0
BRDA:99,4,0,0
BRDA:99,4,1,0
BRF:10
BRH:0
end_of_record
TN:
SF:src\routes\atsChecker.js
FN:10,extractTextFromFile
FN:34,analyzeResumeWithAI
FN:80,calculateFallbackScore
FN:130,(anonymous_3)
FNF:4
FNH:0
FNDA:0,extractTextFromFile
FNDA:0,analyzeResumeWithAI
FNDA:0,calculateFallbackScore
FNDA:0,(anonymous_3)
DA:1,7
DA:2,7
DA:3,7
DA:4,7
DA:5,7
DA:6,7
DA:8,7
DA:11,0
DA:13,0
DA:14,0
DA:15,0
DA:16,0
DA:17,0
DA:18,0
DA:19,0
DA:20,0
DA:21,0
DA:22,0
DA:23,0
DA:24,0
DA:26,0
DA:29,0
DA:30,0
DA:35,0
DA:53,0
DA:60,0
DA:68,0
DA:69,0
DA:72,0
DA:73,0
DA:75,0
DA:76,0
DA:81,0
DA:82,0
DA:83,0
DA:84,0
DA:85,0
DA:86,0
DA:87,0
DA:89,0
DA:90,0
DA:91,0
DA:92,0
DA:94,0
DA:95,0
DA:96,0
DA:97,0
DA:99,0
DA:100,0
DA:101,0
DA:103,0
DA:111,0
DA:113,0
DA:130,7
DA:131,0
DA:132,0
DA:133,0
DA:139,0
DA:140,0
DA:142,0
DA:147,0
DA:148,0
DA:154,0
DA:155,0
DA:156,0
DA:158,0
DA:159,0
DA:162,0
DA:167,0
DA:168,0
DA:174,7
LF:71
LH:9
BRDA:11,0,0,0
BRDA:11,0,1,0
BRDA:14,1,0,0
BRDA:14,1,1,0
BRDA:17,2,0,0
BRDA:17,2,1,0
BRDA:22,3,0,0
BRDA:22,3,1,0
BRDA:68,4,0,0
BRDA:68,4,1,0
BRDA:68,5,0,0
BRDA:68,5,1,0
BRDA:90,6,0,0
BRDA:90,6,1,0
BRDA:91,7,0,0
BRDA:91,7,1,0
BRDA:92,8,0,0
BRDA:92,8,1,0
BRDA:95,9,0,0
BRDA:95,9,1,0
BRDA:96,10,0,0
BRDA:96,10,1,0
BRDA:97,11,0,0
BRDA:97,11,1,0
BRDA:100,12,0,0
BRDA:100,12,1,0
BRDA:100,13,0,0
BRDA:100,13,1,0
BRDA:100,14,0,0
BRDA:100,14,1,0
BRDA:101,15,0,0
BRDA:101,15,1,0
BRDA:111,16,0,0
BRDA:111,16,1,0
BRDA:111,17,0,0
BRDA:111,17,1,0
BRDA:111,18,0,0
BRDA:111,18,1,0
BRDA:132,19,0,0
BRDA:132,19,1,0
BRDA:147,20,0,0
BRDA:147,20,1,0
BRDA:147,21,0,0
BRDA:147,21,1,0
BRF:44
BRH:0
end_of_record
TN:
SF:src\routes\auth.js
FN:9,(anonymous_0)
FN:43,(anonymous_1)
FN:68,(anonymous_2)
FNF:3
FNH:0
FNDA:0,(anonymous_0)
FNDA:0,(anonymous_1)
FNDA:0,(anonymous_2)
DA:1,7
DA:2,7
DA:3,7
DA:4,7
DA:5,7
DA:6,7
DA:9,7
DA:10,0
DA:11,0
DA:13,0
DA:14,0
DA:17,0
DA:18,0
DA:19,0
DA:22,0
DA:23,0
DA:25,0
DA:30,0
DA:31,0
DA:32,0
DA:34,0
DA:36,0
DA:38,0
DA:43,7
DA:44,0
DA:45,0
DA:47,0
DA:48,0
DA:49,0
DA:52,0
DA:53,0
DA:54,0
DA:55,0
DA:58,0
DA:60,0
DA:61,0
DA:63,0
DA:68,7
DA:69,0
DA:70,0
DA:71,0
DA:72,0
DA:74,0
DA:76,0
DA:80,7
LF:45
LH:10
BRDA:13,0,0,0
BRDA:13,0,1,0
BRDA:13,1,0,0
BRDA:13,1,1,0
BRDA:18,2,0,0
BRDA:18,2,1,0
BRDA:48,3,0,0
BRDA:48,3,1,0
BRDA:54,4,0,0
BRDA:54,4,1,0
BRDA:71,5,0,0
BRDA:71,5,1,0
BRF:12
BRH:0
end_of_record
TN:
SF:src\routes\benchmarks.js
FN:9,(anonymous_0)
FN:22,(anonymous_1)
FNF:2
FNH:2
FNDA:5,(anonymous_0)
FNDA:3,(anonymous_1)
DA:1,7
DA:2,7
DA:3,7
DA:4,7
DA:6,7
DA:9,7
DA:10,5
DA:11,5
DA:12,4
DA:13,1
DA:15,3
DA:17,1
DA:22,7
DA:23,3
DA:25,3
DA:26,1
DA:28,2
DA:29,1
DA:32,1
DA:33,1
DA:34,1
DA:36,0
DA:40,7
LF:23
LH:22
BRDA:12,0,0,1
BRDA:12,0,1,3
BRDA:12,1,0,4
BRDA:12,1,1,4
BRDA:25,2,0,1
BRDA:25,2,1,2
BRDA:28,3,0,1
BRDA:28,3,1,1
BRF:8
BRH:8
end_of_record
TN:
SF:src\routes\careerRoadmap.js
FN:8,(anonymous_0)
FN:114,(anonymous_1)
FN:141,(anonymous_2)
FN:167,generateFallbackRoadmap
FNF:4
FNH:0
FNDA:0,(anonymous_0)
FNDA:0,(anonymous_1)
FNDA:0,(anonymous_2)
FNDA:0,generateFallbackRoadmap
DA:1,7
DA:2,7
DA:3,7
DA:4,7
DA:5,7
DA:8,7
DA:9,0
DA:10,0
DA:11,0
DA:13,0
DA:14,0
DA:18,0
DA:19,0
DA:22,0
DA:29,0
DA:34,0
DA:37,0
DA:75,0
DA:83,0
DA:84,0
DA:88,0
DA:89,0
DA:90,0
DA:91,0
DA:95,0
DA:96,0
DA:100,0
DA:102,0
DA:106,0
DA:108,0
DA:109,0
DA:114,7
DA:115,0
DA:116,0
DA:117,0
DA:119,0
DA:124,0
DA:125,0
DA:128,0
DA:129,0
DA:133,0
DA:135,0
DA:136,0
DA:141,7
DA:142,0
DA:143,0
DA:145,0
DA:150,0
DA:151,0
DA:154,0
DA:155,0
DA:159,0
DA:161,0
DA:162,0
DA:168,0
DA:169,0
DA:171,0
DA:241,7
LF:58
LH:9
BRDA:13,0,0,0
BRDA:13,0,1,0
BRDA:19,1,0,0
BRDA:19,1,1,0
BRDA:29,2,0,0
BRDA:29,2,1,0
BRDA:31,3,0,0
BRDA:31,3,1,0
BRDA:40,4,0,0
BRDA:40,4,1,0
BRDA:83,5,0,0
BRDA:83,5,1,0
BRDA:84,6,0,0
BRDA:84,6,1,0
BRDA:89,7,0,0
BRDA:89,7,1,0
BRDA:98,8,0,0
BRDA:98,8,1,0
BRDA:124,9,0,0
BRDA:124,9,1,0
BRDA:129,10,0,0
BRDA:129,10,1,0
BRDA:150,11,0,0
BRDA:150,11,1,0
BRDA:155,12,0,0
BRDA:155,12,1,0
BRDA:168,13,0,0
BRDA:168,13,1,0
BRDA:168,14,0,0
BRDA:168,14,1,0
BRDA:182,15,0,0
BRDA:182,15,1,0
BRDA:184,16,0,0
BRDA:184,16,1,0
BRF:34
BRH:0
end_of_record
TN:
SF:src\routes\coverLetter.js
FN:6,generateFallbackLetter
FN:27,(anonymous_1)
FNF:2
FNH:0
FNDA:0,generateFallbackLetter
FNDA:0,(anonymous_1)
DA:1,7
DA:2,7
DA:3,7
DA:4,7
DA:7,0
DA:13,0
DA:15,0
DA:27,7
DA:28,0
DA:36,0
DA:38,0
DA:39,0
DA:44,0
DA:48,0
DA:58,0
DA:67,0
DA:68,0
DA:70,0
DA:73,0
DA:81,0
DA:82,0
DA:88,7
LF:22
LH:6
BRDA:13,0,0,0
BRDA:13,0,1,0
BRDA:35,1,0,0
BRDA:38,2,0,0
BRDA:38,2,1,0
BRDA:38,3,0,0
BRDA:38,3,1,0
BRDA:38,3,2,0
BRDA:38,3,3,0
BRDA:63,4,0,0
BRDA:63,4,1,0
BRDA:67,5,0,0
BRDA:67,5,1,0
BRDA:67,6,0,0
BRDA:67,6,1,0
BRF:15
BRH:0
end_of_record
TN:
SF:src\routes\dashboard.js
FN:7,(anonymous_0)
FN:16,(anonymous_1)
FN:25,(anonymous_2)
FN:36,(anonymous_3)
FN:37,(anonymous_4)
FN:38,(anonymous_5)
FN:61,(anonymous_6)
FN:122,formatDate
FN:137,generateActionItems
FN:194,(anonymous_9)
FNF:10
FNH:0
FNDA:0,(anonymous_0)
FNDA:0,(anonymous_1)
FNDA:0,(anonymous_2)
FNDA:0,(anonymous_3)
FNDA:0,(anonymous_4)
FNDA:0,(anonymous_5)
FNDA:0,(anonymous_6)
FNDA:0,formatDate
FNDA:0,generateActionItems
FNDA:0,(anonymous_9)
DA:1,7
DA:2,7
DA:3,7
DA:4,7
DA:7,7
DA:8,0
DA:9,0
DA:12,0
DA:16,0
DA:17,0
DA:20,0
DA:24,0
DA:25,0
DA:29,0
DA:30,0
DA:31,0
DA:35,0
DA:36,0
DA:37,0
DA:38,0
DA:39,0
DA:43,0
DA:47,0
DA:48,0
DA:49,0
DA:53,0
DA:55,0
DA:56,0
DA:57,0
DA:58,0
DA:61,0
DA:64,0
DA:68,0
DA:69,0
DA:73,0
DA:74,0
DA:75,0
DA:81,0
DA:82,0
DA:90,0
DA:91,0
DA:99,0
DA:116,0
DA:117,0
DA:123,0
DA:124,0
DA:125,0
DA:126,0
DA:128,0
DA:129,0
DA:130,0
DA:131,0
DA:132,0
DA:133,0
DA:138,0
DA:140,0
DA:141,0
DA:149,0
DA:150,0
DA:158,0
DA:159,0
DA:167,0
DA:168,0
DA:177,0
DA:185,0
DA:193,0
DA:195,0
DA:196,0
DA:201,7
LF:69
LH:6
BRDA:17,0,0,0
BRDA:17,0,1,0
BRDA:24,1,0,0
BRDA:24,1,1,0
BRDA:25,2,0,0
BRDA:25,2,1,0
BRDA:36,3,0,0
BRDA:36,3,1,0
BRDA:39,4,0,0
BRDA:39,4,1,0
BRDA:53,5,0,0
BRDA:53,5,1,0
BRDA:55,6,0,0
BRDA:55,6,1,0
BRDA:57,7,0,0
BRDA:57,7,1,0
BRDA:58,8,0,0
BRDA:58,8,1,0
BRDA:74,9,0,0
BRDA:74,9,1,0
BRDA:81,10,0,0
BRDA:81,10,1,0
BRDA:84,11,0,0
BRDA:84,11,1,0
BRDA:128,12,0,0
BRDA:128,12,1,0
BRDA:129,13,0,0
BRDA:129,13,1,0
BRDA:130,14,0,0
BRDA:130,14,1,0
BRDA:131,15,0,0
BRDA:131,15,1,0
BRDA:132,16,0,0
BRDA:132,16,1,0
BRDA:140,17,0,0
BRDA:140,17,1,0
BRDA:140,18,0,0
BRDA:140,18,1,0
BRDA:149,19,0,0
BRDA:149,19,1,0
BRDA:158,20,0,0
BRDA:158,20,1,0
BRDA:167,21,0,0
BRDA:167,21,1,0
BRDA:167,22,0,0
BRDA:167,22,1,0
BRF:46
BRH:0
end_of_record
TN:
SF:src\routes\evidence.js
FN:17,(anonymous_0)
FN:32,(anonymous_1)
FNF:2
FNH:2
FNDA:7,(anonymous_0)
FNDA:8,(anonymous_1)
DA:7,7
DA:8,7
DA:9,7
DA:10,7
DA:11,7
DA:17,7
DA:18,7
DA:19,7
DA:20,7
DA:21,6
DA:23,1
DA:32,7
DA:33,8
DA:34,8
DA:35,8
DA:40,8
DA:41,2
DA:48,2
DA:50,6
DA:54,6
DA:57,8
DA:58,7
DA:60,1
DA:64,7
LF:24
LH:24
BRDA:35,0,0,2
BRDA:35,0,1,6
BRDA:40,1,0,2
BRDA:40,1,1,6
BRF:4
BRH:4
end_of_record
TN:
SF:src\routes\guides.js
FN:8,(anonymous_0)
FN:33,(anonymous_1)
FNF:2
FNH:2
FNDA:5,(anonymous_0)
FNDA:3,(anonymous_1)
DA:1,7
DA:2,7
DA:3,7
DA:5,7
DA:8,7
DA:9,5
DA:11,5
DA:12,1
DA:15,4
DA:16,4
DA:23,3
DA:25,1
DA:26,1
DA:28,0
DA:33,7
DA:34,3
DA:36,3
DA:37,1
DA:40,2
DA:41,2
DA:42,1
DA:44,1
DA:45,1
DA:47,0
DA:51,7
LF:25
LH:23
BRDA:11,0,0,1
BRDA:11,0,1,4
BRDA:11,1,0,5
BRDA:11,1,1,2
BRDA:17,2,0,3
BRDA:17,2,1,1
BRDA:25,3,0,1
BRDA:25,3,1,0
BRDA:25,4,0,1
BRDA:25,4,1,1
BRDA:36,5,0,1
BRDA:36,5,1,2
BRDA:36,6,0,3
BRDA:36,6,1,2
BRDA:44,7,0,1
BRDA:44,7,1,0
BRDA:44,8,0,1
BRDA:44,8,1,1
BRF:18
BRH:16
end_of_record
TN:
SF:src\routes\interview.js
FN:8,(anonymous_0)
FN:85,getFallbackResponse
FN:114,(anonymous_2)
FN:170,(anonymous_3)
FN:197,(anonymous_4)
FN:263,(anonymous_5)
FNF:6
FNH:1
FNDA:7,(anonymous_0)
FNDA:0,getFallbackResponse
FNDA:0,(anonymous_2)
FNDA:0,(anonymous_3)
FNDA:0,(anonymous_4)
FNDA:0,(anonymous_5)
DA:1,7
DA:2,7
DA:3,7
DA:4,7
DA:5,7
DA:8,7
DA:9,7
DA:10,7
DA:22,0
DA:27,7
DA:54,7
DA:86,0
DA:87,0
DA:89,0
DA:90,0
DA:103,0
DA:104,0
DA:114,7
DA:115,0
DA:116,0
DA:117,0
DA:119,0
DA:121,0
DA:129,0
DA:131,0
DA:132,0
DA:133,0
DA:134,0
DA:135,0
DA:137,0
DA:140,0
DA:144,0
DA:148,0
DA:153,0
DA:165,0
DA:170,7
DA:171,0
DA:172,0
DA:173,0
DA:175,0
DA:176,0
DA:180,0
DA:185,0
DA:186,0
DA:189,0
DA:190,0
DA:194,0
DA:197,0
DA:198,0
DA:201,0
DA:203,0
DA:206,0
DA:208,0
DA:209,0
DA:210,0
DA:211,0
DA:212,0
DA:214,0
DA:217,0
DA:221,0
DA:222,0
DA:224,0
DA:225,0
DA:229,0
DA:230,0
DA:237,0
DA:242,0
DA:258,0
DA:263,7
DA:264,0
DA:265,0
DA:269,0
DA:271,0
DA:275,7
LF:74
LH:14
BRDA:86,0,0,0
BRDA:86,0,1,0
BRDA:89,1,0,0
BRDA:89,1,1,0
BRDA:91,2,0,0
BRDA:91,2,1,0
BRDA:105,3,0,0
BRDA:105,3,1,0
BRDA:109,4,0,0
BRDA:109,4,1,0
BRDA:117,5,0,0
BRDA:117,5,1,0
BRDA:131,6,0,0
BRDA:131,6,1,0
BRDA:133,7,0,0
BRDA:133,7,1,0
BRDA:133,8,0,0
BRDA:133,8,1,0
BRDA:159,9,0,0
BRDA:159,9,1,0
BRDA:175,10,0,0
BRDA:175,10,1,0
BRDA:175,11,0,0
BRDA:175,11,1,0
BRDA:185,12,0,0
BRDA:185,12,1,0
BRDA:190,13,0,0
BRDA:190,13,1,0
BRDA:198,14,0,0
BRDA:198,14,1,0
BRDA:201,15,0,0
BRDA:201,15,1,0
BRDA:208,16,0,0
BRDA:208,16,1,0
BRDA:210,17,0,0
BRDA:210,17,1,0
BRDA:210,18,0,0
BRDA:210,18,1,0
BRDA:210,18,2,0
BRDA:221,19,0,0
BRDA:221,19,1,0
BRDA:224,20,0,0
BRDA:224,20,1,0
BRDA:229,21,0,0
BRDA:229,21,1,0
BRDA:229,22,0,0
BRDA:229,22,1,0
BRDA:230,23,0,0
BRDA:230,23,1,0
BRDA:245,24,0,0
BRDA:245,24,1,0
BRDA:246,25,0,0
BRDA:246,25,1,0
BRDA:247,26,0,0
BRDA:247,26,1,0
BRDA:248,27,0,0
BRDA:248,27,1,0
BRDA:249,28,0,0
BRDA:249,28,1,0
BRF:59
BRH:0
end_of_record
TN:
SF:src\routes\jobAnalyzer.js
FN:6,generateFallbackAnalysis
FN:17,(anonymous_1)
FN:32,(anonymous_2)
FN:48,(anonymous_3)
FNF:4
FNH:0
FNDA:0,generateFallbackAnalysis
FNDA:0,(anonymous_1)
FNDA:0,(anonymous_2)
FNDA:0,(anonymous_3)
DA:1,7
DA:2,7
DA:3,7
DA:4,7
DA:7,0
DA:8,0
DA:9,0
DA:11,0
DA:17,0
DA:18,0
DA:19,0
DA:23,0
DA:27,0
DA:28,0
DA:30,0
DA:31,0
DA:32,0
DA:33,0
DA:37,0
DA:48,7
DA:49,0
DA:50,0
DA:52,0
DA:53,0
DA:58,0
DA:61,0
DA:76,0
DA:85,0
DA:86,0
DA:87,0
DA:89,0
DA:90,0
DA:93,0
DA:97,0
DA:107,0
DA:112,0
DA:113,0
DA:119,7
LF:38
LH:6
BRDA:18,0,0,0
BRDA:18,0,1,0
BRDA:23,1,0,0
BRDA:23,1,1,0
BRDA:24,2,0,0
BRDA:24,2,1,0
BRDA:28,3,0,0
BRDA:28,3,1,0
BRDA:31,4,0,0
BRDA:31,4,1,0
BRDA:43,5,0,0
BRDA:43,5,1,0
BRDA:52,6,0,0
BRDA:52,6,1,0
BRDA:52,7,0,0
BRDA:52,7,1,0
BRDA:81,8,0,0
BRDA:81,8,1,0
BRDA:85,9,0,0
BRDA:85,9,1,0
BRDA:85,10,0,0
BRDA:85,10,1,0
BRDA:98,11,0,0
BRDA:98,11,1,0
BRDA:99,12,0,0
BRDA:99,12,1,0
BRDA:100,13,0,0
BRDA:100,13,1,0
BRDA:101,14,0,0
BRDA:101,14,1,0
BRDA:102,15,0,0
BRDA:102,15,1,0
BRDA:103,16,0,0
BRDA:103,16,1,0
BRDA:104,17,0,0
BRDA:104,17,1,0
BRF:36
BRH:0
end_of_record
TN:
SF:src\routes\jobDiscovery.js
FN:17,cacheJobs
FN:50,(anonymous_1)
FNF:2
FNH:2
FNDA:13,cacheJobs
FNDA:14,(anonymous_1)
DA:1,7
DA:2,7
DA:3,7
DA:4,7
DA:5,7
DA:6,7
DA:7,7
DA:18,13
DA:19,63
DA:20,63
DA:50,7
DA:51,14
DA:52,14
DA:53,14
DA:54,14
DA:56,14
DA:57,1
DA:60,13
DA:61,13
DA:62,13
DA:64,13
DA:65,13
DA:68,13
DA:69,3
DA:70,3
DA:71,3
DA:72,3
DA:77,0
DA:78,0
DA:79,0
DA:83,13
DA:85,13
DA:93,7
LF:33
LH:30
BRDA:34,0,0,63
BRDA:34,0,1,0
BRDA:52,1,0,14
BRDA:52,1,1,8
BRDA:53,2,0,14
BRDA:53,2,1,14
BRDA:54,3,0,14
BRDA:54,3,1,2
BRDA:56,4,0,1
BRDA:56,4,1,13
BRDA:68,5,0,3
BRDA:68,5,1,10
BRDA:68,6,0,13
BRDA:68,6,1,13
BRDA:69,7,0,3
BRDA:69,7,1,0
BRF:16
BRH:14
end_of_record
TN:
SF:src\routes\jobFit.js
FN:16,(anonymous_0)
FNF:1
FNH:1
FNDA:7,(anonymous_0)
DA:6,7
DA:7,7
DA:8,7
DA:9,7
DA:16,7
DA:17,7
DA:18,7
DA:20,7
DA:21,3
DA:27,4
DA:29,4
DA:36,0
DA:40,7
LF:13
LH:12
BRDA:20,0,0,3
BRDA:20,0,1,4
BRDA:20,1,0,7
BRDA:20,1,1,5
BRF:4
BRH:4
end_of_record
TN:
SF:src\routes\jobTracker.js
FN:10,(anonymous_0)
FN:34,(anonymous_1)
FN:46,(anonymous_2)
FN:77,(anonymous_3)
FN:109,(anonymous_4)
FNF:5
FNH:5
FNDA:4,(anonymous_0)
FNDA:4,(anonymous_1)
FNDA:6,(anonymous_2)
FNDA:5,(anonymous_3)
FNDA:4,(anonymous_4)
DA:1,7
DA:2,7
DA:3,7
DA:4,7
DA:5,7
DA:7,7
DA:10,7
DA:11,4
DA:13,4
DA:14,4
DA:26,3
DA:28,3
DA:29,3
DA:30,3
DA:31,3
DA:34,4
DA:36,3
DA:41,1
DA:46,7
DA:47,6
DA:56,6
DA:58,6
DA:59,5
DA:61,4
DA:62,4
DA:70,3
DA:72,1
DA:77,7
DA:78,5
DA:79,5
DA:80,5
DA:82,5
DA:83,1
DA:86,4
DA:87,4
DA:98,3
DA:99,1
DA:102,2
DA:104,1
DA:109,7
DA:110,4
DA:111,4
DA:113,4
DA:114,4
DA:121,3
DA:122,1
DA:125,2
DA:127,1
DA:131,7
LF:49
LH:49
BRDA:28,0,0,2
BRDA:28,0,1,1
BRDA:29,1,0,2
BRDA:29,1,1,1
BRDA:30,2,0,2
BRDA:30,2,1,1
BRDA:31,3,0,2
BRDA:31,3,1,1
BRDA:51,4,0,5
BRDA:52,5,0,5
BRDA:53,6,0,5
BRDA:54,7,0,5
BRDA:55,8,0,5
BRDA:58,9,0,1
BRDA:58,9,1,5
BRDA:59,10,0,1
BRDA:59,10,1,4
BRDA:82,11,0,1
BRDA:82,11,1,4
BRDA:82,12,0,5
BRDA:82,12,1,5
BRDA:95,13,0,4
BRDA:95,13,1,0
BRDA:95,14,0,1
BRDA:95,14,1,3
BRDA:98,15,0,1
BRDA:98,15,1,2
BRDA:121,16,0,1
BRDA:121,16,1,2
BRF:29
BRH:28
end_of_record
TN:
SF:src\routes\learning.js
FN:8,(anonymous_0)
FN:56,generateFallbackRoadmap
FN:117,(anonymous_2)
FN:162,(anonymous_3)
FN:168,(anonymous_4)
FN:180,(anonymous_5)
FNF:6
FNH:1
FNDA:7,(anonymous_0)
FNDA:0,generateFallbackRoadmap
FNDA:0,(anonymous_2)
FNDA:0,(anonymous_3)
FNDA:0,(anonymous_4)
FNDA:0,(anonymous_5)
DA:1,7
DA:2,7
DA:3,7
DA:4,7
DA:5,7
DA:8,7
DA:9,7
DA:10,7
DA:22,0
DA:27,7
DA:57,0
DA:58,0
DA:60,0
DA:104,0
DA:117,7
DA:118,0
DA:119,0
DA:121,0
DA:122,0
DA:125,0
DA:127,0
DA:135,0
DA:137,0
DA:138,0
DA:139,0
DA:140,0
DA:141,0
DA:143,0
DA:146,0
DA:150,0
DA:155,0
DA:157,0
DA:162,7
DA:163,0
DA:164,0
DA:168,0
DA:173,0
DA:175,0
DA:180,7
DA:181,0
DA:188,7
LF:41
LH:13
BRDA:57,0,0,0
BRDA:57,0,1,0
BRDA:58,1,0,0
BRDA:58,1,1,0
BRDA:74,2,0,0
BRDA:74,2,1,0
BRDA:77,3,0,0
BRDA:77,3,1,0
BRDA:88,4,0,0
BRDA:88,4,1,0
BRDA:121,5,0,0
BRDA:121,5,1,0
BRDA:121,6,0,0
BRDA:121,6,1,0
BRDA:121,6,2,0
BRDA:125,7,0,0
BRDA:125,7,1,0
BRDA:137,8,0,0
BRDA:137,8,1,0
BRDA:139,9,0,0
BRDA:139,9,1,0
BRDA:139,10,0,0
BRDA:139,10,1,0
BRDA:152,11,0,0
BRDA:152,11,1,0
BRDA:170,12,0,0
BRDA:170,12,1,0
BRDA:171,13,0,0
BRDA:171,13,1,0
BRF:29
BRH:0
end_of_record
TN:
SF:src\routes\piiRedaction.js
FN:12,(anonymous_0)
FN:40,(anonymous_1)
FNF:2
FNH:2
FNDA:9,(anonymous_0)
FNDA:6,(anonymous_1)
DA:3,7
DA:4,7
DA:5,7
DA:6,7
DA:7,7
DA:9,7
DA:12,7
DA:13,9
DA:14,9
DA:16,9
DA:17,2
DA:19,7
DA:20,1
DA:23,6
DA:25,6
DA:32,5
DA:34,1
DA:35,1
DA:40,7
DA:41,6
DA:42,6
DA:44,6
DA:45,1
DA:48,5
DA:53,4
DA:54,1
DA:57,3
DA:59,3
DA:60,1
DA:63,2
DA:64,2
DA:66,1
DA:67,1
DA:71,7
LF:34
LH:34
BRDA:16,0,0,2
BRDA:16,0,1,7
BRDA:16,1,0,9
BRDA:16,1,1,7
BRDA:19,2,0,1
BRDA:19,2,1,6
BRDA:19,3,0,7
BRDA:19,3,1,7
BRDA:29,4,0,6
BRDA:29,4,1,4
BRDA:44,5,0,1
BRDA:44,5,1,5
BRDA:44,6,0,6
BRDA:44,6,1,6
BRDA:44,6,2,6
BRDA:53,7,0,1
BRDA:53,7,1,3
BRDA:59,8,0,1
BRDA:59,8,1,2
BRF:19
BRH:19
end_of_record
TN:
SF:src\routes\profiles.js
FN:6,fetchGitHubData
FN:22,(anonymous_1)
FN:23,(anonymous_2)
FN:24,(anonymous_3)
FN:25,(anonymous_4)
FN:26,(anonymous_5)
FN:27,(anonymous_6)
FN:44,(anonymous_7)
FN:58,scoreGitHubProfile
FN:93,(anonymous_9)
FN:143,generateReadme
FN:160,(anonymous_11)
FN:168,(anonymous_12)
FN:196,(anonymous_13)
FN:225,(anonymous_14)
FN:278,(anonymous_15)
FN:325,(anonymous_16)
FN:357,(anonymous_17)
FN:372,(anonymous_18)
FN:377,(anonymous_19)
FN:378,(anonymous_20)
FN:397,(anonymous_21)
FNF:22
FNH:0
FNDA:0,fetchGitHubData
FNDA:0,(anonymous_1)
FNDA:0,(anonymous_2)
FNDA:0,(anonymous_3)
FNDA:0,(anonymous_4)
FNDA:0,(anonymous_5)
FNDA:0,(anonymous_6)
FNDA:0,(anonymous_7)
FNDA:0,scoreGitHubProfile
FNDA:0,(anonymous_9)
FNDA:0,generateReadme
FNDA:0,(anonymous_11)
FNDA:0,(anonymous_12)
FNDA:0,(anonymous_13)
FNDA:0,(anonymous_14)
FNDA:0,(anonymous_15)
FNDA:0,(anonymous_16)
FNDA:0,(anonymous_17)
FNDA:0,(anonymous_18)
FNDA:0,(anonymous_19)
FNDA:0,(anonymous_20)
FNDA:0,(anonymous_21)
DA:1,7
DA:2,7
DA:3,7
DA:7,0
DA:8,0
DA:17,0
DA:19,0
DA:20,0
DA:22,0
DA:23,0
DA:24,0
DA:25,0
DA:26,0
DA:27,0
DA:29,0
DA:44,0
DA:53,0
DA:54,0
DA:59,0
DA:60,0
DA:61,0
DA:64,0
DA:65,0
DA:67,0
DA:68,0
DA:69,0
DA:70,0
DA:73,0
DA:74,0
DA:75,0
DA:77,0
DA:80,0
DA:81,0
DA:82,0
DA:83,0
DA:84,0
DA:87,0
DA:88,0
DA:89,0
DA:90,0
DA:93,0
DA:94,0
DA:95,0
DA:96,0
DA:97,0
DA:101,0
DA:102,0
DA:103,0
DA:106,0
DA:107,0
DA:108,0
DA:112,0
DA:113,0
DA:114,0
DA:117,0
DA:118,0
DA:119,0
DA:120,0
DA:121,0
DA:124,0
DA:125,0
DA:127,0
DA:128,0
DA:129,0
DA:130,0
DA:132,0
DA:134,0
DA:144,0
DA:157,0
DA:158,0
DA:160,0
DA:161,0
DA:162,0
DA:163,0
DA:165,0
DA:168,0
DA:169,0
DA:172,0
DA:173,0
DA:174,0
DA:176,0
DA:178,0
DA:196,7
DA:197,0
DA:198,0
DA:201,0
DA:202,0
DA:203,0
DA:206,0
DA:207,0
DA:209,0
DA:225,7
DA:226,0
DA:228,0
DA:229,0
DA:230,0
DA:231,0
DA:232,0
DA:235,0
DA:236,0
DA:237,0
DA:238,0
DA:239,0
DA:241,0
DA:242,0
DA:243,0
DA:244,0
DA:245,0
DA:248,0
DA:249,0
DA:250,0
DA:251,0
DA:252,0
DA:253,0
DA:254,0
DA:256,0
DA:257,0
DA:259,0
DA:260,0
DA:262,0
DA:263,0
DA:266,0
DA:267,0
DA:268,0
DA:269,0
DA:271,0
DA:272,0
DA:273,0
DA:274,0
DA:277,0
DA:278,0
DA:279,0
DA:280,0
DA:281,0
DA:282,0
DA:283,0
DA:285,0
DA:286,0
DA:287,0
DA:288,0
DA:291,0
DA:292,0
DA:293,0
DA:294,0
DA:295,0
DA:298,0
DA:299,0
DA:300,0
DA:301,0
DA:302,0
DA:303,0
DA:304,0
DA:305,0
DA:307,0
DA:308,0
DA:310,0
DA:325,7
DA:326,0
DA:327,0
DA:328,0
DA:331,0
DA:347,0
DA:356,0
DA:357,0
DA:359,0
DA:360,0
DA:372,0
DA:374,0
DA:375,0
DA:377,0
DA:378,0
DA:379,0
DA:380,0
DA:382,0
DA:386,0
DA:387,0
DA:388,0
DA:389,0
DA:391,0
DA:392,0
DA:393,0
DA:394,0
DA:396,0
DA:397,0
DA:398,0
DA:399,0
DA:400,0
DA:401,0
DA:402,0
DA:403,0
DA:404,0
DA:407,0
DA:408,0
DA:409,0
DA:413,0
DA:414,0
DA:415,0
DA:417,0
DA:418,0
DA:420,0
DA:421,0
DA:422,0
DA:425,0
DA:426,0
DA:429,0
DA:441,7
LF:206
LH:7
BRDA:17,0,0,0
BRDA:17,0,1,0
BRDA:20,1,0,0
BRDA:20,1,1,0
BRDA:22,2,0,0
BRDA:22,2,1,0
BRDA:23,3,0,0
BRDA:23,3,1,0
BRDA:24,4,0,0
BRDA:24,4,1,0
BRDA:25,5,0,0
BRDA:25,5,1,0
BRDA:64,6,0,0
BRDA:64,6,1,0
BRDA:64,7,0,0
BRDA:64,7,1,0
BRDA:67,8,0,0
BRDA:67,8,1,0
BRDA:67,9,0,0
BRDA:67,9,1,0
BRDA:68,10,0,0
BRDA:68,10,1,0
BRDA:68,11,0,0
BRDA:68,11,1,0
BRDA:69,12,0,0
BRDA:69,12,1,0
BRDA:69,13,0,0
BRDA:69,13,1,0
BRDA:70,14,0,0
BRDA:70,14,1,0
BRDA:70,15,0,0
BRDA:70,15,1,0
BRDA:73,16,0,0
BRDA:73,16,1,0
BRDA:83,17,0,0
BRDA:83,17,1,0
BRDA:83,18,0,0
BRDA:83,18,1,0
BRDA:89,19,0,0
BRDA:89,19,1,0
BRDA:89,20,0,0
BRDA:89,20,1,0
BRDA:94,21,0,0
BRDA:94,21,1,0
BRDA:96,22,0,0
BRDA:96,22,1,0
BRDA:102,23,0,0
BRDA:102,23,1,0
BRDA:107,24,0,0
BRDA:107,24,1,0
BRDA:113,25,0,0
BRDA:113,25,1,0
BRDA:118,26,0,0
BRDA:118,26,1,0
BRDA:120,27,0,0
BRDA:120,27,1,0
BRDA:120,28,0,0
BRDA:120,28,1,0
BRDA:128,29,0,0
BRDA:128,29,1,0
BRDA:129,30,0,0
BRDA:129,30,1,0
BRDA:130,31,0,0
BRDA:130,31,1,0
BRDA:132,32,0,0
BRDA:132,32,1,0
BRDA:157,33,0,0
BRDA:157,33,1,0
BRDA:158,34,0,0
BRDA:158,34,1,0
BRDA:162,35,0,0
BRDA:162,35,1,0
BRDA:169,36,0,0
BRDA:169,36,1,0
BRDA:169,37,0,0
BRDA:169,37,1,0
BRDA:173,38,0,0
BRDA:173,38,1,0
BRDA:174,39,0,0
BRDA:174,39,1,0
BRDA:183,40,0,0
BRDA:183,40,1,0
BRDA:186,41,0,0
BRDA:186,41,1,0
BRDA:198,42,0,0
BRDA:198,42,1,0
BRDA:202,43,0,0
BRDA:202,43,1,0
BRDA:228,44,0,0
BRDA:228,44,1,0
BRDA:229,45,0,0
BRDA:229,45,1,0
BRDA:230,46,0,0
BRDA:230,46,1,0
BRDA:231,47,0,0
BRDA:231,47,1,0
BRDA:232,48,0,0
BRDA:232,48,1,0
BRDA:237,49,0,0
BRDA:237,49,1,0
BRDA:237,50,0,0
BRDA:237,50,1,0
BRDA:238,51,0,0
BRDA:238,51,1,0
BRDA:238,52,0,0
BRDA:238,52,1,0
BRDA:239,53,0,0
BRDA:239,53,1,0
BRDA:239,54,0,0
BRDA:239,54,1,0
BRDA:242,55,0,0
BRDA:242,55,1,0
BRDA:243,56,0,0
BRDA:243,56,1,0
BRDA:243,57,0,0
BRDA:243,57,1,0
BRDA:244,58,0,0
BRDA:244,58,1,0
BRDA:251,59,0,0
BRDA:251,59,1,0
BRDA:252,60,0,0
BRDA:252,60,1,0
BRDA:253,61,0,0
BRDA:253,61,1,0
BRDA:254,62,0,0
BRDA:254,62,1,0
BRDA:256,63,0,0
BRDA:256,63,1,0
BRDA:257,64,0,0
BRDA:257,64,1,0
BRDA:259,65,0,0
BRDA:259,65,1,0
BRDA:262,66,0,0
BRDA:262,66,1,0
BRDA:267,67,0,0
BRDA:267,67,1,0
BRDA:268,68,0,0
BRDA:268,68,1,0
BRDA:269,69,0,0
BRDA:269,69,1,0
BRDA:273,70,0,0
BRDA:273,70,1,0
BRDA:279,71,0,0
BRDA:279,71,1,0
BRDA:280,72,0,0
BRDA:280,72,1,0
BRDA:281,73,0,0
BRDA:281,73,1,0
BRDA:282,74,0,0
BRDA:282,74,1,0
BRDA:283,75,0,0
BRDA:283,75,1,0
BRDA:285,76,0,0
BRDA:285,76,1,0
BRDA:286,77,0,0
BRDA:286,77,1,0
BRDA:287,78,0,0
BRDA:287,78,1,0
BRDA:293,79,0,0
BRDA:293,79,1,0
BRDA:294,80,0,0
BRDA:294,80,1,0
BRDA:295,81,0,0
BRDA:295,81,1,0
BRDA:299,82,0,0
BRDA:299,82,1,0
BRDA:300,83,0,0
BRDA:300,83,1,0
BRDA:301,84,0,0
BRDA:301,84,1,0
BRDA:302,85,0,0
BRDA:302,85,1,0
BRDA:303,86,0,0
BRDA:303,86,1,0
BRDA:304,87,0,0
BRDA:304,87,1,0
BRDA:305,88,0,0
BRDA:305,88,1,0
BRDA:307,89,0,0
BRDA:307,89,1,0
BRDA:308,90,0,0
BRDA:308,90,1,0
BRDA:308,91,0,0
BRDA:308,91,1,0
BRDA:315,92,0,0
BRDA:315,92,1,0
BRDA:316,93,0,0
BRDA:316,93,1,0
BRDA:317,94,0,0
BRDA:317,94,1,0
BRDA:318,95,0,0
BRDA:318,95,1,0
BRDA:327,96,0,0
BRDA:327,96,1,0
BRDA:327,97,0,0
BRDA:327,97,1,0
BRDA:359,98,0,0
BRDA:359,98,1,0
BRDA:378,99,0,0
BRDA:378,99,1,0
BRDA:378,99,2,0
BRDA:379,100,0,0
BRDA:379,100,1,0
BRDA:392,101,0,0
BRDA:392,101,1,0
BRDA:393,102,0,0
BRDA:393,102,1,0
BRDA:394,103,0,0
BRDA:394,103,1,0
BRDA:400,104,0,0
BRDA:400,104,1,0
BRDA:401,105,0,0
BRDA:401,105,1,0
BRDA:407,106,0,0
BRDA:407,106,1,0
BRDA:408,107,0,0
BRDA:408,107,1,0
BRDA:414,108,0,0
BRDA:414,108,1,0
BRDA:417,109,0,0
BRDA:417,109,1,0
BRDA:421,110,0,0
BRDA:421,110,1,0
BRDA:425,111,0,0
BRDA:425,111,1,0
BRF:225
BRH:0
end_of_record
TN:
SF:src\routes\projects.js
FN:5,(anonymous_0)
FNF:1
FNH:0
FNDA:0,(anonymous_0)
DA:1,7
DA:2,7
DA:3,7
DA:5,7
DA:6,0
DA:12,7
LF:6
LH:5
BRF:0
BRH:0
end_of_record
TN:
SF:src\routes\resume.js
FN:16,(anonymous_0)
FN:32,(anonymous_1)
FN:72,extractText
FN:87,detectSections
FN:89,(anonymous_4)
FN:89,(anonymous_5)
FN:102,scoreResume
FN:110,(anonymous_7)
FN:119,(anonymous_8)
FN:152,(anonymous_9)
FN:159,buildSuggestions
FN:190,(anonymous_11)
FN:190,(anonymous_12)
FN:197,(anonymous_13)
FN:223,(anonymous_14)
FN:265,(anonymous_15)
FN:279,(anonymous_16)
FN:301,(anonymous_17)
FN:317,(anonymous_18)
FN:335,(anonymous_19)
FN:356,(anonymous_20)
FN:357,(anonymous_21)
FN:412,(anonymous_22)
FN:460,toLines
FN:463,(anonymous_24)
FN:467,toItems
FN:470,(anonymous_26)
FN:474,titleCase
FN:477,(anonymous_28)
FN:482,extractKeywordsFromJD
FN:493,(anonymous_30)
FN:495,(anonymous_31)
FN:498,createResumeMarkdown
FN:526,(anonymous_33)
FN:530,(anonymous_34)
FN:534,(anonymous_35)
FN:573,markdownToDocxBuffer
FN:608,markdownToPdfBuffer
FN:609,(anonymous_38)
FN:613,(anonymous_39)
FN:614,(anonymous_40)
FN:637,(anonymous_41)
FN:684,(anonymous_42)
FN:685,(anonymous_43)
FN:725,parseJson
FN:732,parseJsonFields
FNF:46
FNH:1
FNDA:0,(anonymous_0)
FNDA:7,(anonymous_1)
FNDA:0,extractText
FNDA:0,detectSections
FNDA:0,(anonymous_4)
FNDA:0,(anonymous_5)
FNDA:0,scoreResume
FNDA:0,(anonymous_7)
FNDA:0,(anonymous_8)
FNDA:0,(anonymous_9)
FNDA:0,buildSuggestions
FNDA:0,(anonymous_11)
FNDA:0,(anonymous_12)
FNDA:0,(anonymous_13)
FNDA:0,(anonymous_14)
FNDA:0,(anonymous_15)
FNDA:0,(anonymous_16)
FNDA:0,(anonymous_17)
FNDA:0,(anonymous_18)
FNDA:0,(anonymous_19)
FNDA:0,(anonymous_20)
FNDA:0,(anonymous_21)
FNDA:0,(anonymous_22)
FNDA:0,toLines
FNDA:0,(anonymous_24)
FNDA:0,toItems
FNDA:0,(anonymous_26)
FNDA:0,titleCase
FNDA:0,(anonymous_28)
FNDA:0,extractKeywordsFromJD
FNDA:0,(anonymous_30)
FNDA:0,(anonymous_31)
FNDA:0,createResumeMarkdown
FNDA:0,(anonymous_33)
FNDA:0,(anonymous_34)
FNDA:0,(anonymous_35)
FNDA:0,markdownToDocxBuffer
FNDA:0,markdownToPdfBuffer
FNDA:0,(anonymous_38)
FNDA:0,(anonymous_39)
FNDA:0,(anonymous_40)
FNDA:0,(anonymous_41)
FNDA:0,(anonymous_42)
FNDA:0,(anonymous_43)
FNDA:0,parseJson
FNDA:0,parseJsonFields
DA:1,7
DA:2,7
DA:3,7
DA:4,7
DA:5,7
DA:6,7
DA:7,7
DA:8,7
DA:9,7
DA:12,7
DA:13,7
DA:17,0
DA:22,0
DA:23,0
DA:25,0
DA:32,7
DA:33,7
DA:35,7
DA:50,7
DA:56,7
DA:57,28
DA:58,28
DA:63,0
DA:67,0
DA:73,0
DA:74,0
DA:75,0
DA:76,0
DA:77,0
DA:80,0
DA:83,0
DA:88,0
DA:89,0
DA:91,0
DA:103,0
DA:104,0
DA:107,0
DA:110,0
DA:113,0
DA:116,0
DA:119,0
DA:122,0
DA:125,0
DA:128,0
DA:131,0
DA:134,0
DA:137,0
DA:140,0
DA:142,0
DA:151,0
DA:152,0
DA:155,0
DA:160,0
DA:163,0
DA:172,0
DA:181,0
DA:190,0
DA:191,0
DA:192,0
DA:194,0
DA:197,0
DA:202,0
DA:211,0
DA:219,0
DA:223,7
DA:224,0
DA:225,0
DA:226,0
DA:227,0
DA:230,0
DA:233,0
DA:236,0
DA:239,0
DA:241,0
DA:255,0
DA:256,0
DA:258,0
DA:260,0
DA:265,7
DA:266,0
DA:267,0
DA:272,0
DA:274,0
DA:279,7
DA:280,0
DA:281,0
DA:285,0
DA:287,0
DA:288,0
DA:296,0
DA:301,7
DA:302,0
DA:303,0
DA:307,0
DA:308,0
DA:310,0
DA:312,0
DA:317,7
DA:318,0
DA:319,0
DA:324,0
DA:325,0
DA:328,0
DA:330,0
DA:335,7
DA:336,0
DA:337,0
DA:338,0
DA:339,0
DA:341,0
DA:342,0
DA:345,0
DA:346,0
DA:347,0
DA:351,0
DA:353,0
DA:356,0
DA:357,0
DA:359,0
DA:360,0
DA:362,0
DA:374,0
DA:375,0
DA:376,0
DA:382,0
DA:383,0
DA:384,0
DA:385,0
DA:387,0
DA:388,0
DA:389,0
DA:392,0
DA:407,0
DA:412,7
DA:413,0
DA:414,0
DA:416,0
DA:417,0
DA:420,0
DA:429,0
DA:433,0
DA:441,0
DA:442,0
DA:445,0
DA:449,0
DA:453,7
DA:461,0
DA:463,0
DA:468,0
DA:470,0
DA:475,0
DA:477,0
DA:483,0
DA:484,0
DA:486,0
DA:487,0
DA:488,0
DA:489,0
DA:492,0
DA:493,0
DA:495,0
DA:511,0
DA:513,0
DA:514,0
DA:515,0
DA:516,0
DA:518,0
DA:525,0
DA:526,0
DA:529,0
DA:530,0
DA:533,0
DA:534,0
DA:537,0
DA:541,0
DA:545,0
DA:574,0
DA:575,0
DA:577,0
DA:578,0
DA:579,0
DA:580,0
DA:582,0
DA:583,0
DA:584,0
DA:586,0
DA:587,0
DA:588,0
DA:590,0
DA:591,0
DA:597,0
DA:599,0
DA:602,0
DA:605,0
DA:609,0
DA:610,0
DA:611,0
DA:613,0
DA:614,0
DA:615,0
DA:617,0
DA:618,0
DA:619,0
DA:620,0
DA:621,0
DA:622,0
DA:623,0
DA:624,0
DA:625,0
DA:626,0
DA:628,0
DA:632,0
DA:637,7
DA:638,0
DA:653,0
DA:655,0
DA:656,0
DA:658,0
DA:659,0
DA:662,0
DA:663,0
DA:665,0
DA:666,0
DA:683,0
DA:684,0
DA:685,0
DA:687,0
DA:688,0
DA:690,0
DA:696,0
DA:697,0
DA:698,0
DA:699,0
DA:701,0
DA:702,0
DA:703,0
DA:706,0
DA:721,0
DA:726,0
DA:727,0
DA:729,0
DA:733,0
DA:734,0
DA:742,7
LF:244
LH:28
BRDA:22,0,0,0
BRDA:22,0,1,0
BRDA:63,1,0,0
BRDA:63,1,1,0
BRDA:73,2,0,0
BRDA:73,2,1,0
BRDA:75,3,0,0
BRDA:75,3,1,0
BRDA:77,4,0,0
BRDA:77,4,1,0
BRDA:113,5,0,0
BRDA:113,5,1,0
BRDA:125,6,0,0
BRDA:125,6,1,0
BRDA:131,7,0,0
BRDA:131,7,1,0
BRDA:134,8,0,0
BRDA:134,8,1,0
BRDA:134,9,0,0
BRDA:134,9,1,0
BRDA:134,10,0,0
BRDA:134,10,1,0
BRDA:140,11,0,0
BRDA:140,11,1,0
BRDA:140,12,0,0
BRDA:140,12,1,0
BRDA:164,13,0,0
BRDA:164,13,1,0
BRDA:166,14,0,0
BRDA:166,14,1,0
BRDA:167,15,0,0
BRDA:167,15,1,0
BRDA:173,16,0,0
BRDA:173,16,1,0
BRDA:175,17,0,0
BRDA:175,17,1,0
BRDA:176,18,0,0
BRDA:176,18,1,0
BRDA:182,19,0,0
BRDA:182,19,1,0
BRDA:184,20,0,0
BRDA:184,20,1,0
BRDA:191,21,0,0
BRDA:191,21,1,0
BRDA:203,22,0,0
BRDA:203,22,1,0
BRDA:205,23,0,0
BRDA:205,23,1,0
BRDA:212,24,0,0
BRDA:212,24,1,0
BRDA:214,25,0,0
BRDA:214,25,1,0
BRDA:226,26,0,0
BRDA:226,26,1,0
BRDA:226,27,0,0
BRDA:226,27,1,0
BRDA:226,27,2,0
BRDA:227,28,0,0
BRDA:227,28,1,0
BRDA:285,29,0,0
BRDA:285,29,1,0
BRDA:307,30,0,0
BRDA:307,30,1,0
BRDA:324,31,0,0
BRDA:324,31,1,0
BRDA:338,32,0,0
BRDA:338,32,1,0
BRDA:338,32,2,0
BRDA:339,33,0,0
BRDA:339,33,1,0
BRDA:339,33,2,0
BRDA:341,34,0,0
BRDA:341,34,1,0
BRDA:342,35,0,0
BRDA:342,35,1,0
BRDA:346,36,0,0
BRDA:346,36,1,0
BRDA:359,37,0,0
BRDA:359,37,1,0
BRDA:369,38,0,0
BRDA:369,38,1,0
BRDA:370,39,0,0
BRDA:370,39,1,0
BRDA:371,40,0,0
BRDA:371,40,1,0
BRDA:374,41,0,0
BRDA:374,41,1,0
BRDA:375,42,0,0
BRDA:375,42,1,0
BRDA:376,43,0,0
BRDA:376,43,1,0
BRDA:382,44,0,0
BRDA:382,44,1,0
BRDA:395,45,0,0
BRDA:395,45,1,0
BRDA:395,46,0,0
BRDA:395,46,1,0
BRDA:395,47,0,0
BRDA:395,47,1,0
BRDA:416,48,0,0
BRDA:416,48,1,0
BRDA:416,49,0,0
BRDA:416,49,1,0
BRDA:416,49,2,0
BRDA:429,50,0,0
BRDA:429,50,1,0
BRDA:431,51,0,0
BRDA:431,51,1,0
BRDA:441,52,0,0
BRDA:441,52,1,0
BRDA:441,53,0,0
BRDA:441,53,1,0
BRDA:446,54,0,0
BRDA:446,54,1,0
BRDA:461,55,0,0
BRDA:461,55,1,0
BRDA:468,56,0,0
BRDA:468,56,1,0
BRDA:475,57,0,0
BRDA:475,57,1,0
BRDA:477,58,0,0
BRDA:477,58,1,0
BRDA:483,59,0,0
BRDA:483,59,1,0
BRDA:483,60,0,0
BRDA:483,60,1,0
BRDA:487,61,0,0
BRDA:487,61,1,0
BRDA:488,62,0,0
BRDA:488,62,1,0
BRDA:489,63,0,0
BRDA:489,63,1,0
BRDA:519,64,0,0
BRDA:519,64,1,0
BRDA:520,65,0,0
BRDA:520,65,1,0
BRDA:521,66,0,0
BRDA:521,66,1,0
BRDA:522,67,0,0
BRDA:522,67,1,0
BRDA:525,68,0,0
BRDA:525,68,1,0
BRDA:529,69,0,0
BRDA:529,69,1,0
BRDA:533,70,0,0
BRDA:533,70,1,0
BRDA:537,71,0,0
BRDA:537,71,1,0
BRDA:537,72,0,0
BRDA:537,72,1,0
BRDA:539,73,0,0
BRDA:539,73,1,0
BRDA:541,74,0,0
BRDA:541,74,1,0
BRDA:546,75,0,0
BRDA:546,75,1,0
BRDA:553,76,0,0
BRDA:553,76,1,0
BRDA:556,77,0,0
BRDA:556,77,1,0
BRDA:574,78,0,0
BRDA:574,78,1,0
BRDA:578,79,0,0
BRDA:578,79,1,0
BRDA:582,80,0,0
BRDA:582,80,1,0
BRDA:586,81,0,0
BRDA:586,81,1,0
BRDA:590,82,0,0
BRDA:590,82,1,0
BRDA:617,83,0,0
BRDA:617,83,1,0
BRDA:619,84,0,0
BRDA:619,84,1,0
BRDA:620,85,0,0
BRDA:620,85,1,0
BRDA:622,86,0,0
BRDA:622,86,1,0
BRDA:625,87,0,0
BRDA:625,87,1,0
BRDA:640,88,0,0
BRDA:641,89,0,0
BRDA:642,90,0,0
BRDA:643,91,0,0
BRDA:644,92,0,0
BRDA:645,93,0,0
BRDA:646,94,0,0
BRDA:647,95,0,0
BRDA:648,96,0,0
BRDA:649,97,0,0
BRDA:650,98,0,0
BRDA:651,99,0,0
BRDA:652,100,0,0
BRDA:655,101,0,0
BRDA:655,101,1,0
BRDA:658,102,0,0
BRDA:658,102,1,0
BRDA:662,103,0,0
BRDA:662,103,1,0
BRDA:663,104,0,0
BRDA:663,104,1,0
BRDA:687,105,0,0
BRDA:687,105,1,0
BRDA:696,106,0,0
BRDA:696,106,1,0
BRDA:709,107,0,0
BRDA:709,107,1,0
BRDA:709,108,0,0
BRDA:709,108,1,0
BRDA:709,109,0,0
BRDA:709,109,1,0
BRDA:726,110,0,0
BRDA:726,110,1,0
BRDA:733,111,0,0
BRDA:733,111,1,0
BRF:215
BRH:0
end_of_record
TN:
SF:src\routes\resumeChat.js
FN:9,embedAndStoreResume
FN:38,(anonymous_1)
FN:58,(anonymous_2)
FN:71,(anonymous_3)
FN:100,(anonymous_4)
FN:110,(anonymous_5)
FN:120,(anonymous_6)
FNF:7
FNH:0
FNDA:0,embedAndStoreResume
FNDA:0,(anonymous_1)
FNDA:0,(anonymous_2)
FNDA:0,(anonymous_3)
FNDA:0,(anonymous_4)
FNDA:0,(anonymous_5)
FNDA:0,(anonymous_6)
DA:1,7
DA:2,7
DA:3,7
DA:4,7
DA:5,7
DA:6,7
DA:10,0
DA:12,0
DA:15,0
DA:16,0
DA:19,0
DA:20,0
DA:21,0
DA:23,0
DA:24,0
DA:31,0
DA:33,0
DA:38,7
DA:39,0
DA:40,0
DA:41,0
DA:43,0
DA:44,0
DA:48,0
DA:53,0
DA:54,0
DA:58,0
DA:64,0
DA:66,0
DA:67,0
DA:71,0
DA:74,0
DA:78,0
DA:85,0
DA:93,0
DA:94,0
DA:98,0
DA:100,0
DA:103,0
DA:104,0
DA:110,7
DA:111,0
DA:112,0
DA:113,0
DA:115,0
DA:116,0
DA:120,0
DA:121,0
DA:124,0
DA:126,0
DA:127,0
DA:131,7
DA:132,7
LF:53
LH:10
BRDA:23,0,0,0
BRDA:23,0,1,0
BRDA:43,1,0,0
BRDA:43,1,1,0
BRDA:43,2,0,0
BRDA:43,2,1,0
BRDA:53,3,0,0
BRDA:53,3,1,0
BRDA:60,4,0,0
BRDA:60,4,1,0
BRDA:66,5,0,0
BRDA:66,5,1,0
BRDA:93,6,0,0
BRDA:93,6,1,0
BRDA:94,7,0,0
BRDA:94,7,1,0
BRDA:115,8,0,0
BRDA:115,8,1,0
BRDA:115,9,0,0
BRDA:115,9,1,0
BRF:20
BRH:0
end_of_record
TN:
SF:src\routes\skills.js
FN:32,generateFallbackAnalysis
FN:66,(anonymous_1)
FN:66,(anonymous_2)
FN:88,(anonymous_3)
FN:100,(anonymous_4)
FN:159,(anonymous_5)
FNF:6
FNH:0
FNDA:0,generateFallbackAnalysis
FNDA:0,(anonymous_1)
FNDA:0,(anonymous_2)
FNDA:0,(anonymous_3)
FNDA:0,(anonymous_4)
FNDA:0,(anonymous_5)
DA:1,7
DA:2,7
DA:3,7
DA:4,7
DA:5,7
DA:8,7
DA:33,0
DA:35,0
DA:47,0
DA:48,0
DA:51,0
DA:52,0
DA:53,0
DA:58,0
DA:59,0
DA:60,0
DA:62,0
DA:66,0
DA:68,0
DA:69,0
DA:71,0
DA:88,7
DA:89,0
DA:90,0
DA:93,0
DA:100,0
DA:101,0
DA:102,0
DA:105,0
DA:108,0
DA:116,0
DA:117,0
DA:118,0
DA:119,0
DA:121,0
DA:122,0
DA:125,0
DA:126,0
DA:130,0
DA:141,0
DA:144,0
DA:154,0
DA:159,7
DA:160,0
DA:161,0
DA:162,0
DA:164,0
DA:168,7
LF:48
LH:9
BRDA:52,0,0,0
BRDA:52,0,1,0
BRDA:52,1,0,0
BRDA:52,1,1,0
BRDA:59,2,0,0
BRDA:59,2,1,0
BRDA:60,3,0,0
BRDA:60,3,1,0
BRDA:62,4,0,0
BRDA:62,4,1,0
BRDA:74,5,0,0
BRDA:74,5,1,0
BRDA:77,6,0,0
BRDA:77,6,1,0
BRDA:77,7,0,0
BRDA:77,7,1,0
BRDA:101,8,0,0
BRDA:101,8,1,0
BRDA:101,8,2,0
BRDA:116,9,0,0
BRDA:116,9,1,0
BRDA:118,10,0,0
BRDA:118,10,1,0
BRDA:118,11,0,0
BRDA:118,11,1,0
BRDA:118,11,2,0
BRF:26
BRH:0
end_of_record
TN:
SF:src\services\batch\index.js
FNF:0
FNH:0
LF:0
LH:0
BRF:0
BRH:0
end_of_record
TN:
SF:src\services\benchmarks\index.js
FNF:0
FNH:0
LF:0
LH:0
BRF:0
BRH:0
end_of_record
TN:
SF:src\services\benchmarks\scorerBenchmark.js
FN:76,atsScore
FN:82,(anonymous_1)
FN:89,(anonymous_2)
FN:93,(anonymous_3)
FN:101,hrScore
FN:105,(anonymous_5)
FN:112,fitScore
FN:122,(anonymous_7)
FN:123,(anonymous_8)
FN:124,(anonymous_9)
FN:137,computeMetrics
FN:150,(anonymous_11)
FN:153,(anonymous_12)
FN:154,(anonymous_13)
FN:170,(anonymous_14)
FN:172,(anonymous_15)
FN:193,runBenchmark
FN:199,(anonymous_17)
FN:200,(anonymous_18)
FNF:19
FNH:19
FNDA:35,atsScore
FNDA:400,(anonymous_1)
FNDA:440,(anonymous_2)
FNDA:330,(anonymous_3)
FNDA:14,hrScore
FNDA:24,(anonymous_5)
FNDA:7,fitScore
FNDA:21,(anonymous_7)
FNDA:7,(anonymous_8)
FNDA:7,(anonymous_9)
FNDA:13,computeMetrics
FNDA:61,(anonymous_11)
FNDA:61,(anonymous_12)
FNDA:61,(anonymous_13)
FNDA:61,(anonymous_14)
FNDA:61,(anonymous_15)
FNDA:7,runBenchmark
FNDA:35,(anonymous_17)
FNDA:35,(anonymous_18)
DA:7,8
DA:11,8
DA:77,35
DA:82,400
DA:85,35
DA:89,440
DA:91,35
DA:93,330
DA:94,35
DA:95,35
DA:102,14
DA:103,14
DA:104,14
DA:105,24
DA:106,14
DA:113,7
DA:115,7
DA:117,7
DA:118,7
DA:121,8
DA:122,21
DA:123,7
DA:124,7
DA:138,13
DA:139,1
DA:142,12
DA:143,1
DA:146,11
DA:150,61
DA:153,61
DA:154,61
DA:156,11
DA:157,11
DA:158,11
DA:159,11
DA:160,61
DA:161,61
DA:162,61
DA:163,61
DA:164,61
DA:166,11
DA:170,61
DA:171,11
DA:172,61
DA:175,11
DA:177,11
DA:194,7
DA:195,6
DA:197,5
DA:199,35
DA:200,35
DA:202,5
DA:203,5
DA:205,5
DA:210,4
DA:213,8
LF:56
LH:56
BRDA:91,0,0,0
BRDA:91,0,1,35
BRDA:103,1,0,14
BRDA:103,1,1,0
BRDA:105,2,0,6
BRDA:105,2,1,8
BRDA:117,3,0,2
BRDA:117,3,1,5
BRDA:117,4,0,7
BRDA:117,4,1,6
BRDA:137,5,0,13
BRDA:137,6,0,13
BRDA:138,7,0,1
BRDA:138,7,1,12
BRDA:138,8,0,13
BRDA:138,8,1,12
BRDA:142,9,0,1
BRDA:142,9,1,11
BRDA:166,10,0,0
BRDA:166,10,1,11
BRDA:166,11,0,11
BRDA:166,11,1,11
BRDA:172,12,0,61
BRDA:172,12,1,37
BRDA:175,13,0,0
BRDA:175,13,1,11
BRDA:194,14,0,1
BRDA:194,14,1,6
BRDA:195,15,0,1
BRDA:195,15,1,5
BRDA:197,16,0,5
BRDA:197,16,1,0
BRF:32
BRH:27
end_of_record
TN:
SF:src\services\discovery\JobSource.js
FN:16,(anonymous_0)
FNF:1
FNH:1
FNDA:1,(anonymous_0)
DA:17,1
DA:21,8
LF:2
LH:2
BRF:0
BRH:0
end_of_record
TN:
SF:src\services\discovery\MockJobSource.js
FN:62,(anonymous_0)
FN:63,(anonymous_1)
FNF:2
FNH:2
FNDA:18,(anonymous_0)
FNDA:90,(anonymous_1)
DA:1,8
DA:3,8
DA:63,90
DA:76,8
LF:4
LH:4
BRF:0
BRH:0
end_of_record
TN:
SF:src\services\discovery\RemotiveSource.js
FN:7,(anonymous_0)
FN:21,(anonymous_1)
FNF:2
FNH:2
FNDA:13,(anonymous_0)
FNDA:29,(anonymous_1)
DA:1,8
DA:3,8
DA:4,8
DA:8,13
DA:10,13
DA:11,13
DA:12,13
DA:14,11
DA:15,1
DA:18,9
DA:19,9
DA:21,29
DA:33,3
DA:38,8
LF:14
LH:14
BRDA:11,0,0,13
BRDA:11,0,1,3
BRDA:14,1,0,1
BRDA:14,1,1,9
BRDA:19,2,0,8
BRDA:19,2,1,1
BRDA:24,3,0,29
BRDA:24,3,1,1
BRDA:25,4,0,29
BRDA:25,4,1,1
BRDA:26,5,0,29
BRDA:26,5,1,2
BRDA:27,6,0,29
BRDA:27,6,1,2
BRDA:28,7,0,29
BRDA:28,7,1,2
BRDA:29,8,0,28
BRDA:29,8,1,1
BRF:18
BRH:18
end_of_record
TN:
SF:src\services\discovery\index.js
FN:16,getSource
FNF:1
FNH:1
FNDA:16,getSource
DA:1,8
DA:2,8
DA:4,8
DA:17,16
DA:18,16
DA:19,15
DA:22,8
LF:7
LH:7
BRDA:18,0,0,1
BRDA:18,0,1,15
BRF:2
BRH:2
end_of_record
TN:
SF:src\services\evidence\evidenceTracker.js
FN:30,hashBullet
FN:39,extractSkillsFromText
FN:41,(anonymous_2)
FN:52,extractBullets
FN:88,saveBullet
FN:110,logUsage
FN:136,calculateDiversityScore
FN:139,(anonymous_7)
FN:140,(anonymous_8)
FN:145,(anonymous_9)
FN:148,(anonymous_10)
FN:151,(anonymous_11)
FN:166,getReuseReport
FN:191,(anonymous_13)
FN:192,(anonymous_14)
FN:195,(anonymous_15)
FN:196,(anonymous_16)
FNF:17
FNH:16
FNDA:2022,hashBullet
FNDA:2022,extractSkillsFromText
FNDA:121320,(anonymous_2)
FNDA:18,extractBullets
FNDA:0,saveBullet
FNDA:6,logUsage
FNDA:12,calculateDiversityScore
FNDA:24,(anonymous_7)
FNDA:24,(anonymous_8)
FNDA:16,(anonymous_9)
FNDA:17,(anonymous_10)
FNDA:17,(anonymous_11)
FNDA:18,getReuseReport
FNDA:24,(anonymous_13)
FNDA:8,(anonymous_14)
FNDA:24,(anonymous_15)
FNDA:13,(anonymous_16)
DA:6,8
DA:7,8
DA:8,8
DA:11,8
DA:31,2022
DA:40,2022
DA:41,121320
DA:53,18
DA:55,15
DA:56,15
DA:58,15
DA:59,2024
DA:60,2024
DA:63,2022
DA:64,2022
DA:66,2022
DA:67,2022
DA:69,2022
DA:76,15
DA:89,0
DA:91,0
DA:99,0
DA:111,6
DA:112,1
DA:114,5
DA:115,1
DA:118,4
DA:125,4
DA:137,12
DA:139,24
DA:140,24
DA:142,12
DA:145,16
DA:146,11
DA:148,17
DA:149,10
DA:151,17
DA:152,10
DA:153,10
DA:156,10
DA:157,10
DA:167,18
DA:178,17
DA:180,17
DA:181,5
DA:190,12
DA:191,24
DA:192,8
DA:194,12
DA:195,24
DA:196,13
DA:198,12
DA:200,12
DA:201,12
DA:202,8
DA:204,12
DA:205,8
DA:207,12
DA:208,2
DA:211,12
DA:220,8
LF:61
LH:58
BRDA:53,0,0,3
BRDA:53,0,1,15
BRDA:60,1,0,2
BRDA:60,1,1,2022
BRDA:64,2,0,0
BRDA:64,2,1,2022
BRDA:67,3,0,0
BRDA:67,3,1,2022
BRDA:88,4,0,0
BRDA:99,5,0,0
BRDA:99,5,1,0
BRDA:111,6,0,1
BRDA:111,6,1,5
BRDA:111,7,0,6
BRDA:111,7,1,5
BRDA:114,8,0,1
BRDA:114,8,1,4
BRDA:137,9,0,0
BRDA:137,9,1,12
BRDA:137,10,0,12
BRDA:137,10,1,12
BRDA:142,11,0,1
BRDA:142,11,1,11
BRDA:146,12,0,1
BRDA:146,12,1,10
BRDA:146,13,0,11
BRDA:146,13,1,1
BRDA:149,14,0,0
BRDA:149,14,1,10
BRDA:180,15,0,5
BRDA:180,15,1,12
BRDA:201,16,0,8
BRDA:201,16,1,4
BRDA:204,17,0,8
BRDA:204,17,1,4
BRDA:207,18,0,2
BRDA:207,18,1,10
BRF:37
BRH:30
end_of_record
TN:
SF:src\services\evidence\index.js
FNF:0
FNH:0
LF:0
LH:0
BRF:0
BRH:0
end_of_record
TN:
SF:src\services\guides\index.js
FNF:0
FNH:0
LF:0
LH:0
BRF:0
BRH:0
end_of_record
TN:
SF:src\services\guides\jobGuideGenerator.js
FN:34,buildFallbackGuide
FN:67,buildLLMGuide
FN:105,persistGuide
FN:121,generateJobGuide
FN:169,getJobGuide
FNF:5
FNH:5
FNDA:10,buildFallbackGuide
FNDA:9,buildLLMGuide
FNDA:9,persistGuide
FNDA:12,generateJobGuide
FNDA:4,getJobGuide
DA:7,8
DA:8,8
DA:12,8
DA:22,8
DA:35,10
DA:36,10
DA:38,10
DA:44,10
DA:50,10
DA:56,10
DA:69,9
DA:74,9
DA:80,9
DA:81,9
DA:83,8
DA:86,6
DA:87,6
DA:89,5
DA:94,0
DA:97,5
DA:99,2
DA:106,9
DA:110,9
DA:122,12
DA:123,1
DA:126,11
DA:127,11
DA:128,11
DA:129,11
DA:131,11
DA:132,9
DA:137,9
DA:138,2
DA:141,7
DA:142,7
DA:143,7
DA:144,7
DA:148,9
DA:155,9
DA:156,4
DA:159,9
DA:161,9
DA:170,4
DA:175,4
DA:176,2
DA:179,2
DA:182,8
LF:47
LH:46
BRDA:34,0,0,0
BRDA:35,1,0,10
BRDA:35,1,1,2
BRDA:36,2,0,10
BRDA:36,2,1,2
BRDA:83,3,0,2
BRDA:83,3,1,6
BRDA:83,4,0,8
BRDA:83,4,1,6
BRDA:89,5,0,0
BRDA:89,5,1,5
BRDA:90,6,0,5
BRDA:90,6,1,5
BRDA:90,6,2,5
BRDA:108,7,0,9
BRDA:108,7,1,2
BRDA:122,8,0,1
BRDA:122,8,1,11
BRDA:122,9,0,12
BRDA:122,9,1,3
BRDA:127,10,0,11
BRDA:127,10,1,9
BRDA:128,11,0,11
BRDA:128,11,1,9
BRDA:129,12,0,11
BRDA:129,12,1,2
BRDA:131,13,0,9
BRDA:131,13,1,2
BRDA:137,14,0,2
BRDA:137,14,1,7
BRDA:142,15,0,7
BRDA:142,15,1,0
BRDA:143,16,0,7
BRDA:143,16,1,0
BRDA:144,17,0,7
BRDA:144,17,1,0
BRDA:155,18,0,4
BRDA:155,18,1,5
BRDA:175,19,0,2
BRDA:175,19,1,2
BRF:40
BRH:35
end_of_record
TN:
SF:src\services\orchestration\index.js
FNF:0
FNH:0
LF:0
LH:0
BRF:0
BRH:0
end_of_record
TN:
SF:src\services\pii\index.js
FNF:0
FNH:0
LF:0
LH:0
BRF:0
BRH:0
end_of_record
TN:
SF:src\services\pii\piiRedactor.js
FN:37,buildNameRegex
FN:39,(anonymous_1)
FN:52,redact
FN:87,(anonymous_3)
FN:121,restore
FNF:5
FNH:5
FNDA:8,buildNameRegex
FNDA:472,(anonymous_1)
FNDA:36,redact
FNDA:13,(anonymous_3)
FNDA:11,restore
DA:10,8
DA:17,8
DA:26,8
DA:29,8
DA:32,8
DA:38,8
DA:39,472
DA:40,8
DA:43,8
DA:53,36
DA:54,3
DA:57,33
DA:58,33
DA:61,33
DA:64,33
DA:65,33
DA:66,33
DA:67,33
DA:69,33
DA:70,16
DA:72,33
DA:73,9
DA:75,33
DA:76,9
DA:78,33
DA:79,7
DA:82,33
DA:83,3
DA:87,30
DA:89,30
DA:90,30
DA:91,30
DA:92,41
DA:93,41
DA:94,41
DA:99,30
DA:100,30
DA:102,30
DA:103,41
DA:104,41
DA:105,41
DA:106,41
DA:107,41
DA:108,41
DA:110,30
DA:112,30
DA:122,11
DA:123,1
DA:126,10
DA:127,10
DA:129,11
DA:130,11
DA:132,10
DA:135,8
LF:54
LH:54
BRDA:53,0,0,3
BRDA:53,0,1,33
BRDA:82,1,0,3
BRDA:82,1,1,30
BRDA:87,2,0,13
BRDA:87,2,1,0
BRDA:92,3,0,41
BRDA:92,3,1,0
BRDA:122,4,0,1
BRDA:122,4,1,10
BRF:10
BRH:8
end_of_record
TN:
SF:src\services\scoring\index.js
FNF:0
FNH:0
LF:0
LH:0
BRF:0
BRH:0
end_of_record
TN:
SF:src\services\scoring\strategies\jobFit.js
FN:42,inferSeniority
FN:71,computeSeniorityScore
FN:105,extractSkills
FN:121,jaccard
FN:123,(anonymous_4)
FN:136,ruleDomainScore
FN:168,tryLLMScore
FN:217,score
FNF:8
FNH:8
FNDA:46,inferSeniority
FNDA:23,computeSeniorityScore
FNDA:50,extractSkills
FNDA:25,jaccard
FNDA:71,(anonymous_4)
FNDA:23,ruleDomainScore
FNDA:25,tryLLMScore
FNDA:26,score
DA:11,7
DA:12,7
DA:16,7
DA:24,7
DA:26,7
DA:43,46
DA:44,42
DA:47,42
DA:48,226
DA:52,29
DA:53,29
DA:54,8
DA:55,8
DA:56,8
DA:57,6
DA:58,1
DA:62,21
DA:64,20
DA:72,23
DA:73,23
DA:74,23
DA:75,23
DA:76,23
DA:82,7
DA:106,50
DA:107,46
DA:108,46
DA:109,46
DA:110,5382
DA:112,46
DA:122,25
DA:123,71
DA:124,23
DA:125,23
DA:137,23
DA:138,23
DA:140,23
DA:141,23
DA:143,23
DA:144,18
DA:147,3
DA:156,3
DA:157,3
DA:159,2
DA:169,25
DA:170,25
DA:181,25
DA:187,25
DA:195,23
DA:197,3
DA:198,3
DA:200,2
DA:201,2
DA:203,2
DA:205,22
DA:218,26
DA:219,26
DA:222,26
DA:223,1
DA:231,25
DA:232,25
DA:233,25
DA:238,25
DA:240,25
DA:241,25
DA:242,2
DA:243,2
DA:244,2
DA:246,23
DA:247,23
DA:248,23
DA:249,23
DA:252,25
DA:258,25
DA:269,7
LF:75
LH:75
BRDA:43,0,0,4
BRDA:43,0,1,42
BRDA:43,1,0,46
BRDA:43,1,1,42
BRDA:48,2,0,13
BRDA:48,2,1,213
BRDA:53,3,0,8
BRDA:53,3,1,21
BRDA:55,4,0,0
BRDA:55,4,1,8
BRDA:56,5,0,2
BRDA:56,5,1,6
BRDA:57,6,0,5
BRDA:57,6,1,1
BRDA:62,7,0,1
BRDA:62,7,1,20
BRDA:72,8,0,23
BRDA:72,8,1,0
BRDA:73,9,0,23
BRDA:73,9,1,0
BRDA:106,10,0,4
BRDA:106,10,1,46
BRDA:106,11,0,50
BRDA:106,11,1,46
BRDA:110,12,0,128
BRDA:110,12,1,5254
BRDA:122,13,0,2
BRDA:122,13,1,23
BRDA:122,14,0,25
BRDA:122,14,1,2
BRDA:125,15,0,0
BRDA:125,15,1,23
BRDA:143,16,0,5
BRDA:143,16,1,18
BRDA:143,17,0,23
BRDA:143,17,1,18
BRDA:144,18,0,15
BRDA:144,18,1,3
BRDA:156,19,0,3
BRDA:156,19,1,0
BRDA:157,20,0,1
BRDA:157,20,1,2
BRDA:182,21,0,25
BRDA:182,21,1,2
BRDA:185,22,0,25
BRDA:185,22,1,2
BRDA:192,23,0,25
BRDA:192,23,1,25
BRDA:195,24,0,0
BRDA:195,24,1,3
BRDA:195,25,0,23
BRDA:195,25,1,3
BRDA:198,26,0,1
BRDA:198,26,1,2
BRDA:200,27,0,2
BRDA:200,27,1,0
BRDA:201,28,0,2
BRDA:201,28,1,0
BRDA:218,29,0,26
BRDA:218,29,1,3
BRDA:219,30,0,26
BRDA:219,30,1,3
BRDA:222,31,0,1
BRDA:222,31,1,25
BRDA:222,32,0,26
BRDA:222,32,1,3
BRDA:241,33,0,2
BRDA:241,33,1,23
BRF:68
BRH:60
end_of_record
TN:
SF:src\services\taxonomy\index.js
FNF:0
FNH:0
LF:0
LH:0
BRF:0
BRH:0
end_of_record
TN:
SF:src\services\taxonomy\onetLoader.js
FN:21,getOccupations
FN:32,loadONET
FN:63,tokenize
FN:74,overlapScore
FN:77,(anonymous_4)
FN:88,findOccupation
FN:100,(anonymous_6)
FN:120,getDomain
FNF:8
FNH:8
FNDA:53,getOccupations
FNDA:5,loadONET
FNDA:1008,tokenize
FNDA:960,overlapScore
FNDA:5420,(anonymous_4)
FNDA:55,findOccupation
FNDA:11184,(anonymous_6)
FNDA:51,getDomain
DA:7,8
DA:8,8
DA:10,8
DA:15,8
DA:22,53
DA:23,2
DA:25,53
DA:33,5
DA:35,5
DA:46,5
DA:47,81
DA:64,1008
DA:65,1008
DA:75,960
DA:76,960
DA:77,5420
DA:78,960
DA:89,55
DA:91,48
DA:92,48
DA:94,48
DA:95,48
DA:96,48
DA:98,48
DA:99,960
DA:100,11184
DA:101,960
DA:103,960
DA:104,960
DA:105,75
DA:106,75
DA:110,48
DA:121,51
DA:122,40
DA:125,8
LF:35
LH:35
BRDA:22,0,0,2
BRDA:22,0,1,51
BRDA:64,1,0,0
BRDA:64,1,1,1008
BRDA:64,2,0,1008
BRDA:64,2,1,1008
BRDA:75,3,0,0
BRDA:75,3,1,960
BRDA:75,4,0,960
BRDA:75,4,1,960
BRDA:89,5,0,7
BRDA:89,5,1,48
BRDA:89,6,0,55
BRDA:89,6,1,53
BRDA:92,7,0,0
BRDA:92,7,1,48
BRDA:104,8,0,75
BRDA:104,8,1,885
BRDA:121,9,0,11
BRDA:121,9,1,40
BRDA:121,10,0,51
BRDA:121,10,1,40
BRDA:122,11,0,40
BRDA:122,11,1,1
BRF:24
BRH:21
end_of_record
TN:
SF:src\utils\aiClient.js
FN:7,callAI
FN:15,(anonymous_1)
FN:82,extractJSON
FNF:3
FNH:1
FNDA:0,callAI
FNDA:0,(anonymous_1)
FNDA:3,extractJSON
DA:8,0
DA:9,0
DA:12,0
DA:13,0
DA:14,0
DA:15,0
DA:17,0
DA:18,0
DA:20,0
DA:21,0
DA:22,0
DA:23,0
DA:26,0
DA:29,0
DA:30,0
DA:32,0
DA:50,0
DA:51,0
DA:52,0
DA:53,0
DA:60,0
DA:61,0
DA:63,0
DA:64,0
DA:67,0
DA:68,0
DA:70,0
DA:71,0
DA:83,3
DA:84,3
DA:86,3
DA:87,3
DA:89,1
DA:90,1
DA:91,0
DA:92,0
DA:93,0
DA:94,0
DA:96,0
DA:101,5
LF:40
LH:7
BRDA:7,0,0,0
BRDA:7,1,0,0
BRDA:8,2,0,0
BRDA:8,2,1,0
BRDA:9,3,0,0
BRDA:9,3,1,0
BRDA:9,3,2,0
BRDA:13,4,0,0
BRDA:13,4,1,0
BRDA:20,5,0,0
BRDA:20,5,1,0
BRDA:22,6,0,0
BRDA:22,6,1,0
BRDA:22,7,0,0
BRDA:22,7,1,0
BRDA:50,8,0,0
BRDA:50,8,1,0
BRDA:63,9,0,0
BRDA:63,9,1,0
BRDA:84,10,0,1
BRDA:84,10,1,2
BRDA:90,11,0,1
BRDA:90,11,1,0
BRDA:91,12,0,0
BRDA:91,12,1,0
BRDA:92,13,0,0
BRDA:92,13,1,0
BRF:27
BRH:3
end_of_record
TN:
SF:src\utils\apiResponse.js
FN:3,ok
FN:16,fail
FN:23,badRequest
FN:27,unauthorized
FN:31,forbidden
FN:35,notFound
FN:39,serverError
FNF:7
FNH:7
FNDA:20,ok
FNDA:17,fail
FNDA:5,badRequest
FNDA:1,unauthorized
FNDA:1,forbidden
FNDA:3,notFound
FNDA:5,serverError
DA:4,20
DA:9,20
DA:10,1
DA:13,20
DA:17,17
DA:24,5
DA:28,1
DA:32,1
DA:36,3
DA:40,5
DA:41,5
DA:44,8
LF:12
LH:12
BRDA:3,0,0,19
BRDA:9,1,0,1
BRDA:9,1,1,19
BRDA:19,2,0,12
BRDA:19,2,1,5
BRDA:27,3,0,1
BRDA:31,4,0,1
BRDA:35,5,0,1
BRDA:39,6,0,1
BRF:9
BRH:9
end_of_record
TN:
SF:src\utils\embeddings.js
FN:15,embedText
FN:57,cosineSimilarity
FN:89,findTopSimilarChunks
FN:102,(anonymous_3)
FN:119,(anonymous_4)
FN:130,chunkText
FN:164,(anonymous_6)
FNF:7
FNH:0
FNDA:0,embedText
FNDA:0,cosineSimilarity
FNDA:0,findTopSimilarChunks
FNDA:0,(anonymous_3)
FNDA:0,(anonymous_4)
FNDA:0,chunkText
FNDA:0,(anonymous_6)
DA:7,6
DA:8,6
DA:16,0
DA:17,0
DA:20,0
DA:21,0
DA:31,0
DA:32,0
DA:33,0
DA:36,0
DA:37,0
DA:39,0
DA:40,0
DA:41,0
DA:44,0
DA:46,0
DA:47,0
DA:58,0
DA:59,0
DA:62,0
DA:63,0
DA:64,0
DA:66,0
DA:67,0
DA:68,0
DA:69,0
DA:72,0
DA:73,0
DA:75,0
DA:76,0
DA:79,0
DA:90,0
DA:91,0
DA:95,0
DA:96,0
DA:97,0
DA:98,0
DA:102,0
DA:103,0
DA:109,0
DA:110,0
DA:118,0
DA:119,0
DA:131,0
DA:132,0
DA:135,0
DA:136,0
DA:137,0
DA:140,0
DA:142,0
DA:143,0
DA:145,0
DA:146,0
DA:147,0
DA:148,0
DA:150,0
DA:155,0
DA:156,0
DA:160,0
DA:161,0
DA:164,0
DA:167,6
LF:62
LH:3
BRDA:7,0,0,6
BRDA:7,0,1,6
BRDA:8,1,0,6
BRDA:8,1,1,6
BRDA:16,2,0,0
BRDA:16,2,1,0
BRDA:16,3,0,0
BRDA:16,3,1,0
BRDA:31,4,0,0
BRDA:31,4,1,0
BRDA:39,5,0,0
BRDA:39,5,1,0
BRDA:39,6,0,0
BRDA:39,6,1,0
BRDA:58,7,0,0
BRDA:58,7,1,0
BRDA:58,8,0,0
BRDA:58,8,1,0
BRDA:58,8,2,0
BRDA:75,9,0,0
BRDA:75,9,1,0
BRDA:75,10,0,0
BRDA:75,10,1,0
BRDA:89,11,0,0
BRDA:90,12,0,0
BRDA:90,12,1,0
BRDA:90,13,0,0
BRDA:90,13,1,0
BRDA:96,14,0,0
BRDA:96,14,1,0
BRDA:103,15,0,0
BRDA:103,15,1,0
BRDA:105,16,0,0
BRDA:105,16,1,0
BRDA:113,17,0,0
BRDA:113,17,1,0
BRDA:130,18,0,0
BRDA:131,19,0,0
BRDA:131,19,1,0
BRDA:131,20,0,0
BRDA:131,20,1,0
BRDA:146,21,0,0
BRDA:146,21,1,0
BRDA:146,22,0,0
BRDA:146,22,1,0
BRDA:150,23,0,0
BRDA:150,23,1,0
BRDA:155,24,0,0
BRDA:155,24,1,0
BRDA:160,25,0,0
BRDA:160,25,1,0
BRF:51
BRH:4
end_of_record
TN:
SF:src\utils\initializeTables.js
FN:252,initializeTables
FNF:1
FNH:0
FNDA:0,initializeTables
DA:1,0
DA:3,0
DA:253,0
DA:255,0
DA:256,0
DA:257,0
DA:258,0
DA:260,0
DA:264,0
DA:267,0
LF:10
LH:0
BRF:0
BRH:0
end_of_record
