TN:
SF:src/config/database.js
FN:17,(anonymous_0)
FN:45,(anonymous_1)
FNF:2
FNH:0
FNDA:0,(anonymous_0)
FNDA:0,(anonymous_1)
DA:1,0
DA:2,0
DA:7,0
DA:9,0
DA:13,0
DA:16,0
DA:17,0
DA:18,0
DA:19,0
DA:22,0
DA:31,0
DA:38,0
DA:45,0
DA:46,0
DA:49,0
LF:15
LH:0
BRDA:7,0,0,0
BRDA:7,0,1,0
BRDA:18,1,0,0
BRDA:18,1,1,0
BRDA:28,2,0,0
BRDA:28,2,1,0
BRF:6
BRH:0
end_of_record
TN:
SF:src/middleware/auditLogger.js
FN:3,(anonymous_0)
FN:4,(anonymous_1)
FN:5,(anonymous_2)
FNF:3
FNH:3
FNDA:25,(anonymous_0)
FNDA:198,(anonymous_1)
FNDA:196,(anonymous_2)
DA:1,19
DA:3,19
DA:4,25
DA:5,198
DA:6,196
DA:7,196
DA:15,196
DA:16,196
DA:21,2
DA:25,198
DA:29,19
LF:11
LH:11
BRDA:6,0,0,182
BRDA:6,0,1,14
BRDA:11,1,0,196
BRDA:11,1,1,0
BRDA:12,2,0,92
BRDA:12,2,1,104
BRDA:12,3,0,196
BRDA:12,3,1,100
BRDA:12,3,2,100
BRDA:18,4,0,196
BRDA:18,4,1,0
BRF:11
BRH:9
end_of_record
TN:
SF:src/middleware/auth.js
FN:11,(anonymous_0)
FN:28,(anonymous_1)
FNF:2
FNH:0
FNDA:0,(anonymous_0)
FNDA:0,(anonymous_1)
DA:1,0
DA:2,0
DA:3,0
DA:5,0
DA:6,0
DA:7,0
DA:8,0
DA:11,0
DA:12,0
DA:13,0
DA:15,0
DA:17,0
DA:18,0
DA:20,0
DA:21,0
DA:22,0
DA:23,0
DA:28,0
DA:31,0
DA:32,0
DA:34,0
DA:35,0
DA:39,0
LF:23
LH:0
BRDA:6,0,0,0
BRDA:6,0,1,0
BRDA:6,1,0,0
BRDA:6,1,1,0
BRDA:13,2,0,0
BRDA:13,2,1,0
BRDA:15,3,0,0
BRDA:15,3,1,0
BRDA:20,4,0,0
BRDA:20,4,1,0
BRDA:22,5,0,0
BRDA:22,5,1,0
BRF:12
BRH:0
end_of_record
TN:
SF:src/middleware/errorHandler.js
FN:1,(anonymous_0)
FNF:1
FNH:1
FNDA:7,(anonymous_0)
DA:1,19
DA:2,7
DA:3,1
DA:6,6
DA:8,6
DA:9,3
DA:10,3
DA:11,0
DA:15,6
DA:20,19
LF:10
LH:9
BRDA:2,0,0,1
BRDA:2,0,1,6
BRDA:6,1,0,6
BRDA:6,1,1,4
BRDA:6,1,2,3
BRDA:8,2,0,3
BRDA:8,2,1,3
BRDA:10,3,0,0
BRDA:10,3,1,3
BRDA:16,4,0,3
BRDA:16,4,1,3
BRF:11
BRH:10
end_of_record
TN:
SF:src/middleware/requirePlan.js
FN:16,requirePlan
FN:17,(anonymous_1)
FNF:2
FNH:2
FNDA:710,requirePlan
FNDA:6,(anonymous_1)
DA:1,9
DA:3,9
DA:17,710
DA:18,6
DA:19,6
DA:21,5
DA:22,2
DA:30,3
DA:31,3
DA:33,1
DA:34,1
DA:39,9
LF:12
LH:12
BRDA:21,0,0,2
BRDA:21,0,1,3
BRDA:21,1,0,5
BRDA:21,1,1,4
BRDA:25,2,0,2
BRDA:25,2,1,0
BRDA:26,3,0,1
BRDA:26,3,1,1
BRF:8
BRH:7
end_of_record
TN:
SF:src/routes/achievementEnhancer.js
FN:26,parseAchievements
FN:42,(anonymous_1)
FN:43,(anonymous_2)
FN:45,(anonymous_3)
FN:49,buildPrompt
FN:54,(anonymous_5)
FN:69,parseAIBullets
FN:72,(anonymous_7)
FN:73,(anonymous_8)
FN:82,(anonymous_9)
FN:96,(anonymous_10)
FN:128,(anonymous_11)
FN:142,(anonymous_12)
FNF:13
FNH:0
FNDA:0,parseAchievements
FNDA:0,(anonymous_1)
FNDA:0,(anonymous_2)
FNDA:0,(anonymous_3)
FNDA:0,buildPrompt
FNDA:0,(anonymous_5)
FNDA:0,parseAIBullets
FNDA:0,(anonymous_7)
FNDA:0,(anonymous_8)
FNDA:0,(anonymous_9)
FNDA:0,(anonymous_10)
FNDA:0,(anonymous_11)
FNDA:0,(anonymous_12)
DA:15,18
DA:16,18
DA:17,18
DA:18,18
DA:19,18
DA:20,18
DA:22,18
DA:23,18
DA:27,0
DA:28,0
DA:30,0
DA:31,0
DA:32,0
DA:34,0
DA:35,0
DA:36,0
DA:37,0
DA:38,0
DA:41,0
DA:42,0
DA:43,0
DA:45,0
DA:50,0
DA:54,0
DA:56,0
DA:63,0
DA:65,0
DA:70,0
DA:72,0
DA:73,0
DA:76,0
DA:77,0
DA:79,0
DA:82,18
DA:83,0
DA:84,0
DA:85,0
DA:89,0
DA:90,0
DA:96,0
DA:103,0
DA:105,0
DA:106,0
DA:108,0
DA:116,0
DA:117,0
DA:118,0
DA:119,0
DA:120,0
DA:124,0
DA:125,0
DA:128,0
DA:135,0
DA:142,0
DA:147,0
DA:148,0
DA:152,18
LF:57
LH:10
BRDA:27,0,0,0
BRDA:27,0,1,0
BRDA:30,1,0,0
BRDA:30,1,1,0
BRDA:32,2,0,0
BRDA:32,2,1,0
BRDA:35,3,0,0
BRDA:35,3,1,0
BRDA:37,4,0,0
BRDA:37,4,1,0
BRDA:42,5,0,0
BRDA:42,5,1,0
BRDA:50,6,0,0
BRDA:50,6,1,0
BRDA:70,7,0,0
BRDA:70,7,1,0
BRDA:76,8,0,0
BRDA:76,8,1,0
BRDA:85,9,0,0
BRDA:85,9,1,0
BRDA:87,10,0,0
BRDA:87,10,1,0
BRDA:89,11,0,0
BRDA:89,11,1,0
BRDA:113,12,0,0
BRDA:113,12,1,0
BRDA:116,13,0,0
BRDA:116,13,1,0
BRDA:116,14,0,0
BRDA:116,14,1,0
BRDA:118,15,0,0
BRDA:118,15,1,0
BRDA:124,16,0,0
BRDA:124,16,1,0
BRDA:130,17,0,0
BRDA:130,17,1,0
BRDA:139,18,0,0
BRDA:139,18,1,0
BRF:38
BRH:0
end_of_record
TN:
SF:src/routes/activity.js
FN:7,(anonymous_0)
FN:27,(anonymous_1)
FN:42,(anonymous_2)
FN:53,(anonymous_3)
FN:64,(anonymous_4)
FN:75,(anonymous_5)
FNF:6
FNH:6
FNDA:7,(anonymous_0)
FNDA:8,(anonymous_1)
FNDA:3,(anonymous_2)
FNDA:3,(anonymous_3)
FNDA:4,(anonymous_4)
FNDA:4,(anonymous_5)
DA:1,18
DA:2,18
DA:3,18
DA:4,18
DA:7,18
DA:8,7
DA:9,7
DA:11,7
DA:12,2
DA:14,5
DA:15,2
DA:18,3
DA:19,2
DA:21,1
DA:22,1
DA:27,18
DA:28,8
DA:29,8
DA:30,8
DA:31,8
DA:33,8
DA:34,7
DA:36,1
DA:37,1
DA:42,18
DA:43,3
DA:44,3
DA:45,2
DA:47,1
DA:48,1
DA:53,18
DA:54,3
DA:55,3
DA:56,2
DA:58,1
DA:59,1
DA:64,18
DA:65,4
DA:66,4
DA:67,3
DA:69,1
DA:70,1
DA:75,18
DA:76,4
DA:77,4
DA:78,3
DA:80,1
DA:81,1
DA:85,18
LF:49
LH:49
BRDA:11,0,0,2
BRDA:11,0,1,5
BRDA:11,1,0,7
BRDA:11,1,1,6
BRDA:14,2,0,2
BRDA:14,2,1,3
BRDA:14,3,0,5
BRDA:14,3,1,4
BRDA:18,4,0,3
BRDA:18,4,1,2
BRDA:29,5,0,8
BRDA:29,5,1,5
BRDA:30,6,0,1
BRDA:30,6,1,7
BRDA:31,7,0,1
BRDA:31,7,1,7
BRF:16
BRH:16
end_of_record
TN:
SF:src/routes/admin.js
FN:7,(anonymous_0)
FN:23,(anonymous_1)
FN:45,(anonymous_2)
FN:56,(anonymous_3)
FN:76,(anonymous_4)
FN:97,(anonymous_5)
FNF:6
FNH:6
FNDA:12,(anonymous_0)
FNDA:2,(anonymous_1)
FNDA:1,(anonymous_2)
FNDA:3,(anonymous_3)
FNDA:3,(anonymous_4)
FNDA:4,(anonymous_5)
DA:1,18
DA:2,18
DA:3,18
DA:4,18
DA:7,18
DA:8,12
DA:9,12
DA:10,11
DA:11,1
DA:13,10
DA:15,1
DA:20,18
DA:23,18
DA:24,2
DA:25,2
DA:26,1
DA:27,1
DA:30,1
DA:32,1
DA:39,1
DA:40,1
DA:45,18
DA:46,1
DA:47,1
DA:48,1
DA:50,0
DA:51,0
DA:56,18
DA:57,3
DA:58,3
DA:59,3
DA:64,3
DA:66,3
DA:67,1
DA:68,1
DA:71,3
DA:73,3
DA:76,3
DA:77,3
DA:78,3
DA:79,2
DA:80,2
DA:82,1
DA:83,1
DA:86,3
DA:89,3
DA:91,0
DA:92,0
DA:97,18
DA:98,4
DA:99,4
DA:101,4
DA:102,1
DA:104,3
DA:105,0
DA:107,3
DA:108,1
DA:111,2
DA:112,2
DA:113,2
DA:114,1
DA:116,1
DA:118,0
DA:119,0
DA:123,18
LF:65
LH:58
BRDA:10,0,0,1
BRDA:10,0,1,10
BRDA:10,1,0,11
BRDA:10,1,1,11
BRDA:66,2,0,1
BRDA:66,2,1,2
BRDA:78,3,0,2
BRDA:78,3,1,1
BRDA:101,4,0,1
BRDA:101,4,1,3
BRDA:104,5,0,0
BRDA:104,5,1,3
BRDA:104,6,0,3
BRDA:104,6,1,3
BRDA:107,7,0,1
BRDA:107,7,1,2
BRDA:107,8,0,3
BRDA:107,8,1,1
BRDA:113,9,0,1
BRDA:113,9,1,1
BRF:20
BRH:19
end_of_record
TN:
SF:src/routes/adminPanels.js
FN:6,(anonymous_0)
FN:7,(anonymous_1)
FN:96,getUserShortlist
FN:113,(anonymous_3)
FN:119,(anonymous_4)
FN:120,(anonymous_5)
FN:181,(anonymous_6)
FN:187,(anonymous_7)
FN:190,(anonymous_8)
FN:192,(anonymous_9)
FN:196,(anonymous_10)
FN:220,(anonymous_11)
FN:234,(anonymous_12)
FN:244,(anonymous_13)
FN:254,(anonymous_14)
FN:262,(anonymous_15)
FN:285,(anonymous_16)
FN:291,(anonymous_17)
FN:306,(anonymous_18)
FN:312,(anonymous_19)
FN:315,(anonymous_20)
FN:318,(anonymous_21)
FN:321,(anonymous_22)
FN:322,(anonymous_23)
FN:323,(anonymous_24)
FN:323,(anonymous_25)
FN:328,(anonymous_26)
FN:331,(anonymous_27)
FN:353,(anonymous_28)
FN:365,(anonymous_29)
FN:380,(anonymous_30)
FN:394,(anonymous_31)
FN:425,(anonymous_32)
FNF:33
FNH:1
FNDA:216,(anonymous_0)
FNDA:0,(anonymous_1)
FNDA:0,getUserShortlist
FNDA:0,(anonymous_3)
FNDA:0,(anonymous_4)
FNDA:0,(anonymous_5)
FNDA:0,(anonymous_6)
FNDA:0,(anonymous_7)
FNDA:0,(anonymous_8)
FNDA:0,(anonymous_9)
FNDA:0,(anonymous_10)
FNDA:0,(anonymous_11)
FNDA:0,(anonymous_12)
FNDA:0,(anonymous_13)
FNDA:0,(anonymous_14)
FNDA:0,(anonymous_15)
FNDA:0,(anonymous_16)
FNDA:0,(anonymous_17)
FNDA:0,(anonymous_18)
FNDA:0,(anonymous_19)
FNDA:0,(anonymous_20)
FNDA:0,(anonymous_21)
FNDA:0,(anonymous_22)
FNDA:0,(anonymous_23)
FNDA:0,(anonymous_24)
FNDA:0,(anonymous_25)
FNDA:0,(anonymous_26)
FNDA:0,(anonymous_27)
FNDA:0,(anonymous_28)
FNDA:0,(anonymous_29)
FNDA:0,(anonymous_30)
FNDA:0,(anonymous_31)
FNDA:0,(anonymous_32)
DA:1,18
DA:2,18
DA:3,18
DA:4,18
DA:6,18
DA:7,216
DA:8,0
DA:9,0
DA:10,0
DA:11,0
DA:13,0
DA:15,0
DA:24,18
DA:47,18
DA:56,18
DA:63,18
DA:72,18
DA:87,18
DA:94,18
DA:97,0
DA:98,0
DA:105,0
DA:113,18
DA:114,0
DA:115,0
DA:118,0
DA:119,0
DA:120,0
DA:121,0
DA:123,0
DA:175,0
DA:176,0
DA:181,18
DA:182,0
DA:183,0
DA:184,0
DA:186,0
DA:187,0
DA:189,0
DA:190,0
DA:191,0
DA:192,0
DA:194,0
DA:195,0
DA:196,0
DA:197,0
DA:202,0
DA:203,0
DA:204,0
DA:205,0
DA:207,0
DA:214,0
DA:215,0
DA:220,18
DA:221,0
DA:222,0
DA:224,0
DA:225,0
DA:234,18
DA:235,0
DA:236,0
DA:238,0
DA:239,0
DA:244,18
DA:245,0
DA:246,0
DA:248,0
DA:249,0
DA:254,18
DA:255,0
DA:256,0
DA:258,0
DA:259,0
DA:262,0
DA:263,0
DA:276,0
DA:277,0
DA:279,0
DA:280,0
DA:285,18
DA:286,0
DA:287,0
DA:288,0
DA:290,0
DA:291,0
DA:294,0
DA:296,0
DA:297,0
DA:306,18
DA:307,0
DA:308,0
DA:309,0
DA:311,0
DA:312,0
DA:314,0
DA:315,0
DA:317,0
DA:318,0
DA:320,0
DA:321,0
DA:322,0
DA:323,0
DA:326,0
DA:327,0
DA:328,0
DA:329,0
DA:331,0
DA:335,0
DA:336,0
DA:337,0
DA:338,0
DA:340,0
DA:347,0
DA:348,0
DA:353,18
DA:354,0
DA:355,0
DA:356,0
DA:357,0
DA:359,0
DA:360,0
DA:365,18
DA:366,0
DA:367,0
DA:368,0
DA:370,0
DA:371,0
DA:374,0
DA:375,0
DA:376,0
DA:379,0
DA:380,0
DA:384,0
DA:386,0
DA:388,0
DA:389,0
DA:394,18
DA:395,0
DA:396,0
DA:398,0
DA:399,0
DA:402,0
DA:416,0
DA:417,0
DA:419,0
DA:420,0
DA:425,18
DA:426,0
DA:427,0
DA:429,0
DA:430,0
DA:434,18
LF:152
LH:26
BRDA:10,0,0,0
BRDA:10,0,1,0
BRDA:10,1,0,0
BRDA:10,1,1,0
BRDA:97,2,0,0
BRDA:97,2,1,0
BRDA:172,3,0,0
BRDA:172,3,1,0
BRDA:183,4,0,0
BRDA:186,5,0,0
BRDA:186,5,1,0
BRDA:189,6,0,0
BRDA:189,6,1,0
BRDA:191,7,0,0
BRDA:191,7,1,0
BRDA:194,8,0,0
BRDA:194,8,1,0
BRDA:197,9,0,0
BRDA:197,9,1,0
BRDA:203,10,0,0
BRDA:203,10,1,0
BRDA:258,11,0,0
BRDA:258,11,1,0
BRDA:258,12,0,0
BRDA:258,12,1,0
BRDA:258,12,2,0
BRDA:266,13,0,0
BRDA:266,13,1,0
BRDA:268,14,0,0
BRDA:268,14,1,0
BRDA:271,15,0,0
BRDA:271,15,1,0
BRDA:273,16,0,0
BRDA:273,16,1,0
BRDA:290,17,0,0
BRDA:290,17,1,0
BRDA:308,18,0,0
BRDA:311,19,0,0
BRDA:311,19,1,0
BRDA:314,20,0,0
BRDA:314,20,1,0
BRDA:317,21,0,0
BRDA:317,21,1,0
BRDA:320,22,0,0
BRDA:320,22,1,0
BRDA:326,23,0,0
BRDA:326,23,1,0
BRDA:329,24,0,0
BRDA:329,24,1,0
BRDA:329,24,2,0
BRDA:336,25,0,0
BRDA:336,25,1,0
BRDA:370,26,0,0
BRDA:370,26,1,0
BRDA:375,27,0,0
BRDA:375,27,1,0
BRDA:380,28,0,0
BRDA:380,28,1,0
BRDA:384,29,0,0
BRDA:384,29,1,0
BRDA:398,30,0,0
BRDA:398,30,1,0
BRDA:398,31,0,0
BRDA:398,31,1,0
BRDA:406,32,0,0
BRDA:406,32,1,0
BRDA:407,33,0,0
BRDA:407,33,1,0
BRDA:408,34,0,0
BRDA:408,34,1,0
BRDA:409,35,0,0
BRDA:409,35,1,0
BRF:72
BRH:0
end_of_record
TN:
SF:src/routes/aiCoach.js
FN:42,clamp
FN:47,ensureCodeReviewsTable
FN:67,ensureCareerCoachTable
FN:92,generateFallbackScore
FN:106,generateFallbackRecommendations
FN:156,generateFallbackSkillGap
FN:171,(anonymous_6)
FN:173,(anonymous_7)
FN:174,(anonymous_8)
FN:184,generateFallbackCareerPlan
FN:239,generateFallbackComparison
FN:262,generateFallbackCodeReview
FN:322,(anonymous_12)
FN:422,(anonymous_13)
FN:452,(anonymous_14)
FN:495,(anonymous_15)
FN:526,(anonymous_16)
FN:566,(anonymous_17)
FN:631,(anonymous_18)
FN:691,(anonymous_19)
FN:744,(anonymous_20)
FN:793,(anonymous_21)
FNF:22
FNH:2
FNDA:0,clamp
FNDA:18,ensureCodeReviewsTable
FNDA:18,ensureCareerCoachTable
FNDA:0,generateFallbackScore
FNDA:0,generateFallbackRecommendations
FNDA:0,generateFallbackSkillGap
FNDA:0,(anonymous_6)
FNDA:0,(anonymous_7)
FNDA:0,(anonymous_8)
FNDA:0,generateFallbackCareerPlan
FNDA:0,generateFallbackComparison
FNDA:0,generateFallbackCodeReview
FNDA:0,(anonymous_12)
FNDA:0,(anonymous_13)
FNDA:0,(anonymous_14)
FNDA:0,(anonymous_15)
FNDA:0,(anonymous_16)
FNDA:0,(anonymous_17)
FNDA:0,(anonymous_18)
FNDA:0,(anonymous_19)
FNDA:0,(anonymous_20)
FNDA:0,(anonymous_21)
DA:10,18
DA:11,18
DA:12,18
DA:13,18
DA:14,18
DA:15,18
DA:21,18
DA:34,18
DA:38,18
DA:43,0
DA:48,18
DA:49,18
DA:62,0
DA:68,18
DA:69,18
DA:80,0
DA:85,18
DA:86,18
DA:93,0
DA:94,0
DA:107,0
DA:157,0
DA:170,0
DA:171,0
DA:173,0
DA:174,0
DA:175,0
DA:185,0
DA:186,0
DA:240,0
DA:253,0
DA:255,0
DA:263,0
DA:264,0
DA:265,0
DA:267,0
DA:291,0
DA:292,0
DA:301,0
DA:322,18
DA:323,0
DA:325,0
DA:327,0
DA:328,0
DA:329,0
DA:330,0
DA:331,0
DA:334,0
DA:335,0
DA:339,0
DA:340,0
DA:341,0
DA:342,0
DA:343,0
DA:344,0
DA:345,0
DA:346,0
DA:353,0
DA:354,0
DA:358,0
DA:359,0
DA:365,0
DA:366,0
DA:370,0
DA:371,0
DA:377,0
DA:378,0
DA:382,0
DA:383,0
DA:389,0
DA:399,0
DA:410,0
DA:412,0
DA:413,0
DA:422,18
DA:423,0
DA:424,0
DA:425,0
DA:427,0
DA:428,0
DA:430,0
DA:437,0
DA:447,0
DA:449,0
DA:450,0
DA:451,0
DA:452,0
DA:461,0
DA:465,0
DA:466,0
DA:470,0
DA:471,0
DA:479,0
DA:481,0
DA:482,0
DA:495,18
DA:496,0
DA:497,0
DA:498,0
DA:499,0
DA:501,0
DA:502,0
DA:504,0
DA:511,0
DA:521,0
DA:523,0
DA:524,0
DA:525,0
DA:526,0
DA:532,0
DA:536,0
DA:537,0
DA:541,0
DA:542,0
DA:550,0
DA:552,0
DA:553,0
DA:566,18
DA:567,0
DA:568,0
DA:569,0
DA:570,0
DA:572,0
DA:573,0
DA:575,0
DA:582,0
DA:592,0
DA:594,0
DA:595,0
DA:596,0
DA:597,0
DA:598,0
DA:602,0
DA:603,0
DA:607,0
DA:608,0
DA:616,0
DA:618,0
DA:619,0
DA:631,18
DA:632,0
DA:634,0
DA:635,0
DA:638,0
DA:639,0
DA:641,0
DA:648,0
DA:658,0
DA:660,0
DA:661,0
DA:662,0
DA:663,0
DA:664,0
DA:668,0
DA:669,0
DA:672,0
DA:674,0
DA:675,0
DA:691,18
DA:692,0
DA:693,0
DA:695,0
DA:696,0
DA:699,0
DA:700,0
DA:701,0
DA:703,0
DA:704,0
DA:713,0
DA:715,0
DA:727,0
DA:737,0
DA:739,0
DA:740,0
DA:741,0
DA:742,0
DA:744,0
DA:759,0
DA:763,0
DA:764,0
DA:768,0
DA:769,0
DA:777,0
DA:779,0
DA:780,0
DA:793,18
DA:794,0
DA:796,0
DA:797,0
DA:806,0
DA:808,0
DA:809,0
DA:813,18
LF:193
LH:23
BRDA:170,0,0,0
BRDA:170,0,1,0
BRDA:171,1,0,0
BRDA:171,1,1,0
BRDA:174,2,0,0
BRDA:174,2,1,0
BRDA:177,3,0,0
BRDA:177,3,1,0
BRDA:185,4,0,0
BRDA:185,4,1,0
BRDA:256,5,0,0
BRDA:256,5,1,0
BRDA:257,6,0,0
BRDA:257,6,1,0
BRDA:291,7,0,0
BRDA:291,7,1,0
BRDA:291,8,0,0
BRDA:291,8,1,0
BRDA:310,9,0,0
BRDA:310,9,1,0
BRDA:339,10,0,0
BRDA:339,10,1,0
BRDA:342,11,0,0
BRDA:342,11,1,0
BRDA:343,12,0,0
BRDA:343,12,1,0
BRDA:344,13,0,0
BRDA:344,13,1,0
BRDA:345,14,0,0
BRDA:345,14,1,0
BRDA:358,15,0,0
BRDA:358,15,1,0
BRDA:370,16,0,0
BRDA:370,16,1,0
BRDA:382,17,0,0
BRDA:382,17,1,0
BRDA:425,18,0,0
BRDA:425,18,1,0
BRDA:449,19,0,0
BRDA:449,19,1,0
BRDA:451,20,0,0
BRDA:451,20,1,0
BRDA:451,21,0,0
BRDA:451,21,1,0
BRDA:453,22,0,0
BRDA:453,22,1,0
BRDA:454,23,0,0
BRDA:454,23,1,0
BRDA:455,24,0,0
BRDA:455,24,1,0
BRDA:456,25,0,0
BRDA:456,25,1,0
BRDA:457,26,0,0
BRDA:457,26,1,0
BRDA:458,27,0,0
BRDA:458,27,1,0
BRDA:465,28,0,0
BRDA:465,28,1,0
BRDA:498,29,0,0
BRDA:498,29,1,0
BRDA:499,30,0,0
BRDA:499,30,1,0
BRDA:523,31,0,0
BRDA:523,31,1,0
BRDA:525,32,0,0
BRDA:525,32,1,0
BRDA:525,33,0,0
BRDA:525,33,1,0
BRDA:527,34,0,0
BRDA:527,34,1,0
BRDA:528,35,0,0
BRDA:528,35,1,0
BRDA:529,36,0,0
BRDA:529,36,1,0
BRDA:530,37,0,0
BRDA:530,37,1,0
BRDA:536,38,0,0
BRDA:536,38,1,0
BRDA:569,39,0,0
BRDA:569,39,1,0
BRDA:570,40,0,0
BRDA:570,40,1,0
BRDA:594,41,0,0
BRDA:594,41,1,0
BRDA:596,42,0,0
BRDA:596,42,1,0
BRDA:602,43,0,0
BRDA:602,43,1,0
BRDA:634,44,0,0
BRDA:634,44,1,0
BRDA:634,45,0,0
BRDA:634,45,1,0
BRDA:660,46,0,0
BRDA:660,46,1,0
BRDA:662,47,0,0
BRDA:662,47,1,0
BRDA:662,48,0,0
BRDA:662,48,1,0
BRDA:668,49,0,0
BRDA:668,49,1,0
BRDA:695,50,0,0
BRDA:695,50,1,0
BRDA:695,51,0,0
BRDA:695,51,1,0
BRDA:695,51,2,0
BRDA:699,52,0,0
BRDA:699,52,1,0
BRDA:700,53,0,0
BRDA:700,53,1,0
BRDA:739,54,0,0
BRDA:739,54,1,0
BRDA:741,55,0,0
BRDA:741,55,1,0
BRDA:741,56,0,0
BRDA:741,56,1,0
BRDA:745,57,0,0
BRDA:745,57,1,0
BRDA:746,58,0,0
BRDA:746,58,1,0
BRDA:747,59,0,0
BRDA:747,59,1,0
BRDA:748,60,0,0
BRDA:748,60,1,0
BRDA:749,61,0,0
BRDA:749,61,1,0
BRDA:751,62,0,0
BRDA:751,62,1,0
BRDA:753,63,0,0
BRDA:753,63,1,0
BRDA:754,64,0,0
BRDA:754,64,1,0
BRDA:755,65,0,0
BRDA:755,65,1,0
BRDA:757,66,0,0
BRDA:757,66,1,0
BRDA:763,67,0,0
BRDA:763,67,1,0
BRF:137
BRH:0
end_of_record
TN:
SF:src/routes/aiTutor.js
FN:99,generateFallbackChatReply
FN:101,(anonymous_1)
FN:149,generateFallbackDoubtResolution
FN:201,(anonymous_3)
FN:206,(anonymous_4)
FN:219,(anonymous_5)
FN:247,(anonymous_6)
FN:266,(anonymous_7)
FN:319,(anonymous_8)
FN:326,(anonymous_9)
FN:334,(anonymous_10)
FN:342,(anonymous_11)
FN:350,(anonymous_12)
FNF:13
FNH:0
FNDA:0,generateFallbackChatReply
FNDA:0,(anonymous_1)
FNDA:0,generateFallbackDoubtResolution
FNDA:0,(anonymous_3)
FNDA:0,(anonymous_4)
FNDA:0,(anonymous_5)
FNDA:0,(anonymous_6)
FNDA:0,(anonymous_7)
FNDA:0,(anonymous_8)
FNDA:0,(anonymous_9)
FNDA:0,(anonymous_10)
FNDA:0,(anonymous_11)
FNDA:0,(anonymous_12)
DA:1,18
DA:2,18
DA:3,18
DA:4,18
DA:5,18
DA:9,18
DA:26,18
DA:46,18
DA:100,0
DA:101,0
DA:103,0
DA:104,0
DA:106,0
DA:107,0
DA:115,0
DA:116,0
DA:120,0
DA:121,0
DA:129,0
DA:140,0
DA:141,0
DA:143,0
DA:146,0
DA:150,0
DA:152,0
DA:153,0
DA:154,0
DA:155,0
DA:156,0
DA:158,0
DA:159,0
DA:160,0
DA:161,0
DA:162,0
DA:163,0
DA:164,0
DA:165,0
DA:166,0
DA:167,0
DA:168,0
DA:169,0
DA:170,0
DA:171,0
DA:172,0
DA:173,0
DA:174,0
DA:175,0
DA:176,0
DA:177,0
DA:178,0
DA:179,0
DA:180,0
DA:181,0
DA:183,0
DA:184,0
DA:185,0
DA:186,0
DA:187,0
DA:191,0
DA:192,0
DA:195,0
DA:201,18
DA:202,0
DA:206,18
DA:207,0
DA:208,0
DA:210,0
DA:211,0
DA:215,0
DA:216,0
DA:217,0
DA:218,0
DA:219,0
DA:221,0
DA:224,0
DA:225,0
DA:227,0
DA:238,0
DA:239,0
DA:240,0
DA:241,0
DA:244,0
DA:245,0
DA:247,0
DA:251,0
DA:252,0
DA:255,0
DA:261,0
DA:266,18
DA:267,0
DA:268,0
DA:270,0
DA:271,0
DA:274,0
DA:275,0
DA:276,0
DA:279,0
DA:289,0
DA:290,0
DA:291,0
DA:292,0
DA:294,0
DA:295,0
DA:298,0
DA:299,0
DA:302,0
DA:311,0
DA:317,18
DA:319,18
DA:320,0
DA:321,0
DA:322,0
DA:323,0
DA:326,18
DA:327,0
DA:328,0
DA:329,0
DA:330,0
DA:331,0
DA:334,18
DA:335,0
DA:336,0
DA:337,0
DA:338,0
DA:339,0
DA:342,18
DA:343,0
DA:344,0
DA:345,0
DA:346,0
DA:347,0
DA:350,18
DA:351,0
DA:352,0
DA:353,0
DA:354,0
DA:357,18
LF:137
LH:18
BRDA:100,0,0,0
BRDA:100,0,1,0
BRDA:101,1,0,0
BRDA:101,1,1,0
BRDA:101,2,0,0
BRDA:101,2,1,0
BRDA:106,3,0,0
BRDA:106,3,1,0
BRDA:106,4,0,0
BRDA:106,4,1,0
BRDA:106,4,2,0
BRDA:108,5,0,0
BRDA:108,5,1,0
BRDA:115,6,0,0
BRDA:115,6,1,0
BRDA:115,7,0,0
BRDA:115,7,1,0
BRDA:115,7,2,0
BRDA:120,8,0,0
BRDA:120,8,1,0
BRDA:120,9,0,0
BRDA:120,9,1,0
BRDA:140,10,0,0
BRDA:140,10,1,0
BRDA:150,11,0,0
BRDA:150,11,1,0
BRDA:158,12,0,0
BRDA:158,12,1,0
BRDA:158,13,0,0
BRDA:158,13,1,0
BRDA:164,14,0,0
BRDA:164,14,1,0
BRDA:164,15,0,0
BRDA:164,15,1,0
BRDA:164,15,2,0
BRDA:170,16,0,0
BRDA:170,16,1,0
BRDA:170,17,0,0
BRDA:170,17,1,0
BRDA:176,18,0,0
BRDA:176,18,1,0
BRDA:176,19,0,0
BRDA:176,19,1,0
BRDA:176,19,2,0
BRDA:191,20,0,0
BRDA:191,20,1,0
BRDA:191,21,0,0
BRDA:191,21,1,0
BRDA:210,22,0,0
BRDA:210,22,1,0
BRDA:210,23,0,0
BRDA:210,23,1,0
BRDA:216,24,0,0
BRDA:216,24,1,0
BRDA:216,25,0,0
BRDA:216,25,1,0
BRDA:219,26,0,0
BRDA:219,26,1,0
BRDA:224,27,0,0
BRDA:224,27,1,0
BRDA:238,28,0,0
BRDA:238,28,1,0
BRDA:240,29,0,0
BRDA:240,29,1,0
BRDA:240,30,0,0
BRDA:240,30,1,0
BRDA:247,31,0,0
BRDA:247,31,1,0
BRDA:257,32,0,0
BRDA:257,32,1,0
BRDA:270,33,0,0
BRDA:270,33,1,0
BRDA:270,34,0,0
BRDA:270,34,1,0
BRDA:274,35,0,0
BRDA:274,35,1,0
BRDA:275,36,0,0
BRDA:275,36,1,0
BRDA:275,37,0,0
BRDA:275,37,1,0
BRDA:289,38,0,0
BRDA:289,38,1,0
BRDA:291,39,0,0
BRDA:291,39,1,0
BRDA:291,40,0,0
BRDA:291,40,1,0
BRDA:291,40,2,0
BRDA:307,41,0,0
BRDA:307,41,1,0
BRDA:329,42,0,0
BRDA:329,42,1,0
BRDA:337,43,0,0
BRDA:337,43,1,0
BRF:93
BRH:0
end_of_record
TN:
SF:src/routes/atsCheckerV2.js
FN:17,(anonymous_0)
FN:31,(anonymous_1)
FNF:2
FNH:0
FNDA:0,(anonymous_0)
FNDA:0,(anonymous_1)
DA:6,18
DA:7,18
DA:8,18
DA:9,18
DA:10,18
DA:11,18
DA:12,18
DA:14,18
DA:18,0
DA:19,0
DA:20,0
DA:22,0
DA:31,18
DA:32,0
DA:33,0
DA:34,0
DA:40,0
DA:42,0
DA:44,0
DA:45,0
DA:46,0
DA:48,0
DA:49,0
DA:50,0
DA:52,0
DA:55,0
DA:56,0
DA:62,0
DA:69,0
DA:70,0
DA:78,18
LF:31
LH:10
BRDA:19,0,0,0
BRDA:19,0,1,0
BRDA:33,1,0,0
BRDA:33,1,1,0
BRDA:42,2,0,0
BRDA:42,2,1,0
BRDA:46,3,0,0
BRDA:46,3,1,0
BRDA:50,4,0,0
BRDA:50,4,1,0
BRDA:55,5,0,0
BRDA:55,5,1,0
BRDA:55,6,0,0
BRDA:55,6,1,0
BRF:14
BRH:0
end_of_record
TN:
SF:src/routes/atsExport.js
FN:8,(anonymous_0)
FN:43,(anonymous_1)
FN:78,(anonymous_2)
FNF:3
FNH:0
FNDA:0,(anonymous_0)
FNDA:0,(anonymous_1)
FNDA:0,(anonymous_2)
DA:1,18
DA:2,18
DA:3,18
DA:4,18
DA:5,18
DA:8,18
DA:9,0
DA:10,0
DA:11,0
DA:13,0
DA:14,0
DA:18,0
DA:19,0
DA:20,0
DA:23,0
DA:26,0
DA:29,0
DA:30,0
DA:33,0
DA:35,0
DA:37,0
DA:38,0
DA:43,18
DA:44,0
DA:45,0
DA:46,0
DA:48,0
DA:49,0
DA:53,0
DA:54,0
DA:55,0
DA:58,0
DA:61,0
DA:64,0
DA:65,0
DA:68,0
DA:70,0
DA:72,0
DA:73,0
DA:78,18
DA:79,0
DA:80,0
DA:81,0
DA:83,0
DA:85,0
DA:92,0
DA:93,0
DA:97,18
LF:48
LH:9
BRDA:13,0,0,0
BRDA:13,0,1,0
BRDA:19,1,0,0
BRDA:19,1,1,0
BRDA:23,2,0,0
BRDA:23,2,1,0
BRDA:48,3,0,0
BRDA:48,3,1,0
BRDA:54,4,0,0
BRDA:54,4,1,0
BRDA:58,5,0,0
BRDA:58,5,1,0
BRDA:81,6,0,0
BRDA:81,6,1,0
BRF:14
BRH:0
end_of_record
TN:
SF:src/routes/auth.js
FN:24,sanitizeUser
FN:29,getRequestMeta
FN:37,handleAccountInUse
FN:49,(anonymous_3)
FN:91,(anonymous_4)
FN:128,(anonymous_5)
FN:153,(anonymous_6)
FN:190,(anonymous_7)
FN:200,(anonymous_8)
FN:204,(anonymous_9)
FN:221,(anonymous_10)
FN:235,(anonymous_11)
FNF:12
FNH:12
FNDA:1,sanitizeUser
FNDA:3,getRequestMeta
FNDA:1,handleAccountInUse
FNDA:4,(anonymous_3)
FNDA:4,(anonymous_4)
FNDA:3,(anonymous_5)
FNDA:2,(anonymous_6)
FNDA:1,(anonymous_7)
FNDA:1,(anonymous_8)
FNDA:1,(anonymous_9)
FNDA:2,(anonymous_10)
FNDA:2,(anonymous_11)
DA:1,18
DA:2,18
DA:3,18
DA:4,18
DA:5,18
DA:6,18
DA:7,18
DA:9,18
DA:17,18
DA:25,1
DA:26,1
DA:30,3
DA:38,1
DA:39,1
DA:45,0
DA:49,18
DA:50,4
DA:51,4
DA:52,4
DA:53,2
DA:55,2
DA:57,2
DA:58,2
DA:59,1
DA:62,1
DA:63,1
DA:65,1
DA:70,1
DA:71,1
DA:75,1
DA:77,1
DA:79,1
DA:86,0
DA:91,18
DA:92,4
DA:93,4
DA:94,4
DA:95,0
DA:97,4
DA:99,4
DA:100,4
DA:101,1
DA:104,3
DA:105,3
DA:106,3
DA:107,1
DA:110,2
DA:116,1
DA:123,1
DA:128,18
DA:129,3
DA:130,3
DA:131,3
DA:132,1
DA:135,2
DA:136,2
DA:137,1
DA:143,1
DA:148,0
DA:153,18
DA:154,2
DA:155,2
DA:158,2
DA:159,2
DA:160,0
DA:161,0
DA:162,0
DA:163,0
DA:164,0
DA:165,0
DA:166,0
DA:174,2
DA:175,1
DA:176,1
DA:177,1
DA:183,2
DA:185,0
DA:190,18
DA:191,1
DA:192,1
DA:193,1
DA:195,0
DA:200,18
DA:201,1
DA:202,1
DA:203,1
DA:204,1
DA:216,0
DA:221,18
DA:222,2
DA:223,2
DA:224,2
DA:225,1
DA:227,1
DA:228,1
DA:230,0
DA:235,18
DA:236,2
DA:237,2
DA:241,2
DA:242,1
DA:244,1
DA:249,0
DA:253,18
LF:104
LH:88
BRDA:32,0,0,3
BRDA:32,0,1,0
BRDA:38,1,0,1
BRDA:38,1,1,0
BRDA:52,2,0,2
BRDA:52,2,1,2
BRDA:58,3,0,1
BRDA:58,3,1,1
BRDA:94,4,0,0
BRDA:94,4,1,4
BRDA:100,5,0,1
BRDA:100,5,1,3
BRDA:106,6,0,1
BRDA:106,6,1,2
BRDA:131,7,0,1
BRDA:131,7,1,2
BRDA:136,8,0,1
BRDA:136,8,1,1
BRDA:159,9,0,0
BRDA:159,9,1,2
BRDA:164,10,0,0
BRDA:164,10,1,0
BRDA:174,11,0,1
BRDA:174,11,1,1
BRDA:224,12,0,1
BRDA:224,12,1,1
BRDA:241,13,0,1
BRDA:241,13,1,1
BRDA:246,14,0,1
BRDA:246,14,1,0
BRF:30
BRH:23
end_of_record
TN:
SF:src/routes/benchmarks.js
FN:9,(anonymous_0)
FN:22,(anonymous_1)
FNF:2
FNH:2
FNDA:5,(anonymous_0)
FNDA:3,(anonymous_1)
DA:1,18
DA:2,18
DA:3,18
DA:4,18
DA:6,18
DA:9,18
DA:10,5
DA:11,5
DA:12,4
DA:13,1
DA:15,3
DA:17,1
DA:22,18
DA:23,3
DA:25,3
DA:26,1
DA:28,2
DA:29,1
DA:32,1
DA:33,1
DA:34,1
DA:36,0
DA:40,18
LF:23
LH:22
BRDA:12,0,0,1
BRDA:12,0,1,3
BRDA:12,1,0,4
BRDA:12,1,1,4
BRDA:25,2,0,1
BRDA:25,2,1,2
BRDA:28,3,0,1
BRDA:28,3,1,1
BRF:8
BRH:8
end_of_record
TN:
SF:src/routes/careerRoadmap.js
FN:11,(anonymous_0)
FN:107,(anonymous_1)
FN:134,(anonymous_2)
FN:160,generateFallbackRoadmap
FNF:4
FNH:3
FNDA:5,(anonymous_0)
FNDA:2,(anonymous_1)
FNDA:0,(anonymous_2)
FNDA:3,generateFallbackRoadmap
DA:1,18
DA:2,18
DA:3,18
DA:4,18
DA:5,18
DA:6,18
DA:8,18
DA:11,18
DA:12,5
DA:14,5
DA:15,0
DA:18,5
DA:20,5
DA:21,5
DA:23,5
DA:24,1
DA:28,4
DA:29,4
DA:32,4
DA:39,4
DA:43,4
DA:54,4
DA:60,4
DA:70,4
DA:72,4
DA:73,1
DA:74,1
DA:75,1
DA:77,0
DA:78,0
DA:81,3
DA:82,3
DA:86,4
DA:87,4
DA:91,3
DA:93,1
DA:97,4
DA:99,0
DA:100,0
DA:102,5
DA:107,18
DA:108,2
DA:109,2
DA:110,2
DA:112,2
DA:117,2
DA:118,1
DA:121,1
DA:122,1
DA:126,1
DA:128,0
DA:129,0
DA:134,18
DA:135,0
DA:136,0
DA:138,0
DA:143,0
DA:144,0
DA:147,0
DA:148,0
DA:152,0
DA:154,0
DA:155,0
DA:161,3
DA:162,3
DA:164,3
DA:234,18
LF:67
LH:50
BRDA:14,0,0,0
BRDA:14,0,1,5
BRDA:23,1,0,1
BRDA:23,1,1,4
BRDA:29,2,0,2
BRDA:29,2,1,2
BRDA:39,3,0,1
BRDA:39,3,1,3
BRDA:41,4,0,3
BRDA:41,4,1,3
BRDA:55,5,0,4
BRDA:55,5,1,3
BRDA:72,6,0,1
BRDA:72,6,1,3
BRDA:74,7,0,1
BRDA:74,7,1,0
BRDA:89,8,0,4
BRDA:89,8,1,3
BRDA:117,9,0,1
BRDA:117,9,1,1
BRDA:122,10,0,1
BRDA:122,10,1,0
BRDA:143,11,0,0
BRDA:143,11,1,0
BRDA:148,12,0,0
BRDA:148,12,1,0
BRDA:161,13,0,1
BRDA:161,13,1,2
BRDA:161,14,0,0
BRDA:161,14,1,2
BRDA:175,15,0,1
BRDA:175,15,1,2
BRDA:177,16,0,1
BRDA:177,16,1,1
BRF:34
BRH:26
end_of_record
TN:
SF:src/routes/community.js
FN:19,(anonymous_0)
FN:142,(anonymous_1)
FN:151,(anonymous_2)
FN:152,(anonymous_3)
FN:165,(anonymous_4)
FN:183,(anonymous_5)
FN:187,(anonymous_6)
FN:193,(anonymous_7)
FN:199,(anonymous_8)
FN:214,(anonymous_9)
FN:220,(anonymous_10)
FN:228,(anonymous_11)
FN:228,(anonymous_12)
FN:247,(anonymous_13)
FN:273,(anonymous_14)
FN:316,(anonymous_15)
FN:330,(anonymous_16)
FN:357,(anonymous_17)
FN:377,(anonymous_18)
FN:440,generateFallbackPracticeFeedback
FN:460,generateFallbackEmailFeedback
FN:477,generateFallbackHRFeedback
FN:496,(anonymous_22)
FN:545,(anonymous_23)
FNF:24
FNH:1
FNDA:18,(anonymous_0)
FNDA:0,(anonymous_1)
FNDA:0,(anonymous_2)
FNDA:0,(anonymous_3)
FNDA:0,(anonymous_4)
FNDA:0,(anonymous_5)
FNDA:0,(anonymous_6)
FNDA:0,(anonymous_7)
FNDA:0,(anonymous_8)
FNDA:0,(anonymous_9)
FNDA:0,(anonymous_10)
FNDA:0,(anonymous_11)
FNDA:0,(anonymous_12)
FNDA:0,(anonymous_13)
FNDA:0,(anonymous_14)
FNDA:0,(anonymous_15)
FNDA:0,(anonymous_16)
FNDA:0,(anonymous_17)
FNDA:0,(anonymous_18)
FNDA:0,generateFallbackPracticeFeedback
FNDA:0,generateFallbackEmailFeedback
FNDA:0,generateFallbackHRFeedback
FNDA:0,(anonymous_22)
FNDA:0,(anonymous_23)
DA:11,18
DA:12,18
DA:13,18
DA:14,18
DA:15,18
DA:16,18
DA:19,18
DA:20,18
DA:21,18
DA:36,18
DA:47,18
DA:58,18
DA:72,18
DA:85,0
DA:93,18
DA:103,18
DA:111,18
DA:118,18
DA:124,18
DA:142,18
DA:143,0
DA:144,0
DA:150,0
DA:151,0
DA:152,0
DA:153,0
DA:155,0
DA:157,0
DA:159,0
DA:160,0
DA:165,18
DA:166,0
DA:167,0
DA:168,0
DA:169,0
DA:170,0
DA:172,0
DA:173,0
DA:175,0
DA:176,0
DA:180,0
DA:181,0
DA:183,0
DA:184,0
DA:186,0
DA:187,0
DA:188,0
DA:193,18
DA:194,0
DA:195,0
DA:196,0
DA:197,0
DA:199,0
DA:200,0
DA:201,0
DA:205,0
DA:207,0
DA:211,0
DA:213,0
DA:214,0
DA:215,0
DA:220,18
DA:221,0
DA:222,0
DA:223,0
DA:226,0
DA:227,0
DA:228,0
DA:230,0
DA:231,0
DA:232,0
DA:234,0
DA:239,0
DA:241,0
DA:242,0
DA:247,18
DA:248,0
DA:249,0
DA:250,0
DA:252,0
DA:253,0
DA:254,0
DA:256,0
DA:263,0
DA:265,0
DA:267,0
DA:268,0
DA:273,18
DA:274,0
DA:275,0
DA:276,0
DA:277,0
DA:280,0
DA:282,0
DA:287,0
DA:288,0
DA:289,0
DA:292,0
DA:293,0
DA:294,0
DA:296,0
DA:300,0
DA:301,0
DA:304,0
DA:306,0
DA:307,0
DA:316,18
DA:317,0
DA:318,0
DA:319,0
DA:320,0
DA:322,0
DA:324,0
DA:325,0
DA:330,18
DA:331,0
DA:332,0
DA:333,0
DA:336,0
DA:337,0
DA:339,0
DA:340,0
DA:345,0
DA:347,0
DA:348,0
DA:357,18
DA:358,0
DA:359,0
DA:362,0
DA:363,0
DA:365,0
DA:367,0
DA:368,0
DA:377,18
DA:380,0
DA:387,18
DA:404,18
DA:420,18
DA:441,0
DA:442,0
DA:443,0
DA:444,0
DA:446,0
DA:461,0
DA:462,0
DA:463,0
DA:464,0
DA:466,0
DA:478,0
DA:479,0
DA:481,0
DA:496,18
DA:497,0
DA:498,0
DA:499,0
DA:502,0
DA:504,0
DA:505,0
DA:506,0
DA:513,0
DA:514,0
DA:515,0
DA:517,0
DA:519,0
DA:520,0
DA:525,0
DA:526,0
DA:533,0
DA:534,0
DA:535,0
DA:537,0
DA:539,0
DA:540,0
DA:545,18
DA:546,0
DA:547,0
DA:548,0
DA:551,0
DA:553,0
DA:554,0
DA:561,0
DA:562,0
DA:563,0
DA:565,0
DA:567,0
DA:568,0
DA:572,18
LF:187
LH:34
BRDA:150,0,0,0
BRDA:150,0,1,0
BRDA:153,1,0,0
BRDA:153,1,1,0
BRDA:167,2,0,0
BRDA:167,2,1,0
BRDA:168,3,0,0
BRDA:168,3,1,0
BRDA:173,4,0,0
BRDA:173,4,1,0
BRDA:180,5,0,0
BRDA:180,5,1,0
BRDA:197,6,0,0
BRDA:197,6,1,0
BRDA:200,7,0,0
BRDA:200,7,1,0
BRDA:215,8,0,0
BRDA:215,8,1,0
BRDA:222,9,0,0
BRDA:222,9,1,0
BRDA:222,10,0,0
BRDA:222,10,1,0
BRDA:222,10,2,0
BRDA:222,10,3,0
BRDA:227,11,0,0
BRDA:227,11,1,0
BRDA:228,12,0,0
BRDA:228,12,1,0
BRDA:232,13,0,0
BRDA:232,13,1,0
BRDA:250,14,0,0
BRDA:250,14,1,0
BRDA:250,15,0,0
BRDA:250,15,1,0
BRDA:254,16,0,0
BRDA:254,16,1,0
BRDA:276,17,0,0
BRDA:276,17,1,0
BRDA:287,18,0,0
BRDA:287,18,1,0
BRDA:288,19,0,0
BRDA:288,19,1,0
BRDA:293,20,0,0
BRDA:293,20,1,0
BRDA:300,21,0,0
BRDA:300,21,1,0
BRDA:319,22,0,0
BRDA:319,22,1,0
BRDA:332,23,0,0
BRDA:332,23,1,0
BRDA:332,24,0,0
BRDA:332,24,1,0
BRDA:343,25,0,0
BRDA:343,25,1,0
BRDA:343,26,0,0
BRDA:343,26,1,0
BRDA:362,27,0,0
BRDA:362,27,1,0
BRDA:444,28,0,0
BRDA:444,28,1,0
BRDA:444,29,0,0
BRDA:444,29,1,0
BRDA:464,30,0,0
BRDA:464,30,1,0
BRDA:464,31,0,0
BRDA:464,31,1,0
BRDA:470,32,0,0
BRDA:470,32,1,0
BRDA:470,33,0,0
BRDA:470,33,1,0
BRDA:472,34,0,0
BRDA:472,34,1,0
BRDA:472,35,0,0
BRDA:472,35,1,0
BRDA:498,36,0,0
BRDA:498,36,1,0
BRDA:498,37,0,0
BRDA:498,37,1,0
BRDA:504,38,0,0
BRDA:504,38,1,0
BRDA:508,39,0,0
BRDA:508,39,1,0
BRDA:514,40,0,0
BRDA:514,40,1,0
BRDA:514,41,0,0
BRDA:514,41,1,0
BRDA:528,42,0,0
BRDA:528,42,1,0
BRDA:534,43,0,0
BRDA:534,43,1,0
BRDA:534,44,0,0
BRDA:534,44,1,0
BRDA:547,45,0,0
BRDA:547,45,1,0
BRDA:547,46,0,0
BRDA:547,46,1,0
BRDA:556,47,0,0
BRDA:556,47,1,0
BRDA:556,48,0,0
BRDA:556,48,1,0
BRDA:562,49,0,0
BRDA:562,49,1,0
BRDA:562,50,0,0
BRDA:562,50,1,0
BRF:104
BRH:0
end_of_record
TN:
SF:src/routes/courses.js
FN:9,(anonymous_0)
FN:363,getAllCourses
FN:371,getAllPaths
FN:380,(anonymous_3)
FN:388,(anonymous_4)
FN:391,(anonymous_5)
FN:395,(anonymous_6)
FN:399,(anonymous_7)
FN:418,(anonymous_8)
FN:441,(anonymous_9)
FN:442,(anonymous_10)
FN:443,(anonymous_11)
FN:448,(anonymous_12)
FN:449,(anonymous_13)
FN:450,(anonymous_14)
FN:470,(anonymous_15)
FN:484,(anonymous_16)
FN:486,(anonymous_17)
FN:486,(anonymous_18)
FN:487,(anonymous_19)
FN:492,(anonymous_20)
FN:493,(anonymous_21)
FN:496,(anonymous_22)
FN:516,(anonymous_23)
FN:520,(anonymous_24)
FN:526,(anonymous_25)
FN:526,(anonymous_26)
FN:537,(anonymous_27)
FN:538,(anonymous_28)
FN:539,(anonymous_29)
FN:547,(anonymous_30)
FN:550,(anonymous_31)
FN:563,(anonymous_32)
FN:567,(anonymous_33)
FN:595,(anonymous_34)
FN:599,(anonymous_35)
FN:617,(anonymous_36)
FN:625,(anonymous_37)
FN:654,(anonymous_38)
FNF:39
FNH:1
FNDA:18,(anonymous_0)
FNDA:0,getAllCourses
FNDA:0,getAllPaths
FNDA:0,(anonymous_3)
FNDA:0,(anonymous_4)
FNDA:0,(anonymous_5)
FNDA:0,(anonymous_6)
FNDA:0,(anonymous_7)
FNDA:0,(anonymous_8)
FNDA:0,(anonymous_9)
FNDA:0,(anonymous_10)
FNDA:0,(anonymous_11)
FNDA:0,(anonymous_12)
FNDA:0,(anonymous_13)
FNDA:0,(anonymous_14)
FNDA:0,(anonymous_15)
FNDA:0,(anonymous_16)
FNDA:0,(anonymous_17)
FNDA:0,(anonymous_18)
FNDA:0,(anonymous_19)
FNDA:0,(anonymous_20)
FNDA:0,(anonymous_21)
FNDA:0,(anonymous_22)
FNDA:0,(anonymous_23)
FNDA:0,(anonymous_24)
FNDA:0,(anonymous_25)
FNDA:0,(anonymous_26)
FNDA:0,(anonymous_27)
FNDA:0,(anonymous_28)
FNDA:0,(anonymous_29)
FNDA:0,(anonymous_30)
FNDA:0,(anonymous_31)
FNDA:0,(anonymous_32)
FNDA:0,(anonymous_33)
FNDA:0,(anonymous_34)
FNDA:0,(anonymous_35)
FNDA:0,(anonymous_36)
FNDA:0,(anonymous_37)
FNDA:0,(anonymous_38)
DA:1,18
DA:2,18
DA:3,18
DA:4,18
DA:5,18
DA:6,18
DA:9,18
DA:10,18
DA:11,18
DA:30,18
DA:42,18
DA:54,18
DA:66,0
DA:72,18
DA:311,18
DA:364,0
DA:365,0
DA:366,0
DA:368,0
DA:372,0
DA:373,0
DA:374,0
DA:376,0
DA:380,18
DA:381,0
DA:382,0
DA:383,0
DA:385,0
DA:387,0
DA:388,0
DA:390,0
DA:391,0
DA:393,0
DA:394,0
DA:395,0
DA:396,0
DA:399,0
DA:403,0
DA:404,0
DA:405,0
DA:407,0
DA:413,0
DA:418,18
DA:419,0
DA:420,0
DA:421,0
DA:422,0
DA:426,0
DA:429,0
DA:430,0
DA:431,0
DA:435,0
DA:438,0
DA:440,0
DA:441,0
DA:443,0
DA:444,0
DA:448,0
DA:449,0
DA:450,0
DA:451,0
DA:454,0
DA:465,0
DA:470,18
DA:471,0
DA:472,0
DA:473,0
DA:475,0
DA:476,0
DA:477,0
DA:481,0
DA:484,0
DA:485,0
DA:486,0
DA:487,0
DA:490,0
DA:491,0
DA:492,0
DA:493,0
DA:494,0
DA:496,0
DA:499,0
DA:509,0
DA:511,0
DA:516,18
DA:517,0
DA:518,0
DA:519,0
DA:520,0
DA:522,0
DA:524,0
DA:525,0
DA:526,0
DA:528,0
DA:529,0
DA:530,0
DA:534,0
DA:537,0
DA:538,0
DA:539,0
DA:540,0
DA:547,0
DA:548,0
DA:549,0
DA:550,0
DA:553,0
DA:558,0
DA:563,18
DA:564,0
DA:565,0
DA:566,0
DA:567,0
DA:569,0
DA:571,0
DA:572,0
DA:573,0
DA:577,0
DA:580,0
DA:590,0
DA:595,18
DA:596,0
DA:597,0
DA:598,0
DA:599,0
DA:601,0
DA:603,0
DA:610,0
DA:612,0
DA:617,18
DA:618,0
DA:619,0
DA:620,0
DA:622,0
DA:624,0
DA:625,0
DA:626,0
DA:630,0
DA:631,0
DA:635,0
DA:638,0
DA:640,0
DA:644,0
DA:647,0
DA:651,0
DA:652,0
DA:653,0
DA:654,0
DA:657,0
DA:658,0
DA:659,0
DA:661,0
DA:668,0
DA:669,0
DA:670,0
DA:671,0
DA:672,0
DA:673,0
DA:674,0
DA:676,0
DA:677,0
DA:679,0
DA:680,0
DA:682,0
DA:684,0
DA:686,0
DA:691,0
DA:698,0
DA:700,0
DA:704,18
LF:169
LH:22
BRDA:366,0,0,0
BRDA:366,0,1,0
BRDA:374,1,0,0
BRDA:374,1,1,0
BRDA:382,2,0,0
BRDA:387,3,0,0
BRDA:387,3,1,0
BRDA:387,4,0,0
BRDA:387,4,1,0
BRDA:390,5,0,0
BRDA:390,5,1,0
BRDA:390,6,0,0
BRDA:390,6,1,0
BRDA:393,7,0,0
BRDA:393,7,1,0
BRDA:396,8,0,0
BRDA:396,8,1,0
BRDA:396,8,2,0
BRDA:396,8,3,0
BRDA:399,9,0,0
BRDA:399,9,1,0
BRDA:435,10,0,0
BRDA:435,10,1,0
BRDA:444,11,0,0
BRDA:444,11,1,0
BRDA:451,12,0,0
BRDA:451,12,1,0
BRDA:485,13,0,0
BRDA:485,13,1,0
BRDA:485,14,0,0
BRDA:485,14,1,0
BRDA:487,15,0,0
BRDA:487,15,1,0
BRDA:491,16,0,0
BRDA:491,16,1,0
BRDA:494,17,0,0
BRDA:494,17,1,0
BRDA:522,18,0,0
BRDA:522,18,1,0
BRDA:525,19,0,0
BRDA:525,19,1,0
BRDA:525,20,0,0
BRDA:525,20,1,0
BRDA:539,21,0,0
BRDA:539,21,1,0
BRDA:539,22,0,0
BRDA:539,22,1,0
BRDA:542,23,0,0
BRDA:542,23,1,0
BRDA:543,24,0,0
BRDA:543,24,1,0
BRDA:543,25,0,0
BRDA:543,25,1,0
BRDA:543,26,0,0
BRDA:543,26,1,0
BRDA:543,27,0,0
BRDA:543,27,1,0
BRDA:543,27,2,0
BRDA:547,28,0,0
BRDA:547,28,1,0
BRDA:549,29,0,0
BRDA:549,29,1,0
BRDA:569,30,0,0
BRDA:569,30,1,0
BRDA:577,31,0,0
BRDA:577,31,1,0
BRDA:585,32,0,0
BRDA:585,32,1,0
BRDA:586,33,0,0
BRDA:586,33,1,0
BRDA:586,34,0,0
BRDA:586,34,1,0
BRDA:601,35,0,0
BRDA:601,35,1,0
BRDA:622,36,0,0
BRDA:622,36,1,0
BRDA:626,37,0,0
BRDA:626,37,1,0
BRDA:638,38,0,0
BRDA:638,38,1,0
BRDA:647,39,0,0
BRDA:647,39,1,0
BRDA:649,40,0,0
BRDA:649,40,1,0
BRDA:651,41,0,0
BRDA:651,41,1,0
BRDA:651,42,0,0
BRDA:651,42,1,0
BRDA:653,43,0,0
BRDA:653,43,1,0
BRDA:657,44,0,0
BRDA:657,44,1,0
BRDA:657,45,0,0
BRDA:657,45,1,0
BRDA:658,46,0,0
BRDA:658,46,1,0
BRDA:658,46,2,0
BRDA:671,47,0,0
BRDA:671,47,1,0
BRDA:673,48,0,0
BRDA:673,48,1,0
BRDA:677,49,0,0
BRDA:677,49,1,0
BRDA:679,50,0,0
BRDA:679,50,1,0
BRF:105
BRH:0
end_of_record
TN:
SF:src/routes/coverLetter.js
FN:7,generateFallbackLetter
FN:28,(anonymous_1)
FNF:2
FNH:2
FNDA:1,generateFallbackLetter
FNDA:4,(anonymous_1)
DA:1,18
DA:2,18
DA:3,18
DA:4,18
DA:5,18
DA:8,1
DA:14,1
DA:16,1
DA:28,18
DA:29,4
DA:37,4
DA:39,4
DA:40,2
DA:45,2
DA:58,2
DA:68,2
DA:77,2
DA:78,1
DA:80,1
DA:83,2
DA:91,0
DA:92,0
DA:98,18
LF:23
LH:21
BRDA:14,0,0,1
BRDA:14,0,1,1
BRDA:36,1,0,3
BRDA:39,2,0,2
BRDA:39,2,1,2
BRDA:39,3,0,4
BRDA:39,3,1,2
BRDA:39,3,2,2
BRDA:39,3,3,2
BRDA:73,4,0,2
BRDA:73,4,1,2
BRDA:77,5,0,1
BRDA:77,5,1,1
BRDA:77,6,0,2
BRDA:77,6,1,1
BRF:15
BRH:15
end_of_record
TN:
SF:src/routes/dashboard.js
FN:7,(anonymous_0)
FN:16,(anonymous_1)
FN:25,(anonymous_2)
FN:36,(anonymous_3)
FN:37,(anonymous_4)
FN:38,(anonymous_5)
FN:61,(anonymous_6)
FN:175,(anonymous_7)
FN:214,formatDate
FN:229,generateActionItems
FN:286,(anonymous_10)
FNF:11
FNH:10
FNDA:4,(anonymous_0)
FNDA:2,(anonymous_1)
FNDA:2,(anonymous_2)
FNDA:4,(anonymous_3)
FNDA:4,(anonymous_4)
FNDA:4,(anonymous_5)
FNDA:0,(anonymous_6)
FNDA:24,(anonymous_7)
FNDA:4,formatDate
FNDA:3,generateActionItems
FNDA:9,(anonymous_10)
DA:1,18
DA:2,18
DA:3,18
DA:4,18
DA:7,18
DA:8,4
DA:9,4
DA:12,4
DA:16,3
DA:17,3
DA:20,3
DA:24,3
DA:25,2
DA:29,3
DA:30,3
DA:31,3
DA:35,2
DA:36,4
DA:37,4
DA:38,4
DA:39,2
DA:43,1
DA:47,3
DA:48,3
DA:49,3
DA:53,2
DA:55,2
DA:56,2
DA:57,0
DA:58,0
DA:61,0
DA:64,0
DA:68,1
DA:69,1
DA:73,3
DA:74,3
DA:75,2
DA:81,3
DA:82,2
DA:90,3
DA:91,3
DA:99,3
DA:100,3
DA:101,3
DA:105,2
DA:106,2
DA:117,3
DA:118,3
DA:119,3
DA:120,3
DA:126,2
DA:127,2
DA:128,2
DA:135,3
DA:136,3
DA:137,3
DA:143,2
DA:144,2
DA:145,2
DA:146,2
DA:152,3
DA:163,3
DA:174,3
DA:176,24
DA:177,24
DA:178,19
DA:186,3
DA:208,1
DA:209,1
DA:215,4
DA:216,4
DA:217,4
DA:218,4
DA:220,4
DA:221,0
DA:222,0
DA:223,0
DA:224,0
DA:225,0
DA:230,3
DA:232,3
DA:233,1
DA:241,3
DA:242,1
DA:250,3
DA:251,1
DA:259,3
DA:260,3
DA:269,3
DA:277,3
DA:285,3
DA:287,9
DA:288,9
DA:293,18
LF:94
LH:85
BRDA:17,0,0,3
BRDA:17,0,1,1
BRDA:24,1,0,2
BRDA:24,1,1,1
BRDA:25,2,0,2
BRDA:25,2,1,0
BRDA:36,3,0,4
BRDA:36,3,1,2
BRDA:39,4,0,2
BRDA:39,4,1,0
BRDA:53,5,0,2
BRDA:53,5,1,0
BRDA:55,6,0,2
BRDA:55,6,1,0
BRDA:57,7,0,0
BRDA:57,7,1,0
BRDA:58,8,0,0
BRDA:58,8,1,0
BRDA:74,9,0,2
BRDA:74,9,1,1
BRDA:81,10,0,2
BRDA:81,10,1,1
BRDA:84,11,0,2
BRDA:84,11,1,0
BRDA:105,12,0,2
BRDA:105,12,1,0
BRDA:107,13,0,2
BRDA:107,13,1,0
BRDA:108,14,0,2
BRDA:108,14,1,0
BRDA:109,15,0,2
BRDA:109,15,1,0
BRDA:126,16,0,2
BRDA:126,16,1,0
BRDA:127,17,0,2
BRDA:127,17,1,0
BRDA:128,18,0,2
BRDA:128,18,1,0
BRDA:143,19,0,2
BRDA:143,19,1,0
BRDA:144,20,0,2
BRDA:144,20,1,0
BRDA:145,21,0,0
BRDA:145,21,1,2
BRDA:146,22,0,0
BRDA:146,22,1,2
BRDA:220,23,0,4
BRDA:220,23,1,0
BRDA:221,24,0,0
BRDA:221,24,1,0
BRDA:222,25,0,0
BRDA:222,25,1,0
BRDA:223,26,0,0
BRDA:223,26,1,0
BRDA:224,27,0,0
BRDA:224,27,1,0
BRDA:232,28,0,1
BRDA:232,28,1,2
BRDA:232,29,0,3
BRDA:232,29,1,2
BRDA:241,30,0,1
BRDA:241,30,1,2
BRDA:250,31,0,1
BRDA:250,31,1,2
BRDA:259,32,0,3
BRDA:259,32,1,0
BRDA:259,33,0,3
BRDA:259,33,1,2
BRF:68
BRH:38
end_of_record
TN:
SF:src/routes/evidence.js
FN:18,(anonymous_0)
FN:33,(anonymous_1)
FNF:2
FNH:2
FNDA:7,(anonymous_0)
FNDA:8,(anonymous_1)
DA:7,18
DA:8,18
DA:9,18
DA:10,18
DA:11,18
DA:12,18
DA:18,18
DA:19,7
DA:20,7
DA:21,7
DA:22,6
DA:24,1
DA:33,18
DA:34,8
DA:35,8
DA:36,8
DA:41,8
DA:42,2
DA:49,2
DA:51,6
DA:55,6
DA:58,8
DA:59,7
DA:61,1
DA:65,18
LF:25
LH:25
BRDA:36,0,0,2
BRDA:36,0,1,6
BRDA:41,1,0,2
BRDA:41,1,1,6
BRF:4
BRH:4
end_of_record
TN:
SF:src/routes/guides.js
FN:8,(anonymous_0)
FN:33,(anonymous_1)
FNF:2
FNH:2
FNDA:5,(anonymous_0)
FNDA:3,(anonymous_1)
DA:1,18
DA:2,18
DA:3,18
DA:5,18
DA:8,18
DA:9,5
DA:11,5
DA:12,1
DA:15,4
DA:16,4
DA:23,3
DA:25,1
DA:26,1
DA:28,0
DA:33,18
DA:34,3
DA:36,3
DA:37,1
DA:40,2
DA:41,2
DA:42,1
DA:44,1
DA:45,1
DA:47,0
DA:51,18
LF:25
LH:23
BRDA:11,0,0,1
BRDA:11,0,1,4
BRDA:11,1,0,5
BRDA:11,1,1,2
BRDA:17,2,0,3
BRDA:17,2,1,1
BRDA:25,3,0,1
BRDA:25,3,1,0
BRDA:25,4,0,1
BRDA:25,4,1,1
BRDA:36,5,0,1
BRDA:36,5,1,2
BRDA:36,6,0,3
BRDA:36,6,1,2
BRDA:44,7,0,1
BRDA:44,7,1,0
BRDA:44,8,0,1
BRDA:44,8,1,1
BRF:18
BRH:16
end_of_record
TN:
SF:src/routes/interview.js
FN:9,(anonymous_0)
FN:93,getFallbackResponse
FN:122,(anonymous_2)
FN:179,(anonymous_3)
FN:206,(anonymous_4)
FN:272,(anonymous_5)
FNF:6
FNH:6
FNDA:18,(anonymous_0)
FNDA:2,getFallbackResponse
FNDA:3,(anonymous_2)
FNDA:4,(anonymous_3)
FNDA:13,(anonymous_4)
FNDA:1,(anonymous_5)
DA:1,18
DA:2,18
DA:3,18
DA:4,18
DA:5,18
DA:6,18
DA:9,18
DA:10,18
DA:11,18
DA:23,0
DA:28,18
DA:62,18
DA:94,2
DA:95,2
DA:97,2
DA:98,0
DA:111,2
DA:112,2
DA:122,18
DA:123,3
DA:124,3
DA:125,3
DA:127,3
DA:129,3
DA:138,3
DA:140,3
DA:141,1
DA:142,1
DA:143,1
DA:144,1
DA:146,0
DA:149,2
DA:153,3
DA:157,3
DA:162,3
DA:174,0
DA:179,18
DA:180,4
DA:181,4
DA:182,4
DA:184,4
DA:185,1
DA:189,3
DA:194,3
DA:195,1
DA:198,2
DA:199,2
DA:203,2
DA:206,2
DA:207,13
DA:210,2
DA:212,2
DA:215,2
DA:217,2
DA:218,2
DA:219,2
DA:220,2
DA:221,2
DA:223,0
DA:226,0
DA:230,2
DA:231,2
DA:233,2
DA:234,1
DA:238,2
DA:239,2
DA:246,2
DA:251,2
DA:267,0
DA:272,18
DA:273,1
DA:274,1
DA:278,1
DA:280,0
DA:284,18
LF:75
LH:67
BRDA:94,0,0,2
BRDA:94,0,1,0
BRDA:97,1,0,0
BRDA:97,1,1,2
BRDA:99,2,0,0
BRDA:99,2,1,0
BRDA:113,3,0,0
BRDA:113,3,1,2
BRDA:117,4,0,2
BRDA:117,4,1,0
BRDA:125,5,0,3
BRDA:125,5,1,1
BRDA:140,6,0,1
BRDA:140,6,1,2
BRDA:142,7,0,1
BRDA:142,7,1,0
BRDA:142,8,0,1
BRDA:142,8,1,1
BRDA:168,9,0,3
BRDA:168,9,1,0
BRDA:184,10,0,1
BRDA:184,10,1,3
BRDA:184,11,0,4
BRDA:184,11,1,3
BRDA:194,12,0,1
BRDA:194,12,1,2
BRDA:199,13,0,2
BRDA:199,13,1,0
BRDA:207,14,0,6
BRDA:207,14,1,7
BRDA:210,15,0,1
BRDA:210,15,1,1
BRDA:217,16,0,2
BRDA:217,16,1,0
BRDA:219,17,0,2
BRDA:219,17,1,0
BRDA:219,18,0,2
BRDA:219,18,1,2
BRDA:219,18,2,1
BRDA:230,19,0,2
BRDA:230,19,1,0
BRDA:233,20,0,1
BRDA:233,20,1,1
BRDA:238,21,0,1
BRDA:238,21,1,1
BRDA:238,22,0,1
BRDA:238,22,1,0
BRDA:239,23,0,1
BRDA:239,23,1,1
BRDA:254,24,0,2
BRDA:254,24,1,0
BRDA:255,25,0,2
BRDA:255,25,1,1
BRDA:256,26,0,2
BRDA:256,26,1,1
BRDA:257,27,0,2
BRDA:257,27,1,1
BRDA:258,28,0,2
BRDA:258,28,1,1
BRF:59
BRH:45
end_of_record
TN:
SF:src/routes/jobAnalyzer.js
FN:7,generateFallbackAnalysis
FN:18,(anonymous_1)
FN:33,(anonymous_2)
FN:49,(anonymous_3)
FNF:4
FNH:4
FNDA:2,generateFallbackAnalysis
FNDA:32,(anonymous_1)
FNDA:3,(anonymous_2)
FNDA:5,(anonymous_3)
DA:1,18
DA:2,18
DA:3,18
DA:4,18
DA:5,18
DA:8,2
DA:9,2
DA:10,2
DA:12,2
DA:18,2
DA:19,32
DA:20,6
DA:24,2
DA:28,2
DA:29,2
DA:31,2
DA:32,2
DA:33,1
DA:34,3
DA:38,2
DA:49,18
DA:50,5
DA:51,5
DA:53,5
DA:54,2
DA:59,3
DA:62,3
DA:77,3
DA:86,3
DA:87,2
DA:88,2
DA:90,1
DA:91,1
DA:94,1
DA:98,3
DA:108,3
DA:113,0
DA:114,0
DA:120,18
LF:39
LH:37
BRDA:19,0,0,6
BRDA:19,0,1,26
BRDA:24,1,0,1
BRDA:24,1,1,1
BRDA:25,2,0,0
BRDA:25,2,1,1
BRDA:29,3,0,1
BRDA:29,3,1,1
BRDA:32,4,0,1
BRDA:32,4,1,1
BRDA:44,5,0,1
BRDA:44,5,1,1
BRDA:53,6,0,2
BRDA:53,6,1,3
BRDA:53,7,0,5
BRDA:53,7,1,4
BRDA:82,8,0,3
BRDA:82,8,1,3
BRDA:86,9,0,2
BRDA:86,9,1,1
BRDA:86,10,0,3
BRDA:86,10,1,2
BRDA:99,11,0,3
BRDA:99,11,1,0
BRDA:100,12,0,3
BRDA:100,12,1,0
BRDA:101,13,0,3
BRDA:101,13,1,0
BRDA:102,14,0,3
BRDA:102,14,1,0
BRDA:103,15,0,3
BRDA:103,15,1,0
BRDA:104,16,0,3
BRDA:104,16,1,0
BRDA:105,17,0,3
BRDA:105,17,1,0
BRF:36
BRH:28
end_of_record
TN:
SF:src/routes/jobDiscovery.js
FN:18,cacheJobs
FN:51,(anonymous_1)
FNF:2
FNH:2
FNDA:13,cacheJobs
FNDA:14,(anonymous_1)
DA:1,18
DA:2,18
DA:3,18
DA:4,18
DA:5,18
DA:6,18
DA:7,18
DA:8,18
DA:19,13
DA:20,48
DA:21,48
DA:51,18
DA:52,14
DA:53,14
DA:54,14
DA:55,14
DA:57,14
DA:58,1
DA:61,13
DA:62,13
DA:63,13
DA:65,13
DA:66,13
DA:69,13
DA:70,0
DA:73,0
DA:75,0
DA:76,0
DA:77,0
DA:81,13
DA:83,13
DA:91,18
LF:32
LH:27
BRDA:35,0,0,48
BRDA:35,0,1,0
BRDA:53,1,0,14
BRDA:53,1,1,8
BRDA:54,2,0,14
BRDA:54,2,1,14
BRDA:55,3,0,14
BRDA:55,3,1,2
BRDA:57,4,0,1
BRDA:57,4,1,13
BRDA:69,5,0,0
BRDA:69,5,1,13
BRF:12
BRH:10
end_of_record
TN:
SF:src/routes/jobFit.js
FN:17,(anonymous_0)
FNF:1
FNH:1
FNDA:7,(anonymous_0)
DA:6,18
DA:7,18
DA:8,18
DA:9,18
DA:10,18
DA:17,18
DA:18,7
DA:19,7
DA:21,7
DA:22,3
DA:28,4
DA:30,4
DA:37,0
DA:41,18
LF:14
LH:13
BRDA:21,0,0,3
BRDA:21,0,1,4
BRDA:21,1,0,7
BRDA:21,1,1,5
BRF:4
BRH:4
end_of_record
TN:
SF:src/routes/jobPreparation.js
FN:25,(anonymous_0)
FN:87,(anonymous_1)
FN:98,(anonymous_2)
FN:135,(anonymous_3)
FN:184,(anonymous_4)
FNF:5
FNH:0
FNDA:0,(anonymous_0)
FNDA:0,(anonymous_1)
FNDA:0,(anonymous_2)
FNDA:0,(anonymous_3)
FNDA:0,(anonymous_4)
DA:1,18
DA:2,18
DA:3,18
DA:4,18
DA:6,18
DA:25,18
DA:26,0
DA:27,0
DA:28,0
DA:29,0
DA:32,0
DA:39,0
DA:41,0
DA:57,0
DA:58,0
DA:59,0
DA:74,0
DA:77,0
DA:81,18
DA:87,18
DA:88,0
DA:89,0
DA:91,0
DA:92,0
DA:96,0
DA:97,0
DA:98,0
DA:99,0
DA:102,0
DA:104,0
DA:111,0
DA:112,0
DA:115,0
DA:117,0
DA:121,18
DA:135,18
DA:136,0
DA:137,0
DA:139,0
DA:140,0
DA:143,0
DA:145,0
DA:152,0
DA:153,0
DA:159,0
DA:160,0
DA:161,0
DA:166,0
DA:168,0
DA:172,18
DA:184,18
DA:185,0
DA:186,0
DA:188,0
DA:189,0
DA:192,0
DA:199,0
DA:200,0
DA:208,0
DA:209,0
DA:210,0
DA:217,0
DA:219,0
DA:223,18
LF:64
LH:13
BRDA:28,0,0,0
BRDA:28,0,1,0
BRDA:36,1,0,0
BRDA:36,1,1,0
BRDA:39,2,0,0
BRDA:39,2,1,0
BRDA:58,3,0,0
BRDA:58,3,1,0
BRDA:58,4,0,0
BRDA:58,4,1,0
BRDA:91,5,0,0
BRDA:91,5,1,0
BRDA:97,6,0,0
BRDA:97,6,1,0
BRDA:97,7,0,0
BRDA:97,7,1,0
BRDA:99,8,0,0
BRDA:99,8,1,0
BRDA:108,9,0,0
BRDA:108,9,1,0
BRDA:111,10,0,0
BRDA:111,10,1,0
BRDA:139,11,0,0
BRDA:139,11,1,0
BRDA:143,12,0,0
BRDA:143,12,1,0
BRDA:149,13,0,0
BRDA:149,13,1,0
BRDA:152,14,0,0
BRDA:152,14,1,0
BRDA:160,15,0,0
BRDA:160,15,1,0
BRDA:160,16,0,0
BRDA:160,16,1,0
BRDA:188,17,0,0
BRDA:188,17,1,0
BRDA:196,18,0,0
BRDA:196,18,1,0
BRDA:199,19,0,0
BRDA:199,19,1,0
BRDA:209,20,0,0
BRDA:209,20,1,0
BRDA:209,21,0,0
BRDA:209,21,1,0
BRF:44
BRH:0
end_of_record
TN:
SF:src/routes/jobTracker.js
FN:11,(anonymous_0)
FN:35,(anonymous_1)
FN:47,(anonymous_2)
FN:78,(anonymous_3)
FN:110,(anonymous_4)
FNF:5
FNH:5
FNDA:4,(anonymous_0)
FNDA:4,(anonymous_1)
FNDA:6,(anonymous_2)
FNDA:5,(anonymous_3)
FNDA:4,(anonymous_4)
DA:1,18
DA:2,18
DA:3,18
DA:4,18
DA:5,18
DA:6,18
DA:8,18
DA:11,18
DA:12,4
DA:14,4
DA:15,4
DA:27,3
DA:29,3
DA:30,3
DA:31,3
DA:32,3
DA:35,4
DA:37,3
DA:42,1
DA:47,18
DA:48,6
DA:57,6
DA:59,6
DA:60,5
DA:62,4
DA:63,4
DA:71,3
DA:73,1
DA:78,18
DA:79,5
DA:80,5
DA:81,5
DA:83,5
DA:84,1
DA:87,4
DA:88,4
DA:99,3
DA:100,1
DA:103,2
DA:105,1
DA:110,18
DA:111,4
DA:112,4
DA:114,4
DA:115,4
DA:122,3
DA:123,1
DA:126,2
DA:128,1
DA:132,18
LF:50
LH:50
BRDA:29,0,0,2
BRDA:29,0,1,1
BRDA:30,1,0,2
BRDA:30,1,1,1
BRDA:31,2,0,2
BRDA:31,2,1,1
BRDA:32,3,0,2
BRDA:32,3,1,1
BRDA:52,4,0,5
BRDA:53,5,0,5
BRDA:54,6,0,5
BRDA:55,7,0,5
BRDA:56,8,0,5
BRDA:59,9,0,1
BRDA:59,9,1,5
BRDA:60,10,0,1
BRDA:60,10,1,4
BRDA:83,11,0,1
BRDA:83,11,1,4
BRDA:83,12,0,5
BRDA:83,12,1,5
BRDA:96,13,0,4
BRDA:96,13,1,0
BRDA:96,14,0,1
BRDA:96,14,1,3
BRDA:99,15,0,1
BRDA:99,15,1,2
BRDA:122,16,0,1
BRDA:122,16,1,2
BRF:29
BRH:28
end_of_record
TN:
SF:src/routes/learning.js
FN:9,(anonymous_0)
FN:57,generateFallbackRoadmap
FN:118,(anonymous_2)
FN:164,(anonymous_3)
FN:170,(anonymous_4)
FN:182,(anonymous_5)
FNF:6
FNH:1
FNDA:18,(anonymous_0)
FNDA:0,generateFallbackRoadmap
FNDA:0,(anonymous_2)
FNDA:0,(anonymous_3)
FNDA:0,(anonymous_4)
FNDA:0,(anonymous_5)
DA:1,18
DA:2,18
DA:3,18
DA:4,18
DA:5,18
DA:6,18
DA:9,18
DA:10,18
DA:11,18
DA:23,0
DA:28,18
DA:58,0
DA:59,0
DA:61,0
DA:105,0
DA:118,18
DA:119,0
DA:120,0
DA:122,0
DA:123,0
DA:126,0
DA:128,0
DA:137,0
DA:139,0
DA:140,0
DA:141,0
DA:142,0
DA:143,0
DA:145,0
DA:148,0
DA:152,0
DA:157,0
DA:159,0
DA:164,18
DA:165,0
DA:166,0
DA:170,0
DA:175,0
DA:177,0
DA:182,18
DA:183,0
DA:190,18
LF:42
LH:14
BRDA:58,0,0,0
BRDA:58,0,1,0
BRDA:59,1,0,0
BRDA:59,1,1,0
BRDA:75,2,0,0
BRDA:75,2,1,0
BRDA:78,3,0,0
BRDA:78,3,1,0
BRDA:89,4,0,0
BRDA:89,4,1,0
BRDA:122,5,0,0
BRDA:122,5,1,0
BRDA:122,6,0,0
BRDA:122,6,1,0
BRDA:122,6,2,0
BRDA:126,7,0,0
BRDA:126,7,1,0
BRDA:139,8,0,0
BRDA:139,8,1,0
BRDA:141,9,0,0
BRDA:141,9,1,0
BRDA:141,10,0,0
BRDA:141,10,1,0
BRDA:154,11,0,0
BRDA:154,11,1,0
BRDA:172,12,0,0
BRDA:172,12,1,0
BRDA:173,13,0,0
BRDA:173,13,1,0
BRF:29
BRH:0
end_of_record
TN:
SF:src/routes/piiRedaction.js
FN:12,(anonymous_0)
FN:40,(anonymous_1)
FNF:2
FNH:2
FNDA:9,(anonymous_0)
FNDA:6,(anonymous_1)
DA:3,18
DA:4,18
DA:5,18
DA:6,18
DA:7,18
DA:9,18
DA:12,18
DA:13,9
DA:14,9
DA:16,9
DA:17,2
DA:19,7
DA:20,1
DA:23,6
DA:25,6
DA:32,5
DA:34,1
DA:35,1
DA:40,18
DA:41,6
DA:42,6
DA:44,6
DA:45,1
DA:48,5
DA:53,4
DA:54,1
DA:57,3
DA:59,3
DA:60,1
DA:63,2
DA:64,2
DA:66,1
DA:67,1
DA:71,18
LF:34
LH:34
BRDA:16,0,0,2
BRDA:16,0,1,7
BRDA:16,1,0,9
BRDA:16,1,1,7
BRDA:19,2,0,1
BRDA:19,2,1,6
BRDA:19,3,0,7
BRDA:19,3,1,7
BRDA:29,4,0,6
BRDA:29,4,1,4
BRDA:44,5,0,1
BRDA:44,5,1,5
BRDA:44,6,0,6
BRDA:44,6,1,6
BRDA:44,6,2,6
BRDA:53,7,0,1
BRDA:53,7,1,3
BRDA:59,8,0,1
BRDA:59,8,1,2
BRF:19
BRH:19
end_of_record
TN:
SF:src/routes/practice.js
FN:9,(anonymous_0)
FN:654,generateFallbackHint
FN:666,(anonymous_2)
FN:676,(anonymous_3)
FN:679,(anonymous_4)
FN:683,(anonymous_5)
FN:686,(anonymous_6)
FN:698,(anonymous_7)
FN:704,(anonymous_8)
FN:718,(anonymous_9)
FN:724,(anonymous_10)
FN:737,(anonymous_11)
FN:758,(anonymous_12)
FN:760,(anonymous_13)
FN:801,(anonymous_14)
FN:803,(anonymous_15)
FN:816,(anonymous_16)
FN:836,(anonymous_17)
FN:855,(anonymous_18)
FN:857,(anonymous_19)
FN:871,(anonymous_20)
FN:891,(anonymous_21)
FN:923,(anonymous_22)
FN:925,(anonymous_23)
FN:966,(anonymous_24)
FN:979,(anonymous_25)
FN:989,(anonymous_26)
FN:1009,(anonymous_27)
FN:1011,(anonymous_28)
FN:1018,(anonymous_29)
FN:1045,(anonymous_30)
FN:1047,(anonymous_31)
FN:1060,(anonymous_32)
FN:1114,(anonymous_33)
FN:1140,(anonymous_34)
FN:1141,(anonymous_35)
FN:1142,(anonymous_36)
FN:1184,(anonymous_37)
FN:1186,(anonymous_38)
FN:1210,(anonymous_39)
FNF:40
FNH:1
FNDA:18,(anonymous_0)
FNDA:0,generateFallbackHint
FNDA:0,(anonymous_2)
FNDA:0,(anonymous_3)
FNDA:0,(anonymous_4)
FNDA:0,(anonymous_5)
FNDA:0,(anonymous_6)
FNDA:0,(anonymous_7)
FNDA:0,(anonymous_8)
FNDA:0,(anonymous_9)
FNDA:0,(anonymous_10)
FNDA:0,(anonymous_11)
FNDA:0,(anonymous_12)
FNDA:0,(anonymous_13)
FNDA:0,(anonymous_14)
FNDA:0,(anonymous_15)
FNDA:0,(anonymous_16)
FNDA:0,(anonymous_17)
FNDA:0,(anonymous_18)
FNDA:0,(anonymous_19)
FNDA:0,(anonymous_20)
FNDA:0,(anonymous_21)
FNDA:0,(anonymous_22)
FNDA:0,(anonymous_23)
FNDA:0,(anonymous_24)
FNDA:0,(anonymous_25)
FNDA:0,(anonymous_26)
FNDA:0,(anonymous_27)
FNDA:0,(anonymous_28)
FNDA:0,(anonymous_29)
FNDA:0,(anonymous_30)
FNDA:0,(anonymous_31)
FNDA:0,(anonymous_32)
FNDA:0,(anonymous_33)
FNDA:0,(anonymous_34)
FNDA:0,(anonymous_35)
FNDA:0,(anonymous_36)
FNDA:0,(anonymous_37)
FNDA:0,(anonymous_38)
FNDA:0,(anonymous_39)
DA:1,18
DA:2,18
DA:3,18
DA:4,18
DA:5,18
DA:6,18
DA:9,18
DA:10,18
DA:11,18
DA:24,18
DA:37,18
DA:47,0
DA:52,18
DA:471,18
DA:598,18
DA:614,18
DA:634,18
DA:655,0
DA:660,0
DA:666,18
DA:667,0
DA:668,0
DA:669,0
DA:670,0
DA:672,0
DA:675,0
DA:676,0
DA:678,0
DA:679,0
DA:681,0
DA:682,0
DA:683,0
DA:684,0
DA:686,0
DA:691,0
DA:692,0
DA:693,0
DA:694,0
DA:698,0
DA:700,0
DA:704,0
DA:705,0
DA:712,0
DA:713,0
DA:714,0
DA:718,0
DA:724,0
DA:736,0
DA:737,0
DA:741,0
DA:742,0
DA:743,0
DA:745,0
DA:752,0
DA:753,0
DA:758,18
DA:759,0
DA:760,0
DA:761,0
DA:762,0
DA:766,0
DA:767,0
DA:768,0
DA:772,0
DA:778,0
DA:779,0
DA:780,0
DA:784,0
DA:789,0
DA:795,0
DA:796,0
DA:801,18
DA:802,0
DA:803,0
DA:804,0
DA:805,0
DA:808,0
DA:809,0
DA:810,0
DA:813,0
DA:816,0
DA:824,0
DA:825,0
DA:832,0
DA:835,0
DA:836,0
DA:847,0
DA:849,0
DA:850,0
DA:855,18
DA:856,0
DA:857,0
DA:858,0
DA:859,0
DA:862,0
DA:863,0
DA:864,0
DA:867,0
DA:871,0
DA:879,0
DA:880,0
DA:887,0
DA:889,0
DA:891,0
DA:906,0
DA:907,0
DA:912,0
DA:915,0
DA:917,0
DA:918,0
DA:923,18
DA:924,0
DA:925,0
DA:926,0
DA:927,0
DA:930,0
DA:931,0
DA:933,0
DA:942,0
DA:943,0
DA:950,0
DA:952,0
DA:958,0
DA:960,0
DA:961,0
DA:966,18
DA:967,0
DA:968,0
DA:971,0
DA:972,0
DA:973,0
DA:979,0
DA:980,0
DA:989,0
DA:1001,0
DA:1003,0
DA:1004,0
DA:1009,18
DA:1010,0
DA:1011,0
DA:1012,0
DA:1013,0
DA:1017,0
DA:1018,0
DA:1019,0
DA:1020,0
DA:1021,0
DA:1022,0
DA:1023,0
DA:1025,0
DA:1028,0
DA:1039,0
DA:1040,0
DA:1045,18
DA:1046,0
DA:1047,0
DA:1048,0
DA:1049,0
DA:1052,0
DA:1053,0
DA:1054,0
DA:1058,0
DA:1059,0
DA:1060,0
DA:1061,0
DA:1063,0
DA:1064,0
DA:1065,0
DA:1066,0
DA:1067,0
DA:1078,0
DA:1082,0
DA:1083,0
DA:1084,0
DA:1085,0
DA:1086,0
DA:1087,0
DA:1090,0
DA:1091,0
DA:1096,0
DA:1099,0
DA:1108,0
DA:1109,0
DA:1114,18
DA:1115,0
DA:1116,0
DA:1118,0
DA:1131,0
DA:1133,0
DA:1137,0
DA:1140,0
DA:1141,0
DA:1142,0
DA:1143,0
DA:1144,0
DA:1145,0
DA:1146,0
DA:1147,0
DA:1152,0
DA:1156,0
DA:1159,0
DA:1164,0
DA:1165,0
DA:1166,0
DA:1167,0
DA:1168,0
DA:1169,0
DA:1170,0
DA:1171,0
DA:1172,0
DA:1174,0
DA:1177,0
DA:1180,0
DA:1184,0
DA:1186,0
DA:1190,0
DA:1194,0
DA:1195,0
DA:1196,0
DA:1202,0
DA:1204,0
DA:1205,0
DA:1210,18
DA:1211,0
DA:1212,0
DA:1213,0
DA:1215,0
DA:1220,0
DA:1221,0
DA:1222,0
DA:1224,0
DA:1225,0
DA:1228,0
DA:1229,0
DA:1233,18
LF:235
LH:27
BRDA:660,0,0,0
BRDA:660,0,1,0
BRDA:668,1,0,0
BRDA:675,2,0,0
BRDA:675,2,1,0
BRDA:675,3,0,0
BRDA:675,3,1,0
BRDA:678,4,0,0
BRDA:678,4,1,0
BRDA:678,5,0,0
BRDA:678,5,1,0
BRDA:681,6,0,0
BRDA:681,6,1,0
BRDA:684,7,0,0
BRDA:684,7,1,0
BRDA:684,7,2,0
BRDA:705,8,0,0
BRDA:705,8,1,0
BRDA:731,9,0,0
BRDA:731,9,1,0
BRDA:731,10,0,0
BRDA:731,10,1,0
BRDA:736,11,0,0
BRDA:736,11,1,0
BRDA:736,12,0,0
BRDA:736,12,1,0
BRDA:761,13,0,0
BRDA:761,13,1,0
BRDA:804,14,0,0
BRDA:804,14,1,0
BRDA:809,15,0,0
BRDA:809,15,1,0
BRDA:809,16,0,0
BRDA:809,16,1,0
BRDA:858,17,0,0
BRDA:858,17,1,0
BRDA:863,18,0,0
BRDA:863,18,1,0
BRDA:863,19,0,0
BRDA:863,19,1,0
BRDA:909,20,0,0
BRDA:909,20,1,0
BRDA:926,21,0,0
BRDA:926,21,1,0
BRDA:930,22,0,0
BRDA:997,23,0,0
BRDA:997,23,1,0
BRDA:998,24,0,0
BRDA:998,24,1,0
BRDA:1012,25,0,0
BRDA:1012,25,1,0
BRDA:1017,26,0,0
BRDA:1017,26,1,0
BRDA:1020,27,0,0
BRDA:1020,27,1,0
BRDA:1021,28,0,0
BRDA:1021,28,1,0
BRDA:1048,29,0,0
BRDA:1048,29,1,0
BRDA:1053,30,0,0
BRDA:1053,30,1,0
BRDA:1053,31,0,0
BRDA:1053,31,1,0
BRDA:1061,32,0,0
BRDA:1061,32,1,0
BRDA:1066,33,0,0
BRDA:1066,33,1,0
BRDA:1082,34,0,0
BRDA:1082,34,1,0
BRDA:1083,35,0,0
BRDA:1083,35,1,0
BRDA:1084,36,0,0
BRDA:1084,36,1,0
BRDA:1085,37,0,0
BRDA:1085,37,1,0
BRDA:1086,38,0,0
BRDA:1086,38,1,0
BRDA:1093,39,0,0
BRDA:1093,39,1,0
BRDA:1104,40,0,0
BRDA:1104,40,1,0
BRDA:1143,41,0,0
BRDA:1143,41,1,0
BRDA:1144,42,0,0
BRDA:1144,42,1,0
BRDA:1145,43,0,0
BRDA:1145,43,1,0
BRDA:1146,44,0,0
BRDA:1146,44,1,0
BRDA:1147,45,0,0
BRDA:1147,45,1,0
BRDA:1171,46,0,0
BRDA:1171,46,1,0
BRDA:1171,47,0,0
BRDA:1171,47,1,0
BRDA:1186,48,0,0
BRDA:1186,48,1,0
BRDA:1194,49,0,0
BRDA:1194,49,1,0
BRDA:1195,50,0,0
BRDA:1195,50,1,0
BRDA:1196,51,0,0
BRDA:1196,51,1,0
BRDA:1220,52,0,0
BRDA:1220,52,1,0
BRF:105
BRH:0
end_of_record
TN:
SF:src/routes/profiles.js
FN:70,safeFetch
FN:80,fetchGitHubData
FN:92,(anonymous_2)
FN:93,(anonymous_3)
FN:94,(anonymous_4)
FN:95,(anonymous_5)
FN:96,(anonymous_6)
FN:97,(anonymous_7)
FN:136,(anonymous_8)
FN:158,isHostedRepo
FN:160,(anonymous_10)
FN:163,daysSince
FN:168,scorePortfolio
FN:189,(anonymous_13)
FN:196,(anonymous_14)
FN:203,(anonymous_15)
FN:210,(anonymous_16)
FN:224,(anonymous_17)
FN:235,(anonymous_18)
FN:237,(anonymous_19)
FN:240,(anonymous_20)
FN:240,(anonymous_21)
FN:262,categorizeProjects
FN:264,(anonymous_23)
FN:274,(anonymous_24)
FN:276,(anonymous_25)
FN:279,(anonymous_26)
FN:282,(anonymous_27)
FN:292,generateReadme
FN:296,(anonymous_29)
FN:305,(anonymous_30)
FN:308,(anonymous_31)
FN:339,unhostedFrontendRepos
FN:341,(anonymous_33)
FN:344,buildFallbackEnhancements
FN:352,(anonymous_35)
FN:354,(anonymous_36)
FN:362,(anonymous_37)
FN:393,getAIEnhancements
FN:395,(anonymous_39)
FN:419,(anonymous_40)
FN:425,(anonymous_41)
FN:459,assembleFinalReport
FN:487,(anonymous_43)
FN:499,(anonymous_44)
FN:511,(anonymous_45)
FN:551,(anonymous_46)
FN:577,(anonymous_47)
FN:626,(anonymous_48)
FN:709,(anonymous_49)
FN:747,(anonymous_50)
FN:804,(anonymous_51)
FN:822,(anonymous_52)
FN:840,(anonymous_53)
FN:866,(anonymous_54)
FN:876,(anonymous_55)
FN:899,(anonymous_56)
FN:913,(anonymous_57)
FN:927,(anonymous_58)
FN:945,(anonymous_59)
FN:977,(anonymous_60)
FN:992,(anonymous_61)
FN:997,(anonymous_62)
FN:998,(anonymous_63)
FN:1017,(anonymous_64)
FNF:65
FNH:0
FNDA:0,safeFetch
FNDA:0,fetchGitHubData
FNDA:0,(anonymous_2)
FNDA:0,(anonymous_3)
FNDA:0,(anonymous_4)
FNDA:0,(anonymous_5)
FNDA:0,(anonymous_6)
FNDA:0,(anonymous_7)
FNDA:0,(anonymous_8)
FNDA:0,isHostedRepo
FNDA:0,(anonymous_10)
FNDA:0,daysSince
FNDA:0,scorePortfolio
FNDA:0,(anonymous_13)
FNDA:0,(anonymous_14)
FNDA:0,(anonymous_15)
FNDA:0,(anonymous_16)
FNDA:0,(anonymous_17)
FNDA:0,(anonymous_18)
FNDA:0,(anonymous_19)
FNDA:0,(anonymous_20)
FNDA:0,(anonymous_21)
FNDA:0,categorizeProjects
FNDA:0,(anonymous_23)
FNDA:0,(anonymous_24)
FNDA:0,(anonymous_25)
FNDA:0,(anonymous_26)
FNDA:0,(anonymous_27)
FNDA:0,generateReadme
FNDA:0,(anonymous_29)
FNDA:0,(anonymous_30)
FNDA:0,(anonymous_31)
FNDA:0,unhostedFrontendRepos
FNDA:0,(anonymous_33)
FNDA:0,buildFallbackEnhancements
FNDA:0,(anonymous_35)
FNDA:0,(anonymous_36)
FNDA:0,(anonymous_37)
FNDA:0,getAIEnhancements
FNDA:0,(anonymous_39)
FNDA:0,(anonymous_40)
FNDA:0,(anonymous_41)
FNDA:0,assembleFinalReport
FNDA:0,(anonymous_43)
FNDA:0,(anonymous_44)
FNDA:0,(anonymous_45)
FNDA:0,(anonymous_46)
FNDA:0,(anonymous_47)
FNDA:0,(anonymous_48)
FNDA:0,(anonymous_49)
FNDA:0,(anonymous_50)
FNDA:0,(anonymous_51)
FNDA:0,(anonymous_52)
FNDA:0,(anonymous_53)
FNDA:0,(anonymous_54)
FNDA:0,(anonymous_55)
FNDA:0,(anonymous_56)
FNDA:0,(anonymous_57)
FNDA:0,(anonymous_58)
FNDA:0,(anonymous_59)
FNDA:0,(anonymous_60)
FNDA:0,(anonymous_61)
FNDA:0,(anonymous_62)
FNDA:0,(anonymous_63)
FNDA:0,(anonymous_64)
DA:1,18
DA:2,18
DA:3,18
DA:4,18
DA:5,18
DA:6,18
DA:12,18
DA:17,18
DA:23,18
DA:28,18
DA:30,18
DA:32,18
DA:40,18
DA:57,18
DA:71,0
DA:72,0
DA:74,0
DA:81,0
DA:82,0
DA:87,0
DA:89,0
DA:90,0
DA:92,0
DA:93,0
DA:94,0
DA:95,0
DA:96,0
DA:97,0
DA:100,0
DA:101,0
DA:102,0
DA:103,0
DA:107,0
DA:108,0
DA:109,0
DA:110,0
DA:115,0
DA:119,0
DA:136,0
DA:149,0
DA:150,0
DA:159,0
DA:160,0
DA:164,0
DA:165,0
DA:169,0
DA:170,0
DA:171,0
DA:174,0
DA:175,0
DA:176,0
DA:178,0
DA:182,0
DA:183,0
DA:184,0
DA:185,0
DA:186,0
DA:189,0
DA:190,0
DA:191,0
DA:192,0
DA:196,0
DA:197,0
DA:198,0
DA:199,0
DA:203,0
DA:204,0
DA:205,0
DA:206,0
DA:210,0
DA:211,0
DA:212,0
DA:213,0
DA:214,0
DA:217,0
DA:218,0
DA:219,0
DA:220,0
DA:224,0
DA:225,0
DA:226,0
DA:227,0
DA:228,0
DA:229,0
DA:230,0
DA:234,0
DA:235,0
DA:237,0
DA:238,0
DA:239,0
DA:240,0
DA:242,0
DA:244,0
DA:246,0
DA:247,0
DA:248,0
DA:249,0
DA:251,0
DA:263,0
DA:265,0
DA:267,0
DA:272,0
DA:274,0
DA:276,0
DA:278,0
DA:279,0
DA:280,0
DA:282,0
DA:285,0
DA:293,0
DA:294,0
DA:296,0
DA:297,0
DA:298,0
DA:299,0
DA:301,0
DA:304,0
DA:305,0
DA:308,0
DA:309,0
DA:312,0
DA:313,0
DA:314,0
DA:316,0
DA:318,0
DA:340,0
DA:341,0
DA:345,0
DA:347,0
DA:351,0
DA:352,0
DA:354,0
DA:362,0
DA:363,0
DA:364,0
DA:376,0
DA:377,0
DA:378,0
DA:379,0
DA:381,0
DA:384,0
DA:394,0
DA:395,0
DA:397,0
DA:405,0
DA:419,0
DA:425,0
DA:429,0
DA:438,0
DA:439,0
DA:440,0
DA:441,0
DA:452,0
DA:460,0
DA:461,0
DA:464,0
DA:465,0
DA:475,0
DA:476,0
DA:477,0
DA:487,0
DA:488,0
DA:489,0
DA:499,0
DA:500,0
DA:501,0
DA:511,0
DA:512,0
DA:513,0
DA:523,0
DA:524,0
DA:525,0
DA:526,0
DA:529,0
DA:530,0
DA:531,0
DA:532,0
DA:533,0
DA:534,0
DA:535,0
DA:536,0
DA:538,0
DA:551,18
DA:552,0
DA:553,0
DA:554,0
DA:556,0
DA:563,0
DA:564,0
DA:567,0
DA:568,0
DA:569,0
DA:572,0
DA:573,0
DA:574,0
DA:575,0
DA:577,0
DA:578,0
DA:579,0
DA:580,0
DA:581,0
DA:582,0
DA:583,0
DA:584,0
DA:585,0
DA:586,0
DA:589,0
DA:620,0
DA:621,0
DA:626,18
DA:627,0
DA:628,0
DA:629,0
DA:631,0
DA:633,0
DA:635,0
DA:666,0
DA:675,0
DA:676,0
DA:685,0
DA:691,0
DA:698,0
DA:709,0
DA:734,0
DA:741,0
DA:742,0
DA:747,18
DA:748,0
DA:749,0
DA:750,0
DA:752,0
DA:754,0
DA:762,0
DA:771,0
DA:772,0
DA:773,0
DA:774,0
DA:775,0
DA:786,0
DA:787,0
DA:788,0
DA:790,0
DA:798,0
DA:799,0
DA:804,18
DA:805,0
DA:806,0
DA:807,0
DA:809,0
DA:814,0
DA:816,0
DA:817,0
DA:822,18
DA:823,0
DA:824,0
DA:825,0
DA:829,0
DA:831,0
DA:832,0
DA:840,18
DA:841,0
DA:842,0
DA:844,0
DA:845,0
DA:846,0
DA:847,0
DA:849,0
DA:850,0
DA:856,0
DA:858,0
DA:859,0
DA:861,0
DA:862,0
DA:866,18
DA:867,0
DA:868,0
DA:869,0
DA:871,0
DA:872,0
DA:876,18
DA:877,0
DA:878,0
DA:880,0
DA:881,0
DA:884,0
DA:890,0
DA:891,0
DA:899,18
DA:900,0
DA:901,0
DA:902,0
DA:903,0
DA:905,0
DA:906,0
DA:908,0
DA:909,0
DA:913,18
DA:914,0
DA:915,0
DA:916,0
DA:917,0
DA:919,0
DA:920,0
DA:922,0
DA:923,0
DA:927,18
DA:928,0
DA:929,0
DA:930,0
DA:931,0
DA:933,0
DA:934,0
DA:936,0
DA:937,0
DA:945,18
DA:946,0
DA:947,0
DA:948,0
DA:951,0
DA:967,0
DA:976,0
DA:977,0
DA:979,0
DA:980,0
DA:992,0
DA:994,0
DA:995,0
DA:997,0
DA:998,0
DA:999,0
DA:1000,0
DA:1002,0
DA:1006,0
DA:1007,0
DA:1008,0
DA:1009,0
DA:1011,0
DA:1012,0
DA:1013,0
DA:1014,0
DA:1016,0
DA:1017,0
DA:1018,0
DA:1019,0
DA:1020,0
DA:1021,0
DA:1022,0
DA:1023,0
DA:1024,0
DA:1027,0
DA:1028,0
DA:1029,0
DA:1033,0
DA:1034,0
DA:1035,0
DA:1037,0
DA:1038,0
DA:1040,0
DA:1041,0
DA:1042,0
DA:1045,0
DA:1046,0
DA:1049,0
DA:1061,18
LF:364
LH:27
BRDA:70,0,0,0
BRDA:71,1,0,0
BRDA:71,1,1,0
BRDA:87,2,0,0
BRDA:87,2,1,0
BRDA:90,3,0,0
BRDA:90,3,1,0
BRDA:92,4,0,0
BRDA:92,4,1,0
BRDA:93,5,0,0
BRDA:93,5,1,0
BRDA:94,6,0,0
BRDA:94,6,1,0
BRDA:95,7,0,0
BRDA:95,7,1,0
BRDA:101,8,0,0
BRDA:101,8,1,0
BRDA:107,9,0,0
BRDA:107,9,1,0
BRDA:109,10,0,0
BRDA:109,10,1,0
BRDA:140,11,0,0
BRDA:140,11,1,0
BRDA:141,12,0,0
BRDA:141,12,1,0
BRDA:142,13,0,0
BRDA:142,13,1,0
BRDA:144,14,0,0
BRDA:144,14,1,0
BRDA:145,15,0,0
BRDA:145,15,1,0
BRDA:159,16,0,0
BRDA:159,16,1,0
BRDA:159,17,0,0
BRDA:159,17,1,0
BRDA:160,18,0,0
BRDA:160,18,1,0
BRDA:164,19,0,0
BRDA:164,19,1,0
BRDA:169,20,0,0
BRDA:169,20,1,0
BRDA:175,21,0,0
BRDA:175,21,1,0
BRDA:183,22,0,0
BRDA:183,22,1,0
BRDA:184,23,0,0
BRDA:184,23,1,0
BRDA:185,24,0,0
BRDA:185,24,1,0
BRDA:186,25,0,0
BRDA:186,25,1,0
BRDA:189,26,0,0
BRDA:189,26,1,0
BRDA:191,27,0,0
BRDA:191,27,1,0
BRDA:196,28,0,0
BRDA:196,28,1,0
BRDA:198,29,0,0
BRDA:198,29,1,0
BRDA:198,30,0,0
BRDA:198,30,1,0
BRDA:203,31,0,0
BRDA:203,31,1,0
BRDA:205,32,0,0
BRDA:205,32,1,0
BRDA:210,33,0,0
BRDA:210,33,1,0
BRDA:212,34,0,0
BRDA:212,34,1,0
BRDA:213,35,0,0
BRDA:213,35,1,0
BRDA:214,36,0,0
BRDA:214,36,1,0
BRDA:219,37,0,0
BRDA:219,37,1,0
BRDA:219,38,0,0
BRDA:219,38,1,0
BRDA:226,39,0,0
BRDA:226,39,1,0
BRDA:227,40,0,0
BRDA:227,40,1,0
BRDA:228,41,0,0
BRDA:228,41,1,0
BRDA:229,42,0,0
BRDA:229,42,1,0
BRDA:229,43,0,0
BRDA:229,43,1,0
BRDA:235,44,0,0
BRDA:235,44,1,0
BRDA:240,45,0,0
BRDA:240,45,1,0
BRDA:247,46,0,0
BRDA:247,46,1,0
BRDA:248,47,0,0
BRDA:248,47,1,0
BRDA:249,48,0,0
BRDA:249,48,1,0
BRDA:267,49,0,0
BRDA:267,49,1,0
BRDA:268,50,0,0
BRDA:268,50,1,0
BRDA:270,51,0,0
BRDA:270,51,1,0
BRDA:270,52,0,0
BRDA:270,52,1,0
BRDA:271,53,0,0
BRDA:271,53,1,0
BRDA:271,54,0,0
BRDA:271,54,1,0
BRDA:280,55,0,0
BRDA:280,55,1,0
BRDA:280,55,2,0
BRDA:281,56,0,0
BRDA:281,56,1,0
BRDA:282,57,0,0
BRDA:282,57,1,0
BRDA:293,58,0,0
BRDA:293,58,1,0
BRDA:294,59,0,0
BRDA:294,59,1,0
BRDA:298,60,0,0
BRDA:298,60,1,0
BRDA:305,61,0,0
BRDA:305,61,1,0
BRDA:305,62,0,0
BRDA:305,62,1,0
BRDA:309,63,0,0
BRDA:309,63,1,0
BRDA:309,64,0,0
BRDA:309,64,1,0
BRDA:313,65,0,0
BRDA:313,65,1,0
BRDA:314,66,0,0
BRDA:314,66,1,0
BRDA:323,67,0,0
BRDA:323,67,1,0
BRDA:326,68,0,0
BRDA:326,68,1,0
BRDA:341,69,0,0
BRDA:341,69,1,0
BRDA:345,70,0,0
BRDA:345,70,1,0
BRDA:348,71,0,0
BRDA:348,71,1,0
BRDA:352,72,0,0
BRDA:352,72,1,0
BRDA:352,72,2,0
BRDA:352,73,0,0
BRDA:352,73,1,0
BRDA:357,74,0,0
BRDA:357,74,1,0
BRDA:357,75,0,0
BRDA:357,75,1,0
BRDA:363,76,0,0
BRDA:363,76,1,0
BRDA:369,77,0,0
BRDA:369,77,1,0
BRDA:376,78,0,0
BRDA:376,78,1,0
BRDA:378,79,0,0
BRDA:378,79,1,0
BRDA:394,80,0,0
BRDA:394,80,1,0
BRDA:407,81,0,0
BRDA:407,81,1,0
BRDA:408,82,0,0
BRDA:408,82,1,0
BRDA:411,83,0,0
BRDA:411,83,1,0
BRDA:419,84,0,0
BRDA:419,84,1,0
BRDA:421,85,0,0
BRDA:421,85,1,0
BRDA:422,86,0,0
BRDA:422,86,1,0
BRDA:425,87,0,0
BRDA:425,87,1,0
BRDA:425,88,0,0
BRDA:425,88,1,0
BRDA:434,89,0,0
BRDA:434,89,1,0
BRDA:438,90,0,0
BRDA:438,90,1,0
BRDA:438,91,0,0
BRDA:438,91,1,0
BRDA:440,92,0,0
BRDA:440,92,1,0
BRDA:440,93,0,0
BRDA:440,93,1,0
BRDA:440,93,2,0
BRDA:443,94,0,0
BRDA:443,94,1,0
BRDA:444,95,0,0
BRDA:444,95,1,0
BRDA:445,96,0,0
BRDA:445,96,1,0
BRDA:460,97,0,0
BRDA:460,97,1,0
BRDA:464,98,0,0
BRDA:464,98,1,0
BRDA:476,99,0,0
BRDA:476,99,1,0
BRDA:487,100,0,0
BRDA:487,100,1,0
BRDA:488,101,0,0
BRDA:488,101,1,0
BRDA:492,102,0,0
BRDA:492,102,1,0
BRDA:499,103,0,0
BRDA:499,103,1,0
BRDA:500,104,0,0
BRDA:500,104,1,0
BRDA:511,105,0,0
BRDA:511,105,1,0
BRDA:512,106,0,0
BRDA:512,106,1,0
BRDA:524,107,0,0
BRDA:524,107,1,0
BRDA:524,108,0,0
BRDA:524,108,1,0
BRDA:525,109,0,0
BRDA:525,109,1,0
BRDA:525,110,0,0
BRDA:525,110,1,0
BRDA:526,111,0,0
BRDA:526,111,1,0
BRDA:526,112,0,0
BRDA:526,112,1,0
BRDA:530,113,0,0
BRDA:530,113,1,0
BRDA:531,114,0,0
BRDA:531,114,1,0
BRDA:532,115,0,0
BRDA:532,115,1,0
BRDA:533,116,0,0
BRDA:533,116,1,0
BRDA:534,117,0,0
BRDA:534,117,1,0
BRDA:535,118,0,0
BRDA:535,118,1,0
BRDA:536,119,0,0
BRDA:536,119,1,0
BRDA:554,120,0,0
BRDA:554,120,1,0
BRDA:563,121,0,0
BRDA:563,121,1,0
BRDA:563,122,0,0
BRDA:563,122,1,0
BRDA:568,123,0,0
BRDA:568,123,1,0
BRDA:578,124,0,0
BRDA:578,124,1,0
BRDA:579,125,0,0
BRDA:579,125,1,0
BRDA:580,126,0,0
BRDA:580,126,1,0
BRDA:585,127,0,0
BRDA:585,127,1,0
BRDA:585,128,0,0
BRDA:585,128,1,0
BRDA:600,129,0,0
BRDA:600,129,1,0
BRDA:628,130,0,0
BRDA:628,130,1,0
BRDA:629,131,0,0
BRDA:629,131,1,0
BRDA:631,132,0,0
BRDA:631,132,1,0
BRDA:637,133,0,0
BRDA:637,133,1,0
BRDA:638,134,0,0
BRDA:638,134,1,0
BRDA:639,135,0,0
BRDA:639,135,1,0
BRDA:640,136,0,0
BRDA:640,136,1,0
BRDA:671,137,0,0
BRDA:671,137,1,0
BRDA:675,138,0,0
BRDA:675,138,1,0
BRDA:675,139,0,0
BRDA:675,139,1,0
BRDA:675,139,2,0
BRDA:685,140,0,0
BRDA:685,140,1,0
BRDA:685,141,0,0
BRDA:685,141,1,0
BRDA:687,142,0,0
BRDA:687,142,1,0
BRDA:688,143,0,0
BRDA:688,143,1,0
BRDA:689,144,0,0
BRDA:689,144,1,0
BRDA:691,145,0,0
BRDA:691,145,1,0
BRDA:691,146,0,0
BRDA:691,146,1,0
BRDA:693,147,0,0
BRDA:693,147,1,0
BRDA:694,148,0,0
BRDA:694,148,1,0
BRDA:695,149,0,0
BRDA:695,149,1,0
BRDA:700,150,0,0
BRDA:700,150,1,0
BRDA:700,151,0,0
BRDA:700,151,1,0
BRDA:708,152,0,0
BRDA:708,152,1,0
BRDA:714,153,0,0
BRDA:714,153,1,0
BRDA:749,154,0,0
BRDA:749,154,1,0
BRDA:750,155,0,0
BRDA:750,155,1,0
BRDA:755,156,0,0
BRDA:755,156,1,0
BRDA:756,157,0,0
BRDA:756,157,1,0
BRDA:757,158,0,0
BRDA:757,158,1,0
BRDA:758,159,0,0
BRDA:758,159,1,0
BRDA:767,160,0,0
BRDA:767,160,1,0
BRDA:771,161,0,0
BRDA:771,161,1,0
BRDA:771,162,0,0
BRDA:771,162,1,0
BRDA:773,163,0,0
BRDA:773,163,1,0
BRDA:773,164,0,0
BRDA:773,164,1,0
BRDA:776,165,0,0
BRDA:776,165,1,0
BRDA:779,166,0,0
BRDA:779,166,1,0
BRDA:786,167,0,0
BRDA:786,167,1,0
BRDA:786,168,0,0
BRDA:786,168,1,0
BRDA:788,169,0,0
BRDA:788,169,1,0
BRDA:791,170,0,0
BRDA:791,170,1,0
BRDA:806,171,0,0
BRDA:806,171,1,0
BRDA:811,172,0,0
BRDA:811,172,1,0
BRDA:811,173,0,0
BRDA:811,173,1,0
BRDA:811,174,0,0
BRDA:811,174,1,0
BRDA:842,175,0,0
BRDA:842,175,1,0
BRDA:858,176,0,0
BRDA:858,176,1,0
BRDA:880,177,0,0
BRDA:880,177,1,0
BRDA:902,178,0,0
BRDA:902,178,1,0
BRDA:916,179,0,0
BRDA:916,179,1,0
BRDA:930,180,0,0
BRDA:930,180,1,0
BRDA:930,181,0,0
BRDA:930,181,1,0
BRDA:947,182,0,0
BRDA:947,182,1,0
BRDA:947,183,0,0
BRDA:947,183,1,0
BRDA:979,184,0,0
BRDA:979,184,1,0
BRDA:998,185,0,0
BRDA:998,185,1,0
BRDA:998,185,2,0
BRDA:999,186,0,0
BRDA:999,186,1,0
BRDA:1012,187,0,0
BRDA:1012,187,1,0
BRDA:1013,188,0,0
BRDA:1013,188,1,0
BRDA:1014,189,0,0
BRDA:1014,189,1,0
BRDA:1020,190,0,0
BRDA:1020,190,1,0
BRDA:1021,191,0,0
BRDA:1021,191,1,0
BRDA:1027,192,0,0
BRDA:1027,192,1,0
BRDA:1028,193,0,0
BRDA:1028,193,1,0
BRDA:1034,194,0,0
BRDA:1034,194,1,0
BRDA:1037,195,0,0
BRDA:1037,195,1,0
BRDA:1041,196,0,0
BRDA:1041,196,1,0
BRDA:1045,197,0,0
BRDA:1045,197,1,0
BRF:400
BRH:0
end_of_record
TN:
SF:src/routes/progress.js
FN:6,(anonymous_0)
FN:15,(anonymous_1)
FN:28,(anonymous_2)
FN:45,(anonymous_3)
FNF:4
FNH:0
FNDA:0,(anonymous_0)
FNDA:0,(anonymous_1)
FNDA:0,(anonymous_2)
FNDA:0,(anonymous_3)
DA:1,18
DA:2,18
DA:3,18
DA:4,18
DA:6,18
DA:7,0
DA:8,0
DA:9,0
DA:11,0
DA:15,18
DA:16,0
DA:17,0
DA:18,0
DA:19,0
DA:21,0
DA:22,0
DA:24,0
DA:28,18
DA:29,0
DA:30,0
DA:31,0
DA:32,0
DA:34,0
DA:35,0
DA:36,0
DA:38,0
DA:39,0
DA:41,0
DA:45,18
DA:46,0
DA:47,0
DA:48,0
DA:49,0
DA:51,0
DA:52,0
DA:53,0
DA:55,0
DA:56,0
DA:58,0
DA:62,18
LF:40
LH:9
BRDA:18,0,0,0
BRDA:18,0,1,0
BRDA:31,1,0,0
BRDA:31,1,1,0
BRDA:35,2,0,0
BRDA:35,2,1,0
BRDA:35,3,0,0
BRDA:35,3,1,0
BRDA:35,3,2,0
BRDA:48,4,0,0
BRDA:48,4,1,0
BRDA:52,5,0,0
BRDA:52,5,1,0
BRDA:52,6,0,0
BRDA:52,6,1,0
BRDA:52,6,2,0
BRF:16
BRH:0
end_of_record
TN:
SF:src/routes/projectBuilder.js
FN:9,(anonymous_0)
FN:90,generateFallbackPlan
FN:91,(anonymous_2)
FN:101,(anonymous_3)
FN:102,(anonymous_4)
FN:103,(anonymous_5)
FN:104,(anonymous_6)
FN:180,generateFallbackReadme
FN:197,(anonymous_8)
FN:226,(anonymous_9)
FN:232,(anonymous_10)
FN:237,(anonymous_11)
FN:257,generateFallbackDeployment
FN:314,(anonymous_13)
FN:322,(anonymous_14)
FN:384,(anonymous_15)
FN:428,(anonymous_16)
FN:481,(anonymous_17)
FN:495,(anonymous_18)
FN:524,(anonymous_19)
FN:570,(anonymous_20)
FNF:21
FNH:1
FNDA:18,(anonymous_0)
FNDA:0,generateFallbackPlan
FNDA:0,(anonymous_2)
FNDA:0,(anonymous_3)
FNDA:0,(anonymous_4)
FNDA:0,(anonymous_5)
FNDA:0,(anonymous_6)
FNDA:0,generateFallbackReadme
FNDA:0,(anonymous_8)
FNDA:0,(anonymous_9)
FNDA:0,(anonymous_10)
FNDA:0,(anonymous_11)
FNDA:0,generateFallbackDeployment
FNDA:0,(anonymous_13)
FNDA:0,(anonymous_14)
FNDA:0,(anonymous_15)
FNDA:0,(anonymous_16)
FNDA:0,(anonymous_17)
FNDA:0,(anonymous_18)
FNDA:0,(anonymous_19)
FNDA:0,(anonymous_20)
DA:1,18
DA:2,18
DA:3,18
DA:4,18
DA:5,18
DA:6,18
DA:9,18
DA:10,18
DA:11,18
DA:25,0
DA:31,18
DA:91,0
DA:92,0
DA:93,0
DA:94,0
DA:96,0
DA:101,0
DA:102,0
DA:103,0
DA:104,0
DA:181,0
DA:182,0
DA:183,0
DA:184,0
DA:191,0
DA:197,0
DA:226,0
DA:232,0
DA:238,0
DA:239,0
DA:258,0
DA:260,0
DA:310,0
DA:314,18
DA:315,0
DA:316,0
DA:318,0
DA:319,0
DA:322,0
DA:323,0
DA:324,0
DA:326,0
DA:328,0
DA:351,0
DA:361,0
DA:363,0
DA:364,0
DA:365,0
DA:366,0
DA:368,0
DA:369,0
DA:372,0
DA:373,0
DA:376,0
DA:378,0
DA:379,0
DA:384,18
DA:385,0
DA:386,0
DA:387,0
DA:388,0
DA:391,0
DA:393,0
DA:401,0
DA:410,0
DA:412,0
DA:413,0
DA:414,0
DA:416,0
DA:417,0
DA:420,0
DA:422,0
DA:423,0
DA:428,18
DA:429,0
DA:430,0
DA:431,0
DA:432,0
DA:435,0
DA:436,0
DA:438,0
DA:440,0
DA:450,0
DA:460,0
DA:462,0
DA:463,0
DA:464,0
DA:465,0
DA:467,0
DA:470,0
DA:473,0
DA:475,0
DA:476,0
DA:481,18
DA:482,0
DA:483,0
DA:487,0
DA:489,0
DA:490,0
DA:495,18
DA:496,0
DA:497,0
DA:498,0
DA:499,0
DA:502,0
DA:516,0
DA:518,0
DA:519,0
DA:524,18
DA:525,0
DA:526,0
DA:527,0
DA:529,0
DA:530,0
DA:531,0
DA:533,0
DA:534,0
DA:535,0
DA:537,0
DA:538,0
DA:539,0
DA:541,0
DA:542,0
DA:543,0
DA:546,0
DA:547,0
DA:550,0
DA:551,0
DA:553,0
DA:558,0
DA:559,0
DA:562,0
DA:564,0
DA:565,0
DA:570,18
DA:571,0
DA:574,18
LF:137
LH:18
BRDA:91,0,0,0
BRDA:91,0,1,0
BRDA:92,1,0,0
BRDA:92,1,1,0
BRDA:93,2,0,0
BRDA:93,2,1,0
BRDA:94,3,0,0
BRDA:94,3,1,0
BRDA:99,4,0,0
BRDA:99,4,1,0
BRDA:181,5,0,0
BRDA:181,5,1,0
BRDA:182,6,0,0
BRDA:182,6,1,0
BRDA:183,7,0,0
BRDA:183,7,1,0
BRDA:185,8,0,0
BRDA:185,8,1,0
BRDA:186,9,0,0
BRDA:186,9,1,0
BRDA:187,10,0,0
BRDA:187,10,1,0
BRDA:188,11,0,0
BRDA:188,11,1,0
BRDA:205,12,0,0
BRDA:205,12,1,0
BRDA:205,13,0,0
BRDA:205,13,1,0
BRDA:226,14,0,0
BRDA:226,14,1,0
BRDA:232,15,0,0
BRDA:232,15,1,0
BRDA:237,16,0,0
BRDA:237,16,1,0
BRDA:239,17,0,0
BRDA:239,17,1,0
BRDA:258,18,0,0
BRDA:258,18,1,0
BRDA:310,19,0,0
BRDA:310,19,1,0
BRDA:318,20,0,0
BRDA:318,20,1,0
BRDA:318,21,0,0
BRDA:318,21,1,0
BRDA:322,22,0,0
BRDA:322,22,1,0
BRDA:323,23,0,0
BRDA:323,23,1,0
BRDA:323,24,0,0
BRDA:323,24,1,0
BRDA:324,25,0,0
BRDA:324,25,1,0
BRDA:330,26,0,0
BRDA:330,26,1,0
BRDA:356,27,0,0
BRDA:356,27,1,0
BRDA:363,28,0,0
BRDA:363,28,1,0
BRDA:365,29,0,0
BRDA:365,29,1,0
BRDA:365,30,0,0
BRDA:365,30,1,0
BRDA:387,31,0,0
BRDA:387,31,1,0
BRDA:406,32,0,0
BRDA:406,32,1,0
BRDA:412,33,0,0
BRDA:412,33,1,0
BRDA:412,34,0,0
BRDA:412,34,1,0
BRDA:431,35,0,0
BRDA:431,35,1,0
BRDA:436,36,0,0
BRDA:436,36,1,0
BRDA:455,37,0,0
BRDA:455,37,1,0
BRDA:462,38,0,0
BRDA:462,38,1,0
BRDA:464,39,0,0
BRDA:464,39,1,0
BRDA:498,40,0,0
BRDA:498,40,1,0
BRDA:509,41,0,0
BRDA:509,41,1,0
BRDA:510,42,0,0
BRDA:510,42,1,0
BRDA:511,43,0,0
BRDA:511,43,1,0
BRDA:512,44,0,0
BRDA:512,44,1,0
BRDA:533,45,0,0
BRDA:533,45,1,0
BRDA:537,46,0,0
BRDA:537,46,1,0
BRDA:541,47,0,0
BRDA:541,47,1,0
BRDA:546,48,0,0
BRDA:546,48,1,0
BRDA:558,49,0,0
BRDA:558,49,1,0
BRF:100
BRH:0
end_of_record
TN:
SF:src/routes/projects.js
FN:6,(anonymous_0)
FNF:1
FNH:1
FNDA:2,(anonymous_0)
DA:1,18
DA:2,18
DA:3,18
DA:4,18
DA:6,18
DA:7,2
DA:13,18
LF:7
LH:7
BRF:0
BRH:0
end_of_record
TN:
SF:src/routes/recruiterVisibility.js
FN:25,(anonymous_0)
FNF:1
FNH:0
FNDA:0,(anonymous_0)
DA:1,18
DA:2,18
DA:3,18
DA:4,18
DA:5,18
DA:25,18
DA:26,0
DA:27,0
DA:29,0
DA:36,0
DA:38,0
DA:39,0
DA:41,0
DA:42,0
DA:46,18
LF:15
LH:7
BRDA:27,0,0,0
BRDA:27,0,1,0
BRDA:38,1,0,0
BRDA:38,1,1,0
BRF:4
BRH:0
end_of_record
TN:
SF:src/routes/resume.js
FN:16,(anonymous_0)
FN:32,(anonymous_1)
FN:72,extractText
FN:92,detectSections
FN:94,(anonymous_4)
FN:94,(anonymous_5)
FN:107,scoreResume
FN:115,(anonymous_7)
FN:124,(anonymous_8)
FN:157,(anonymous_9)
FN:164,buildSuggestions
FN:195,(anonymous_11)
FN:195,(anonymous_12)
FN:202,(anonymous_13)
FN:228,(anonymous_14)
FN:270,(anonymous_15)
FN:284,(anonymous_16)
FN:306,(anonymous_17)
FN:324,(anonymous_18)
FN:336,(anonymous_19)
FN:354,(anonymous_20)
FN:375,(anonymous_21)
FN:376,(anonymous_22)
FN:431,(anonymous_23)
FN:484,toLines
FN:487,(anonymous_25)
FN:491,toItems
FN:494,(anonymous_27)
FN:498,titleCase
FN:501,(anonymous_29)
FN:506,extractKeywordsFromJD
FN:517,(anonymous_31)
FN:519,(anonymous_32)
FN:522,createResumeMarkdown
FN:550,(anonymous_34)
FN:554,(anonymous_35)
FN:558,(anonymous_36)
FN:597,markdownToDocxBuffer
FN:632,markdownToPdfBuffer
FN:633,(anonymous_39)
FN:637,(anonymous_40)
FN:638,(anonymous_41)
FN:661,(anonymous_42)
FN:708,(anonymous_43)
FN:709,(anonymous_44)
FN:749,parseJson
FN:756,parseJsonFields
FNF:47
FNH:1
FNDA:0,(anonymous_0)
FNDA:18,(anonymous_1)
FNDA:0,extractText
FNDA:0,detectSections
FNDA:0,(anonymous_4)
FNDA:0,(anonymous_5)
FNDA:0,scoreResume
FNDA:0,(anonymous_7)
FNDA:0,(anonymous_8)
FNDA:0,(anonymous_9)
FNDA:0,buildSuggestions
FNDA:0,(anonymous_11)
FNDA:0,(anonymous_12)
FNDA:0,(anonymous_13)
FNDA:0,(anonymous_14)
FNDA:0,(anonymous_15)
FNDA:0,(anonymous_16)
FNDA:0,(anonymous_17)
FNDA:0,(anonymous_18)
FNDA:0,(anonymous_19)
FNDA:0,(anonymous_20)
FNDA:0,(anonymous_21)
FNDA:0,(anonymous_22)
FNDA:0,(anonymous_23)
FNDA:0,toLines
FNDA:0,(anonymous_25)
FNDA:0,toItems
FNDA:0,(anonymous_27)
FNDA:0,titleCase
FNDA:0,(anonymous_29)
FNDA:0,extractKeywordsFromJD
FNDA:0,(anonymous_31)
FNDA:0,(anonymous_32)
FNDA:0,createResumeMarkdown
FNDA:0,(anonymous_34)
FNDA:0,(anonymous_35)
FNDA:0,(anonymous_36)
FNDA:0,markdownToDocxBuffer
FNDA:0,markdownToPdfBuffer
FNDA:0,(anonymous_39)
FNDA:0,(anonymous_40)
FNDA:0,(anonymous_41)
FNDA:0,(anonymous_42)
FNDA:0,(anonymous_43)
FNDA:0,(anonymous_44)
FNDA:0,parseJson
FNDA:0,parseJsonFields
DA:1,18
DA:2,18
DA:3,18
DA:4,18
DA:5,18
DA:6,18
DA:7,18
DA:8,18
DA:9,18
DA:12,18
DA:13,18
DA:17,0
DA:22,0
DA:23,0
DA:25,0
DA:32,18
DA:33,18
DA:35,18
DA:50,18
DA:56,18
DA:57,72
DA:58,72
DA:63,0
DA:67,0
DA:73,0
DA:74,0
DA:75,0
DA:76,0
DA:77,0
DA:78,0
DA:80,0
DA:81,0
DA:85,0
DA:88,0
DA:93,0
DA:94,0
DA:96,0
DA:108,0
DA:109,0
DA:112,0
DA:115,0
DA:118,0
DA:121,0
DA:124,0
DA:127,0
DA:130,0
DA:133,0
DA:136,0
DA:139,0
DA:142,0
DA:145,0
DA:147,0
DA:156,0
DA:157,0
DA:160,0
DA:165,0
DA:168,0
DA:177,0
DA:186,0
DA:195,0
DA:196,0
DA:197,0
DA:199,0
DA:202,0
DA:207,0
DA:216,0
DA:224,0
DA:228,18
DA:229,0
DA:230,0
DA:231,0
DA:232,0
DA:235,0
DA:238,0
DA:241,0
DA:244,0
DA:246,0
DA:260,0
DA:261,0
DA:263,0
DA:265,0
DA:270,18
DA:271,0
DA:272,0
DA:277,0
DA:279,0
DA:284,18
DA:285,0
DA:286,0
DA:290,0
DA:292,0
DA:293,0
DA:301,0
DA:306,18
DA:307,0
DA:308,0
DA:312,0
DA:313,0
DA:316,0
DA:319,0
DA:323,0
DA:324,0
DA:326,0
DA:329,0
DA:331,0
DA:336,18
DA:337,0
DA:338,0
DA:343,0
DA:344,0
DA:347,0
DA:349,0
DA:354,18
DA:355,0
DA:356,0
DA:357,0
DA:358,0
DA:360,0
DA:361,0
DA:364,0
DA:365,0
DA:366,0
DA:370,0
DA:372,0
DA:375,0
DA:376,0
DA:378,0
DA:379,0
DA:381,0
DA:393,0
DA:394,0
DA:395,0
DA:401,0
DA:402,0
DA:403,0
DA:404,0
DA:406,0
DA:407,0
DA:408,0
DA:411,0
DA:426,0
DA:431,18
DA:432,0
DA:433,0
DA:435,0
DA:436,0
DA:439,0
DA:453,0
DA:457,0
DA:465,0
DA:466,0
DA:469,0
DA:473,0
DA:477,18
DA:485,0
DA:487,0
DA:492,0
DA:494,0
DA:499,0
DA:501,0
DA:507,0
DA:508,0
DA:510,0
DA:511,0
DA:512,0
DA:513,0
DA:516,0
DA:517,0
DA:519,0
DA:535,0
DA:537,0
DA:538,0
DA:539,0
DA:540,0
DA:542,0
DA:549,0
DA:550,0
DA:553,0
DA:554,0
DA:557,0
DA:558,0
DA:561,0
DA:565,0
DA:569,0
DA:598,0
DA:599,0
DA:601,0
DA:602,0
DA:603,0
DA:604,0
DA:606,0
DA:607,0
DA:608,0
DA:610,0
DA:611,0
DA:612,0
DA:614,0
DA:615,0
DA:621,0
DA:623,0
DA:626,0
DA:629,0
DA:633,0
DA:634,0
DA:635,0
DA:637,0
DA:638,0
DA:639,0
DA:641,0
DA:642,0
DA:643,0
DA:644,0
DA:645,0
DA:646,0
DA:647,0
DA:648,0
DA:649,0
DA:650,0
DA:652,0
DA:656,0
DA:661,18
DA:662,0
DA:677,0
DA:679,0
DA:680,0
DA:682,0
DA:683,0
DA:686,0
DA:687,0
DA:689,0
DA:690,0
DA:707,0
DA:708,0
DA:709,0
DA:711,0
DA:712,0
DA:714,0
DA:720,0
DA:721,0
DA:722,0
DA:723,0
DA:725,0
DA:726,0
DA:727,0
DA:730,0
DA:745,0
DA:750,0
DA:751,0
DA:753,0
DA:757,0
DA:758,0
DA:766,18
LF:252
LH:28
BRDA:22,0,0,0
BRDA:22,0,1,0
BRDA:63,1,0,0
BRDA:63,1,1,0
BRDA:73,2,0,0
BRDA:73,2,1,0
BRDA:75,3,0,0
BRDA:75,3,1,0
BRDA:78,4,0,0
BRDA:78,4,1,0
BRDA:118,5,0,0
BRDA:118,5,1,0
BRDA:130,6,0,0
BRDA:130,6,1,0
BRDA:136,7,0,0
BRDA:136,7,1,0
BRDA:139,8,0,0
BRDA:139,8,1,0
BRDA:139,9,0,0
BRDA:139,9,1,0
BRDA:139,10,0,0
BRDA:139,10,1,0
BRDA:145,11,0,0
BRDA:145,11,1,0
BRDA:145,12,0,0
BRDA:145,12,1,0
BRDA:169,13,0,0
BRDA:169,13,1,0
BRDA:171,14,0,0
BRDA:171,14,1,0
BRDA:172,15,0,0
BRDA:172,15,1,0
BRDA:178,16,0,0
BRDA:178,16,1,0
BRDA:180,17,0,0
BRDA:180,17,1,0
BRDA:181,18,0,0
BRDA:181,18,1,0
BRDA:187,19,0,0
BRDA:187,19,1,0
BRDA:189,20,0,0
BRDA:189,20,1,0
BRDA:196,21,0,0
BRDA:196,21,1,0
BRDA:208,22,0,0
BRDA:208,22,1,0
BRDA:210,23,0,0
BRDA:210,23,1,0
BRDA:217,24,0,0
BRDA:217,24,1,0
BRDA:219,25,0,0
BRDA:219,25,1,0
BRDA:231,26,0,0
BRDA:231,26,1,0
BRDA:231,27,0,0
BRDA:231,27,1,0
BRDA:231,27,2,0
BRDA:232,28,0,0
BRDA:232,28,1,0
BRDA:290,29,0,0
BRDA:290,29,1,0
BRDA:312,30,0,0
BRDA:312,30,1,0
BRDA:323,31,0,0
BRDA:323,31,1,0
BRDA:343,32,0,0
BRDA:343,32,1,0
BRDA:357,33,0,0
BRDA:357,33,1,0
BRDA:357,33,2,0
BRDA:358,34,0,0
BRDA:358,34,1,0
BRDA:358,34,2,0
BRDA:360,35,0,0
BRDA:360,35,1,0
BRDA:361,36,0,0
BRDA:361,36,1,0
BRDA:365,37,0,0
BRDA:365,37,1,0
BRDA:378,38,0,0
BRDA:378,38,1,0
BRDA:388,39,0,0
BRDA:388,39,1,0
BRDA:389,40,0,0
BRDA:389,40,1,0
BRDA:390,41,0,0
BRDA:390,41,1,0
BRDA:393,42,0,0
BRDA:393,42,1,0
BRDA:394,43,0,0
BRDA:394,43,1,0
BRDA:395,44,0,0
BRDA:395,44,1,0
BRDA:401,45,0,0
BRDA:401,45,1,0
BRDA:414,46,0,0
BRDA:414,46,1,0
BRDA:414,47,0,0
BRDA:414,47,1,0
BRDA:414,48,0,0
BRDA:414,48,1,0
BRDA:435,49,0,0
BRDA:435,49,1,0
BRDA:435,50,0,0
BRDA:435,50,1,0
BRDA:435,50,2,0
BRDA:453,51,0,0
BRDA:453,51,1,0
BRDA:455,52,0,0
BRDA:455,52,1,0
BRDA:465,53,0,0
BRDA:465,53,1,0
BRDA:465,54,0,0
BRDA:465,54,1,0
BRDA:470,55,0,0
BRDA:470,55,1,0
BRDA:485,56,0,0
BRDA:485,56,1,0
BRDA:492,57,0,0
BRDA:492,57,1,0
BRDA:499,58,0,0
BRDA:499,58,1,0
BRDA:501,59,0,0
BRDA:501,59,1,0
BRDA:507,60,0,0
BRDA:507,60,1,0
BRDA:507,61,0,0
BRDA:507,61,1,0
BRDA:511,62,0,0
BRDA:511,62,1,0
BRDA:512,63,0,0
BRDA:512,63,1,0
BRDA:513,64,0,0
BRDA:513,64,1,0
BRDA:543,65,0,0
BRDA:543,65,1,0
BRDA:544,66,0,0
BRDA:544,66,1,0
BRDA:545,67,0,0
BRDA:545,67,1,0
BRDA:546,68,0,0
BRDA:546,68,1,0
BRDA:549,69,0,0
BRDA:549,69,1,0
BRDA:553,70,0,0
BRDA:553,70,1,0
BRDA:557,71,0,0
BRDA:557,71,1,0
BRDA:561,72,0,0
BRDA:561,72,1,0
BRDA:561,73,0,0
BRDA:561,73,1,0
BRDA:563,74,0,0
BRDA:563,74,1,0
BRDA:565,75,0,0
BRDA:565,75,1,0
BRDA:570,76,0,0
BRDA:570,76,1,0
BRDA:577,77,0,0
BRDA:577,77,1,0
BRDA:580,78,0,0
BRDA:580,78,1,0
BRDA:598,79,0,0
BRDA:598,79,1,0
BRDA:602,80,0,0
BRDA:602,80,1,0
BRDA:606,81,0,0
BRDA:606,81,1,0
BRDA:610,82,0,0
BRDA:610,82,1,0
BRDA:614,83,0,0
BRDA:614,83,1,0
BRDA:641,84,0,0
BRDA:641,84,1,0
BRDA:643,85,0,0
BRDA:643,85,1,0
BRDA:644,86,0,0
BRDA:644,86,1,0
BRDA:646,87,0,0
BRDA:646,87,1,0
BRDA:649,88,0,0
BRDA:649,88,1,0
BRDA:664,89,0,0
BRDA:665,90,0,0
BRDA:666,91,0,0
BRDA:667,92,0,0
BRDA:668,93,0,0
BRDA:669,94,0,0
BRDA:670,95,0,0
BRDA:671,96,0,0
BRDA:672,97,0,0
BRDA:673,98,0,0
BRDA:674,99,0,0
BRDA:675,100,0,0
BRDA:676,101,0,0
BRDA:679,102,0,0
BRDA:679,102,1,0
BRDA:682,103,0,0
BRDA:682,103,1,0
BRDA:686,104,0,0
BRDA:686,104,1,0
BRDA:687,105,0,0
BRDA:687,105,1,0
BRDA:711,106,0,0
BRDA:711,106,1,0
BRDA:720,107,0,0
BRDA:720,107,1,0
BRDA:733,108,0,0
BRDA:733,108,1,0
BRDA:733,109,0,0
BRDA:733,109,1,0
BRDA:733,110,0,0
BRDA:733,110,1,0
BRDA:750,111,0,0
BRDA:750,111,1,0
BRDA:757,112,0,0
BRDA:757,112,1,0
BRF:217
BRH:0
end_of_record
TN:
SF:src/routes/resumeChat.js
FN:9,embedAndStoreResume
FN:36,(anonymous_1)
FN:56,(anonymous_2)
FN:69,(anonymous_3)
FN:99,(anonymous_4)
FN:109,(anonymous_5)
FN:119,(anonymous_6)
FNF:7
FNH:6
FNDA:1,embedAndStoreResume
FNDA:6,(anonymous_1)
FNDA:4,(anonymous_2)
FNDA:3,(anonymous_3)
FNDA:2,(anonymous_4)
FNDA:3,(anonymous_5)
FNDA:0,(anonymous_6)
DA:1,18
DA:2,18
DA:3,18
DA:4,18
DA:5,18
DA:6,18
DA:10,1
DA:12,1
DA:15,1
DA:18,1
DA:19,0
DA:20,0
DA:22,0
DA:23,0
DA:31,1
DA:36,18
DA:37,6
DA:38,6
DA:39,6
DA:41,6
DA:42,2
DA:46,4
DA:51,4
DA:52,1
DA:56,4
DA:62,3
DA:64,3
DA:65,1
DA:69,3
DA:72,2
DA:76,2
DA:83,2
DA:92,2
DA:93,1
DA:97,1
DA:99,2
DA:102,0
DA:103,0
DA:109,18
DA:110,3
DA:111,3
DA:112,3
DA:114,3
DA:115,2
DA:119,1
DA:120,0
DA:123,1
DA:125,0
DA:126,0
DA:130,18
DA:131,18
LF:51
LH:42
BRDA:22,0,0,0
BRDA:22,0,1,0
BRDA:41,1,0,2
BRDA:41,1,1,4
BRDA:41,2,0,6
BRDA:41,2,1,5
BRDA:51,3,0,1
BRDA:51,3,1,3
BRDA:58,4,0,4
BRDA:58,4,1,0
BRDA:64,5,0,1
BRDA:64,5,1,2
BRDA:92,6,0,1
BRDA:92,6,1,1
BRDA:93,7,0,1
BRDA:93,7,1,0
BRDA:114,8,0,2
BRDA:114,8,1,1
BRDA:114,9,0,3
BRDA:114,9,1,2
BRF:20
BRH:16
end_of_record
TN:
SF:src/routes/resumeConsistency.js
FN:19,(anonymous_0)
FNF:1
FNH:0
FNDA:0,(anonymous_0)
DA:1,18
DA:2,18
DA:3,18
DA:4,18
DA:5,18
DA:19,18
DA:20,0
DA:21,0
DA:23,0
DA:24,0
DA:29,0
DA:31,0
DA:36,0
DA:37,0
DA:43,18
LF:15
LH:7
BRDA:21,0,0,0
BRDA:21,0,1,0
BRDA:23,1,0,0
BRDA:23,1,1,0
BRDA:23,2,0,0
BRDA:23,2,1,0
BRDA:23,2,2,0
BRF:7
BRH:0
end_of_record
TN:
SF:src/routes/resumeV2.js
FN:24,(anonymous_0)
FN:41,(anonymous_1)
FN:127,(anonymous_2)
FN:166,(anonymous_3)
FN:223,(anonymous_4)
FN:245,(anonymous_5)
FNF:6
FNH:0
FNDA:0,(anonymous_0)
FNDA:0,(anonymous_1)
FNDA:0,(anonymous_2)
FNDA:0,(anonymous_3)
FNDA:0,(anonymous_4)
FNDA:0,(anonymous_5)
DA:6,18
DA:7,18
DA:8,18
DA:9,18
DA:10,18
DA:11,18
DA:12,18
DA:15,18
DA:16,18
DA:17,18
DA:18,18
DA:21,18
DA:25,0
DA:26,0
DA:27,0
DA:29,0
DA:41,18
DA:42,0
DA:44,0
DA:46,0
DA:47,0
DA:48,0
DA:49,0
DA:50,0
DA:51,0
DA:52,0
DA:53,0
DA:54,0
DA:56,0
DA:59,0
DA:66,0
DA:69,0
DA:70,0
DA:76,0
DA:77,0
DA:78,0
DA:81,0
DA:95,0
DA:114,0
DA:115,0
DA:127,18
DA:128,0
DA:129,0
DA:131,0
DA:132,0
DA:138,0
DA:139,0
DA:144,0
DA:152,0
DA:153,0
DA:166,18
DA:167,0
DA:168,0
DA:170,0
DA:171,0
DA:177,0
DA:178,0
DA:179,0
DA:185,0
DA:186,0
DA:187,0
DA:189,0
DA:190,0
DA:191,0
DA:198,0
DA:204,0
DA:205,0
DA:207,0
DA:210,0
DA:211,0
DA:223,18
DA:224,0
DA:225,0
DA:226,0
DA:228,0
DA:233,0
DA:234,0
DA:245,18
DA:246,0
DA:247,0
DA:249,0
DA:250,0
DA:256,0
DA:261,0
DA:262,0
DA:269,18
LF:86
LH:18
BRDA:26,0,0,0
BRDA:26,0,1,0
BRDA:46,1,0,0
BRDA:46,1,1,0
BRDA:49,2,0,0
BRDA:49,2,1,0
BRDA:52,3,0,0
BRDA:52,3,1,0
BRDA:69,4,0,0
BRDA:69,4,1,0
BRDA:69,5,0,0
BRDA:69,5,1,0
BRDA:69,5,2,0
BRDA:131,6,0,0
BRDA:131,6,1,0
BRDA:131,7,0,0
BRDA:131,7,1,0
BRDA:168,8,0,0
BRDA:170,9,0,0
BRDA:170,9,1,0
BRDA:170,10,0,0
BRDA:170,10,1,0
BRDA:178,11,0,0
BRDA:178,11,1,0
BRDA:190,12,0,0
[...]
BRDA:81,9,0,0
BRDA:81,9,1,0
BRDA:85,10,0,0
BRDA:85,10,1,0
BRDA:96,11,0,0
BRDA:96,11,1,0
BRDA:97,12,0,0
BRDA:97,12,1,0
BRDA:101,13,0,0
BRDA:101,13,1,0
BRDA:102,14,0,0
BRDA:102,14,1,0
BRDA:103,15,0,0
BRDA:103,15,1,0
BRDA:111,16,0,0
BRDA:111,16,1,0
BRDA:112,17,0,0
BRDA:112,17,1,0
BRDA:113,18,0,0
BRDA:113,18,1,0
BRDA:121,19,0,0
BRDA:121,19,1,0
BRDA:126,20,0,0
BRDA:126,20,1,0
BRDA:131,21,0,0
BRDA:131,21,1,0
BRDA:136,22,0,0
BRDA:136,22,1,0
BRDA:141,23,0,0
BRDA:141,23,1,0
BRF:48
BRH:0
end_of_record
TN:
SF:src/services/v2/readabilityAnalyzer.js
FN:15,(anonymous_0)
FN:40,(anonymous_1)
FN:59,(anonymous_2)
FN:60,(anonymous_3)
FN:61,(anonymous_4)
FN:62,(anonymous_5)
FN:79,(anonymous_6)
FN:80,(anonymous_7)
FN:97,(anonymous_8)
FNF:9
FNH:0
FNDA:0,(anonymous_0)
FNDA:0,(anonymous_1)
FNDA:0,(anonymous_2)
FNDA:0,(anonymous_3)
FNDA:0,(anonymous_4)
FNDA:0,(anonymous_5)
FNDA:0,(anonymous_6)
FNDA:0,(anonymous_7)
FNDA:0,(anonymous_8)
DA:12,18
DA:13,18
DA:16,0
DA:17,0
DA:20,0
DA:21,0
DA:22,0
DA:24,0
DA:25,0
DA:30,0
DA:41,0
DA:42,0
DA:44,0
DA:45,0
DA:47,0
DA:48,0
DA:49,0
DA:50,0
DA:51,0
DA:52,0
DA:55,0
DA:60,0
DA:61,0
DA:62,0
DA:64,0
DA:65,0
DA:67,0
DA:68,0
DA:69,0
DA:70,0
DA:71,0
DA:72,0
DA:75,0
DA:80,0
DA:81,0
DA:82,0
DA:83,0
DA:84,0
DA:86,0
DA:87,0
DA:88,0
DA:90,0
DA:98,0
DA:100,0
DA:101,0
DA:102,0
DA:106,0
DA:110,18
LF:48
LH:3
BRDA:16,0,0,0
BRDA:16,0,1,0
BRDA:16,1,0,0
BRDA:16,1,1,0
BRDA:47,2,0,0
BRDA:47,2,1,0
BRDA:50,3,0,0
BRDA:50,3,1,0
BRDA:62,4,0,0
BRDA:62,4,1,0
BRDA:67,5,0,0
BRDA:67,5,1,0
BRDA:70,6,0,0
BRDA:70,6,1,0
BRDA:80,7,0,0
BRDA:80,7,1,0
BRDA:82,8,0,0
BRDA:82,8,1,0
BRDA:83,9,0,0
BRDA:83,9,1,0
BRDA:84,10,0,0
BRDA:84,10,1,0
BRDA:87,11,0,0
BRDA:87,11,1,0
BRDA:88,12,0,0
BRDA:88,12,1,0
BRDA:91,13,0,0
BRDA:91,13,1,0
BRDA:93,14,0,0
BRDA:93,14,1,0
BRDA:101,15,0,0
BRDA:101,15,1,0
BRDA:101,16,0,0
BRDA:101,16,1,0
BRDA:101,17,0,0
BRDA:101,17,1,0
BRF:36
BRH:0
end_of_record
TN:
SF:src/services/v2/resumeAnalysisEngine.js
FN:42,(anonymous_0)
FN:77,(anonymous_1)
FN:149,(anonymous_2)
FN:173,(anonymous_3)
FN:182,(anonymous_4)
FN:204,(anonymous_5)
FN:255,(anonymous_6)
FN:259,(anonymous_7)
FN:308,(anonymous_8)
FN:316,(anonymous_9)
FN:341,(anonymous_10)
FN:343,(anonymous_11)
FN:352,(anonymous_12)
FNF:13
FNH:0
FNDA:0,(anonymous_0)
FNDA:0,(anonymous_1)
FNDA:0,(anonymous_2)
FNDA:0,(anonymous_3)
FNDA:0,(anonymous_4)
FNDA:0,(anonymous_5)
FNDA:0,(anonymous_6)
FNDA:0,(anonymous_7)
FNDA:0,(anonymous_8)
FNDA:0,(anonymous_9)
FNDA:0,(anonymous_10)
FNDA:0,(anonymous_11)
FNDA:0,(anonymous_12)
DA:15,18
DA:16,18
DA:17,18
DA:18,18
DA:19,18
DA:20,18
DA:21,18
DA:22,18
DA:23,18
DA:24,18
DA:25,18
DA:26,18
DA:27,18
DA:31,18
DA:43,0
DA:44,0
DA:47,0
DA:49,0
DA:52,0
DA:53,0
DA:54,0
DA:55,0
DA:56,0
DA:57,0
DA:58,0
DA:59,0
DA:60,0
DA:61,0
DA:62,0
DA:63,0
DA:66,0
DA:77,0
DA:78,0
DA:83,0
DA:88,0
DA:90,0
DA:92,0
DA:149,0
DA:174,0
DA:175,0
DA:183,0
DA:196,0
DA:197,0
DA:205,0
DA:207,0
DA:208,0
DA:211,0
DA:212,0
DA:215,0
DA:216,0
DA:219,0
DA:220,0
DA:222,0
DA:223,0
DA:226,0
DA:227,0
DA:228,0
DA:232,0
DA:233,0
DA:234,0
DA:238,0
DA:239,0
DA:240,0
DA:244,0
DA:245,0
DA:248,0
DA:256,0
DA:257,0
DA:259,0
DA:260,0
DA:261,0
DA:262,0
DA:264,0
DA:265,0
DA:267,0
DA:268,0
DA:270,0
DA:271,0
DA:273,0
DA:274,0
DA:276,0
DA:277,0
DA:279,0
DA:280,0
DA:282,0
DA:283,0
DA:285,0
DA:286,0
DA:288,0
DA:289,0
DA:291,0
DA:292,0
DA:294,0
DA:297,0
DA:298,0
DA:299,0
DA:300,0
DA:301,0
DA:302,0
DA:305,0
DA:309,0
DA:310,0
DA:311,0
DA:312,0
DA:313,0
DA:317,0
DA:319,0
DA:320,0
DA:322,0
DA:323,0
DA:325,0
DA:326,0
DA:328,0
DA:329,0
DA:331,0
DA:332,0
DA:334,0
DA:335,0
DA:338,0
DA:342,0
DA:343,0
DA:345,0
DA:346,0
DA:349,0
DA:353,0
DA:366,18
LF:126
LH:15
BRDA:42,0,0,0
BRDA:43,1,0,0
BRDA:43,1,1,0
BRDA:43,2,0,0
BRDA:43,2,1,0
BRDA:43,2,2,0
BRDA:97,3,0,0
BRDA:97,3,1,0
BRDA:174,4,0,0
BRDA:174,4,1,0
BRDA:174,5,0,0
BRDA:174,5,1,0
BRDA:208,6,0,0
BRDA:208,6,1,0
BRDA:208,7,0,0
BRDA:208,7,1,0
BRDA:208,8,0,0
BRDA:208,8,1,0
BRDA:216,9,0,0
BRDA:216,9,1,0
BRDA:219,10,0,0
BRDA:219,10,1,0
BRDA:222,11,0,0
BRDA:222,11,1,0
BRDA:238,12,0,0
BRDA:238,12,1,0
BRDA:244,13,0,0
BRDA:244,13,1,0
BRDA:261,14,0,0
BRDA:261,14,1,0
BRDA:261,15,0,0
BRDA:261,15,1,0
BRDA:264,16,0,0
BRDA:264,16,1,0
BRDA:267,17,0,0
BRDA:267,17,1,0
BRDA:270,18,0,0
BRDA:270,18,1,0
BRDA:270,19,0,0
BRDA:270,19,1,0
BRDA:273,20,0,0
BRDA:273,20,1,0
BRDA:276,21,0,0
BRDA:276,21,1,0
BRDA:276,22,0,0
BRDA:276,22,1,0
BRDA:276,22,2,0
BRDA:276,22,3,0
BRDA:276,22,4,0
BRDA:276,22,5,0
BRDA:279,23,0,0
BRDA:279,23,1,0
BRDA:282,24,0,0
BRDA:282,24,1,0
BRDA:285,25,0,0
BRDA:285,25,1,0
BRDA:285,26,0,0
BRDA:285,26,1,0
BRDA:285,26,2,0
BRDA:285,26,3,0
BRDA:288,27,0,0
BRDA:288,27,1,0
BRDA:288,28,0,0
BRDA:288,28,1,0
BRDA:288,28,2,0
BRDA:288,28,3,0
BRDA:291,29,0,0
BRDA:291,29,1,0
BRDA:300,30,0,0
BRDA:300,30,1,0
BRDA:309,31,0,0
BRDA:309,31,1,0
BRDA:310,32,0,0
BRDA:310,32,1,0
BRDA:311,33,0,0
BRDA:311,33,1,0
BRDA:312,34,0,0
BRDA:312,34,1,0
BRDA:319,35,0,0
BRDA:319,35,1,0
BRDA:322,36,0,0
BRDA:322,36,1,0
BRDA:325,37,0,0
BRDA:325,37,1,0
BRDA:328,38,0,0
BRDA:328,38,1,0
BRDA:331,39,0,0
BRDA:331,39,1,0
BRDA:334,40,0,0
BRDA:334,40,1,0
BRDA:343,41,0,0
BRDA:343,41,1,0
BRF:92
BRH:0
end_of_record
TN:
SF:src/services/v2/resumeCriticEngine.js
FN:11,(anonymous_0)
FN:48,(anonymous_1)
FNF:2
FNH:0
FNDA:0,(anonymous_0)
FNDA:0,(anonymous_1)
DA:12,0
DA:20,0
DA:21,0
DA:24,0
DA:25,0
DA:28,0
DA:29,0
DA:30,0
DA:31,0
DA:32,0
DA:34,0
DA:37,0
DA:38,0
DA:39,0
DA:40,0
DA:42,0
DA:45,0
DA:46,0
DA:48,0
DA:51,0
DA:55,18
LF:21
LH:1
BRDA:20,0,0,0
BRDA:20,0,1,0
BRDA:24,1,0,0
BRDA:24,1,1,0
BRDA:28,2,0,0
BRDA:28,2,1,0
BRDA:29,3,0,0
BRDA:29,3,1,0
BRDA:31,4,0,0
BRDA:31,4,1,0
BRDA:37,5,0,0
BRDA:37,5,1,0
BRDA:39,6,0,0
BRDA:39,6,1,0
BRDA:45,7,0,0
BRDA:45,7,1,0
BRF:16
BRH:0
end_of_record
TN:
SF:src/services/v2/resumeExportEngine.js
FN:16,(anonymous_0)
FN:35,(anonymous_1)
FN:47,(anonymous_2)
FN:48,(anonymous_3)
FN:59,(anonymous_4)
FN:60,(anonymous_5)
FN:86,(anonymous_6)
FN:124,(anonymous_7)
FN:139,(anonymous_8)
FN:163,(anonymous_9)
FN:175,(anonymous_10)
FNF:11
FNH:0
FNDA:0,(anonymous_0)
FNDA:0,(anonymous_1)
FNDA:0,(anonymous_2)
FNDA:0,(anonymous_3)
FNDA:0,(anonymous_4)
FNDA:0,(anonymous_5)
FNDA:0,(anonymous_6)
FNDA:0,(anonymous_7)
FNDA:0,(anonymous_8)
FNDA:0,(anonymous_9)
FNDA:0,(anonymous_10)
DA:6,18
DA:7,18
DA:17,0
DA:18,0
DA:21,0
DA:23,0
DA:25,0
DA:28,0
DA:36,0
DA:48,0
DA:49,0
DA:50,0
DA:55,0
DA:56,0
DA:59,0
DA:60,0
DA:61,0
DA:62,0
DA:70,0
DA:73,0
DA:75,0
DA:77,0
DA:87,0
DA:88,0
DA:89,0
DA:91,0
DA:93,0
DA:95,0
DA:96,0
DA:99,0
DA:100,0
DA:101,0
DA:102,0
DA:103,0
DA:106,0
DA:107,0
DA:108,0
DA:109,0
DA:113,0
DA:114,0
DA:127,0
DA:140,0
DA:142,0
DA:143,0
DA:146,0
DA:147,0
DA:150,0
DA:151,0
DA:154,0
DA:164,0
DA:169,0
DA:176,0
DA:181,0
DA:185,18
LF:54
LH:3
BRDA:16,0,0,0
BRDA:17,1,0,0
BRDA:17,1,1,0
BRDA:17,2,0,0
BRDA:17,2,1,0
BRDA:21,3,0,0
BRDA:21,3,1,0
BRDA:21,3,2,0
BRDA:21,3,3,0
BRDA:95,4,0,0
BRDA:95,4,1,0
BRDA:99,5,0,0
BRDA:99,5,1,0
BRDA:99,6,0,0
BRDA:99,6,1,0
BRDA:106,7,0,0
BRDA:106,7,1,0
BRDA:142,8,0,0
BRDA:142,8,1,0
BRDA:142,9,0,0
BRDA:142,9,1,0
BRDA:146,10,0,0
BRDA:146,10,1,0
BRDA:150,11,0,0
BRDA:150,11,1,0
BRDA:150,12,0,0
BRDA:150,12,1,0
BRDA:156,13,0,0
BRDA:156,13,1,0
BRDA:169,14,0,0
BRDA:169,14,1,0
BRDA:181,15,0,0
BRDA:181,15,1,0
BRF:33
BRH:0
end_of_record
TN:
SF:src/services/v2/roleDetectionEngine.js
FN:48,(anonymous_0)
FN:76,(anonymous_1)
FN:80,(anonymous_2)
FN:86,(anonymous_3)
FN:97,(anonymous_4)
FN:104,(anonymous_5)
FN:111,(anonymous_6)
FN:118,(anonymous_7)
FNF:8
FNH:0
FNDA:0,(anonymous_0)
FNDA:0,(anonymous_1)
FNDA:0,(anonymous_2)
FNDA:0,(anonymous_3)
FNDA:0,(anonymous_4)
FNDA:0,(anonymous_5)
FNDA:0,(anonymous_6)
FNDA:0,(anonymous_7)
DA:8,18
DA:49,0
DA:50,0
DA:57,0
DA:58,0
DA:61,0
DA:62,0
DA:64,0
DA:66,0
DA:67,0
DA:68,0
DA:71,0
DA:75,0
DA:76,0
DA:79,0
DA:80,0
DA:81,0
DA:83,0
DA:86,0
DA:98,0
DA:105,0
DA:112,0
DA:119,0
DA:130,0
DA:134,18
LF:25
LH:2
BRDA:49,0,0,0
BRDA:49,0,1,0
BRDA:49,1,0,0
BRDA:49,1,1,0
BRDA:67,2,0,0
BRDA:67,2,1,0
BRDA:81,3,0,0
BRDA:81,3,1,0
BRDA:84,4,0,0
BRDA:84,4,1,0
BRDA:89,5,0,0
BRDA:89,5,1,0
BRDA:105,6,0,0
BRDA:105,6,1,0
BRDA:130,7,0,0
BRDA:130,7,1,0
BRF:16
BRH:0
end_of_record
TN:
SF:src/services/v2/sectionAnalyzer.js
FN:20,(anonymous_0)
FN:64,(anonymous_1)
FN:75,(anonymous_2)
FN:81,(anonymous_3)
FN:85,(anonymous_4)
FN:86,(anonymous_5)
FN:100,(anonymous_6)
FNF:7
FNH:0
FNDA:0,(anonymous_0)
FNDA:0,(anonymous_1)
FNDA:0,(anonymous_2)
FNDA:0,(anonymous_3)
FNDA:0,(anonymous_4)
FNDA:0,(anonymous_5)
FNDA:0,(anonymous_6)
DA:9,18
DA:18,18
DA:21,0
DA:22,0
DA:31,0
DA:32,0
DA:33,0
DA:34,0
DA:36,0
DA:38,0
DA:39,0
DA:41,0
DA:42,0
DA:43,0
DA:44,0
DA:46,0
DA:47,0
DA:48,0
DA:53,0
DA:65,0
DA:74,0
DA:75,0
DA:76,0
DA:77,0
DA:82,0
DA:84,0
DA:85,0
DA:86,0
DA:89,0
DA:90,0
DA:91,0
DA:92,0
DA:93,0
DA:94,0
DA:97,0
DA:101,0
DA:103,0
DA:104,0
DA:110,0
DA:111,0
DA:117,0
DA:121,18
LF:42
LH:3
BRDA:21,0,0,0
BRDA:21,0,1,0
BRDA:21,1,0,0
BRDA:21,1,1,0
BRDA:41,2,0,0
BRDA:41,2,1,0
BRDA:47,3,0,0
BRDA:47,3,1,0
BRDA:74,4,0,0
BRDA:74,4,1,0
BRDA:89,5,0,0
BRDA:89,5,1,0
BRDA:91,6,0,0
BRDA:91,6,1,0
BRDA:93,7,0,0
BRDA:93,7,1,0
BRDA:103,8,0,0
BRDA:103,8,1,0
BRDA:110,9,0,0
BRDA:110,9,1,0
BRF:20
BRH:0
end_of_record
TN:
SF:src/services/v2/skillsAnalyzer.js
FN:47,(anonymous_0)
FN:90,(anonymous_1)
FN:95,(anonymous_2)
FN:98,(anonymous_3)
FN:110,(anonymous_4)
FN:123,(anonymous_5)
FN:137,(anonymous_6)
FN:139,(anonymous_7)
FN:143,(anonymous_8)
FN:158,(anonymous_9)
FN:165,(anonymous_10)
FNF:11
FNH:0
FNDA:0,(anonymous_0)
FNDA:0,(anonymous_1)
FNDA:0,(anonymous_2)
FNDA:0,(anonymous_3)
FNDA:0,(anonymous_4)
FNDA:0,(anonymous_5)
FNDA:0,(anonymous_6)
FNDA:0,(anonymous_7)
FNDA:0,(anonymous_8)
FNDA:0,(anonymous_9)
FNDA:0,(anonymous_10)
DA:12,18
DA:13,18
DA:14,18
DA:17,18
DA:40,18
DA:48,0
DA:49,0
DA:52,0
DA:53,0
DA:54,0
DA:55,0
DA:57,0
DA:58,0
DA:60,0
DA:61,0
DA:62,0
DA:65,0
DA:66,0
DA:67,0
DA:69,0
DA:70,0
DA:71,0
DA:74,0
DA:76,0
DA:91,0
DA:96,0
DA:97,0
DA:98,0
DA:99,0
DA:101,0
DA:102,0
DA:103,0
DA:104,0
DA:107,0
DA:111,0
DA:112,0
DA:114,0
DA:115,0
DA:116,0
DA:117,0
DA:120,0
DA:124,0
DA:125,0
DA:127,0
DA:128,0
DA:129,0
DA:130,0
DA:131,0
DA:134,0
DA:138,0
DA:139,0
DA:140,0
DA:144,0
DA:156,0
DA:157,0
DA:158,0
DA:159,0
DA:162,0
DA:166,0
DA:168,0
DA:169,0
DA:172,0
DA:173,0
DA:174,0
DA:175,0
DA:178,0
DA:179,0
DA:182,0
DA:186,18
LF:69
LH:6
BRDA:48,0,0,0
BRDA:48,0,1,0
BRDA:48,1,0,0
BRDA:48,1,1,0
BRDA:53,2,0,0
BRDA:53,2,1,0
BRDA:60,3,0,0
BRDA:60,3,1,0
BRDA:69,4,0,0
BRDA:69,4,1,0
BRDA:99,5,0,0
BRDA:99,5,1,0
BRDA:104,6,0,0
BRDA:104,6,1,0
BRDA:117,7,0,0
BRDA:117,7,1,0
BRDA:130,8,0,0
BRDA:130,8,1,0
BRDA:131,9,0,0
BRDA:131,9,1,0
BRDA:138,10,0,0
BRDA:138,10,1,0
BRDA:139,11,0,0
BRDA:139,11,1,0
BRDA:159,12,0,0
BRDA:159,12,1,0
BRDA:168,13,0,0
BRDA:168,13,1,0
BRDA:172,14,0,0
BRDA:172,14,1,0
BRDA:174,15,0,0
BRDA:174,15,1,0
BRDA:178,16,0,0
BRDA:178,16,1,0
BRF:34
BRH:0
end_of_record
TN:
SF:src/ssr/setupFrontend.js
FN:12,getTemplate
FN:19,loadServerRenderer
FN:29,injectHead
FN:52,injectRoot
FN:62,renderDocument
FN:69,setupFrontend
FN:81,(anonymous_6)
FNF:7
FNH:1
FNDA:0,getTemplate
FNDA:0,loadServerRenderer
FNDA:0,injectHead
FNDA:0,injectRoot
FNDA:0,renderDocument
FNDA:18,setupFrontend
FNDA:0,(anonymous_6)
DA:1,18
DA:2,18
DA:3,18
DA:4,18
DA:6,18
DA:7,18
DA:9,18
DA:10,18
DA:13,0
DA:14,0
DA:15,0
DA:16,0
DA:20,0
DA:21,0
DA:22,0
DA:23,0
DA:25,0
DA:26,0
DA:30,0
DA:36,0
DA:42,0
DA:43,0
DA:44,0
DA:49,0
DA:53,0
DA:55,0
DA:56,0
DA:59,0
DA:63,0
DA:64,0
DA:65,0
DA:66,0
DA:70,18
DA:71,18
DA:72,0
DA:73,0
DA:74,0
DA:77,18
DA:79,18
DA:81,18
DA:82,0
DA:83,0
DA:85,0
DA:86,0
DA:87,0
DA:91,0
DA:92,0
DA:93,0
DA:97,0
DA:101,0
DA:102,0
DA:107,0
DA:108,0
DA:112,18
DA:115,18
LF:55
LH:15
BRDA:13,0,0,0
BRDA:13,0,1,0
BRDA:20,1,0,0
BRDA:20,1,1,0
BRDA:21,2,0,0
BRDA:21,2,1,0
BRDA:30,3,0,0
BRDA:30,3,1,0
BRDA:36,4,0,0
BRDA:36,4,1,0
BRDA:53,5,0,0
BRDA:53,5,1,0
BRDA:55,6,0,0
BRDA:55,6,1,0
BRDA:62,7,0,0
BRDA:62,8,0,0
BRDA:62,9,0,0
BRDA:71,10,0,0
BRDA:71,10,1,18
BRDA:82,11,0,0
BRDA:82,11,1,0
BRDA:82,12,0,0
BRDA:82,12,1,0
BRDA:83,13,0,0
BRDA:83,13,1,0
BRDA:83,14,0,0
BRDA:83,14,1,0
BRDA:87,15,0,0
BRDA:87,15,1,0
BRDA:91,16,0,0
BRDA:91,16,1,0
BRDA:91,17,0,0
BRDA:91,17,1,0
BRDA:101,18,0,0
BRDA:101,18,1,0
BRF:35
BRH:1
end_of_record
TN:
SF:src/utils/aiCache.js
FN:12,(anonymous_0)
FN:18,(anonymous_1)
FN:23,(anonymous_2)
FN:42,(anonymous_3)
FN:52,(anonymous_4)
FN:63,(anonymous_5)
FNF:6
FNH:1
FNDA:11,(anonymous_0)
FNDA:0,(anonymous_1)
FNDA:0,(anonymous_2)
FNDA:0,(anonymous_3)
FNDA:0,(anonymous_4)
FNDA:0,(anonymous_5)
DA:6,11
DA:8,11
DA:9,11
DA:13,11
DA:14,11
DA:15,11
DA:19,0
DA:20,0
DA:24,0
DA:25,0
DA:26,0
DA:27,0
DA:28,0
DA:30,0
DA:31,0
DA:32,0
DA:33,0
DA:35,0
DA:37,0
DA:38,0
DA:39,0
DA:43,0
DA:45,0
DA:46,0
DA:47,0
DA:49,0
DA:53,0
DA:64,0
DA:65,0
DA:66,0
DA:70,11
LF:31
LH:7
BRDA:26,0,0,0
BRDA:26,0,1,0
BRDA:30,1,0,0
BRDA:30,1,1,0
BRDA:42,2,0,0
BRDA:45,3,0,0
BRDA:45,3,1,0
BRDA:57,4,0,0
BRDA:57,4,1,0
BRF:9
BRH:0
end_of_record
TN:
SF:src/utils/aiClient.js
FN:16,isReasoningModel
FN:20,getProvider
FN:27,modelForStructuredJson
FN:41,callGemini
FN:90,callAnthropic
FN:140,callLMStudio
FN:237,callAI
FN:240,(anonymous_7)
FN:270,(anonymous_8)
FN:300,extractJSON
FN:319,(anonymous_10)
FNF:11
FNH:1
FNDA:0,isReasoningModel
FNDA:0,getProvider
FNDA:0,modelForStructuredJson
FNDA:0,callGemini
FNDA:0,callAnthropic
FNDA:0,callLMStudio
FNDA:0,callAI
FNDA:0,(anonymous_7)
FNDA:0,(anonymous_8)
FNDA:4,extractJSON
FNDA:0,(anonymous_10)
DA:12,11
DA:14,11
DA:17,0
DA:21,0
DA:22,0
DA:23,0
DA:24,0
DA:28,0
DA:29,0
DA:31,0
DA:42,0
DA:43,0
DA:44,0
DA:46,0
DA:59,0
DA:60,0
DA:67,0
DA:68,0
DA:69,0
DA:70,0
DA:73,0
DA:74,0
DA:76,0
DA:77,0
DA:80,0
DA:82,0
DA:83,0
DA:84,0
DA:91,0
DA:92,0
DA:93,0
DA:95,0
DA:105,0
DA:106,0
DA:117,0
DA:118,0
DA:119,0
DA:120,0
DA:123,0
DA:124,0
DA:126,0
DA:127,0
DA:130,0
DA:132,0
DA:133,0
DA:134,0
DA:141,0
DA:142,0
DA:144,0
DA:145,0
DA:146,0
DA:147,0
DA:150,0
DA:154,0
DA:155,0
DA:171,0
DA:172,0
DA:173,0
DA:175,0
DA:176,0
DA:183,0
DA:184,0
DA:185,0
DA:186,0
DA:199,0
DA:200,0
DA:201,0
DA:202,0
DA:205,0
DA:213,0
DA:214,0
DA:216,0
DA:217,0
DA:220,0
DA:222,0
DA:223,0
DA:224,0
DA:225,0
DA:238,0
DA:239,0
DA:240,0
DA:242,0
DA:243,0
DA:245,0
DA:246,0
DA:247,0
DA:248,0
DA:251,0
DA:255,0
DA:256,0
DA:257,0
DA:258,0
DA:262,0
DA:267,0
DA:268,0
DA:269,0
DA:270,0
DA:273,0
DA:274,0
DA:275,0
DA:276,0
DA:278,0
DA:281,0
DA:283,0
DA:284,0
DA:286,0
DA:289,0
DA:291,0
DA:294,0
DA:301,4
DA:302,4
DA:304,4
DA:305,4
DA:307,1
DA:308,1
DA:309,0
DA:310,0
DA:311,0
DA:312,0
DA:314,0
DA:319,11
LF:121
LH:9
BRDA:17,0,0,0
BRDA:17,0,1,0
BRDA:21,1,0,0
BRDA:21,1,1,0
BRDA:22,2,0,0
BRDA:22,2,1,0
BRDA:22,3,0,0
BRDA:22,3,1,0
BRDA:23,4,0,0
BRDA:23,4,1,0
BRDA:23,5,0,0
BRDA:23,5,1,0
BRDA:28,6,0,0
BRDA:28,6,1,0
BRDA:28,7,0,0
BRDA:28,7,1,0
BRDA:32,8,0,0
BRDA:32,8,1,0
BRDA:32,8,2,0
BRDA:32,8,3,0
BRDA:41,9,0,0
BRDA:41,10,0,0
BRDA:43,11,0,0
BRDA:43,11,1,0
BRDA:67,12,0,0
BRDA:67,12,1,0
BRDA:76,13,0,0
BRDA:76,13,1,0
BRDA:82,14,0,0
BRDA:82,14,1,0
BRDA:90,15,0,0
BRDA:90,16,0,0
BRDA:92,17,0,0
BRDA:92,17,1,0
BRDA:117,18,0,0
BRDA:117,18,1,0
BRDA:126,19,0,0
BRDA:126,19,1,0
BRDA:132,20,0,0
BRDA:132,20,1,0
BRDA:140,21,0,0
BRDA:140,22,0,0
BRDA:140,23,0,0
BRDA:141,24,0,0
BRDA:141,24,1,0
BRDA:142,25,0,0
BRDA:142,25,1,0
BRDA:142,25,2,0
BRDA:144,26,0,0
BRDA:144,26,1,0
BRDA:144,27,0,0
BRDA:144,27,1,0
BRDA:150,28,0,0
BRDA:150,28,1,0
BRDA:171,29,0,0
BRDA:171,29,1,0
BRDA:175,30,0,0
BRDA:175,30,1,0
BRDA:183,31,0,0
BRDA:183,31,1,0
BRDA:183,32,0,0
BRDA:183,32,1,0
BRDA:183,32,2,0
BRDA:183,32,3,0
BRDA:199,33,0,0
BRDA:199,33,1,0
BRDA:216,34,0,0
BRDA:216,34,1,0
BRDA:222,35,0,0
BRDA:222,35,1,0
BRDA:227,36,0,0
BRDA:227,36,1,0
BRDA:237,37,0,0
BRDA:237,38,0,0
BRDA:237,39,0,0
BRDA:237,40,0,0
BRDA:239,41,0,0
BRDA:239,41,1,0
BRDA:245,42,0,0
BRDA:245,42,1,0
BRDA:247,43,0,0
BRDA:247,43,1,0
BRDA:247,44,0,0
BRDA:247,44,1,0
BRDA:255,45,0,0
BRDA:255,45,1,0
BRDA:257,46,0,0
BRDA:257,46,1,0
BRDA:268,47,0,0
BRDA:268,47,1,0
BRDA:273,48,0,0
BRDA:273,48,1,0
BRDA:275,49,0,0
BRDA:275,49,1,0
BRDA:281,50,0,0
BRDA:281,50,1,0
BRDA:283,51,0,0
BRDA:283,51,1,0
BRDA:283,52,0,0
BRDA:283,52,1,0
BRDA:291,53,0,0
BRDA:291,53,1,0
BRDA:291,54,0,0
BRDA:291,54,1,0
BRDA:294,55,0,0
BRDA:294,55,1,0
BRDA:302,56,0,1
BRDA:302,56,1,3
BRDA:308,57,0,1
BRDA:308,57,1,0
BRDA:309,58,0,0
BRDA:309,58,1,0
BRDA:310,59,0,0
BRDA:310,59,1,0
BRF:114
BRH:3
end_of_record
TN:
SF:src/utils/apiResponse.js
FN:3,ok
FN:16,fail
FN:23,badRequest
FN:27,unauthorized
FN:31,forbidden
FN:35,notFound
FN:39,serverError
FNF:7
FNH:7
FNDA:20,ok
FNDA:17,fail
FNDA:5,badRequest
FNDA:1,unauthorized
FNDA:1,forbidden
FNDA:3,notFound
FNDA:5,serverError
DA:4,20
DA:9,20
DA:10,1
DA:13,20
DA:17,17
DA:24,5
DA:28,1
DA:32,1
DA:36,3
DA:40,5
DA:41,5
DA:44,19
LF:12
LH:12
BRDA:3,0,0,19
BRDA:9,1,0,1
BRDA:9,1,1,19
BRDA:19,2,0,12
BRDA:19,2,1,5
BRDA:27,3,0,1
BRDA:31,4,0,1
BRDA:35,5,0,1
BRDA:39,6,0,1
BRF:9
BRH:9
end_of_record
TN:
SF:src/utils/embeddings.js
FN:15,embedText
FN:57,cosineSimilarity
FN:89,findTopSimilarChunks
FN:102,(anonymous_3)
FN:119,(anonymous_4)
FN:130,chunkText
FN:164,(anonymous_6)
FNF:7
FNH:0
FNDA:0,embedText
FNDA:0,cosineSimilarity
FNDA:0,findTopSimilarChunks
FNDA:0,(anonymous_3)
FNDA:0,(anonymous_4)
FNDA:0,chunkText
FNDA:0,(anonymous_6)
DA:7,16
DA:8,16
DA:16,0
DA:17,0
DA:20,0
DA:21,0
DA:31,0
DA:32,0
DA:33,0
DA:36,0
DA:37,0
DA:39,0
DA:40,0
DA:41,0
DA:44,0
DA:46,0
DA:47,0
DA:58,0
DA:59,0
DA:62,0
DA:63,0
DA:64,0
DA:66,0
DA:67,0
DA:68,0
DA:69,0
DA:72,0
DA:73,0
DA:75,0
DA:76,0
DA:79,0
DA:90,0
DA:91,0
DA:95,0
DA:96,0
DA:97,0
DA:98,0
DA:102,0
DA:103,0
DA:109,0
DA:110,0
DA:118,0
DA:119,0
DA:131,0
DA:132,0
DA:135,0
DA:136,0
DA:137,0
DA:140,0
DA:142,0
DA:143,0
DA:145,0
DA:146,0
DA:147,0
DA:148,0
DA:150,0
DA:155,0
DA:156,0
DA:160,0
DA:161,0
DA:164,0
DA:167,16
LF:62
LH:3
BRDA:7,0,0,16
BRDA:7,0,1,16
BRDA:8,1,0,16
BRDA:8,1,1,16
BRDA:16,2,0,0
BRDA:16,2,1,0
BRDA:16,3,0,0
BRDA:16,3,1,0
BRDA:31,4,0,0
BRDA:31,4,1,0
BRDA:39,5,0,0
BRDA:39,5,1,0
BRDA:39,6,0,0
BRDA:39,6,1,0
BRDA:58,7,0,0
BRDA:58,7,1,0
BRDA:58,8,0,0
BRDA:58,8,1,0
BRDA:58,8,2,0
BRDA:75,9,0,0
BRDA:75,9,1,0
BRDA:75,10,0,0
BRDA:75,10,1,0
BRDA:89,11,0,0
BRDA:90,12,0,0
BRDA:90,12,1,0
BRDA:90,13,0,0
BRDA:90,13,1,0
BRDA:96,14,0,0
BRDA:96,14,1,0
BRDA:103,15,0,0
BRDA:103,15,1,0
BRDA:105,16,0,0
BRDA:105,16,1,0
BRDA:113,17,0,0
BRDA:113,17,1,0
BRDA:130,18,0,0
BRDA:131,19,0,0
BRDA:131,19,1,0
BRDA:131,20,0,0
BRDA:131,20,1,0
BRDA:146,21,0,0
BRDA:146,21,1,0
BRDA:146,22,0,0
BRDA:146,22,1,0
BRDA:150,23,0,0
BRDA:150,23,1,0
BRDA:155,24,0,0
BRDA:155,24,1,0
BRDA:160,25,0,0
BRDA:160,25,1,0
BRF:51
BRH:4
end_of_record
TN:
SF:src/utils/fileParser.js
FN:5,extractTextFromFile
FN:20,extractTextFromPDF
FN:30,extractTextFromDOCX
FN:34,(anonymous_3)
FN:53,extractTextFromXML
FN:56,traverse
FN:60,(anonymous_6)
FN:62,(anonymous_7)
FNF:8
FNH:0
FNDA:0,extractTextFromFile
FNDA:0,extractTextFromPDF
FNDA:0,extractTextFromDOCX
FNDA:0,(anonymous_3)
FNDA:0,extractTextFromXML
FNDA:0,traverse
FNDA:0,(anonymous_6)
FNDA:0,(anonymous_7)
DA:1,0
DA:2,0
DA:3,0
DA:6,0
DA:8,0
DA:9,0
DA:10,0
DA:14,0
DA:16,0
DA:21,0
DA:22,0
DA:23,0
DA:25,0
DA:26,0
DA:31,0
DA:32,0
DA:34,0
DA:35,0
DA:36,0
DA:39,0
DA:40,0
DA:42,0
DA:43,0
DA:45,0
DA:46,0
DA:48,0
DA:49,0
DA:54,0
DA:57,0
DA:58,0
DA:59,0
DA:60,0
DA:61,0
DA:62,0
DA:66,0
DA:67,0
DA:70,0
LF:37
LH:0
BRDA:6,0,0,0
BRDA:6,0,1,0
BRDA:8,1,0,0
BRDA:8,1,1,0
BRDA:10,2,0,0
BRDA:10,2,1,0
BRDA:11,3,0,0
BRDA:11,3,1,0
BRDA:23,4,0,0
BRDA:23,4,1,0
BRDA:35,5,0,0
BRDA:35,5,1,0
BRDA:46,6,0,0
BRDA:46,6,1,0
BRDA:57,7,0,0
BRDA:57,7,1,0
BRDA:59,8,0,0
BRDA:59,8,1,0
BRDA:61,9,0,0
BRDA:61,9,1,0
BRDA:61,10,0,0
BRDA:61,10,1,0
BRF:22
BRH:0
end_of_record
TN:
SF:src/utils/initializeTables.js
FN:355,initializeTables
FNF:1
FNH:0
FNDA:0,initializeTables
DA:1,0
DA:3,0
DA:356,0
DA:358,0
DA:359,0
DA:360,0
DA:361,0
DA:363,0
DA:367,0
DA:370,0
LF:10
LH:0
BRF:0
BRH:0
end_of_record
TN:
SF:src/utils/runMigrations.js
FN:3,runMigrations
FNF:1
FNH:0
FNDA:0,runMigrations
DA:1,0
DA:4,0
DA:5,0
DA:8,0
DA:15,0
DA:18,0
DA:31,0
DA:43,0
DA:57,0
DA:67,0
DA:74,0
DA:76,0
DA:94,0
DA:111,0
DA:123,0
DA:130,0
DA:133,0
DA:150,0
DA:155,0
DA:160,0
DA:167,0
DA:173,0
DA:174,0
DA:187,0
DA:196,0
DA:201,0
DA:204,0
DA:206,0
DA:211,0
LF:29
LH:0
BRDA:15,0,0,0
BRDA:15,0,1,0
BRDA:74,1,0,0
BRDA:74,1,1,0
BRDA:173,2,0,0
BRDA:173,2,1,0
BRF:6
BRH:0
end_of_record
